23/04/07 14:55:48 INFO TextDataConvertor: Dataset: [../../../data/rating_5000_cls_hc_10core_iterative.csv]
23/04/07 14:55:49 INFO TextDataConvertor: DataSet: ...ng_5000_cls_hc_10core_iterative.csv is finished
23/04/07 14:55:49 INFO TextDataConvertor: rating Scale (real): 3.0 to 5.0
23/04/07 14:55:49 INFO TextDataConvertor: user number: 4005,	 item number is: 2673
23/04/07 14:55:49 INFO TextDataModel: Transform data to Convertor successfully!
23/04/07 14:55:49 INFO TextDataModel: Split data to train Set and test Set successfully!
23/04/07 14:55:49 INFO TextDataModel: Feature appender loaded successfully!
23/04/07 14:55:49 INFO TextDataConvertor: Dataset: [../../../data/split/cv_1/train.txt]
23/04/07 14:55:50 INFO TextDataConvertor: DataSet: ../../../data/split/cv_1/train.txt is finished
23/04/07 14:55:50 INFO TextDataConvertor: rating Scale (real): 3.0 to 5.0
23/04/07 14:55:50 INFO TextDataConvertor: user number: 4005,	 item number is: 2673
23/04/07 14:55:50 INFO TextDataModel: Transform data to Convertor successfully!
23/04/07 14:55:50 INFO TextDataConvertor: Dataset: [../../../data/split/cv_1/test.txt]
23/04/07 14:55:50 INFO TextDataConvertor: DataSet: ../../../data/split/cv_1/test.txt is finished
23/04/07 14:55:50 INFO TextDataConvertor: rating Scale (real): 3.0 to 5.0
23/04/07 14:55:50 INFO TextDataConvertor: user number: 4005,	 item number is: 2673
23/04/07 14:55:50 INFO TextDataModel: Split data to train Set and test Set successfully!
23/04/07 14:55:50 INFO TextDataModel: Data cardinality of training is 88296
23/04/07 14:55:50 INFO TextDataModel: Data cardinality of testing is 22075
23/04/07 14:55:50 INFO TextDataModel: Feature appender loaded successfully!
23/04/07 14:55:51 INFO OracleAlgo: Job Setup completed.
** Training model in OracleAlgo **
23/04/07 14:55:51 INFO TextDataConvertor: Dataset: [exp00000/result/out-1.txt]
23/04/07 14:55:51 INFO TextDataConvertor: DataSet: exp00000/result/out-1.txt is finished
23/04/07 14:55:51 INFO TextDataConvertor: user number: 4005,	 item number is: 2673
23/04/07 14:55:51 INFO OracleAlgo: Job Train completed.
23/04/07 14:55:51 INFO OracleAlgo: begin recommend
23/04/07 14:55:52 INFO OracleAlgo: end recommend
23/04/07 14:55:52 INFO RecommenderJob: Evaluator info:NormalizedDCGEvaluator is 0.0976328181265729
23/04/07 14:55:52 INFO RecommenderJob: Evaluator info:PStatisticalParityEvaluator is -0.8325182101977289
23/04/07 14:55:52 INFO TextDataConvertor: Dataset: [../../../data/split/cv_2/train.txt]
23/04/07 14:55:52 INFO TextDataConvertor: DataSet: ../../../data/split/cv_2/train.txt is finished
23/04/07 14:55:52 INFO TextDataConvertor: rating Scale (real): 3.0 to 5.0
23/04/07 14:55:52 INFO TextDataConvertor: user number: 4005,	 item number is: 2673
23/04/07 14:55:52 INFO TextDataModel: Transform data to Convertor successfully!
23/04/07 14:55:52 INFO TextDataConvertor: Dataset: [../../../data/split/cv_2/test.txt]
23/04/07 14:55:52 INFO TextDataConvertor: DataSet: ../../../data/split/cv_2/test.txt is finished
23/04/07 14:55:52 INFO TextDataConvertor: rating Scale (real): 3.0 to 5.0
23/04/07 14:55:52 INFO TextDataConvertor: user number: 4005,	 item number is: 2673
23/04/07 14:55:52 INFO TextDataModel: Split data to train Set and test Set successfully!
23/04/07 14:55:52 INFO TextDataModel: Data cardinality of training is 88297
23/04/07 14:55:52 INFO TextDataModel: Data cardinality of testing is 22074
23/04/07 14:55:52 INFO TextDataModel: Feature appender loaded successfully!
23/04/07 14:55:53 INFO OracleAlgo: Job Setup completed.
** Training model in OracleAlgo **
23/04/07 14:55:53 INFO TextDataConvertor: Dataset: [exp00000/result/out-2.txt]
23/04/07 14:55:53 INFO TextDataConvertor: DataSet: exp00000/result/out-2.txt is finished
23/04/07 14:55:53 INFO TextDataConvertor: user number: 4005,	 item number is: 2673
23/04/07 14:55:54 INFO OracleAlgo: Job Train completed.
23/04/07 14:55:54 INFO OracleAlgo: begin recommend
23/04/07 14:55:54 INFO OracleAlgo: end recommend
23/04/07 14:55:54 INFO RecommenderJob: Evaluator info:NormalizedDCGEvaluator is 0.10458380866845533
23/04/07 14:55:54 INFO RecommenderJob: Evaluator info:PStatisticalParityEvaluator is -0.8326488172602213
23/04/07 14:55:54 INFO TextDataConvertor: Dataset: [../../../data/split/cv_3/train.txt]
23/04/07 14:55:54 INFO TextDataConvertor: DataSet: ../../../data/split/cv_3/train.txt is finished
23/04/07 14:55:54 INFO TextDataConvertor: rating Scale (real): 3.0 to 5.0
23/04/07 14:55:54 INFO TextDataConvertor: user number: 4005,	 item number is: 2673
23/04/07 14:55:54 INFO TextDataModel: Transform data to Convertor successfully!
23/04/07 14:55:54 INFO TextDataConvertor: Dataset: [../../../data/split/cv_3/test.txt]
23/04/07 14:55:54 INFO TextDataConvertor: DataSet: ../../../data/split/cv_3/test.txt is finished
23/04/07 14:55:54 INFO TextDataConvertor: rating Scale (real): 3.0 to 5.0
23/04/07 14:55:54 INFO TextDataConvertor: user number: 4005,	 item number is: 2673
23/04/07 14:55:54 INFO TextDataModel: Split data to train Set and test Set successfully!
23/04/07 14:55:54 INFO TextDataModel: Data cardinality of training is 88297
23/04/07 14:55:54 INFO TextDataModel: Data cardinality of testing is 22074
23/04/07 14:55:54 INFO TextDataModel: Feature appender loaded successfully!
23/04/07 14:55:55 INFO OracleAlgo: Job Setup completed.
** Training model in OracleAlgo **
23/04/07 14:55:55 INFO TextDataConvertor: Dataset: [exp00000/result/out-3.txt]
23/04/07 14:55:55 INFO TextDataConvertor: DataSet: exp00000/result/out-3.txt is finished
23/04/07 14:55:55 INFO TextDataConvertor: user number: 4005,	 item number is: 2673
23/04/07 14:55:55 INFO OracleAlgo: Job Train completed.
23/04/07 14:55:55 INFO OracleAlgo: begin recommend
23/04/07 14:55:55 INFO OracleAlgo: end recommend
23/04/07 14:55:55 INFO RecommenderJob: Evaluator info:NormalizedDCGEvaluator is 0.1045000751613465
23/04/07 14:55:55 INFO RecommenderJob: Evaluator info:PStatisticalParityEvaluator is -0.831158663883108
23/04/07 14:55:55 INFO TextDataConvertor: Dataset: [../../../data/split/cv_4/train.txt]
23/04/07 14:55:55 INFO TextDataConvertor: DataSet: ../../../data/split/cv_4/train.txt is finished
23/04/07 14:55:55 INFO TextDataConvertor: rating Scale (real): 3.0 to 5.0
23/04/07 14:55:55 INFO TextDataConvertor: user number: 4005,	 item number is: 2673
23/04/07 14:55:55 INFO TextDataModel: Transform data to Convertor successfully!
23/04/07 14:55:55 INFO TextDataConvertor: Dataset: [../../../data/split/cv_4/test.txt]
23/04/07 14:55:55 INFO TextDataConvertor: DataSet: ../../../data/split/cv_4/test.txt is finished
23/04/07 14:55:55 INFO TextDataConvertor: rating Scale (real): 3.0 to 5.0
23/04/07 14:55:55 INFO TextDataConvertor: user number: 4005,	 item number is: 2673
23/04/07 14:55:55 INFO TextDataModel: Split data to train Set and test Set successfully!
23/04/07 14:55:55 INFO TextDataModel: Data cardinality of training is 88297
23/04/07 14:55:55 INFO TextDataModel: Data cardinality of testing is 22074
23/04/07 14:55:56 INFO TextDataModel: Feature appender loaded successfully!
23/04/07 14:55:56 INFO OracleAlgo: Job Setup completed.
** Training model in OracleAlgo **
23/04/07 14:55:56 INFO TextDataConvertor: Dataset: [exp00000/result/out-4.txt]
23/04/07 14:55:56 INFO TextDataConvertor: DataSet: exp00000/result/out-4.txt is finished
23/04/07 14:55:56 INFO TextDataConvertor: user number: 4005,	 item number is: 2673
23/04/07 14:55:56 INFO OracleAlgo: Job Train completed.
23/04/07 14:55:56 INFO OracleAlgo: begin recommend
23/04/07 14:55:57 INFO OracleAlgo: end recommend
23/04/07 14:55:57 INFO RecommenderJob: Evaluator info:NormalizedDCGEvaluator is 0.09505976688503963
23/04/07 14:55:57 INFO RecommenderJob: Evaluator info:PStatisticalParityEvaluator is -0.8313065976714297
23/04/07 14:55:57 INFO TextDataConvertor: Dataset: [../../../data/split/cv_5/train.txt]
23/04/07 14:55:57 INFO TextDataConvertor: DataSet: ../../../data/split/cv_5/train.txt is finished
23/04/07 14:55:57 INFO TextDataConvertor: rating Scale (real): 3.0 to 5.0
23/04/07 14:55:57 INFO TextDataConvertor: user number: 4005,	 item number is: 2673
23/04/07 14:55:57 INFO TextDataModel: Transform data to Convertor successfully!
23/04/07 14:55:57 INFO TextDataConvertor: Dataset: [../../../data/split/cv_5/test.txt]
23/04/07 14:55:57 INFO TextDataConvertor: DataSet: ../../../data/split/cv_5/test.txt is finished
23/04/07 14:55:57 INFO TextDataConvertor: rating Scale (real): 3.0 to 5.0
23/04/07 14:55:57 INFO TextDataConvertor: user number: 4005,	 item number is: 2673
23/04/07 14:55:57 INFO TextDataModel: Split data to train Set and test Set successfully!
23/04/07 14:55:57 INFO TextDataModel: Data cardinality of training is 88297
23/04/07 14:55:57 INFO TextDataModel: Data cardinality of testing is 22074
23/04/07 14:55:57 INFO TextDataModel: Feature appender loaded successfully!
23/04/07 14:55:58 INFO OracleAlgo: Job Setup completed.
** Training model in OracleAlgo **
23/04/07 14:55:58 INFO TextDataConvertor: Dataset: [exp00000/result/out-5.txt]
23/04/07 14:55:58 INFO TextDataConvertor: DataSet: exp00000/result/out-5.txt is finished
23/04/07 14:55:58 INFO TextDataConvertor: user number: 4005,	 item number is: 2673
23/04/07 14:55:58 INFO OracleAlgo: Job Train completed.
23/04/07 14:55:58 INFO OracleAlgo: begin recommend
23/04/07 14:55:58 INFO OracleAlgo: end recommend
23/04/07 14:55:58 INFO RecommenderJob: Evaluator info:NormalizedDCGEvaluator is 0.10003364145263575
23/04/07 14:55:58 INFO RecommenderJob: Evaluator info:PStatisticalParityEvaluator is -0.8467633350595717
