22/12/04 05:02:54 INFO TextDataConvertor: Dataset: [../../../data/rating_5000_cls_hc_10core_iterative.csv]
22/12/04 05:02:55 INFO TextDataConvertor: DataSet: ...ng_5000_cls_hc_10core_iterative.csv is finished
22/12/04 05:02:55 INFO TextDataConvertor: rating Scale (real): 3.0 to 5.0
22/12/04 05:02:55 INFO TextDataConvertor: user number: 4005,	 item number is: 2673
22/12/04 05:02:55 INFO TextDataModel: Transform data to Convertor successfully!
22/12/04 05:02:55 INFO TextDataModel: Split data to train Set and test Set successfully!
22/12/04 05:02:56 INFO TextDataModel: Feature appender loaded successfully!
22/12/04 05:02:56 INFO TextDataConvertor: Dataset: [../../../data/split/cv_1/train.txt]
22/12/04 05:02:56 INFO TextDataConvertor: DataSet: ../../../data/split/cv_1/train.txt is finished
22/12/04 05:02:56 INFO TextDataConvertor: rating Scale (real): 3.0 to 5.0
22/12/04 05:02:56 INFO TextDataConvertor: user number: 4005,	 item number is: 2673
22/12/04 05:02:56 INFO TextDataModel: Transform data to Convertor successfully!
22/12/04 05:02:56 INFO TextDataConvertor: Dataset: [../../../data/split/cv_1/test.txt]
22/12/04 05:02:56 INFO TextDataConvertor: DataSet: ../../../data/split/cv_1/test.txt is finished
22/12/04 05:02:56 INFO TextDataConvertor: rating Scale (real): 3.0 to 5.0
22/12/04 05:02:56 INFO TextDataConvertor: user number: 4005,	 item number is: 2673
22/12/04 05:02:56 INFO TextDataModel: Split data to train Set and test Set successfully!
22/12/04 05:02:56 INFO TextDataModel: Data cardinality of training is 88296
22/12/04 05:02:56 INFO TextDataModel: Data cardinality of testing is 22075
22/12/04 05:02:56 INFO TextDataModel: Feature appender loaded successfully!
22/12/04 05:02:56 INFO OracleAlgo: Job Setup completed.
** Training model in OracleAlgo **
22/12/04 05:02:56 INFO TextDataConvertor: Dataset: [exp00039/result/out-1.txt]
22/12/04 05:02:56 INFO TextDataConvertor: DataSet: exp00039/result/out-1.txt is finished
22/12/04 05:02:56 INFO TextDataConvertor: user number: 4005,	 item number is: 2673
22/12/04 05:02:56 INFO OracleAlgo: Job Train completed.
22/12/04 05:02:56 INFO OracleAlgo: begin recommend
22/12/04 05:02:57 INFO OracleAlgo: end recommend
22/12/04 05:02:57 INFO RecommenderJob: Evaluator info:NormalizedDCGEvaluator is 0.09721888638137742
22/12/04 05:02:57 INFO RecommenderJob: Evaluator info:PStatisticalParityEvaluator is -0.7542351716961997
22/12/04 05:02:57 INFO TextDataConvertor: Dataset: [../../../data/split/cv_2/train.txt]
22/12/04 05:02:57 INFO TextDataConvertor: DataSet: ../../../data/split/cv_2/train.txt is finished
22/12/04 05:02:57 INFO TextDataConvertor: rating Scale (real): 3.0 to 5.0
22/12/04 05:02:57 INFO TextDataConvertor: user number: 4005,	 item number is: 2673
22/12/04 05:02:57 INFO TextDataModel: Transform data to Convertor successfully!
22/12/04 05:02:57 INFO TextDataConvertor: Dataset: [../../../data/split/cv_2/test.txt]
22/12/04 05:02:57 INFO TextDataConvertor: DataSet: ../../../data/split/cv_2/test.txt is finished
22/12/04 05:02:57 INFO TextDataConvertor: rating Scale (real): 3.0 to 5.0
22/12/04 05:02:57 INFO TextDataConvertor: user number: 4005,	 item number is: 2673
22/12/04 05:02:58 INFO TextDataModel: Split data to train Set and test Set successfully!
22/12/04 05:02:58 INFO TextDataModel: Data cardinality of training is 88297
22/12/04 05:02:58 INFO TextDataModel: Data cardinality of testing is 22074
22/12/04 05:02:58 INFO TextDataModel: Feature appender loaded successfully!
22/12/04 05:02:58 INFO OracleAlgo: Job Setup completed.
** Training model in OracleAlgo **
22/12/04 05:02:58 INFO TextDataConvertor: Dataset: [exp00039/result/out-2.txt]
22/12/04 05:02:58 INFO TextDataConvertor: DataSet: exp00039/result/out-2.txt is finished
22/12/04 05:02:58 INFO TextDataConvertor: user number: 4005,	 item number is: 2673
22/12/04 05:02:58 INFO OracleAlgo: Job Train completed.
22/12/04 05:02:58 INFO OracleAlgo: begin recommend
22/12/04 05:02:58 INFO OracleAlgo: end recommend
22/12/04 05:02:58 INFO RecommenderJob: Evaluator info:NormalizedDCGEvaluator is 0.10393593218806324
22/12/04 05:02:58 INFO RecommenderJob: Evaluator info:PStatisticalParityEvaluator is -0.7539069404731445
22/12/04 05:02:58 INFO TextDataConvertor: Dataset: [../../../data/split/cv_3/train.txt]
22/12/04 05:02:58 INFO TextDataConvertor: DataSet: ../../../data/split/cv_3/train.txt is finished
22/12/04 05:02:58 INFO TextDataConvertor: rating Scale (real): 3.0 to 5.0
22/12/04 05:02:58 INFO TextDataConvertor: user number: 4005,	 item number is: 2673
22/12/04 05:02:58 INFO TextDataModel: Transform data to Convertor successfully!
22/12/04 05:02:58 INFO TextDataConvertor: Dataset: [../../../data/split/cv_3/test.txt]
22/12/04 05:02:58 INFO TextDataConvertor: DataSet: ../../../data/split/cv_3/test.txt is finished
22/12/04 05:02:58 INFO TextDataConvertor: rating Scale (real): 3.0 to 5.0
22/12/04 05:02:58 INFO TextDataConvertor: user number: 4005,	 item number is: 2673
22/12/04 05:02:58 INFO TextDataModel: Split data to train Set and test Set successfully!
22/12/04 05:02:58 INFO TextDataModel: Data cardinality of training is 88297
22/12/04 05:02:58 INFO TextDataModel: Data cardinality of testing is 22074
22/12/04 05:02:58 INFO TextDataModel: Feature appender loaded successfully!
22/12/04 05:02:58 INFO OracleAlgo: Job Setup completed.
** Training model in OracleAlgo **
22/12/04 05:02:58 INFO TextDataConvertor: Dataset: [exp00039/result/out-3.txt]
22/12/04 05:02:58 INFO TextDataConvertor: DataSet: exp00039/result/out-3.txt is finished
22/12/04 05:02:58 INFO TextDataConvertor: user number: 4005,	 item number is: 2673
22/12/04 05:02:59 INFO OracleAlgo: Job Train completed.
22/12/04 05:02:59 INFO OracleAlgo: begin recommend
22/12/04 05:02:59 INFO OracleAlgo: end recommend
22/12/04 05:02:59 INFO RecommenderJob: Evaluator info:NormalizedDCGEvaluator is 0.10340805732893175
22/12/04 05:02:59 INFO RecommenderJob: Evaluator info:PStatisticalParityEvaluator is -0.7533089770355406
22/12/04 05:02:59 INFO TextDataConvertor: Dataset: [../../../data/split/cv_4/train.txt]
22/12/04 05:02:59 INFO TextDataConvertor: DataSet: ../../../data/split/cv_4/train.txt is finished
22/12/04 05:02:59 INFO TextDataConvertor: rating Scale (real): 3.0 to 5.0
22/12/04 05:02:59 INFO TextDataConvertor: user number: 4005,	 item number is: 2673
22/12/04 05:02:59 INFO TextDataModel: Transform data to Convertor successfully!
22/12/04 05:02:59 INFO TextDataConvertor: Dataset: [../../../data/split/cv_4/test.txt]
22/12/04 05:02:59 INFO TextDataConvertor: DataSet: ../../../data/split/cv_4/test.txt is finished
22/12/04 05:02:59 INFO TextDataConvertor: rating Scale (real): 3.0 to 5.0
22/12/04 05:02:59 INFO TextDataConvertor: user number: 4005,	 item number is: 2673
22/12/04 05:02:59 INFO TextDataModel: Split data to train Set and test Set successfully!
22/12/04 05:02:59 INFO TextDataModel: Data cardinality of training is 88297
22/12/04 05:02:59 INFO TextDataModel: Data cardinality of testing is 22074
22/12/04 05:02:59 INFO TextDataModel: Feature appender loaded successfully!
22/12/04 05:02:59 INFO OracleAlgo: Job Setup completed.
** Training model in OracleAlgo **
22/12/04 05:02:59 INFO TextDataConvertor: Dataset: [exp00039/result/out-4.txt]
22/12/04 05:02:59 INFO TextDataConvertor: DataSet: exp00039/result/out-4.txt is finished
22/12/04 05:02:59 INFO TextDataConvertor: user number: 4005,	 item number is: 2673
22/12/04 05:02:59 INFO OracleAlgo: Job Train completed.
22/12/04 05:02:59 INFO OracleAlgo: begin recommend
22/12/04 05:03:00 INFO OracleAlgo: end recommend
22/12/04 05:03:00 INFO RecommenderJob: Evaluator info:NormalizedDCGEvaluator is 0.09543451472471984
22/12/04 05:03:00 INFO RecommenderJob: Evaluator info:PStatisticalParityEvaluator is -0.7542871927555478
22/12/04 05:03:00 INFO TextDataConvertor: Dataset: [../../../data/split/cv_5/train.txt]
22/12/04 05:03:00 INFO TextDataConvertor: DataSet: ../../../data/split/cv_5/train.txt is finished
22/12/04 05:03:00 INFO TextDataConvertor: rating Scale (real): 3.0 to 5.0
22/12/04 05:03:00 INFO TextDataConvertor: user number: 4005,	 item number is: 2673
22/12/04 05:03:00 INFO TextDataModel: Transform data to Convertor successfully!
22/12/04 05:03:00 INFO TextDataConvertor: Dataset: [../../../data/split/cv_5/test.txt]
22/12/04 05:03:00 INFO TextDataConvertor: DataSet: ../../../data/split/cv_5/test.txt is finished
22/12/04 05:03:00 INFO TextDataConvertor: rating Scale (real): 3.0 to 5.0
22/12/04 05:03:00 INFO TextDataConvertor: user number: 4005,	 item number is: 2673
22/12/04 05:03:00 INFO TextDataModel: Split data to train Set and test Set successfully!
22/12/04 05:03:00 INFO TextDataModel: Data cardinality of training is 88297
22/12/04 05:03:00 INFO TextDataModel: Data cardinality of testing is 22074
22/12/04 05:03:00 INFO TextDataModel: Feature appender loaded successfully!
22/12/04 05:03:00 INFO OracleAlgo: Job Setup completed.
** Training model in OracleAlgo **
22/12/04 05:03:00 INFO TextDataConvertor: Dataset: [exp00039/result/out-5.txt]
22/12/04 05:03:00 INFO TextDataConvertor: DataSet: exp00039/result/out-5.txt is finished
22/12/04 05:03:00 INFO TextDataConvertor: user number: 4005,	 item number is: 2673
22/12/04 05:03:00 INFO OracleAlgo: Job Train completed.
22/12/04 05:03:00 INFO OracleAlgo: begin recommend
22/12/04 05:03:01 INFO OracleAlgo: end recommend
22/12/04 05:03:01 INFO RecommenderJob: Evaluator info:NormalizedDCGEvaluator is 0.10002300974610098
22/12/04 05:03:01 INFO RecommenderJob: Evaluator info:PStatisticalParityEvaluator is -0.7566338684619872
