22/12/12 05:06:12 INFO TextDataConvertor: Dataset: [../../data/rating_5000_cls_hc_10core_iterative.csv]
22/12/12 05:06:13 INFO TextDataConvertor: DataSet: ...ng_5000_cls_hc_10core_iterative.csv is finished
22/12/12 05:06:13 INFO TextDataConvertor: rating Scale (real): 3.0 to 5.0
22/12/12 05:06:13 INFO TextDataConvertor: user number: 4005,	 item number is: 2673
22/12/12 05:06:13 INFO TextDataModel: Transform data to Convertor successfully!
22/12/12 05:06:16 INFO TextDataModel: Split data to train Set and test Set successfully!
22/12/12 05:06:16 INFO TextDataModel: Feature appender loaded successfully!
22/12/12 05:06:16 INFO TextDataConvertor: Dataset: [../../data/split/cv_1/train.txt]
22/12/12 05:06:17 INFO TextDataConvertor: DataSet: ../../data/split/cv_1/train.txt is finished
22/12/12 05:06:17 INFO TextDataConvertor: rating Scale (real): 3.0 to 5.0
22/12/12 05:06:17 INFO TextDataConvertor: user number: 4005,	 item number is: 2673
22/12/12 05:06:17 INFO TextDataModel: Transform data to Convertor successfully!
22/12/12 05:06:17 INFO TextDataConvertor: Dataset: [../../data/split/cv_1/test.txt]
22/12/12 05:06:17 INFO TextDataConvertor: DataSet: ../../data/split/cv_1/test.txt is finished
22/12/12 05:06:17 INFO TextDataConvertor: rating Scale (real): 3.0 to 5.0
22/12/12 05:06:17 INFO TextDataConvertor: user number: 4005,	 item number is: 2673
22/12/12 05:06:18 INFO TextDataModel: Split data to train Set and test Set successfully!
22/12/12 05:06:18 INFO TextDataModel: Data cardinality of training is 88296
22/12/12 05:06:18 INFO TextDataModel: Data cardinality of testing is 22075
22/12/12 05:06:18 INFO TextDataModel: Feature appender loaded successfully!
22/12/12 05:06:18 INFO OracleAlgo: Job Setup completed.
** Training model in OracleAlgo **
22/12/12 05:06:19 INFO TextDataConvertor: Dataset: [exp00009/result/out-1.txt]
22/12/12 05:06:19 INFO TextDataConvertor: DataSet: exp00009/result/out-1.txt is finished
22/12/12 05:06:19 INFO TextDataConvertor: user number: 4005,	 item number is: 2673
22/12/12 05:06:19 INFO OracleAlgo: Job Train completed.
22/12/12 05:06:19 INFO OracleAlgo: begin recommend
22/12/12 05:06:21 INFO OracleAlgo: end recommend
22/12/12 05:06:22 INFO RecommenderJob: Evaluator info:NormalizedDCGEvaluator is 0.019511720480807185
22/12/12 05:06:22 INFO RecommenderJob: Evaluator info:PStatisticalParityEvaluator is -0.6321436004162799
22/12/12 05:06:22 INFO TextDataConvertor: Dataset: [../../data/split/cv_2/train.txt]
22/12/12 05:06:22 INFO TextDataConvertor: DataSet: ../../data/split/cv_2/train.txt is finished
22/12/12 05:06:22 INFO TextDataConvertor: rating Scale (real): 3.0 to 5.0
22/12/12 05:06:22 INFO TextDataConvertor: user number: 4005,	 item number is: 2673
22/12/12 05:06:22 INFO TextDataModel: Transform data to Convertor successfully!
22/12/12 05:06:22 INFO TextDataConvertor: Dataset: [../../data/split/cv_2/test.txt]
22/12/12 05:06:22 INFO TextDataConvertor: DataSet: ../../data/split/cv_2/test.txt is finished
22/12/12 05:06:22 INFO TextDataConvertor: rating Scale (real): 3.0 to 5.0
22/12/12 05:06:22 INFO TextDataConvertor: user number: 4005,	 item number is: 2673
22/12/12 05:06:23 INFO TextDataModel: Split data to train Set and test Set successfully!
22/12/12 05:06:23 INFO TextDataModel: Data cardinality of training is 88297
22/12/12 05:06:23 INFO TextDataModel: Data cardinality of testing is 22074
22/12/12 05:06:23 INFO TextDataModel: Feature appender loaded successfully!
22/12/12 05:06:23 INFO OracleAlgo: Job Setup completed.
** Training model in OracleAlgo **
22/12/12 05:06:23 INFO TextDataConvertor: Dataset: [exp00009/result/out-2.txt]
22/12/12 05:06:24 INFO TextDataConvertor: DataSet: exp00009/result/out-2.txt is finished
22/12/12 05:06:24 INFO TextDataConvertor: user number: 4005,	 item number is: 2673
22/12/12 05:06:24 INFO OracleAlgo: Job Train completed.
22/12/12 05:06:24 INFO OracleAlgo: begin recommend
22/12/12 05:06:25 INFO OracleAlgo: end recommend
22/12/12 05:06:25 INFO RecommenderJob: Evaluator info:NormalizedDCGEvaluator is 0.02180903619209916
22/12/12 05:06:25 INFO RecommenderJob: Evaluator info:PStatisticalParityEvaluator is -0.6334910319730134
22/12/12 05:06:25 INFO TextDataConvertor: Dataset: [../../data/split/cv_3/train.txt]
22/12/12 05:06:26 INFO TextDataConvertor: DataSet: ../../data/split/cv_3/train.txt is finished
22/12/12 05:06:26 INFO TextDataConvertor: rating Scale (real): 3.0 to 5.0
22/12/12 05:06:26 INFO TextDataConvertor: user number: 4005,	 item number is: 2673
22/12/12 05:06:26 INFO TextDataModel: Transform data to Convertor successfully!
22/12/12 05:06:26 INFO TextDataConvertor: Dataset: [../../data/split/cv_3/test.txt]
22/12/12 05:06:26 INFO TextDataConvertor: DataSet: ../../data/split/cv_3/test.txt is finished
22/12/12 05:06:26 INFO TextDataConvertor: rating Scale (real): 3.0 to 5.0
22/12/12 05:06:26 INFO TextDataConvertor: user number: 4005,	 item number is: 2673
22/12/12 05:06:26 INFO TextDataModel: Split data to train Set and test Set successfully!
22/12/12 05:06:26 INFO TextDataModel: Data cardinality of training is 88297
22/12/12 05:06:26 INFO TextDataModel: Data cardinality of testing is 22074
22/12/12 05:06:27 INFO TextDataModel: Feature appender loaded successfully!
22/12/12 05:06:27 INFO OracleAlgo: Job Setup completed.
** Training model in OracleAlgo **
22/12/12 05:06:27 INFO TextDataConvertor: Dataset: [exp00009/result/out-3.txt]
22/12/12 05:06:27 INFO TextDataConvertor: DataSet: exp00009/result/out-3.txt is finished
22/12/12 05:06:27 INFO TextDataConvertor: user number: 4005,	 item number is: 2673
22/12/12 05:06:27 INFO OracleAlgo: Job Train completed.
22/12/12 05:06:27 INFO OracleAlgo: begin recommend
22/12/12 05:06:29 INFO OracleAlgo: end recommend
22/12/12 05:06:29 INFO RecommenderJob: Evaluator info:NormalizedDCGEvaluator is 0.024705735992321034
22/12/12 05:06:29 INFO RecommenderJob: Evaluator info:PStatisticalParityEvaluator is -0.6662839248434568
22/12/12 05:06:29 INFO TextDataConvertor: Dataset: [../../data/split/cv_4/train.txt]
22/12/12 05:06:29 INFO TextDataConvertor: DataSet: ../../data/split/cv_4/train.txt is finished
22/12/12 05:06:29 INFO TextDataConvertor: rating Scale (real): 3.0 to 5.0
22/12/12 05:06:29 INFO TextDataConvertor: user number: 4005,	 item number is: 2673
22/12/12 05:06:29 INFO TextDataModel: Transform data to Convertor successfully!
22/12/12 05:06:29 INFO TextDataConvertor: Dataset: [../../data/split/cv_4/test.txt]
22/12/12 05:06:29 INFO TextDataConvertor: DataSet: ../../data/split/cv_4/test.txt is finished
22/12/12 05:06:29 INFO TextDataConvertor: rating Scale (real): 3.0 to 5.0
22/12/12 05:06:29 INFO TextDataConvertor: user number: 4005,	 item number is: 2673
22/12/12 05:06:30 INFO TextDataModel: Split data to train Set and test Set successfully!
22/12/12 05:06:30 INFO TextDataModel: Data cardinality of training is 88297
22/12/12 05:06:30 INFO TextDataModel: Data cardinality of testing is 22074
22/12/12 05:06:30 INFO TextDataModel: Feature appender loaded successfully!
22/12/12 05:06:30 INFO OracleAlgo: Job Setup completed.
** Training model in OracleAlgo **
22/12/12 05:06:30 INFO TextDataConvertor: Dataset: [exp00009/result/out-4.txt]
22/12/12 05:06:30 INFO TextDataConvertor: DataSet: exp00009/result/out-4.txt is finished
22/12/12 05:06:30 INFO TextDataConvertor: user number: 4005,	 item number is: 2673
22/12/12 05:06:30 INFO OracleAlgo: Job Train completed.
22/12/12 05:06:30 INFO OracleAlgo: begin recommend
22/12/12 05:06:32 INFO OracleAlgo: end recommend
22/12/12 05:06:32 INFO RecommenderJob: Evaluator info:NormalizedDCGEvaluator is 0.024049490998307593
22/12/12 05:06:32 INFO RecommenderJob: Evaluator info:PStatisticalParityEvaluator is -0.6286571798189361
22/12/12 05:06:32 INFO TextDataConvertor: Dataset: [../../data/split/cv_5/train.txt]
22/12/12 05:06:32 INFO TextDataConvertor: DataSet: ../../data/split/cv_5/train.txt is finished
22/12/12 05:06:32 INFO TextDataConvertor: rating Scale (real): 3.0 to 5.0
22/12/12 05:06:32 INFO TextDataConvertor: user number: 4005,	 item number is: 2673
22/12/12 05:06:32 INFO TextDataModel: Transform data to Convertor successfully!
22/12/12 05:06:32 INFO TextDataConvertor: Dataset: [../../data/split/cv_5/test.txt]
22/12/12 05:06:32 INFO TextDataConvertor: DataSet: ../../data/split/cv_5/test.txt is finished
22/12/12 05:06:32 INFO TextDataConvertor: rating Scale (real): 3.0 to 5.0
22/12/12 05:06:32 INFO TextDataConvertor: user number: 4005,	 item number is: 2673
22/12/12 05:06:33 INFO TextDataModel: Split data to train Set and test Set successfully!
22/12/12 05:06:33 INFO TextDataModel: Data cardinality of training is 88297
22/12/12 05:06:33 INFO TextDataModel: Data cardinality of testing is 22074
22/12/12 05:06:33 INFO TextDataModel: Feature appender loaded successfully!
22/12/12 05:06:33 INFO OracleAlgo: Job Setup completed.
** Training model in OracleAlgo **
22/12/12 05:06:33 INFO TextDataConvertor: Dataset: [exp00009/result/out-5.txt]
22/12/12 05:06:33 INFO TextDataConvertor: DataSet: exp00009/result/out-5.txt is finished
22/12/12 05:06:33 INFO TextDataConvertor: user number: 4005,	 item number is: 2673
22/12/12 05:06:33 INFO OracleAlgo: Job Train completed.
22/12/12 05:06:33 INFO OracleAlgo: begin recommend
22/12/12 05:06:35 INFO OracleAlgo: end recommend
22/12/12 05:06:35 INFO RecommenderJob: Evaluator info:NormalizedDCGEvaluator is 0.024485510640218724
22/12/12 05:06:35 INFO RecommenderJob: Evaluator info:PStatisticalParityEvaluator is -0.6332677369239221
