23/04/07 12:14:29 INFO TextDataConvertor: Dataset: [../../../data/rating_5000_cls_hc_10core_iterative.csv]
23/04/07 12:14:30 INFO TextDataConvertor: DataSet: ...ng_5000_cls_hc_10core_iterative.csv is finished
23/04/07 12:14:30 INFO TextDataConvertor: rating Scale (real): 3.0 to 5.0
23/04/07 12:14:30 INFO TextDataConvertor: user number: 4005,	 item number is: 2673
23/04/07 12:14:30 INFO TextDataModel: Transform data to Convertor successfully!
23/04/07 12:14:30 INFO TextDataModel: Split data to train Set and test Set successfully!
23/04/07 12:14:30 INFO TextDataModel: Feature appender loaded successfully!
23/04/07 12:14:30 INFO TextDataConvertor: Dataset: [../../../data/split/cv_1/train.txt]
23/04/07 12:14:31 INFO TextDataConvertor: DataSet: ../../../data/split/cv_1/train.txt is finished
23/04/07 12:14:31 INFO TextDataConvertor: rating Scale (real): 3.0 to 5.0
23/04/07 12:14:31 INFO TextDataConvertor: user number: 4005,	 item number is: 2673
23/04/07 12:14:31 INFO TextDataModel: Transform data to Convertor successfully!
23/04/07 12:14:31 INFO TextDataConvertor: Dataset: [../../../data/split/cv_1/test.txt]
23/04/07 12:14:31 INFO TextDataConvertor: DataSet: ../../../data/split/cv_1/test.txt is finished
23/04/07 12:14:31 INFO TextDataConvertor: rating Scale (real): 3.0 to 5.0
23/04/07 12:14:31 INFO TextDataConvertor: user number: 4005,	 item number is: 2673
23/04/07 12:14:31 INFO TextDataModel: Split data to train Set and test Set successfully!
23/04/07 12:14:31 INFO TextDataModel: Data cardinality of training is 88296
23/04/07 12:14:31 INFO TextDataModel: Data cardinality of testing is 22075
23/04/07 12:14:31 INFO TextDataModel: Feature appender loaded successfully!
23/04/07 12:14:32 INFO OracleAlgo: Job Setup completed.
** Training model in OracleAlgo **
23/04/07 12:14:32 INFO TextDataConvertor: Dataset: [exp00000/result/out-1.txt]
23/04/07 12:14:32 INFO TextDataConvertor: DataSet: exp00000/result/out-1.txt is finished
23/04/07 12:14:32 INFO TextDataConvertor: user number: 4005,	 item number is: 2673
23/04/07 12:14:32 INFO OracleAlgo: Job Train completed.
23/04/07 12:14:32 INFO OracleAlgo: begin recommend
23/04/07 12:14:33 INFO OracleAlgo: end recommend
23/04/07 12:14:33 INFO RecommenderJob: Evaluator info:NormalizedDCGEvaluator is 0.013481033950763862
23/04/07 12:14:33 INFO RecommenderJob: Evaluator info:PStatisticalParityEvaluator is -0.22086368366279913
23/04/07 12:14:33 INFO TextDataConvertor: Dataset: [../../../data/split/cv_2/train.txt]
23/04/07 12:14:33 INFO TextDataConvertor: DataSet: ../../../data/split/cv_2/train.txt is finished
23/04/07 12:14:33 INFO TextDataConvertor: rating Scale (real): 3.0 to 5.0
23/04/07 12:14:33 INFO TextDataConvertor: user number: 4005,	 item number is: 2673
23/04/07 12:14:33 INFO TextDataModel: Transform data to Convertor successfully!
23/04/07 12:14:33 INFO TextDataConvertor: Dataset: [../../../data/split/cv_2/test.txt]
23/04/07 12:14:33 INFO TextDataConvertor: DataSet: ../../../data/split/cv_2/test.txt is finished
23/04/07 12:14:33 INFO TextDataConvertor: rating Scale (real): 3.0 to 5.0
23/04/07 12:14:33 INFO TextDataConvertor: user number: 4005,	 item number is: 2673
23/04/07 12:14:33 INFO TextDataModel: Split data to train Set and test Set successfully!
23/04/07 12:14:33 INFO TextDataModel: Data cardinality of training is 88297
23/04/07 12:14:33 INFO TextDataModel: Data cardinality of testing is 22074
23/04/07 12:14:33 INFO TextDataModel: Feature appender loaded successfully!
23/04/07 12:14:34 INFO OracleAlgo: Job Setup completed.
** Training model in OracleAlgo **
23/04/07 12:14:34 INFO TextDataConvertor: Dataset: [exp00000/result/out-2.txt]
23/04/07 12:14:34 INFO TextDataConvertor: DataSet: exp00000/result/out-2.txt is finished
23/04/07 12:14:34 INFO TextDataConvertor: user number: 4005,	 item number is: 2673
23/04/07 12:14:34 INFO OracleAlgo: Job Train completed.
23/04/07 12:14:34 INFO OracleAlgo: begin recommend
23/04/07 12:14:35 INFO OracleAlgo: end recommend
23/04/07 12:14:35 INFO RecommenderJob: Evaluator info:NormalizedDCGEvaluator is 0.01628580649047497
23/04/07 12:14:35 INFO RecommenderJob: Evaluator info:PStatisticalParityEvaluator is -0.21388094619178194
23/04/07 12:14:35 INFO TextDataConvertor: Dataset: [../../../data/split/cv_3/train.txt]
23/04/07 12:14:35 INFO TextDataConvertor: DataSet: ../../../data/split/cv_3/train.txt is finished
23/04/07 12:14:35 INFO TextDataConvertor: rating Scale (real): 3.0 to 5.0
23/04/07 12:14:35 INFO TextDataConvertor: user number: 4005,	 item number is: 2673
23/04/07 12:14:35 INFO TextDataModel: Transform data to Convertor successfully!
23/04/07 12:14:35 INFO TextDataConvertor: Dataset: [../../../data/split/cv_3/test.txt]
23/04/07 12:14:35 INFO TextDataConvertor: DataSet: ../../../data/split/cv_3/test.txt is finished
23/04/07 12:14:35 INFO TextDataConvertor: rating Scale (real): 3.0 to 5.0
23/04/07 12:14:35 INFO TextDataConvertor: user number: 4005,	 item number is: 2673
23/04/07 12:14:35 INFO TextDataModel: Split data to train Set and test Set successfully!
23/04/07 12:14:35 INFO TextDataModel: Data cardinality of training is 88297
23/04/07 12:14:35 INFO TextDataModel: Data cardinality of testing is 22074
23/04/07 12:14:35 INFO TextDataModel: Feature appender loaded successfully!
23/04/07 12:14:36 INFO OracleAlgo: Job Setup completed.
** Training model in OracleAlgo **
23/04/07 12:14:36 INFO TextDataConvertor: Dataset: [exp00000/result/out-3.txt]
23/04/07 12:14:36 INFO TextDataConvertor: DataSet: exp00000/result/out-3.txt is finished
23/04/07 12:14:36 INFO TextDataConvertor: user number: 4005,	 item number is: 2673
23/04/07 12:14:36 INFO OracleAlgo: Job Train completed.
23/04/07 12:14:36 INFO OracleAlgo: begin recommend
23/04/07 12:14:36 INFO OracleAlgo: end recommend
23/04/07 12:14:36 INFO RecommenderJob: Evaluator info:NormalizedDCGEvaluator is 0.01976795053439118
23/04/07 12:14:36 INFO RecommenderJob: Evaluator info:PStatisticalParityEvaluator is -0.3957202505219231
23/04/07 12:14:36 INFO TextDataConvertor: Dataset: [../../../data/split/cv_4/train.txt]
23/04/07 12:14:36 INFO TextDataConvertor: DataSet: ../../../data/split/cv_4/train.txt is finished
23/04/07 12:14:36 INFO TextDataConvertor: rating Scale (real): 3.0 to 5.0
23/04/07 12:14:36 INFO TextDataConvertor: user number: 4005,	 item number is: 2673
23/04/07 12:14:36 INFO TextDataModel: Transform data to Convertor successfully!
23/04/07 12:14:36 INFO TextDataConvertor: Dataset: [../../../data/split/cv_4/test.txt]
23/04/07 12:14:36 INFO TextDataConvertor: DataSet: ../../../data/split/cv_4/test.txt is finished
23/04/07 12:14:36 INFO TextDataConvertor: rating Scale (real): 3.0 to 5.0
23/04/07 12:14:36 INFO TextDataConvertor: user number: 4005,	 item number is: 2673
23/04/07 12:14:36 INFO TextDataModel: Split data to train Set and test Set successfully!
23/04/07 12:14:36 INFO TextDataModel: Data cardinality of training is 88297
23/04/07 12:14:36 INFO TextDataModel: Data cardinality of testing is 22074
23/04/07 12:14:36 INFO TextDataModel: Feature appender loaded successfully!
23/04/07 12:14:37 INFO OracleAlgo: Job Setup completed.
** Training model in OracleAlgo **
23/04/07 12:14:37 INFO TextDataConvertor: Dataset: [exp00000/result/out-4.txt]
23/04/07 12:14:37 INFO TextDataConvertor: DataSet: exp00000/result/out-4.txt is finished
23/04/07 12:14:37 INFO TextDataConvertor: user number: 4005,	 item number is: 2673
23/04/07 12:14:37 INFO OracleAlgo: Job Train completed.
23/04/07 12:14:37 INFO OracleAlgo: begin recommend
23/04/07 12:14:37 INFO OracleAlgo: end recommend
23/04/07 12:14:37 INFO RecommenderJob: Evaluator info:NormalizedDCGEvaluator is 0.017371835504207084
23/04/07 12:14:37 INFO RecommenderJob: Evaluator info:PStatisticalParityEvaluator is -0.20507115135828302
23/04/07 12:14:37 INFO TextDataConvertor: Dataset: [../../../data/split/cv_5/train.txt]
23/04/07 12:14:37 INFO TextDataConvertor: DataSet: ../../../data/split/cv_5/train.txt is finished
23/04/07 12:14:37 INFO TextDataConvertor: rating Scale (real): 3.0 to 5.0
23/04/07 12:14:37 INFO TextDataConvertor: user number: 4005,	 item number is: 2673
23/04/07 12:14:37 INFO TextDataModel: Transform data to Convertor successfully!
23/04/07 12:14:37 INFO TextDataConvertor: Dataset: [../../../data/split/cv_5/test.txt]
23/04/07 12:14:37 INFO TextDataConvertor: DataSet: ../../../data/split/cv_5/test.txt is finished
23/04/07 12:14:37 INFO TextDataConvertor: rating Scale (real): 3.0 to 5.0
23/04/07 12:14:37 INFO TextDataConvertor: user number: 4005,	 item number is: 2673
23/04/07 12:14:38 INFO TextDataModel: Split data to train Set and test Set successfully!
23/04/07 12:14:38 INFO TextDataModel: Data cardinality of training is 88297
23/04/07 12:14:38 INFO TextDataModel: Data cardinality of testing is 22074
23/04/07 12:14:38 INFO TextDataModel: Feature appender loaded successfully!
23/04/07 12:14:38 INFO OracleAlgo: Job Setup completed.
** Training model in OracleAlgo **
23/04/07 12:14:38 INFO TextDataConvertor: Dataset: [exp00000/result/out-5.txt]
23/04/07 12:14:38 INFO TextDataConvertor: DataSet: exp00000/result/out-5.txt is finished
23/04/07 12:14:38 INFO TextDataConvertor: user number: 4005,	 item number is: 2673
23/04/07 12:14:38 INFO OracleAlgo: Job Train completed.
23/04/07 12:14:38 INFO OracleAlgo: begin recommend
23/04/07 12:14:39 INFO OracleAlgo: end recommend
23/04/07 12:14:39 INFO RecommenderJob: Evaluator info:NormalizedDCGEvaluator is 0.017923703153675412
23/04/07 12:14:39 INFO RecommenderJob: Evaluator info:PStatisticalParityEvaluator is -0.20875194199890507
