23/04/07 11:34:30 INFO TextDataConvertor: Dataset: [../../../data/rating_5000_cls_hc_10core_iterative.csv]
23/04/07 11:34:31 INFO TextDataConvertor: DataSet: ...ng_5000_cls_hc_10core_iterative.csv is finished
23/04/07 11:34:31 INFO TextDataConvertor: rating Scale (real): 3.0 to 5.0
23/04/07 11:34:31 INFO TextDataConvertor: user number: 4005,	 item number is: 2673
23/04/07 11:34:31 INFO TextDataModel: Transform data to Convertor successfully!
23/04/07 11:34:31 INFO TextDataModel: Split data to train Set and test Set successfully!
23/04/07 11:34:31 INFO TextDataModel: Feature appender loaded successfully!
23/04/07 11:34:31 INFO TextDataConvertor: Dataset: [../../../data/split/cv_1/train.txt]
23/04/07 11:34:32 INFO TextDataConvertor: DataSet: ../../../data/split/cv_1/train.txt is finished
23/04/07 11:34:32 INFO TextDataConvertor: rating Scale (real): 3.0 to 5.0
23/04/07 11:34:32 INFO TextDataConvertor: user number: 4005,	 item number is: 2673
23/04/07 11:34:32 INFO TextDataModel: Transform data to Convertor successfully!
23/04/07 11:34:32 INFO TextDataConvertor: Dataset: [../../../data/split/cv_1/test.txt]
23/04/07 11:34:32 INFO TextDataConvertor: DataSet: ../../../data/split/cv_1/test.txt is finished
23/04/07 11:34:32 INFO TextDataConvertor: rating Scale (real): 3.0 to 5.0
23/04/07 11:34:32 INFO TextDataConvertor: user number: 4005,	 item number is: 2673
23/04/07 11:34:32 INFO TextDataModel: Split data to train Set and test Set successfully!
23/04/07 11:34:32 INFO TextDataModel: Data cardinality of training is 88296
23/04/07 11:34:32 INFO TextDataModel: Data cardinality of testing is 22075
23/04/07 11:34:32 INFO TextDataModel: Feature appender loaded successfully!
23/04/07 11:34:33 INFO OracleAlgo: Job Setup completed.
** Training model in OracleAlgo **
23/04/07 11:34:33 INFO TextDataConvertor: Dataset: [exp00000/result/out-1.txt]
23/04/07 11:34:33 INFO TextDataConvertor: DataSet: exp00000/result/out-1.txt is finished
23/04/07 11:34:33 INFO TextDataConvertor: user number: 4005,	 item number is: 2673
23/04/07 11:34:33 INFO OracleAlgo: Job Train completed.
23/04/07 11:34:33 INFO OracleAlgo: begin recommend
23/04/07 11:34:34 INFO OracleAlgo: end recommend
23/04/07 11:34:34 INFO RecommenderJob: Evaluator info:NormalizedDCGEvaluator is 0.01791962860750077
23/04/07 11:34:34 INFO RecommenderJob: Evaluator info:PStatisticalParityEvaluator is -0.7998439125911052
23/04/07 11:34:34 INFO TextDataConvertor: Dataset: [../../../data/split/cv_2/train.txt]
23/04/07 11:34:34 INFO TextDataConvertor: DataSet: ../../../data/split/cv_2/train.txt is finished
23/04/07 11:34:34 INFO TextDataConvertor: rating Scale (real): 3.0 to 5.0
23/04/07 11:34:34 INFO TextDataConvertor: user number: 4005,	 item number is: 2673
23/04/07 11:34:34 INFO TextDataModel: Transform data to Convertor successfully!
23/04/07 11:34:34 INFO TextDataConvertor: Dataset: [../../../data/split/cv_2/test.txt]
23/04/07 11:34:34 INFO TextDataConvertor: DataSet: ../../../data/split/cv_2/test.txt is finished
23/04/07 11:34:34 INFO TextDataConvertor: rating Scale (real): 3.0 to 5.0
23/04/07 11:34:34 INFO TextDataConvertor: user number: 4005,	 item number is: 2673
23/04/07 11:34:34 INFO TextDataModel: Split data to train Set and test Set successfully!
23/04/07 11:34:34 INFO TextDataModel: Data cardinality of training is 88297
23/04/07 11:34:34 INFO TextDataModel: Data cardinality of testing is 22074
23/04/07 11:34:34 INFO TextDataModel: Feature appender loaded successfully!
23/04/07 11:34:35 INFO OracleAlgo: Job Setup completed.
** Training model in OracleAlgo **
23/04/07 11:34:35 INFO TextDataConvertor: Dataset: [exp00000/result/out-2.txt]
23/04/07 11:34:36 INFO TextDataConvertor: DataSet: exp00000/result/out-2.txt is finished
23/04/07 11:34:36 INFO TextDataConvertor: user number: 4005,	 item number is: 2673
23/04/07 11:34:36 INFO OracleAlgo: Job Train completed.
23/04/07 11:34:36 INFO OracleAlgo: begin recommend
23/04/07 11:34:36 INFO OracleAlgo: end recommend
23/04/07 11:34:36 INFO RecommenderJob: Evaluator info:NormalizedDCGEvaluator is 0.021091916281594663
23/04/07 11:34:36 INFO RecommenderJob: Evaluator info:PStatisticalParityEvaluator is -0.8000000000000543
23/04/07 11:34:36 INFO TextDataConvertor: Dataset: [../../../data/split/cv_3/train.txt]
23/04/07 11:34:36 INFO TextDataConvertor: DataSet: ../../../data/split/cv_3/train.txt is finished
23/04/07 11:34:36 INFO TextDataConvertor: rating Scale (real): 3.0 to 5.0
23/04/07 11:34:36 INFO TextDataConvertor: user number: 4005,	 item number is: 2673
23/04/07 11:34:36 INFO TextDataModel: Transform data to Convertor successfully!
23/04/07 11:34:36 INFO TextDataConvertor: Dataset: [../../../data/split/cv_3/test.txt]
23/04/07 11:34:36 INFO TextDataConvertor: DataSet: ../../../data/split/cv_3/test.txt is finished
23/04/07 11:34:36 INFO TextDataConvertor: rating Scale (real): 3.0 to 5.0
23/04/07 11:34:36 INFO TextDataConvertor: user number: 4005,	 item number is: 2673
23/04/07 11:34:36 INFO TextDataModel: Split data to train Set and test Set successfully!
23/04/07 11:34:36 INFO TextDataModel: Data cardinality of training is 88297
23/04/07 11:34:36 INFO TextDataModel: Data cardinality of testing is 22074
23/04/07 11:34:36 INFO TextDataModel: Feature appender loaded successfully!
23/04/07 11:34:37 INFO OracleAlgo: Job Setup completed.
** Training model in OracleAlgo **
23/04/07 11:34:37 INFO TextDataConvertor: Dataset: [exp00000/result/out-3.txt]
23/04/07 11:34:37 INFO TextDataConvertor: DataSet: exp00000/result/out-3.txt is finished
23/04/07 11:34:37 INFO TextDataConvertor: user number: 4005,	 item number is: 2673
23/04/07 11:34:37 INFO OracleAlgo: Job Train completed.
23/04/07 11:34:37 INFO OracleAlgo: begin recommend
23/04/07 11:34:37 INFO OracleAlgo: end recommend
23/04/07 11:34:37 INFO RecommenderJob: Evaluator info:NormalizedDCGEvaluator is 0.02489808845718355
23/04/07 11:34:37 INFO RecommenderJob: Evaluator info:PStatisticalParityEvaluator is -0.8000000000000543
23/04/07 11:34:37 INFO TextDataConvertor: Dataset: [../../../data/split/cv_4/train.txt]
23/04/07 11:34:38 INFO TextDataConvertor: DataSet: ../../../data/split/cv_4/train.txt is finished
23/04/07 11:34:38 INFO TextDataConvertor: rating Scale (real): 3.0 to 5.0
23/04/07 11:34:38 INFO TextDataConvertor: user number: 4005,	 item number is: 2673
23/04/07 11:34:38 INFO TextDataModel: Transform data to Convertor successfully!
23/04/07 11:34:38 INFO TextDataConvertor: Dataset: [../../../data/split/cv_4/test.txt]
23/04/07 11:34:38 INFO TextDataConvertor: DataSet: ../../../data/split/cv_4/test.txt is finished
23/04/07 11:34:38 INFO TextDataConvertor: rating Scale (real): 3.0 to 5.0
23/04/07 11:34:38 INFO TextDataConvertor: user number: 4005,	 item number is: 2673
23/04/07 11:34:38 INFO TextDataModel: Split data to train Set and test Set successfully!
23/04/07 11:34:38 INFO TextDataModel: Data cardinality of training is 88297
23/04/07 11:34:38 INFO TextDataModel: Data cardinality of testing is 22074
23/04/07 11:34:38 INFO TextDataModel: Feature appender loaded successfully!
23/04/07 11:34:38 INFO OracleAlgo: Job Setup completed.
** Training model in OracleAlgo **
23/04/07 11:34:38 INFO TextDataConvertor: Dataset: [exp00000/result/out-4.txt]
23/04/07 11:34:38 INFO TextDataConvertor: DataSet: exp00000/result/out-4.txt is finished
23/04/07 11:34:38 INFO TextDataConvertor: user number: 4005,	 item number is: 2673
23/04/07 11:34:39 INFO OracleAlgo: Job Train completed.
23/04/07 11:34:39 INFO OracleAlgo: begin recommend
23/04/07 11:34:39 INFO OracleAlgo: end recommend
23/04/07 11:34:39 INFO RecommenderJob: Evaluator info:NormalizedDCGEvaluator is 0.023390161283569785
23/04/07 11:34:39 INFO RecommenderJob: Evaluator info:PStatisticalParityEvaluator is -0.8000000000000544
23/04/07 11:34:39 INFO TextDataConvertor: Dataset: [../../../data/split/cv_5/train.txt]
23/04/07 11:34:39 INFO TextDataConvertor: DataSet: ../../../data/split/cv_5/train.txt is finished
23/04/07 11:34:39 INFO TextDataConvertor: rating Scale (real): 3.0 to 5.0
23/04/07 11:34:39 INFO TextDataConvertor: user number: 4005,	 item number is: 2673
23/04/07 11:34:39 INFO TextDataModel: Transform data to Convertor successfully!
23/04/07 11:34:39 INFO TextDataConvertor: Dataset: [../../../data/split/cv_5/test.txt]
23/04/07 11:34:39 INFO TextDataConvertor: DataSet: ../../../data/split/cv_5/test.txt is finished
23/04/07 11:34:39 INFO TextDataConvertor: rating Scale (real): 3.0 to 5.0
23/04/07 11:34:39 INFO TextDataConvertor: user number: 4005,	 item number is: 2673
23/04/07 11:34:39 INFO TextDataModel: Split data to train Set and test Set successfully!
23/04/07 11:34:39 INFO TextDataModel: Data cardinality of training is 88297
23/04/07 11:34:39 INFO TextDataModel: Data cardinality of testing is 22074
23/04/07 11:34:39 INFO TextDataModel: Feature appender loaded successfully!
23/04/07 11:34:40 INFO OracleAlgo: Job Setup completed.
** Training model in OracleAlgo **
23/04/07 11:34:40 INFO TextDataConvertor: Dataset: [exp00000/result/out-5.txt]
23/04/07 11:34:40 INFO TextDataConvertor: DataSet: exp00000/result/out-5.txt is finished
23/04/07 11:34:40 INFO TextDataConvertor: user number: 4005,	 item number is: 2673
23/04/07 11:34:40 INFO OracleAlgo: Job Train completed.
23/04/07 11:34:40 INFO OracleAlgo: begin recommend
23/04/07 11:34:41 INFO OracleAlgo: end recommend
23/04/07 11:34:41 INFO RecommenderJob: Evaluator info:NormalizedDCGEvaluator is 0.022231505989432424
23/04/07 11:34:41 INFO RecommenderJob: Evaluator info:PStatisticalParityEvaluator is -0.8000000000000544
