23/04/07 16:10:22 INFO TextDataConvertor: Dataset: [../../../data/rating_5000_cls_hc_10core_iterative.csv]
23/04/07 16:10:22 INFO TextDataConvertor: DataSet: ...ng_5000_cls_hc_10core_iterative.csv is finished
23/04/07 16:10:23 INFO TextDataConvertor: rating Scale (real): 3.0 to 5.0
23/04/07 16:10:23 INFO TextDataConvertor: user number: 4005,	 item number is: 2673
23/04/07 16:10:23 INFO TextDataModel: Transform data to Convertor successfully!
23/04/07 16:10:23 INFO TextDataModel: Split data to train Set and test Set successfully!
23/04/07 16:10:23 INFO TextDataModel: Feature appender loaded successfully!
23/04/07 16:10:23 INFO TextDataConvertor: Dataset: [../../../data/split/cv_1/train.txt]
23/04/07 16:10:24 INFO TextDataConvertor: DataSet: ../../../data/split/cv_1/train.txt is finished
23/04/07 16:10:24 INFO TextDataConvertor: rating Scale (real): 3.0 to 5.0
23/04/07 16:10:24 INFO TextDataConvertor: user number: 4005,	 item number is: 2673
23/04/07 16:10:24 INFO TextDataModel: Transform data to Convertor successfully!
23/04/07 16:10:24 INFO TextDataConvertor: Dataset: [../../../data/split/cv_1/test.txt]
23/04/07 16:10:24 INFO TextDataConvertor: DataSet: ../../../data/split/cv_1/test.txt is finished
23/04/07 16:10:24 INFO TextDataConvertor: rating Scale (real): 3.0 to 5.0
23/04/07 16:10:24 INFO TextDataConvertor: user number: 4005,	 item number is: 2673
23/04/07 16:10:24 INFO TextDataModel: Split data to train Set and test Set successfully!
23/04/07 16:10:24 INFO TextDataModel: Data cardinality of training is 88296
23/04/07 16:10:24 INFO TextDataModel: Data cardinality of testing is 22075
23/04/07 16:10:24 INFO TextDataModel: Feature appender loaded successfully!
23/04/07 16:10:25 INFO OracleAlgo: Job Setup completed.
** Training model in OracleAlgo **
23/04/07 16:10:25 INFO TextDataConvertor: Dataset: [exp00000/result/out-1.txt]
23/04/07 16:10:25 INFO TextDataConvertor: DataSet: exp00000/result/out-1.txt is finished
23/04/07 16:10:25 INFO TextDataConvertor: user number: 4005,	 item number is: 2673
23/04/07 16:10:25 INFO OracleAlgo: Job Train completed.
23/04/07 16:10:25 INFO OracleAlgo: begin recommend
23/04/07 16:10:26 INFO OracleAlgo: end recommend
23/04/07 16:10:26 INFO RecommenderJob: Evaluator info:NormalizedDCGEvaluator is 0.008483632238409165
23/04/07 16:10:26 INFO RecommenderJob: Evaluator info:PStatisticalParityEvaluator is -0.7737773152966017
23/04/07 16:10:26 INFO TextDataConvertor: Dataset: [../../../data/split/cv_2/train.txt]
23/04/07 16:10:26 INFO TextDataConvertor: DataSet: ../../../data/split/cv_2/train.txt is finished
23/04/07 16:10:26 INFO TextDataConvertor: rating Scale (real): 3.0 to 5.0
23/04/07 16:10:26 INFO TextDataConvertor: user number: 4005,	 item number is: 2673
23/04/07 16:10:26 INFO TextDataModel: Transform data to Convertor successfully!
23/04/07 16:10:26 INFO TextDataConvertor: Dataset: [../../../data/split/cv_2/test.txt]
23/04/07 16:10:26 INFO TextDataConvertor: DataSet: ../../../data/split/cv_2/test.txt is finished
23/04/07 16:10:26 INFO TextDataConvertor: rating Scale (real): 3.0 to 5.0
23/04/07 16:10:26 INFO TextDataConvertor: user number: 4005,	 item number is: 2673
23/04/07 16:10:26 INFO TextDataModel: Split data to train Set and test Set successfully!
23/04/07 16:10:26 INFO TextDataModel: Data cardinality of training is 88297
23/04/07 16:10:26 INFO TextDataModel: Data cardinality of testing is 22074
23/04/07 16:10:26 INFO TextDataModel: Feature appender loaded successfully!
23/04/07 16:10:28 INFO OracleAlgo: Job Setup completed.
** Training model in OracleAlgo **
23/04/07 16:10:28 INFO TextDataConvertor: Dataset: [exp00000/result/out-2.txt]
23/04/07 16:10:28 INFO TextDataConvertor: DataSet: exp00000/result/out-2.txt is finished
23/04/07 16:10:28 INFO TextDataConvertor: user number: 4005,	 item number is: 2673
23/04/07 16:10:28 INFO OracleAlgo: Job Train completed.
23/04/07 16:10:28 INFO OracleAlgo: begin recommend
23/04/07 16:10:28 INFO OracleAlgo: end recommend
23/04/07 16:10:28 INFO RecommenderJob: Evaluator info:NormalizedDCGEvaluator is 0.008028801570325088
23/04/07 16:10:28 INFO RecommenderJob: Evaluator info:PStatisticalParityEvaluator is -0.7624642578633064
23/04/07 16:10:28 INFO TextDataConvertor: Dataset: [../../../data/split/cv_3/train.txt]
23/04/07 16:10:28 INFO TextDataConvertor: DataSet: ../../../data/split/cv_3/train.txt is finished
23/04/07 16:10:28 INFO TextDataConvertor: rating Scale (real): 3.0 to 5.0
23/04/07 16:10:28 INFO TextDataConvertor: user number: 4005,	 item number is: 2673
23/04/07 16:10:28 INFO TextDataModel: Transform data to Convertor successfully!
23/04/07 16:10:28 INFO TextDataConvertor: Dataset: [../../../data/split/cv_3/test.txt]
23/04/07 16:10:28 INFO TextDataConvertor: DataSet: ../../../data/split/cv_3/test.txt is finished
23/04/07 16:10:28 INFO TextDataConvertor: rating Scale (real): 3.0 to 5.0
23/04/07 16:10:28 INFO TextDataConvertor: user number: 4005,	 item number is: 2673
23/04/07 16:10:29 INFO TextDataModel: Split data to train Set and test Set successfully!
23/04/07 16:10:29 INFO TextDataModel: Data cardinality of training is 88297
23/04/07 16:10:29 INFO TextDataModel: Data cardinality of testing is 22074
23/04/07 16:10:29 INFO TextDataModel: Feature appender loaded successfully!
23/04/07 16:10:30 INFO OracleAlgo: Job Setup completed.
** Training model in OracleAlgo **
23/04/07 16:10:30 INFO TextDataConvertor: Dataset: [exp00000/result/out-3.txt]
23/04/07 16:10:31 INFO TextDataConvertor: DataSet: exp00000/result/out-3.txt is finished
23/04/07 16:10:31 INFO TextDataConvertor: user number: 4005,	 item number is: 2673
23/04/07 16:10:31 INFO OracleAlgo: Job Train completed.
23/04/07 16:10:31 INFO OracleAlgo: begin recommend
23/04/07 16:10:32 INFO OracleAlgo: end recommend
23/04/07 16:10:32 INFO RecommenderJob: Evaluator info:NormalizedDCGEvaluator is 0.006863118991123688
23/04/07 16:10:32 INFO RecommenderJob: Evaluator info:PStatisticalParityEvaluator is -0.7694676409186176
23/04/07 16:10:32 INFO TextDataConvertor: Dataset: [../../../data/split/cv_4/train.txt]
23/04/07 16:10:32 INFO TextDataConvertor: DataSet: ../../../data/split/cv_4/train.txt is finished
23/04/07 16:10:32 INFO TextDataConvertor: rating Scale (real): 3.0 to 5.0
23/04/07 16:10:32 INFO TextDataConvertor: user number: 4005,	 item number is: 2673
23/04/07 16:10:32 INFO TextDataModel: Transform data to Convertor successfully!
23/04/07 16:10:32 INFO TextDataConvertor: Dataset: [../../../data/split/cv_4/test.txt]
23/04/07 16:10:32 INFO TextDataConvertor: DataSet: ../../../data/split/cv_4/test.txt is finished
23/04/07 16:10:32 INFO TextDataConvertor: rating Scale (real): 3.0 to 5.0
23/04/07 16:10:32 INFO TextDataConvertor: user number: 4005,	 item number is: 2673
23/04/07 16:10:32 INFO TextDataModel: Split data to train Set and test Set successfully!
23/04/07 16:10:32 INFO TextDataModel: Data cardinality of training is 88297
23/04/07 16:10:32 INFO TextDataModel: Data cardinality of testing is 22074
23/04/07 16:10:32 INFO TextDataModel: Feature appender loaded successfully!
23/04/07 16:10:33 INFO OracleAlgo: Job Setup completed.
** Training model in OracleAlgo **
23/04/07 16:10:33 INFO TextDataConvertor: Dataset: [exp00000/result/out-4.txt]
23/04/07 16:10:33 INFO TextDataConvertor: DataSet: exp00000/result/out-4.txt is finished
23/04/07 16:10:33 INFO TextDataConvertor: user number: 4005,	 item number is: 2673
23/04/07 16:10:33 INFO OracleAlgo: Job Train completed.
23/04/07 16:10:33 INFO OracleAlgo: begin recommend
23/04/07 16:10:33 INFO OracleAlgo: end recommend
23/04/07 16:10:33 INFO RecommenderJob: Evaluator info:NormalizedDCGEvaluator is 0.007604941025961222
23/04/07 16:10:33 INFO RecommenderJob: Evaluator info:PStatisticalParityEvaluator is -0.7695213454075396
23/04/07 16:10:33 INFO TextDataConvertor: Dataset: [../../../data/split/cv_5/train.txt]
23/04/07 16:10:33 INFO TextDataConvertor: DataSet: ../../../data/split/cv_5/train.txt is finished
23/04/07 16:10:33 INFO TextDataConvertor: rating Scale (real): 3.0 to 5.0
23/04/07 16:10:33 INFO TextDataConvertor: user number: 4005,	 item number is: 2673
23/04/07 16:10:33 INFO TextDataModel: Transform data to Convertor successfully!
23/04/07 16:10:33 INFO TextDataConvertor: Dataset: [../../../data/split/cv_5/test.txt]
23/04/07 16:10:33 INFO TextDataConvertor: DataSet: ../../../data/split/cv_5/test.txt is finished
23/04/07 16:10:33 INFO TextDataConvertor: rating Scale (real): 3.0 to 5.0
23/04/07 16:10:33 INFO TextDataConvertor: user number: 4005,	 item number is: 2673
23/04/07 16:10:33 INFO TextDataModel: Split data to train Set and test Set successfully!
23/04/07 16:10:33 INFO TextDataModel: Data cardinality of training is 88297
23/04/07 16:10:33 INFO TextDataModel: Data cardinality of testing is 22074
23/04/07 16:10:33 INFO TextDataModel: Feature appender loaded successfully!
23/04/07 16:10:34 INFO OracleAlgo: Job Setup completed.
** Training model in OracleAlgo **
23/04/07 16:10:34 INFO TextDataConvertor: Dataset: [exp00000/result/out-5.txt]
23/04/07 16:10:34 INFO TextDataConvertor: DataSet: exp00000/result/out-5.txt is finished
23/04/07 16:10:34 INFO TextDataConvertor: user number: 4005,	 item number is: 2673
23/04/07 16:10:34 INFO OracleAlgo: Job Train completed.
23/04/07 16:10:34 INFO OracleAlgo: begin recommend
23/04/07 16:10:35 INFO OracleAlgo: end recommend
23/04/07 16:10:35 INFO RecommenderJob: Evaluator info:NormalizedDCGEvaluator is 0.008337608810438803
23/04/07 16:10:35 INFO RecommenderJob: Evaluator info:PStatisticalParityEvaluator is -0.7703262558260342
