23/04/07 14:11:38 INFO TextDataConvertor: Dataset: [../../../data/rating_5000_cls_hc_10core_iterative.csv]
23/04/07 14:11:39 INFO TextDataConvertor: DataSet: ...ng_5000_cls_hc_10core_iterative.csv is finished
23/04/07 14:11:39 INFO TextDataConvertor: rating Scale (real): 3.0 to 5.0
23/04/07 14:11:39 INFO TextDataConvertor: user number: 4005,	 item number is: 2673
23/04/07 14:11:39 INFO TextDataModel: Transform data to Convertor successfully!
23/04/07 14:11:40 INFO TextDataModel: Split data to train Set and test Set successfully!
23/04/07 14:11:40 INFO TextDataModel: Feature appender loaded successfully!
23/04/07 14:11:40 INFO TextDataConvertor: Dataset: [../../../data/split/cv_1/train.txt]
23/04/07 14:11:40 INFO TextDataConvertor: DataSet: ../../../data/split/cv_1/train.txt is finished
23/04/07 14:11:40 INFO TextDataConvertor: rating Scale (real): 3.0 to 5.0
23/04/07 14:11:40 INFO TextDataConvertor: user number: 4005,	 item number is: 2673
23/04/07 14:11:40 INFO TextDataModel: Transform data to Convertor successfully!
23/04/07 14:11:40 INFO TextDataConvertor: Dataset: [../../../data/split/cv_1/test.txt]
23/04/07 14:11:40 INFO TextDataConvertor: DataSet: ../../../data/split/cv_1/test.txt is finished
23/04/07 14:11:40 INFO TextDataConvertor: rating Scale (real): 3.0 to 5.0
23/04/07 14:11:40 INFO TextDataConvertor: user number: 4005,	 item number is: 2673
23/04/07 14:11:41 INFO TextDataModel: Split data to train Set and test Set successfully!
23/04/07 14:11:41 INFO TextDataModel: Data cardinality of training is 88296
23/04/07 14:11:41 INFO TextDataModel: Data cardinality of testing is 22075
23/04/07 14:11:41 INFO TextDataModel: Feature appender loaded successfully!
23/04/07 14:11:42 INFO OracleAlgo: Job Setup completed.
** Training model in OracleAlgo **
23/04/07 14:11:42 INFO TextDataConvertor: Dataset: [exp00000/result/out-1.txt]
23/04/07 14:11:42 INFO TextDataConvertor: DataSet: exp00000/result/out-1.txt is finished
23/04/07 14:11:42 INFO TextDataConvertor: user number: 4005,	 item number is: 2673
23/04/07 14:11:42 INFO OracleAlgo: Job Train completed.
23/04/07 14:11:42 INFO OracleAlgo: begin recommend
23/04/07 14:11:43 INFO OracleAlgo: end recommend
23/04/07 14:11:43 INFO RecommenderJob: Evaluator info:NormalizedDCGEvaluator is 0.05596226274714382
23/04/07 14:11:43 INFO RecommenderJob: Evaluator info:PStatisticalParityEvaluator is -0.46909469302808715
23/04/07 14:11:43 INFO TextDataConvertor: Dataset: [../../../data/split/cv_2/train.txt]
23/04/07 14:11:43 INFO TextDataConvertor: DataSet: ../../../data/split/cv_2/train.txt is finished
23/04/07 14:11:43 INFO TextDataConvertor: rating Scale (real): 3.0 to 5.0
23/04/07 14:11:43 INFO TextDataConvertor: user number: 4005,	 item number is: 2673
23/04/07 14:11:43 INFO TextDataModel: Transform data to Convertor successfully!
23/04/07 14:11:43 INFO TextDataConvertor: Dataset: [../../../data/split/cv_2/test.txt]
23/04/07 14:11:43 INFO TextDataConvertor: DataSet: ../../../data/split/cv_2/test.txt is finished
23/04/07 14:11:43 INFO TextDataConvertor: rating Scale (real): 3.0 to 5.0
23/04/07 14:11:43 INFO TextDataConvertor: user number: 4005,	 item number is: 2673
23/04/07 14:11:43 INFO TextDataModel: Split data to train Set and test Set successfully!
23/04/07 14:11:43 INFO TextDataModel: Data cardinality of training is 88297
23/04/07 14:11:43 INFO TextDataModel: Data cardinality of testing is 22074
23/04/07 14:11:43 INFO TextDataModel: Feature appender loaded successfully!
23/04/07 14:11:44 INFO OracleAlgo: Job Setup completed.
** Training model in OracleAlgo **
23/04/07 14:11:44 INFO TextDataConvertor: Dataset: [exp00000/result/out-2.txt]
23/04/07 14:11:44 INFO TextDataConvertor: DataSet: exp00000/result/out-2.txt is finished
23/04/07 14:11:44 INFO TextDataConvertor: user number: 4005,	 item number is: 2673
23/04/07 14:11:44 INFO OracleAlgo: Job Train completed.
23/04/07 14:11:44 INFO OracleAlgo: begin recommend
23/04/07 14:11:45 INFO OracleAlgo: end recommend
23/04/07 14:11:45 INFO RecommenderJob: Evaluator info:NormalizedDCGEvaluator is 0.0632792121897288
23/04/07 14:11:45 INFO RecommenderJob: Evaluator info:PStatisticalParityEvaluator is -0.48131011177540356
23/04/07 14:11:45 INFO TextDataConvertor: Dataset: [../../../data/split/cv_3/train.txt]
23/04/07 14:11:45 INFO TextDataConvertor: DataSet: ../../../data/split/cv_3/train.txt is finished
23/04/07 14:11:45 INFO TextDataConvertor: rating Scale (real): 3.0 to 5.0
23/04/07 14:11:45 INFO TextDataConvertor: user number: 4005,	 item number is: 2673
23/04/07 14:11:45 INFO TextDataModel: Transform data to Convertor successfully!
23/04/07 14:11:45 INFO TextDataConvertor: Dataset: [../../../data/split/cv_3/test.txt]
23/04/07 14:11:45 INFO TextDataConvertor: DataSet: ../../../data/split/cv_3/test.txt is finished
23/04/07 14:11:45 INFO TextDataConvertor: rating Scale (real): 3.0 to 5.0
23/04/07 14:11:45 INFO TextDataConvertor: user number: 4005,	 item number is: 2673
23/04/07 14:11:45 INFO TextDataModel: Split data to train Set and test Set successfully!
23/04/07 14:11:45 INFO TextDataModel: Data cardinality of training is 88297
23/04/07 14:11:45 INFO TextDataModel: Data cardinality of testing is 22074
23/04/07 14:11:45 INFO TextDataModel: Feature appender loaded successfully!
23/04/07 14:11:46 INFO OracleAlgo: Job Setup completed.
** Training model in OracleAlgo **
23/04/07 14:11:46 INFO TextDataConvertor: Dataset: [exp00000/result/out-3.txt]
23/04/07 14:11:46 INFO TextDataConvertor: DataSet: exp00000/result/out-3.txt is finished
23/04/07 14:11:46 INFO TextDataConvertor: user number: 4005,	 item number is: 2673
23/04/07 14:11:46 INFO OracleAlgo: Job Train completed.
23/04/07 14:11:46 INFO OracleAlgo: begin recommend
23/04/07 14:11:47 INFO OracleAlgo: end recommend
23/04/07 14:11:47 INFO RecommenderJob: Evaluator info:NormalizedDCGEvaluator is 0.059985059867612656
23/04/07 14:11:47 INFO RecommenderJob: Evaluator info:PStatisticalParityEvaluator is -0.4218162839248411
23/04/07 14:11:47 INFO TextDataConvertor: Dataset: [../../../data/split/cv_4/train.txt]
23/04/07 14:11:47 INFO TextDataConvertor: DataSet: ../../../data/split/cv_4/train.txt is finished
23/04/07 14:11:47 INFO TextDataConvertor: rating Scale (real): 3.0 to 5.0
23/04/07 14:11:47 INFO TextDataConvertor: user number: 4005,	 item number is: 2673
23/04/07 14:11:47 INFO TextDataModel: Transform data to Convertor successfully!
23/04/07 14:11:47 INFO TextDataConvertor: Dataset: [../../../data/split/cv_4/test.txt]
23/04/07 14:11:47 INFO TextDataConvertor: DataSet: ../../../data/split/cv_4/test.txt is finished
23/04/07 14:11:47 INFO TextDataConvertor: rating Scale (real): 3.0 to 5.0
23/04/07 14:11:47 INFO TextDataConvertor: user number: 4005,	 item number is: 2673
23/04/07 14:11:47 INFO TextDataModel: Split data to train Set and test Set successfully!
23/04/07 14:11:47 INFO TextDataModel: Data cardinality of training is 88297
23/04/07 14:11:47 INFO TextDataModel: Data cardinality of testing is 22074
23/04/07 14:11:47 INFO TextDataModel: Feature appender loaded successfully!
23/04/07 14:11:48 INFO OracleAlgo: Job Setup completed.
** Training model in OracleAlgo **
23/04/07 14:11:48 INFO TextDataConvertor: Dataset: [exp00000/result/out-4.txt]
23/04/07 14:11:48 INFO TextDataConvertor: DataSet: exp00000/result/out-4.txt is finished
23/04/07 14:11:48 INFO TextDataConvertor: user number: 4005,	 item number is: 2673
23/04/07 14:11:48 INFO OracleAlgo: Job Train completed.
23/04/07 14:11:48 INFO OracleAlgo: begin recommend
23/04/07 14:11:49 INFO OracleAlgo: end recommend
23/04/07 14:11:49 INFO RecommenderJob: Evaluator info:NormalizedDCGEvaluator is 0.058293977684550205
23/04/07 14:11:49 INFO RecommenderJob: Evaluator info:PStatisticalParityEvaluator is -0.46597671410090025
23/04/07 14:11:49 INFO TextDataConvertor: Dataset: [../../../data/split/cv_5/train.txt]
23/04/07 14:11:49 INFO TextDataConvertor: DataSet: ../../../data/split/cv_5/train.txt is finished
23/04/07 14:11:49 INFO TextDataConvertor: rating Scale (real): 3.0 to 5.0
23/04/07 14:11:49 INFO TextDataConvertor: user number: 4005,	 item number is: 2673
23/04/07 14:11:49 INFO TextDataModel: Transform data to Convertor successfully!
23/04/07 14:11:49 INFO TextDataConvertor: Dataset: [../../../data/split/cv_5/test.txt]
23/04/07 14:11:49 INFO TextDataConvertor: DataSet: ../../../data/split/cv_5/test.txt is finished
23/04/07 14:11:49 INFO TextDataConvertor: rating Scale (real): 3.0 to 5.0
23/04/07 14:11:49 INFO TextDataConvertor: user number: 4005,	 item number is: 2673
23/04/07 14:11:49 INFO TextDataModel: Split data to train Set and test Set successfully!
23/04/07 14:11:49 INFO TextDataModel: Data cardinality of training is 88297
23/04/07 14:11:49 INFO TextDataModel: Data cardinality of testing is 22074
23/04/07 14:11:49 INFO TextDataModel: Feature appender loaded successfully!
23/04/07 14:11:50 INFO OracleAlgo: Job Setup completed.
** Training model in OracleAlgo **
23/04/07 14:11:50 INFO TextDataConvertor: Dataset: [exp00000/result/out-5.txt]
23/04/07 14:11:50 INFO TextDataConvertor: DataSet: exp00000/result/out-5.txt is finished
23/04/07 14:11:50 INFO TextDataConvertor: user number: 4005,	 item number is: 2673
23/04/07 14:11:50 INFO OracleAlgo: Job Train completed.
23/04/07 14:11:50 INFO OracleAlgo: begin recommend
23/04/07 14:11:50 INFO OracleAlgo: end recommend
23/04/07 14:11:51 INFO RecommenderJob: Evaluator info:NormalizedDCGEvaluator is 0.06527577472266337
23/04/07 14:11:51 INFO RecommenderJob: Evaluator info:PStatisticalParityEvaluator is -0.5300362506473264
