22/12/05 01:28:22 INFO TextDataConvertor: Dataset: [../../../data/rating_5000_cls_hc_10core_iterative.csv]
22/12/05 01:28:23 INFO TextDataConvertor: DataSet: ...ng_5000_cls_hc_10core_iterative.csv is finished
22/12/05 01:28:23 INFO TextDataConvertor: rating Scale (real): 3.0 to 5.0
22/12/05 01:28:23 INFO TextDataConvertor: user number: 4005,	 item number is: 2673
22/12/05 01:28:23 INFO TextDataModel: Transform data to Convertor successfully!
22/12/05 01:28:23 INFO TextDataModel: Split data to train Set and test Set successfully!
22/12/05 01:28:24 INFO TextDataModel: Feature appender loaded successfully!
22/12/05 01:28:24 INFO TextDataConvertor: Dataset: [../../../data/split/cv_1/train.txt]
22/12/05 01:28:24 INFO TextDataConvertor: DataSet: ../../../data/split/cv_1/train.txt is finished
22/12/05 01:28:24 INFO TextDataConvertor: rating Scale (real): 3.0 to 5.0
22/12/05 01:28:24 INFO TextDataConvertor: user number: 4005,	 item number is: 2673
22/12/05 01:28:24 INFO TextDataModel: Transform data to Convertor successfully!
22/12/05 01:28:24 INFO TextDataConvertor: Dataset: [../../../data/split/cv_1/test.txt]
22/12/05 01:28:24 INFO TextDataConvertor: DataSet: ../../../data/split/cv_1/test.txt is finished
22/12/05 01:28:24 INFO TextDataConvertor: rating Scale (real): 3.0 to 5.0
22/12/05 01:28:24 INFO TextDataConvertor: user number: 4005,	 item number is: 2673
22/12/05 01:28:24 INFO TextDataModel: Split data to train Set and test Set successfully!
22/12/05 01:28:24 INFO TextDataModel: Data cardinality of training is 88296
22/12/05 01:28:24 INFO TextDataModel: Data cardinality of testing is 22075
22/12/05 01:28:24 INFO TextDataModel: Feature appender loaded successfully!
22/12/05 01:28:26 INFO OracleAlgo: Job Setup completed.
** Training model in OracleAlgo **
22/12/05 01:28:26 INFO TextDataConvertor: Dataset: [exp00009/result/out-1.txt]
22/12/05 01:28:27 INFO TextDataConvertor: DataSet: exp00009/result/out-1.txt is finished
22/12/05 01:28:27 INFO TextDataConvertor: user number: 4005,	 item number is: 2673
22/12/05 01:28:27 INFO OracleAlgo: Job Train completed.
22/12/05 01:28:27 INFO OracleAlgo: begin recommend
22/12/05 01:28:28 INFO OracleAlgo: end recommend
22/12/05 01:28:28 INFO RecommenderJob: Evaluator info:NormalizedDCGEvaluator is 0.012567011368857225
22/12/05 01:28:28 INFO RecommenderJob: Evaluator info:PStatisticalParityEvaluator is -0.7378668054110876
22/12/05 01:28:28 INFO TextDataConvertor: Dataset: [../../../data/split/cv_2/train.txt]
22/12/05 01:28:28 INFO TextDataConvertor: DataSet: ../../../data/split/cv_2/train.txt is finished
22/12/05 01:28:28 INFO TextDataConvertor: rating Scale (real): 3.0 to 5.0
22/12/05 01:28:28 INFO TextDataConvertor: user number: 4005,	 item number is: 2673
22/12/05 01:28:28 INFO TextDataModel: Transform data to Convertor successfully!
22/12/05 01:28:28 INFO TextDataConvertor: Dataset: [../../../data/split/cv_2/test.txt]
22/12/05 01:28:28 INFO TextDataConvertor: DataSet: ../../../data/split/cv_2/test.txt is finished
22/12/05 01:28:28 INFO TextDataConvertor: rating Scale (real): 3.0 to 5.0
22/12/05 01:28:28 INFO TextDataConvertor: user number: 4005,	 item number is: 2673
22/12/05 01:28:28 INFO TextDataModel: Split data to train Set and test Set successfully!
22/12/05 01:28:28 INFO TextDataModel: Data cardinality of training is 88297
22/12/05 01:28:28 INFO TextDataModel: Data cardinality of testing is 22074
22/12/05 01:28:28 INFO TextDataModel: Feature appender loaded successfully!
22/12/05 01:28:30 INFO OracleAlgo: Job Setup completed.
** Training model in OracleAlgo **
22/12/05 01:28:30 INFO TextDataConvertor: Dataset: [exp00009/result/out-2.txt]
22/12/05 01:28:31 INFO TextDataConvertor: DataSet: exp00009/result/out-2.txt is finished
22/12/05 01:28:31 INFO TextDataConvertor: user number: 4005,	 item number is: 2673
22/12/05 01:28:31 INFO OracleAlgo: Job Train completed.
22/12/05 01:28:31 INFO OracleAlgo: begin recommend
22/12/05 01:28:32 INFO OracleAlgo: end recommend
22/12/05 01:28:32 INFO RecommenderJob: Evaluator info:NormalizedDCGEvaluator is 0.012747063982303223
22/12/05 01:28:32 INFO RecommenderJob: Evaluator info:PStatisticalParityEvaluator is -0.7361580452301059
22/12/05 01:28:32 INFO TextDataConvertor: Dataset: [../../../data/split/cv_3/train.txt]
22/12/05 01:28:32 INFO TextDataConvertor: DataSet: ../../../data/split/cv_3/train.txt is finished
22/12/05 01:28:32 INFO TextDataConvertor: rating Scale (real): 3.0 to 5.0
22/12/05 01:28:32 INFO TextDataConvertor: user number: 4005,	 item number is: 2673
22/12/05 01:28:32 INFO TextDataModel: Transform data to Convertor successfully!
22/12/05 01:28:32 INFO TextDataConvertor: Dataset: [../../../data/split/cv_3/test.txt]
22/12/05 01:28:32 INFO TextDataConvertor: DataSet: ../../../data/split/cv_3/test.txt is finished
22/12/05 01:28:32 INFO TextDataConvertor: rating Scale (real): 3.0 to 5.0
22/12/05 01:28:32 INFO TextDataConvertor: user number: 4005,	 item number is: 2673
22/12/05 01:28:32 INFO TextDataModel: Split data to train Set and test Set successfully!
22/12/05 01:28:32 INFO TextDataModel: Data cardinality of training is 88297
22/12/05 01:28:32 INFO TextDataModel: Data cardinality of testing is 22074
22/12/05 01:28:32 INFO TextDataModel: Feature appender loaded successfully!
22/12/05 01:28:34 INFO OracleAlgo: Job Setup completed.
** Training model in OracleAlgo **
22/12/05 01:28:34 INFO TextDataConvertor: Dataset: [exp00009/result/out-3.txt]
22/12/05 01:28:34 INFO TextDataConvertor: DataSet: exp00009/result/out-3.txt is finished
22/12/05 01:28:34 INFO TextDataConvertor: user number: 4005,	 item number is: 2673
22/12/05 01:28:34 INFO OracleAlgo: Job Train completed.
22/12/05 01:28:34 INFO OracleAlgo: begin recommend
22/12/05 01:28:35 INFO OracleAlgo: end recommend
22/12/05 01:28:35 INFO RecommenderJob: Evaluator info:NormalizedDCGEvaluator is 0.01125985267454053
22/12/05 01:28:35 INFO RecommenderJob: Evaluator info:PStatisticalParityEvaluator is -0.738663883089828
22/12/05 01:28:35 INFO TextDataConvertor: Dataset: [../../../data/split/cv_4/train.txt]
22/12/05 01:28:35 INFO TextDataConvertor: DataSet: ../../../data/split/cv_4/train.txt is finished
22/12/05 01:28:35 INFO TextDataConvertor: rating Scale (real): 3.0 to 5.0
22/12/05 01:28:35 INFO TextDataConvertor: user number: 4005,	 item number is: 2673
22/12/05 01:28:35 INFO TextDataModel: Transform data to Convertor successfully!
22/12/05 01:28:35 INFO TextDataConvertor: Dataset: [../../../data/split/cv_4/test.txt]
22/12/05 01:28:35 INFO TextDataConvertor: DataSet: ../../../data/split/cv_4/test.txt is finished
22/12/05 01:28:35 INFO TextDataConvertor: rating Scale (real): 3.0 to 5.0
22/12/05 01:28:35 INFO TextDataConvertor: user number: 4005,	 item number is: 2673
22/12/05 01:28:35 INFO TextDataModel: Split data to train Set and test Set successfully!
22/12/05 01:28:35 INFO TextDataModel: Data cardinality of training is 88297
22/12/05 01:28:35 INFO TextDataModel: Data cardinality of testing is 22074
22/12/05 01:28:35 INFO TextDataModel: Feature appender loaded successfully!
22/12/05 01:28:37 INFO OracleAlgo: Job Setup completed.
** Training model in OracleAlgo **
22/12/05 01:28:37 INFO TextDataConvertor: Dataset: [exp00009/result/out-4.txt]
22/12/05 01:28:37 INFO TextDataConvertor: DataSet: exp00009/result/out-4.txt is finished
22/12/05 01:28:37 INFO TextDataConvertor: user number: 4005,	 item number is: 2673
22/12/05 01:28:37 INFO OracleAlgo: Job Train completed.
22/12/05 01:28:37 INFO OracleAlgo: begin recommend
22/12/05 01:28:37 INFO OracleAlgo: end recommend
22/12/05 01:28:37 INFO RecommenderJob: Evaluator info:NormalizedDCGEvaluator is 0.01280236928729141
22/12/05 01:28:37 INFO RecommenderJob: Evaluator info:PStatisticalParityEvaluator is -0.7362690815007039
22/12/05 01:28:37 INFO TextDataConvertor: Dataset: [../../../data/split/cv_5/train.txt]
22/12/05 01:28:38 INFO TextDataConvertor: DataSet: ../../../data/split/cv_5/train.txt is finished
22/12/05 01:28:38 INFO TextDataConvertor: rating Scale (real): 3.0 to 5.0
22/12/05 01:28:38 INFO TextDataConvertor: user number: 4005,	 item number is: 2673
22/12/05 01:28:38 INFO TextDataModel: Transform data to Convertor successfully!
22/12/05 01:28:38 INFO TextDataConvertor: Dataset: [../../../data/split/cv_5/test.txt]
22/12/05 01:28:38 INFO TextDataConvertor: DataSet: ../../../data/split/cv_5/test.txt is finished
22/12/05 01:28:38 INFO TextDataConvertor: rating Scale (real): 3.0 to 5.0
22/12/05 01:28:38 INFO TextDataConvertor: user number: 4005,	 item number is: 2673
22/12/05 01:28:38 INFO TextDataModel: Split data to train Set and test Set successfully!
22/12/05 01:28:38 INFO TextDataModel: Data cardinality of training is 88297
22/12/05 01:28:38 INFO TextDataModel: Data cardinality of testing is 22074
22/12/05 01:28:38 INFO TextDataModel: Feature appender loaded successfully!
22/12/05 01:28:39 INFO OracleAlgo: Job Setup completed.
** Training model in OracleAlgo **
22/12/05 01:28:39 INFO TextDataConvertor: Dataset: [exp00009/result/out-5.txt]
22/12/05 01:28:39 INFO TextDataConvertor: DataSet: exp00009/result/out-5.txt is finished
22/12/05 01:28:39 INFO TextDataConvertor: user number: 4005,	 item number is: 2673
22/12/05 01:28:39 INFO OracleAlgo: Job Train completed.
22/12/05 01:28:39 INFO OracleAlgo: begin recommend
22/12/05 01:28:40 INFO OracleAlgo: end recommend
22/12/05 01:28:40 INFO RecommenderJob: Evaluator info:NormalizedDCGEvaluator is 0.01359749904783887
22/12/05 01:28:40 INFO RecommenderJob: Evaluator info:PStatisticalParityEvaluator is -0.7375453133092233
