22/12/12 11:39:58 INFO TextDataConvertor: Dataset: [../../data/rating_5000_cls_hc_10core_iterative.csv]
22/12/12 11:39:59 INFO TextDataConvertor: DataSet: ...ng_5000_cls_hc_10core_iterative.csv is finished
22/12/12 11:39:59 INFO TextDataConvertor: rating Scale (real): 3.0 to 5.0
22/12/12 11:39:59 INFO TextDataConvertor: user number: 4005,	 item number is: 2673
22/12/12 11:39:59 INFO TextDataModel: Transform data to Convertor successfully!
22/12/12 11:39:59 INFO TextDataModel: Split data to train Set and test Set successfully!
22/12/12 11:39:59 INFO TextDataModel: Feature appender loaded successfully!
22/12/12 11:39:59 INFO TextDataConvertor: Dataset: [../../data/split/cv_1/train.txt]
22/12/12 11:40:00 INFO TextDataConvertor: DataSet: ../../data/split/cv_1/train.txt is finished
22/12/12 11:40:00 INFO TextDataConvertor: rating Scale (real): 3.0 to 5.0
22/12/12 11:40:00 INFO TextDataConvertor: user number: 4005,	 item number is: 2673
22/12/12 11:40:00 INFO TextDataModel: Transform data to Convertor successfully!
22/12/12 11:40:00 INFO TextDataConvertor: Dataset: [../../data/split/cv_1/test.txt]
22/12/12 11:40:00 INFO TextDataConvertor: DataSet: ../../data/split/cv_1/test.txt is finished
22/12/12 11:40:00 INFO TextDataConvertor: rating Scale (real): 3.0 to 5.0
22/12/12 11:40:00 INFO TextDataConvertor: user number: 4005,	 item number is: 2673
22/12/12 11:40:00 INFO TextDataModel: Split data to train Set and test Set successfully!
22/12/12 11:40:00 INFO TextDataModel: Data cardinality of training is 88296
22/12/12 11:40:00 INFO TextDataModel: Data cardinality of testing is 22075
22/12/12 11:40:00 INFO TextDataModel: Feature appender loaded successfully!
22/12/12 11:40:00 INFO OracleAlgo: Job Setup completed.
** Training model in OracleAlgo **
22/12/12 11:40:00 INFO TextDataConvertor: Dataset: [exp00000/result/out-1.txt]
22/12/12 11:40:00 INFO TextDataConvertor: DataSet: exp00000/result/out-1.txt is finished
22/12/12 11:40:00 INFO TextDataConvertor: user number: 4005,	 item number is: 2673
22/12/12 11:40:00 INFO OracleAlgo: Job Train completed.
22/12/12 11:40:00 INFO OracleAlgo: begin recommend
22/12/12 11:40:01 INFO OracleAlgo: end recommend
22/12/12 11:40:01 INFO RecommenderJob: Evaluator info:NormalizedDCGEvaluator is 0.045621652480890146
22/12/12 11:40:01 INFO RecommenderJob: Evaluator info:PStatisticalParityEvaluator is -0.7081685744016764
22/12/12 11:40:01 INFO TextDataConvertor: Dataset: [../../data/split/cv_2/train.txt]
22/12/12 11:40:01 INFO TextDataConvertor: DataSet: ../../data/split/cv_2/train.txt is finished
22/12/12 11:40:01 INFO TextDataConvertor: rating Scale (real): 3.0 to 5.0
22/12/12 11:40:01 INFO TextDataConvertor: user number: 4005,	 item number is: 2673
22/12/12 11:40:01 INFO TextDataModel: Transform data to Convertor successfully!
22/12/12 11:40:01 INFO TextDataConvertor: Dataset: [../../data/split/cv_2/test.txt]
22/12/12 11:40:01 INFO TextDataConvertor: DataSet: ../../data/split/cv_2/test.txt is finished
22/12/12 11:40:01 INFO TextDataConvertor: rating Scale (real): 3.0 to 5.0
22/12/12 11:40:01 INFO TextDataConvertor: user number: 4005,	 item number is: 2673
22/12/12 11:40:01 INFO TextDataModel: Split data to train Set and test Set successfully!
22/12/12 11:40:01 INFO TextDataModel: Data cardinality of training is 88297
22/12/12 11:40:01 INFO TextDataModel: Data cardinality of testing is 22074
22/12/12 11:40:01 INFO TextDataModel: Feature appender loaded successfully!
22/12/12 11:40:01 INFO OracleAlgo: Job Setup completed.
** Training model in OracleAlgo **
22/12/12 11:40:01 INFO TextDataConvertor: Dataset: [exp00000/result/out-2.txt]
22/12/12 11:40:01 INFO TextDataConvertor: DataSet: exp00000/result/out-2.txt is finished
22/12/12 11:40:01 INFO TextDataConvertor: user number: 4005,	 item number is: 2673
22/12/12 11:40:01 INFO OracleAlgo: Job Train completed.
22/12/12 11:40:01 INFO OracleAlgo: begin recommend
22/12/12 11:40:01 INFO OracleAlgo: end recommend
22/12/12 11:40:01 INFO RecommenderJob: Evaluator info:NormalizedDCGEvaluator is 0.05127040438661434
22/12/12 11:40:01 INFO RecommenderJob: Evaluator info:PStatisticalParityEvaluator is -0.7621523264881906
22/12/12 11:40:01 INFO TextDataConvertor: Dataset: [../../data/split/cv_3/train.txt]
22/12/12 11:40:02 INFO TextDataConvertor: DataSet: ../../data/split/cv_3/train.txt is finished
22/12/12 11:40:02 INFO TextDataConvertor: rating Scale (real): 3.0 to 5.0
22/12/12 11:40:02 INFO TextDataConvertor: user number: 4005,	 item number is: 2673
22/12/12 11:40:02 INFO TextDataModel: Transform data to Convertor successfully!
22/12/12 11:40:02 INFO TextDataConvertor: Dataset: [../../data/split/cv_3/test.txt]
22/12/12 11:40:02 INFO TextDataConvertor: DataSet: ../../data/split/cv_3/test.txt is finished
22/12/12 11:40:02 INFO TextDataConvertor: rating Scale (real): 3.0 to 5.0
22/12/12 11:40:02 INFO TextDataConvertor: user number: 4005,	 item number is: 2673
22/12/12 11:40:02 INFO TextDataModel: Split data to train Set and test Set successfully!
22/12/12 11:40:02 INFO TextDataModel: Data cardinality of training is 88297
22/12/12 11:40:02 INFO TextDataModel: Data cardinality of testing is 22074
22/12/12 11:40:02 INFO TextDataModel: Feature appender loaded successfully!
22/12/12 11:40:02 INFO OracleAlgo: Job Setup completed.
** Training model in OracleAlgo **
22/12/12 11:40:02 INFO TextDataConvertor: Dataset: [exp00000/result/out-3.txt]
22/12/12 11:40:02 INFO TextDataConvertor: DataSet: exp00000/result/out-3.txt is finished
22/12/12 11:40:02 INFO TextDataConvertor: user number: 4005,	 item number is: 2673
22/12/12 11:40:02 INFO OracleAlgo: Job Train completed.
22/12/12 11:40:02 INFO OracleAlgo: begin recommend
22/12/12 11:40:02 INFO OracleAlgo: end recommend
22/12/12 11:40:02 INFO RecommenderJob: Evaluator info:NormalizedDCGEvaluator is 0.05282659366895
22/12/12 11:40:02 INFO RecommenderJob: Evaluator info:PStatisticalParityEvaluator is -0.7414926931106617
22/12/12 11:40:02 INFO TextDataConvertor: Dataset: [../../data/split/cv_4/train.txt]
22/12/12 11:40:02 INFO TextDataConvertor: DataSet: ../../data/split/cv_4/train.txt is finished
22/12/12 11:40:02 INFO TextDataConvertor: rating Scale (real): 3.0 to 5.0
22/12/12 11:40:02 INFO TextDataConvertor: user number: 4005,	 item number is: 2673
22/12/12 11:40:02 INFO TextDataModel: Transform data to Convertor successfully!
22/12/12 11:40:02 INFO TextDataConvertor: Dataset: [../../data/split/cv_4/test.txt]
22/12/12 11:40:02 INFO TextDataConvertor: DataSet: ../../data/split/cv_4/test.txt is finished
22/12/12 11:40:02 INFO TextDataConvertor: rating Scale (real): 3.0 to 5.0
22/12/12 11:40:02 INFO TextDataConvertor: user number: 4005,	 item number is: 2673
22/12/12 11:40:03 INFO TextDataModel: Split data to train Set and test Set successfully!
22/12/12 11:40:03 INFO TextDataModel: Data cardinality of training is 88297
22/12/12 11:40:03 INFO TextDataModel: Data cardinality of testing is 22074
22/12/12 11:40:03 INFO TextDataModel: Feature appender loaded successfully!
22/12/12 11:40:03 INFO OracleAlgo: Job Setup completed.
** Training model in OracleAlgo **
22/12/12 11:40:03 INFO TextDataConvertor: Dataset: [exp00000/result/out-4.txt]
22/12/12 11:40:03 INFO TextDataConvertor: DataSet: exp00000/result/out-4.txt is finished
22/12/12 11:40:03 INFO TextDataConvertor: user number: 4005,	 item number is: 2673
22/12/12 11:40:03 INFO OracleAlgo: Job Train completed.
22/12/12 11:40:03 INFO OracleAlgo: begin recommend
22/12/12 11:40:03 INFO OracleAlgo: end recommend
22/12/12 11:40:03 INFO RecommenderJob: Evaluator info:NormalizedDCGEvaluator is 0.04881880839681099
22/12/12 11:40:03 INFO RecommenderJob: Evaluator info:PStatisticalParityEvaluator is -0.7776972833117934
22/12/12 11:40:03 INFO TextDataConvertor: Dataset: [../../data/split/cv_5/train.txt]
22/12/12 11:40:03 INFO TextDataConvertor: DataSet: ../../data/split/cv_5/train.txt is finished
22/12/12 11:40:03 INFO TextDataConvertor: rating Scale (real): 3.0 to 5.0
22/12/12 11:40:03 INFO TextDataConvertor: user number: 4005,	 item number is: 2673
22/12/12 11:40:03 INFO TextDataModel: Transform data to Convertor successfully!
22/12/12 11:40:03 INFO TextDataConvertor: Dataset: [../../data/split/cv_5/test.txt]
22/12/12 11:40:03 INFO TextDataConvertor: DataSet: ../../data/split/cv_5/test.txt is finished
22/12/12 11:40:03 INFO TextDataConvertor: rating Scale (real): 3.0 to 5.0
22/12/12 11:40:03 INFO TextDataConvertor: user number: 4005,	 item number is: 2673
22/12/12 11:40:03 INFO TextDataModel: Split data to train Set and test Set successfully!
22/12/12 11:40:03 INFO TextDataModel: Data cardinality of training is 88297
22/12/12 11:40:03 INFO TextDataModel: Data cardinality of testing is 22074
22/12/12 11:40:03 INFO TextDataModel: Feature appender loaded successfully!
22/12/12 11:40:03 INFO OracleAlgo: Job Setup completed.
** Training model in OracleAlgo **
22/12/12 11:40:03 INFO TextDataConvertor: Dataset: [exp00000/result/out-5.txt]
22/12/12 11:40:03 INFO TextDataConvertor: DataSet: exp00000/result/out-5.txt is finished
22/12/12 11:40:03 INFO TextDataConvertor: user number: 4005,	 item number is: 2673
22/12/12 11:40:03 INFO OracleAlgo: Job Train completed.
22/12/12 11:40:03 INFO OracleAlgo: begin recommend
22/12/12 11:40:04 INFO OracleAlgo: end recommend
22/12/12 11:40:04 INFO RecommenderJob: Evaluator info:NormalizedDCGEvaluator is 0.05141115337936524
22/12/12 11:40:04 INFO RecommenderJob: Evaluator info:PStatisticalParityEvaluator is -0.6399792853443871
