23/01/31 03:37:30 INFO TextDataConvertor: Dataset: [../../data/rating_5000_cls_hc_10core_iterative.csv]
23/01/31 03:37:30 INFO TextDataConvertor: DataSet: ...ng_5000_cls_hc_10core_iterative.csv is finished
23/01/31 03:37:30 INFO TextDataConvertor: rating Scale (real): 3.0 to 5.0
23/01/31 03:37:30 INFO TextDataConvertor: user number: 4005,	 item number is: 2673
23/01/31 03:37:30 INFO TextDataModel: Transform data to Convertor successfully!
23/01/31 03:37:31 INFO TextDataModel: Split data to train Set and test Set successfully!
23/01/31 03:37:31 INFO TextDataModel: Feature appender loaded successfully!
23/01/31 03:37:31 INFO TextDataConvertor: Dataset: [../../data/split/cv_1/train.txt]
23/01/31 03:37:31 INFO TextDataConvertor: DataSet: ../../data/split/cv_1/train.txt is finished
23/01/31 03:37:31 INFO TextDataConvertor: rating Scale (real): 3.0 to 5.0
23/01/31 03:37:31 INFO TextDataConvertor: user number: 4005,	 item number is: 2673
23/01/31 03:37:31 INFO TextDataModel: Transform data to Convertor successfully!
23/01/31 03:37:31 INFO TextDataConvertor: Dataset: [../../data/split/cv_1/test.txt]
23/01/31 03:37:31 INFO TextDataConvertor: DataSet: ../../data/split/cv_1/test.txt is finished
23/01/31 03:37:31 INFO TextDataConvertor: rating Scale (real): 3.0 to 5.0
23/01/31 03:37:31 INFO TextDataConvertor: user number: 4005,	 item number is: 2673
23/01/31 03:37:31 INFO TextDataModel: Split data to train Set and test Set successfully!
23/01/31 03:37:31 INFO TextDataModel: Data cardinality of training is 88296
23/01/31 03:37:31 INFO TextDataModel: Data cardinality of testing is 22075
23/01/31 03:37:31 INFO TextDataModel: Feature appender loaded successfully!
23/01/31 03:37:31 INFO OracleAlgo: Job Setup completed.
** Training model in OracleAlgo **
23/01/31 03:37:31 INFO TextDataConvertor: Dataset: [exp00000/result/out-1.txt]
23/01/31 03:37:31 INFO TextDataConvertor: DataSet: exp00000/result/out-1.txt is finished
23/01/31 03:37:31 INFO TextDataConvertor: user number: 4005,	 item number is: 2673
23/01/31 03:37:31 INFO OracleAlgo: Job Train completed.
23/01/31 03:37:31 INFO OracleAlgo: begin recommend
23/01/31 03:37:32 INFO OracleAlgo: end recommend
23/01/31 03:37:32 INFO RecommenderJob: Evaluator info:NormalizedDCGEvaluator is 0.045621652480890146
23/01/31 03:37:32 INFO RecommenderJob: Evaluator info:PStatisticalParityEvaluator is -0.7081685744016764
23/01/31 03:37:32 INFO TextDataConvertor: Dataset: [../../data/split/cv_2/train.txt]
23/01/31 03:37:32 INFO TextDataConvertor: DataSet: ../../data/split/cv_2/train.txt is finished
23/01/31 03:37:32 INFO TextDataConvertor: rating Scale (real): 3.0 to 5.0
23/01/31 03:37:32 INFO TextDataConvertor: user number: 4005,	 item number is: 2673
23/01/31 03:37:32 INFO TextDataModel: Transform data to Convertor successfully!
23/01/31 03:37:32 INFO TextDataConvertor: Dataset: [../../data/split/cv_2/test.txt]
23/01/31 03:37:32 INFO TextDataConvertor: DataSet: ../../data/split/cv_2/test.txt is finished
23/01/31 03:37:32 INFO TextDataConvertor: rating Scale (real): 3.0 to 5.0
23/01/31 03:37:32 INFO TextDataConvertor: user number: 4005,	 item number is: 2673
23/01/31 03:37:32 INFO TextDataModel: Split data to train Set and test Set successfully!
23/01/31 03:37:32 INFO TextDataModel: Data cardinality of training is 88297
23/01/31 03:37:32 INFO TextDataModel: Data cardinality of testing is 22074
23/01/31 03:37:32 INFO TextDataModel: Feature appender loaded successfully!
23/01/31 03:37:32 INFO OracleAlgo: Job Setup completed.
** Training model in OracleAlgo **
23/01/31 03:37:32 INFO TextDataConvertor: Dataset: [exp00000/result/out-2.txt]
23/01/31 03:37:32 INFO TextDataConvertor: DataSet: exp00000/result/out-2.txt is finished
23/01/31 03:37:32 INFO TextDataConvertor: user number: 4005,	 item number is: 2673
23/01/31 03:37:32 INFO OracleAlgo: Job Train completed.
23/01/31 03:37:32 INFO OracleAlgo: begin recommend
23/01/31 03:37:32 INFO OracleAlgo: end recommend
23/01/31 03:37:32 INFO RecommenderJob: Evaluator info:NormalizedDCGEvaluator is 0.05127040438661434
23/01/31 03:37:32 INFO RecommenderJob: Evaluator info:PStatisticalParityEvaluator is -0.7621523264881906
23/01/31 03:37:32 INFO TextDataConvertor: Dataset: [../../data/split/cv_3/train.txt]
23/01/31 03:37:32 INFO TextDataConvertor: DataSet: ../../data/split/cv_3/train.txt is finished
23/01/31 03:37:32 INFO TextDataConvertor: rating Scale (real): 3.0 to 5.0
23/01/31 03:37:32 INFO TextDataConvertor: user number: 4005,	 item number is: 2673
23/01/31 03:37:32 INFO TextDataModel: Transform data to Convertor successfully!
23/01/31 03:37:32 INFO TextDataConvertor: Dataset: [../../data/split/cv_3/test.txt]
23/01/31 03:37:32 INFO TextDataConvertor: DataSet: ../../data/split/cv_3/test.txt is finished
23/01/31 03:37:32 INFO TextDataConvertor: rating Scale (real): 3.0 to 5.0
23/01/31 03:37:32 INFO TextDataConvertor: user number: 4005,	 item number is: 2673
23/01/31 03:37:32 INFO TextDataModel: Split data to train Set and test Set successfully!
23/01/31 03:37:32 INFO TextDataModel: Data cardinality of training is 88297
23/01/31 03:37:32 INFO TextDataModel: Data cardinality of testing is 22074
23/01/31 03:37:32 INFO TextDataModel: Feature appender loaded successfully!
23/01/31 03:37:32 INFO OracleAlgo: Job Setup completed.
** Training model in OracleAlgo **
23/01/31 03:37:32 INFO TextDataConvertor: Dataset: [exp00000/result/out-3.txt]
23/01/31 03:37:33 INFO TextDataConvertor: DataSet: exp00000/result/out-3.txt is finished
23/01/31 03:37:33 INFO TextDataConvertor: user number: 4005,	 item number is: 2673
23/01/31 03:37:33 INFO OracleAlgo: Job Train completed.
23/01/31 03:37:33 INFO OracleAlgo: begin recommend
23/01/31 03:37:33 INFO OracleAlgo: end recommend
23/01/31 03:37:33 INFO RecommenderJob: Evaluator info:NormalizedDCGEvaluator is 0.05282659366895
23/01/31 03:37:33 INFO RecommenderJob: Evaluator info:PStatisticalParityEvaluator is -0.7414926931106617
23/01/31 03:37:33 INFO TextDataConvertor: Dataset: [../../data/split/cv_4/train.txt]
23/01/31 03:37:33 INFO TextDataConvertor: DataSet: ../../data/split/cv_4/train.txt is finished
23/01/31 03:37:33 INFO TextDataConvertor: rating Scale (real): 3.0 to 5.0
23/01/31 03:37:33 INFO TextDataConvertor: user number: 4005,	 item number is: 2673
23/01/31 03:37:33 INFO TextDataModel: Transform data to Convertor successfully!
23/01/31 03:37:33 INFO TextDataConvertor: Dataset: [../../data/split/cv_4/test.txt]
23/01/31 03:37:33 INFO TextDataConvertor: DataSet: ../../data/split/cv_4/test.txt is finished
23/01/31 03:37:33 INFO TextDataConvertor: rating Scale (real): 3.0 to 5.0
23/01/31 03:37:33 INFO TextDataConvertor: user number: 4005,	 item number is: 2673
23/01/31 03:37:33 INFO TextDataModel: Split data to train Set and test Set successfully!
23/01/31 03:37:33 INFO TextDataModel: Data cardinality of training is 88297
23/01/31 03:37:33 INFO TextDataModel: Data cardinality of testing is 22074
23/01/31 03:37:33 INFO TextDataModel: Feature appender loaded successfully!
23/01/31 03:37:33 INFO OracleAlgo: Job Setup completed.
** Training model in OracleAlgo **
23/01/31 03:37:33 INFO TextDataConvertor: Dataset: [exp00000/result/out-4.txt]
23/01/31 03:37:33 INFO TextDataConvertor: DataSet: exp00000/result/out-4.txt is finished
23/01/31 03:37:33 INFO TextDataConvertor: user number: 4005,	 item number is: 2673
23/01/31 03:37:33 INFO OracleAlgo: Job Train completed.
23/01/31 03:37:33 INFO OracleAlgo: begin recommend
23/01/31 03:37:33 INFO OracleAlgo: end recommend
23/01/31 03:37:33 INFO RecommenderJob: Evaluator info:NormalizedDCGEvaluator is 0.04881880839681099
23/01/31 03:37:33 INFO RecommenderJob: Evaluator info:PStatisticalParityEvaluator is -0.7776972833117934
23/01/31 03:37:33 INFO TextDataConvertor: Dataset: [../../data/split/cv_5/train.txt]
23/01/31 03:37:33 INFO TextDataConvertor: DataSet: ../../data/split/cv_5/train.txt is finished
23/01/31 03:37:33 INFO TextDataConvertor: rating Scale (real): 3.0 to 5.0
23/01/31 03:37:33 INFO TextDataConvertor: user number: 4005,	 item number is: 2673
23/01/31 03:37:33 INFO TextDataModel: Transform data to Convertor successfully!
23/01/31 03:37:33 INFO TextDataConvertor: Dataset: [../../data/split/cv_5/test.txt]
23/01/31 03:37:33 INFO TextDataConvertor: DataSet: ../../data/split/cv_5/test.txt is finished
23/01/31 03:37:33 INFO TextDataConvertor: rating Scale (real): 3.0 to 5.0
23/01/31 03:37:33 INFO TextDataConvertor: user number: 4005,	 item number is: 2673
23/01/31 03:37:34 INFO TextDataModel: Split data to train Set and test Set successfully!
23/01/31 03:37:34 INFO TextDataModel: Data cardinality of training is 88297
23/01/31 03:37:34 INFO TextDataModel: Data cardinality of testing is 22074
23/01/31 03:37:34 INFO TextDataModel: Feature appender loaded successfully!
23/01/31 03:37:34 INFO OracleAlgo: Job Setup completed.
** Training model in OracleAlgo **
23/01/31 03:37:34 INFO TextDataConvertor: Dataset: [exp00000/result/out-5.txt]
23/01/31 03:37:34 INFO TextDataConvertor: DataSet: exp00000/result/out-5.txt is finished
23/01/31 03:37:34 INFO TextDataConvertor: user number: 4005,	 item number is: 2673
23/01/31 03:37:34 INFO OracleAlgo: Job Train completed.
23/01/31 03:37:34 INFO OracleAlgo: begin recommend
23/01/31 03:37:34 INFO OracleAlgo: end recommend
23/01/31 03:37:34 INFO RecommenderJob: Evaluator info:NormalizedDCGEvaluator is 0.05141115337936524
23/01/31 03:37:34 INFO RecommenderJob: Evaluator info:PStatisticalParityEvaluator is -0.6399792853443871
