22/12/03 21:20:27 INFO TextDataConvertor: Dataset: [../../../data/rating_5000_cls_hc_10core_iterative.csv]
22/12/03 21:20:27 INFO TextDataConvertor: DataSet: ...ng_5000_cls_hc_10core_iterative.csv is finished
22/12/03 21:20:27 INFO TextDataConvertor: rating Scale (real): 3.0 to 5.0
22/12/03 21:20:27 INFO TextDataConvertor: user number: 4005,	 item number is: 2673
22/12/03 21:20:27 INFO TextDataModel: Transform data to Convertor successfully!
22/12/03 21:20:28 INFO TextDataModel: Split data to train Set and test Set successfully!
22/12/03 21:20:29 INFO TextDataModel: Feature appender loaded successfully!
22/12/03 21:20:29 INFO TextDataConvertor: Dataset: [../../../data/split/cv_1/train.txt]
22/12/03 21:20:29 INFO TextDataConvertor: DataSet: ../../../data/split/cv_1/train.txt is finished
22/12/03 21:20:29 INFO TextDataConvertor: rating Scale (real): 3.0 to 5.0
22/12/03 21:20:29 INFO TextDataConvertor: user number: 4005,	 item number is: 2673
22/12/03 21:20:29 INFO TextDataModel: Transform data to Convertor successfully!
22/12/03 21:20:29 INFO TextDataConvertor: Dataset: [../../../data/split/cv_1/test.txt]
22/12/03 21:20:29 INFO TextDataConvertor: DataSet: ../../../data/split/cv_1/test.txt is finished
22/12/03 21:20:29 INFO TextDataConvertor: rating Scale (real): 3.0 to 5.0
22/12/03 21:20:29 INFO TextDataConvertor: user number: 4005,	 item number is: 2673
22/12/03 21:20:29 INFO TextDataModel: Split data to train Set and test Set successfully!
22/12/03 21:20:29 INFO TextDataModel: Data cardinality of training is 88296
22/12/03 21:20:29 INFO TextDataModel: Data cardinality of testing is 22075
22/12/03 21:20:30 INFO TextDataModel: Feature appender loaded successfully!
22/12/03 21:20:30 INFO OracleAlgo: Job Setup completed.
** Training model in OracleAlgo **
22/12/03 21:20:30 INFO TextDataConvertor: Dataset: [exp00000/result/out-1.txt]
22/12/03 21:20:30 INFO TextDataConvertor: DataSet: exp00000/result/out-1.txt is finished
22/12/03 21:20:30 INFO TextDataConvertor: user number: 4005,	 item number is: 2673
22/12/03 21:20:30 INFO OracleAlgo: Job Train completed.
22/12/03 21:20:30 INFO OracleAlgo: begin recommend
22/12/03 21:20:31 INFO OracleAlgo: end recommend
22/12/03 21:20:31 INFO RecommenderJob: Evaluator info:NormalizedDCGEvaluator is 0.09136499764896899
22/12/03 21:20:31 INFO RecommenderJob: Evaluator info:PStatisticalParityEvaluator is -0.6650052029136749
22/12/03 21:20:31 INFO TextDataConvertor: Dataset: [../../../data/split/cv_2/train.txt]
22/12/03 21:20:32 INFO TextDataConvertor: DataSet: ../../../data/split/cv_2/train.txt is finished
22/12/03 21:20:32 INFO TextDataConvertor: rating Scale (real): 3.0 to 5.0
22/12/03 21:20:32 INFO TextDataConvertor: user number: 4005,	 item number is: 2673
22/12/03 21:20:32 INFO TextDataModel: Transform data to Convertor successfully!
22/12/03 21:20:32 INFO TextDataConvertor: Dataset: [../../../data/split/cv_2/test.txt]
22/12/03 21:20:32 INFO TextDataConvertor: DataSet: ../../../data/split/cv_2/test.txt is finished
22/12/03 21:20:32 INFO TextDataConvertor: rating Scale (real): 3.0 to 5.0
22/12/03 21:20:32 INFO TextDataConvertor: user number: 4005,	 item number is: 2673
22/12/03 21:20:32 INFO TextDataModel: Split data to train Set and test Set successfully!
22/12/03 21:20:32 INFO TextDataModel: Data cardinality of training is 88297
22/12/03 21:20:32 INFO TextDataModel: Data cardinality of testing is 22074
22/12/03 21:20:32 INFO TextDataModel: Feature appender loaded successfully!
22/12/03 21:20:32 INFO OracleAlgo: Job Setup completed.
** Training model in OracleAlgo **
22/12/03 21:20:32 INFO TextDataConvertor: Dataset: [exp00000/result/out-2.txt]
22/12/03 21:20:32 INFO TextDataConvertor: DataSet: exp00000/result/out-2.txt is finished
22/12/03 21:20:32 INFO TextDataConvertor: user number: 4005,	 item number is: 2673
22/12/03 21:20:32 INFO OracleAlgo: Job Train completed.
22/12/03 21:20:32 INFO OracleAlgo: begin recommend
22/12/03 21:20:33 INFO OracleAlgo: end recommend
22/12/03 21:20:33 INFO RecommenderJob: Evaluator info:NormalizedDCGEvaluator is 0.10395083261682461
22/12/03 21:20:33 INFO RecommenderJob: Evaluator info:PStatisticalParityEvaluator is -0.669373537821724
22/12/03 21:20:33 INFO TextDataConvertor: Dataset: [../../../data/split/cv_3/train.txt]
22/12/03 21:20:33 INFO TextDataConvertor: DataSet: ../../../data/split/cv_3/train.txt is finished
22/12/03 21:20:33 INFO TextDataConvertor: rating Scale (real): 3.0 to 5.0
22/12/03 21:20:33 INFO TextDataConvertor: user number: 4005,	 item number is: 2673
22/12/03 21:20:33 INFO TextDataModel: Transform data to Convertor successfully!
22/12/03 21:20:33 INFO TextDataConvertor: Dataset: [../../../data/split/cv_3/test.txt]
22/12/03 21:20:33 INFO TextDataConvertor: DataSet: ../../../data/split/cv_3/test.txt is finished
22/12/03 21:20:33 INFO TextDataConvertor: rating Scale (real): 3.0 to 5.0
22/12/03 21:20:33 INFO TextDataConvertor: user number: 4005,	 item number is: 2673
22/12/03 21:20:34 INFO TextDataModel: Split data to train Set and test Set successfully!
22/12/03 21:20:34 INFO TextDataModel: Data cardinality of training is 88297
22/12/03 21:20:34 INFO TextDataModel: Data cardinality of testing is 22074
22/12/03 21:20:34 INFO TextDataModel: Feature appender loaded successfully!
22/12/03 21:20:34 INFO OracleAlgo: Job Setup completed.
** Training model in OracleAlgo **
22/12/03 21:20:34 INFO TextDataConvertor: Dataset: [exp00000/result/out-3.txt]
22/12/03 21:20:34 INFO TextDataConvertor: DataSet: exp00000/result/out-3.txt is finished
22/12/03 21:20:34 INFO TextDataConvertor: user number: 4005,	 item number is: 2673
22/12/03 21:20:34 INFO OracleAlgo: Job Train completed.
22/12/03 21:20:34 INFO OracleAlgo: begin recommend
22/12/03 21:20:35 INFO OracleAlgo: end recommend
22/12/03 21:20:35 INFO RecommenderJob: Evaluator info:NormalizedDCGEvaluator is 0.09900187349817373
22/12/03 21:20:35 INFO RecommenderJob: Evaluator info:PStatisticalParityEvaluator is -0.6688726513570371
22/12/03 21:20:35 INFO TextDataConvertor: Dataset: [../../../data/split/cv_4/train.txt]
22/12/03 21:20:35 INFO TextDataConvertor: DataSet: ../../../data/split/cv_4/train.txt is finished
22/12/03 21:20:35 INFO TextDataConvertor: rating Scale (real): 3.0 to 5.0
22/12/03 21:20:35 INFO TextDataConvertor: user number: 4005,	 item number is: 2673
22/12/03 21:20:35 INFO TextDataModel: Transform data to Convertor successfully!
22/12/03 21:20:35 INFO TextDataConvertor: Dataset: [../../../data/split/cv_4/test.txt]
22/12/03 21:20:35 INFO TextDataConvertor: DataSet: ../../../data/split/cv_4/test.txt is finished
22/12/03 21:20:35 INFO TextDataConvertor: rating Scale (real): 3.0 to 5.0
22/12/03 21:20:35 INFO TextDataConvertor: user number: 4005,	 item number is: 2673
22/12/03 21:20:35 INFO TextDataModel: Split data to train Set and test Set successfully!
22/12/03 21:20:35 INFO TextDataModel: Data cardinality of training is 88297
22/12/03 21:20:35 INFO TextDataModel: Data cardinality of testing is 22074
22/12/03 21:20:35 INFO TextDataModel: Feature appender loaded successfully!
22/12/03 21:20:35 INFO OracleAlgo: Job Setup completed.
** Training model in OracleAlgo **
22/12/03 21:20:35 INFO TextDataConvertor: Dataset: [exp00000/result/out-4.txt]
22/12/03 21:20:35 INFO TextDataConvertor: DataSet: exp00000/result/out-4.txt is finished
22/12/03 21:20:35 INFO TextDataConvertor: user number: 4005,	 item number is: 2673
22/12/03 21:20:35 INFO OracleAlgo: Job Train completed.
22/12/03 21:20:35 INFO OracleAlgo: begin recommend
22/12/03 21:20:36 INFO OracleAlgo: end recommend
22/12/03 21:20:36 INFO RecommenderJob: Evaluator info:NormalizedDCGEvaluator is 0.09986849479514838
22/12/03 21:20:36 INFO RecommenderJob: Evaluator info:PStatisticalParityEvaluator is -0.6697024579560592
22/12/03 21:20:36 INFO TextDataConvertor: Dataset: [../../../data/split/cv_5/train.txt]
22/12/03 21:20:37 INFO TextDataConvertor: DataSet: ../../../data/split/cv_5/train.txt is finished
22/12/03 21:20:37 INFO TextDataConvertor: rating Scale (real): 3.0 to 5.0
22/12/03 21:20:37 INFO TextDataConvertor: user number: 4005,	 item number is: 2673
22/12/03 21:20:37 INFO TextDataModel: Transform data to Convertor successfully!
22/12/03 21:20:37 INFO TextDataConvertor: Dataset: [../../../data/split/cv_5/test.txt]
22/12/03 21:20:37 INFO TextDataConvertor: DataSet: ../../../data/split/cv_5/test.txt is finished
22/12/03 21:20:37 INFO TextDataConvertor: rating Scale (real): 3.0 to 5.0
22/12/03 21:20:37 INFO TextDataConvertor: user number: 4005,	 item number is: 2673
22/12/03 21:20:37 INFO TextDataModel: Split data to train Set and test Set successfully!
22/12/03 21:20:37 INFO TextDataModel: Data cardinality of training is 88297
22/12/03 21:20:37 INFO TextDataModel: Data cardinality of testing is 22074
22/12/03 21:20:37 INFO TextDataModel: Feature appender loaded successfully!
22/12/03 21:20:37 INFO OracleAlgo: Job Setup completed.
** Training model in OracleAlgo **
22/12/03 21:20:37 INFO TextDataConvertor: Dataset: [exp00000/result/out-5.txt]
22/12/03 21:20:37 INFO TextDataConvertor: DataSet: exp00000/result/out-5.txt is finished
22/12/03 21:20:37 INFO TextDataConvertor: user number: 4005,	 item number is: 2673
22/12/03 21:20:37 INFO OracleAlgo: Job Train completed.
22/12/03 21:20:37 INFO OracleAlgo: begin recommend
22/12/03 21:20:38 INFO OracleAlgo: end recommend
22/12/03 21:20:38 INFO RecommenderJob: Evaluator info:NormalizedDCGEvaluator is 0.10248329926852033
22/12/03 21:20:38 INFO RecommenderJob: Evaluator info:PStatisticalParityEvaluator is -0.669124805800147
