23/04/07 14:35:12 INFO TextDataConvertor: Dataset: [../../../data/rating_5000_cls_hc_10core_iterative.csv]
23/04/07 14:35:12 INFO TextDataConvertor: DataSet: ...ng_5000_cls_hc_10core_iterative.csv is finished
23/04/07 14:35:12 INFO TextDataConvertor: rating Scale (real): 3.0 to 5.0
23/04/07 14:35:12 INFO TextDataConvertor: user number: 4005,	 item number is: 2673
23/04/07 14:35:12 INFO TextDataModel: Transform data to Convertor successfully!
23/04/07 14:35:13 INFO TextDataModel: Split data to train Set and test Set successfully!
23/04/07 14:35:13 INFO TextDataModel: Feature appender loaded successfully!
23/04/07 14:35:13 INFO TextDataConvertor: Dataset: [../../../data/split/cv_1/train.txt]
23/04/07 14:35:13 INFO TextDataConvertor: DataSet: ../../../data/split/cv_1/train.txt is finished
23/04/07 14:35:13 INFO TextDataConvertor: rating Scale (real): 3.0 to 5.0
23/04/07 14:35:13 INFO TextDataConvertor: user number: 4005,	 item number is: 2673
23/04/07 14:35:13 INFO TextDataModel: Transform data to Convertor successfully!
23/04/07 14:35:13 INFO TextDataConvertor: Dataset: [../../../data/split/cv_1/test.txt]
23/04/07 14:35:13 INFO TextDataConvertor: DataSet: ../../../data/split/cv_1/test.txt is finished
23/04/07 14:35:13 INFO TextDataConvertor: rating Scale (real): 3.0 to 5.0
23/04/07 14:35:13 INFO TextDataConvertor: user number: 4005,	 item number is: 2673
23/04/07 14:35:14 INFO TextDataModel: Split data to train Set and test Set successfully!
23/04/07 14:35:14 INFO TextDataModel: Data cardinality of training is 88296
23/04/07 14:35:14 INFO TextDataModel: Data cardinality of testing is 22075
23/04/07 14:35:14 INFO TextDataModel: Feature appender loaded successfully!
23/04/07 14:35:15 INFO OracleAlgo: Job Setup completed.
** Training model in OracleAlgo **
23/04/07 14:35:15 INFO TextDataConvertor: Dataset: [exp00000/result/out-1.txt]
23/04/07 14:35:15 INFO TextDataConvertor: DataSet: exp00000/result/out-1.txt is finished
23/04/07 14:35:15 INFO TextDataConvertor: user number: 4005,	 item number is: 2673
23/04/07 14:35:15 INFO OracleAlgo: Job Train completed.
23/04/07 14:35:15 INFO OracleAlgo: begin recommend
23/04/07 14:35:15 INFO OracleAlgo: end recommend
23/04/07 14:35:15 INFO RecommenderJob: Evaluator info:NormalizedDCGEvaluator is 0.09190597220603133
23/04/07 14:35:15 INFO RecommenderJob: Evaluator info:PStatisticalParityEvaluator is -0.36040582726324283
23/04/07 14:35:15 INFO TextDataConvertor: Dataset: [../../../data/split/cv_2/train.txt]
23/04/07 14:35:16 INFO TextDataConvertor: DataSet: ../../../data/split/cv_2/train.txt is finished
23/04/07 14:35:16 INFO TextDataConvertor: rating Scale (real): 3.0 to 5.0
23/04/07 14:35:16 INFO TextDataConvertor: user number: 4005,	 item number is: 2673
23/04/07 14:35:16 INFO TextDataModel: Transform data to Convertor successfully!
23/04/07 14:35:16 INFO TextDataConvertor: Dataset: [../../../data/split/cv_2/test.txt]
23/04/07 14:35:16 INFO TextDataConvertor: DataSet: ../../../data/split/cv_2/test.txt is finished
23/04/07 14:35:16 INFO TextDataConvertor: rating Scale (real): 3.0 to 5.0
23/04/07 14:35:16 INFO TextDataConvertor: user number: 4005,	 item number is: 2673
23/04/07 14:35:16 INFO TextDataModel: Split data to train Set and test Set successfully!
23/04/07 14:35:16 INFO TextDataModel: Data cardinality of training is 88297
23/04/07 14:35:16 INFO TextDataModel: Data cardinality of testing is 22074
23/04/07 14:35:16 INFO TextDataModel: Feature appender loaded successfully!
23/04/07 14:35:18 INFO OracleAlgo: Job Setup completed.
** Training model in OracleAlgo **
23/04/07 14:35:18 INFO TextDataConvertor: Dataset: [exp00000/result/out-2.txt]
23/04/07 14:35:18 INFO TextDataConvertor: DataSet: exp00000/result/out-2.txt is finished
23/04/07 14:35:18 INFO TextDataConvertor: user number: 4005,	 item number is: 2673
23/04/07 14:35:18 INFO OracleAlgo: Job Train completed.
23/04/07 14:35:18 INFO OracleAlgo: begin recommend
23/04/07 14:35:19 INFO OracleAlgo: end recommend
23/04/07 14:35:19 INFO RecommenderJob: Evaluator info:NormalizedDCGEvaluator is 0.10484924080187565
23/04/07 14:35:19 INFO RecommenderJob: Evaluator info:PStatisticalParityEvaluator is -0.3855471796204617
23/04/07 14:35:19 INFO TextDataConvertor: Dataset: [../../../data/split/cv_3/train.txt]
23/04/07 14:35:19 INFO TextDataConvertor: DataSet: ../../../data/split/cv_3/train.txt is finished
23/04/07 14:35:19 INFO TextDataConvertor: rating Scale (real): 3.0 to 5.0
23/04/07 14:35:19 INFO TextDataConvertor: user number: 4005,	 item number is: 2673
23/04/07 14:35:19 INFO TextDataModel: Transform data to Convertor successfully!
23/04/07 14:35:19 INFO TextDataConvertor: Dataset: [../../../data/split/cv_3/test.txt]
23/04/07 14:35:19 INFO TextDataConvertor: DataSet: ../../../data/split/cv_3/test.txt is finished
23/04/07 14:35:19 INFO TextDataConvertor: rating Scale (real): 3.0 to 5.0
23/04/07 14:35:19 INFO TextDataConvertor: user number: 4005,	 item number is: 2673
23/04/07 14:35:20 INFO TextDataModel: Split data to train Set and test Set successfully!
23/04/07 14:35:20 INFO TextDataModel: Data cardinality of training is 88297
23/04/07 14:35:20 INFO TextDataModel: Data cardinality of testing is 22074
23/04/07 14:35:20 INFO TextDataModel: Feature appender loaded successfully!
23/04/07 14:35:20 INFO OracleAlgo: Job Setup completed.
** Training model in OracleAlgo **
23/04/07 14:35:20 INFO TextDataConvertor: Dataset: [exp00000/result/out-3.txt]
23/04/07 14:35:20 INFO TextDataConvertor: DataSet: exp00000/result/out-3.txt is finished
23/04/07 14:35:20 INFO TextDataConvertor: user number: 4005,	 item number is: 2673
23/04/07 14:35:20 INFO OracleAlgo: Job Train completed.
23/04/07 14:35:20 INFO OracleAlgo: begin recommend
23/04/07 14:35:21 INFO OracleAlgo: end recommend
23/04/07 14:35:21 INFO RecommenderJob: Evaluator info:NormalizedDCGEvaluator is 0.10015569941512135
23/04/07 14:35:21 INFO RecommenderJob: Evaluator info:PStatisticalParityEvaluator is -0.38517745302711776
23/04/07 14:35:21 INFO TextDataConvertor: Dataset: [../../../data/split/cv_4/train.txt]
23/04/07 14:35:21 INFO TextDataConvertor: DataSet: ../../../data/split/cv_4/train.txt is finished
23/04/07 14:35:21 INFO TextDataConvertor: rating Scale (real): 3.0 to 5.0
23/04/07 14:35:21 INFO TextDataConvertor: user number: 4005,	 item number is: 2673
23/04/07 14:35:21 INFO TextDataModel: Transform data to Convertor successfully!
23/04/07 14:35:21 INFO TextDataConvertor: Dataset: [../../../data/split/cv_4/test.txt]
23/04/07 14:35:21 INFO TextDataConvertor: DataSet: ../../../data/split/cv_4/test.txt is finished
23/04/07 14:35:21 INFO TextDataConvertor: rating Scale (real): 3.0 to 5.0
23/04/07 14:35:21 INFO TextDataConvertor: user number: 4005,	 item number is: 2673
23/04/07 14:35:21 INFO TextDataModel: Split data to train Set and test Set successfully!
23/04/07 14:35:21 INFO TextDataModel: Data cardinality of training is 88297
23/04/07 14:35:21 INFO TextDataModel: Data cardinality of testing is 22074
23/04/07 14:35:21 INFO TextDataModel: Feature appender loaded successfully!
23/04/07 14:35:22 INFO OracleAlgo: Job Setup completed.
** Training model in OracleAlgo **
23/04/07 14:35:22 INFO TextDataConvertor: Dataset: [exp00000/result/out-4.txt]
23/04/07 14:35:22 INFO TextDataConvertor: DataSet: exp00000/result/out-4.txt is finished
23/04/07 14:35:22 INFO TextDataConvertor: user number: 4005,	 item number is: 2673
23/04/07 14:35:22 INFO OracleAlgo: Job Train completed.
23/04/07 14:35:22 INFO OracleAlgo: begin recommend
23/04/07 14:35:23 INFO OracleAlgo: end recommend
23/04/07 14:35:23 INFO RecommenderJob: Evaluator info:NormalizedDCGEvaluator is 0.10000937161974201
23/04/07 14:35:23 INFO RecommenderJob: Evaluator info:PStatisticalParityEvaluator is -0.3836998706338721
23/04/07 14:35:23 INFO TextDataConvertor: Dataset: [../../../data/split/cv_5/train.txt]
23/04/07 14:35:23 INFO TextDataConvertor: DataSet: ../../../data/split/cv_5/train.txt is finished
23/04/07 14:35:23 INFO TextDataConvertor: rating Scale (real): 3.0 to 5.0
23/04/07 14:35:23 INFO TextDataConvertor: user number: 4005,	 item number is: 2673
23/04/07 14:35:23 INFO TextDataModel: Transform data to Convertor successfully!
23/04/07 14:35:23 INFO TextDataConvertor: Dataset: [../../../data/split/cv_5/test.txt]
23/04/07 14:35:23 INFO TextDataConvertor: DataSet: ../../../data/split/cv_5/test.txt is finished
23/04/07 14:35:23 INFO TextDataConvertor: rating Scale (real): 3.0 to 5.0
23/04/07 14:35:23 INFO TextDataConvertor: user number: 4005,	 item number is: 2673
23/04/07 14:35:23 INFO TextDataModel: Split data to train Set and test Set successfully!
23/04/07 14:35:23 INFO TextDataModel: Data cardinality of training is 88297
23/04/07 14:35:23 INFO TextDataModel: Data cardinality of testing is 22074
23/04/07 14:35:23 INFO TextDataModel: Feature appender loaded successfully!
23/04/07 14:35:24 INFO OracleAlgo: Job Setup completed.
** Training model in OracleAlgo **
23/04/07 14:35:24 INFO TextDataConvertor: Dataset: [exp00000/result/out-5.txt]
23/04/07 14:35:24 INFO TextDataConvertor: DataSet: exp00000/result/out-5.txt is finished
23/04/07 14:35:24 INFO TextDataConvertor: user number: 4005,	 item number is: 2673
23/04/07 14:35:24 INFO OracleAlgo: Job Train completed.
23/04/07 14:35:24 INFO OracleAlgo: begin recommend
23/04/07 14:35:24 INFO OracleAlgo: end recommend
23/04/07 14:35:24 INFO RecommenderJob: Evaluator info:NormalizedDCGEvaluator is 0.10273452941667276
23/04/07 14:35:24 INFO RecommenderJob: Evaluator info:PStatisticalParityEvaluator is -0.38394614189536863
