22/11/28 06:38:49 INFO TextDataConvertor: Dataset: [../../../data/rating_5000_cls_hc_10core_iterative.csv]
22/11/28 06:38:49 INFO TextDataConvertor: DataSet: ...ng_5000_cls_hc_10core_iterative.csv is finished
22/11/28 06:38:49 INFO TextDataConvertor: rating Scale (real): 3.0 to 5.0
22/11/28 06:38:49 INFO TextDataConvertor: user number: 4005,	 item number is: 2673
22/11/28 06:38:49 INFO TextDataModel: Transform data to Convertor successfully!
22/11/28 06:38:49 INFO TextDataModel: Split data to train Set and test Set successfully!
22/11/28 06:38:50 INFO TextDataModel: Feature appender loaded successfully!
22/11/28 06:38:50 INFO TextDataConvertor: Dataset: [../../../data/split/cv_1/train.txt]
22/11/28 06:38:50 INFO TextDataConvertor: DataSet: ../../../data/split/cv_1/train.txt is finished
22/11/28 06:38:50 INFO TextDataConvertor: rating Scale (real): 3.0 to 5.0
22/11/28 06:38:50 INFO TextDataConvertor: user number: 4005,	 item number is: 2673
22/11/28 06:38:50 INFO TextDataModel: Transform data to Convertor successfully!
22/11/28 06:38:50 INFO TextDataConvertor: Dataset: [../../../data/split/cv_1/test.txt]
22/11/28 06:38:50 INFO TextDataConvertor: DataSet: ../../../data/split/cv_1/test.txt is finished
22/11/28 06:38:50 INFO TextDataConvertor: rating Scale (real): 3.0 to 5.0
22/11/28 06:38:50 INFO TextDataConvertor: user number: 4005,	 item number is: 2673
22/11/28 06:38:50 INFO TextDataModel: Split data to train Set and test Set successfully!
22/11/28 06:38:50 INFO TextDataModel: Data cardinality of training is 88296
22/11/28 06:38:50 INFO TextDataModel: Data cardinality of testing is 22075
22/11/28 06:38:50 INFO TextDataModel: Feature appender loaded successfully!
22/11/28 06:38:51 INFO OracleAlgo: Job Setup completed.
** Training model in OracleAlgo **
22/11/28 06:38:51 INFO TextDataConvertor: Dataset: [exp00030/result/out-1.txt]
22/11/28 06:38:51 INFO TextDataConvertor: DataSet: exp00030/result/out-1.txt is finished
22/11/28 06:38:51 INFO TextDataConvertor: user number: 4005,	 item number is: 2673
22/11/28 06:38:51 INFO OracleAlgo: Job Train completed.
22/11/28 06:38:51 INFO OracleAlgo: begin recommend
22/11/28 06:38:52 INFO OracleAlgo: end recommend
22/11/28 06:38:52 INFO RecommenderJob: Evaluator info:NormalizedDCGEvaluator is 0.019107275169779357
22/11/28 06:38:52 INFO RecommenderJob: Evaluator info:PStatisticalParityEvaluator is -0.7479292403746699
22/11/28 06:38:52 INFO TextDataConvertor: Dataset: [../../../data/split/cv_2/train.txt]
22/11/28 06:38:52 INFO TextDataConvertor: DataSet: ../../../data/split/cv_2/train.txt is finished
22/11/28 06:38:52 INFO TextDataConvertor: rating Scale (real): 3.0 to 5.0
22/11/28 06:38:52 INFO TextDataConvertor: user number: 4005,	 item number is: 2673
22/11/28 06:38:52 INFO TextDataModel: Transform data to Convertor successfully!
22/11/28 06:38:52 INFO TextDataConvertor: Dataset: [../../../data/split/cv_2/test.txt]
22/11/28 06:38:52 INFO TextDataConvertor: DataSet: ../../../data/split/cv_2/test.txt is finished
22/11/28 06:38:52 INFO TextDataConvertor: rating Scale (real): 3.0 to 5.0
22/11/28 06:38:52 INFO TextDataConvertor: user number: 4005,	 item number is: 2673
22/11/28 06:38:52 INFO TextDataModel: Split data to train Set and test Set successfully!
22/11/28 06:38:52 INFO TextDataModel: Data cardinality of training is 88297
22/11/28 06:38:52 INFO TextDataModel: Data cardinality of testing is 22074
22/11/28 06:38:52 INFO TextDataModel: Feature appender loaded successfully!
22/11/28 06:38:53 INFO OracleAlgo: Job Setup completed.
** Training model in OracleAlgo **
22/11/28 06:38:53 INFO TextDataConvertor: Dataset: [exp00030/result/out-2.txt]
22/11/28 06:38:53 INFO TextDataConvertor: DataSet: exp00030/result/out-2.txt is finished
22/11/28 06:38:53 INFO TextDataConvertor: user number: 4005,	 item number is: 2673
22/11/28 06:38:53 INFO OracleAlgo: Job Train completed.
22/11/28 06:38:53 INFO OracleAlgo: begin recommend
22/11/28 06:38:54 INFO OracleAlgo: end recommend
22/11/28 06:38:54 INFO RecommenderJob: Evaluator info:NormalizedDCGEvaluator is 0.021457311306574627
22/11/28 06:38:54 INFO RecommenderJob: Evaluator info:PStatisticalParityEvaluator is -0.7455159864830331
22/11/28 06:38:54 INFO TextDataConvertor: Dataset: [../../../data/split/cv_3/train.txt]
22/11/28 06:38:54 INFO TextDataConvertor: DataSet: ../../../data/split/cv_3/train.txt is finished
22/11/28 06:38:54 INFO TextDataConvertor: rating Scale (real): 3.0 to 5.0
22/11/28 06:38:54 INFO TextDataConvertor: user number: 4005,	 item number is: 2673
22/11/28 06:38:54 INFO TextDataModel: Transform data to Convertor successfully!
22/11/28 06:38:54 INFO TextDataConvertor: Dataset: [../../../data/split/cv_3/test.txt]
22/11/28 06:38:54 INFO TextDataConvertor: DataSet: ../../../data/split/cv_3/test.txt is finished
22/11/28 06:38:54 INFO TextDataConvertor: rating Scale (real): 3.0 to 5.0
22/11/28 06:38:54 INFO TextDataConvertor: user number: 4005,	 item number is: 2673
22/11/28 06:38:54 INFO TextDataModel: Split data to train Set and test Set successfully!
22/11/28 06:38:54 INFO TextDataModel: Data cardinality of training is 88297
22/11/28 06:38:54 INFO TextDataModel: Data cardinality of testing is 22074
22/11/28 06:38:54 INFO TextDataModel: Feature appender loaded successfully!
22/11/28 06:38:55 INFO OracleAlgo: Job Setup completed.
** Training model in OracleAlgo **
22/11/28 06:38:55 INFO TextDataConvertor: Dataset: [exp00030/result/out-3.txt]
22/11/28 06:38:55 INFO TextDataConvertor: DataSet: exp00030/result/out-3.txt is finished
22/11/28 06:38:55 INFO TextDataConvertor: user number: 4005,	 item number is: 2673
22/11/28 06:38:55 INFO OracleAlgo: Job Train completed.
22/11/28 06:38:55 INFO OracleAlgo: begin recommend
22/11/28 06:38:55 INFO OracleAlgo: end recommend
22/11/28 06:38:55 INFO RecommenderJob: Evaluator info:NormalizedDCGEvaluator is 0.022300308976645773
22/11/28 06:38:55 INFO RecommenderJob: Evaluator info:PStatisticalParityEvaluator is -0.7487473903967187
22/11/28 06:38:55 INFO TextDataConvertor: Dataset: [../../../data/split/cv_4/train.txt]
22/11/28 06:38:55 INFO TextDataConvertor: DataSet: ../../../data/split/cv_4/train.txt is finished
22/11/28 06:38:55 INFO TextDataConvertor: rating Scale (real): 3.0 to 5.0
22/11/28 06:38:55 INFO TextDataConvertor: user number: 4005,	 item number is: 2673
22/11/28 06:38:55 INFO TextDataModel: Transform data to Convertor successfully!
22/11/28 06:38:55 INFO TextDataConvertor: Dataset: [../../../data/split/cv_4/test.txt]
22/11/28 06:38:55 INFO TextDataConvertor: DataSet: ../../../data/split/cv_4/test.txt is finished
22/11/28 06:38:55 INFO TextDataConvertor: rating Scale (real): 3.0 to 5.0
22/11/28 06:38:55 INFO TextDataConvertor: user number: 4005,	 item number is: 2673
22/11/28 06:38:55 INFO TextDataModel: Split data to train Set and test Set successfully!
22/11/28 06:38:55 INFO TextDataModel: Data cardinality of training is 88297
22/11/28 06:38:55 INFO TextDataModel: Data cardinality of testing is 22074
22/11/28 06:38:55 INFO TextDataModel: Feature appender loaded successfully!
22/11/28 06:38:56 INFO OracleAlgo: Job Setup completed.
** Training model in OracleAlgo **
22/11/28 06:38:56 INFO TextDataConvertor: Dataset: [exp00030/result/out-4.txt]
22/11/28 06:38:56 INFO TextDataConvertor: DataSet: exp00030/result/out-4.txt is finished
22/11/28 06:38:56 INFO TextDataConvertor: user number: 4005,	 item number is: 2673
22/11/28 06:38:56 INFO OracleAlgo: Job Train completed.
22/11/28 06:38:56 INFO OracleAlgo: begin recommend
22/11/28 06:38:57 INFO OracleAlgo: end recommend
22/11/28 06:38:57 INFO RecommenderJob: Evaluator info:NormalizedDCGEvaluator is 0.023895603951098045
22/11/28 06:38:57 INFO RecommenderJob: Evaluator info:PStatisticalParityEvaluator is -0.746080206985829
22/11/28 06:38:57 INFO TextDataConvertor: Dataset: [../../../data/split/cv_5/train.txt]
22/11/28 06:38:57 INFO TextDataConvertor: DataSet: ../../../data/split/cv_5/train.txt is finished
22/11/28 06:38:57 INFO TextDataConvertor: rating Scale (real): 3.0 to 5.0
22/11/28 06:38:57 INFO TextDataConvertor: user number: 4005,	 item number is: 2673
22/11/28 06:38:57 INFO TextDataModel: Transform data to Convertor successfully!
22/11/28 06:38:57 INFO TextDataConvertor: Dataset: [../../../data/split/cv_5/test.txt]
22/11/28 06:38:57 INFO TextDataConvertor: DataSet: ../../../data/split/cv_5/test.txt is finished
22/11/28 06:38:57 INFO TextDataConvertor: rating Scale (real): 3.0 to 5.0
22/11/28 06:38:57 INFO TextDataConvertor: user number: 4005,	 item number is: 2673
22/11/28 06:38:57 INFO TextDataModel: Split data to train Set and test Set successfully!
22/11/28 06:38:57 INFO TextDataModel: Data cardinality of training is 88297
22/11/28 06:38:57 INFO TextDataModel: Data cardinality of testing is 22074
22/11/28 06:38:57 INFO TextDataModel: Feature appender loaded successfully!
22/11/28 06:38:58 INFO OracleAlgo: Job Setup completed.
** Training model in OracleAlgo **
22/11/28 06:38:58 INFO TextDataConvertor: Dataset: [exp00030/result/out-5.txt]
22/11/28 06:38:58 INFO TextDataConvertor: DataSet: exp00030/result/out-5.txt is finished
22/11/28 06:38:58 INFO TextDataConvertor: user number: 4005,	 item number is: 2673
22/11/28 06:38:58 INFO OracleAlgo: Job Train completed.
22/11/28 06:38:58 INFO OracleAlgo: begin recommend
22/11/28 06:38:58 INFO OracleAlgo: end recommend
22/11/28 06:38:58 INFO RecommenderJob: Evaluator info:NormalizedDCGEvaluator is 0.020549002402823917
22/11/28 06:38:58 INFO RecommenderJob: Evaluator info:PStatisticalParityEvaluator is -0.7791817711031109
