22/11/28 08:17:37 INFO TextDataConvertor: Dataset: [../../../data/rating_5000_cls_hc_10core_iterative.csv]
22/11/28 08:17:37 INFO TextDataConvertor: DataSet: ...ng_5000_cls_hc_10core_iterative.csv is finished
22/11/28 08:17:37 INFO TextDataConvertor: rating Scale (real): 3.0 to 5.0
22/11/28 08:17:37 INFO TextDataConvertor: user number: 4005,	 item number is: 2673
22/11/28 08:17:37 INFO TextDataModel: Transform data to Convertor successfully!
22/11/28 08:17:38 INFO TextDataModel: Split data to train Set and test Set successfully!
22/11/28 08:17:38 INFO TextDataModel: Feature appender loaded successfully!
22/11/28 08:17:38 INFO TextDataConvertor: Dataset: [../../../data/split/cv_1/train.txt]
22/11/28 08:17:38 INFO TextDataConvertor: DataSet: ../../../data/split/cv_1/train.txt is finished
22/11/28 08:17:38 INFO TextDataConvertor: rating Scale (real): 3.0 to 5.0
22/11/28 08:17:38 INFO TextDataConvertor: user number: 4005,	 item number is: 2673
22/11/28 08:17:38 INFO TextDataModel: Transform data to Convertor successfully!
22/11/28 08:17:38 INFO TextDataConvertor: Dataset: [../../../data/split/cv_1/test.txt]
22/11/28 08:17:38 INFO TextDataConvertor: DataSet: ../../../data/split/cv_1/test.txt is finished
22/11/28 08:17:38 INFO TextDataConvertor: rating Scale (real): 3.0 to 5.0
22/11/28 08:17:38 INFO TextDataConvertor: user number: 4005,	 item number is: 2673
22/11/28 08:17:38 INFO TextDataModel: Split data to train Set and test Set successfully!
22/11/28 08:17:38 INFO TextDataModel: Data cardinality of training is 88296
22/11/28 08:17:38 INFO TextDataModel: Data cardinality of testing is 22075
22/11/28 08:17:38 INFO TextDataModel: Feature appender loaded successfully!
22/11/28 08:17:39 INFO OracleAlgo: Job Setup completed.
** Training model in OracleAlgo **
22/11/28 08:17:39 INFO TextDataConvertor: Dataset: [exp00041/result/out-1.txt]
22/11/28 08:17:39 INFO TextDataConvertor: DataSet: exp00041/result/out-1.txt is finished
22/11/28 08:17:39 INFO TextDataConvertor: user number: 4005,	 item number is: 2673
22/11/28 08:17:39 INFO OracleAlgo: Job Train completed.
22/11/28 08:17:39 INFO OracleAlgo: begin recommend
22/11/28 08:17:40 INFO OracleAlgo: end recommend
22/11/28 08:17:40 INFO RecommenderJob: Evaluator info:NormalizedDCGEvaluator is 0.01770404008001948
22/11/28 08:17:40 INFO RecommenderJob: Evaluator info:PStatisticalParityEvaluator is -0.7871592091571823
22/11/28 08:17:40 INFO TextDataConvertor: Dataset: [../../../data/split/cv_2/train.txt]
22/11/28 08:17:40 INFO TextDataConvertor: DataSet: ../../../data/split/cv_2/train.txt is finished
22/11/28 08:17:40 INFO TextDataConvertor: rating Scale (real): 3.0 to 5.0
22/11/28 08:17:40 INFO TextDataConvertor: user number: 4005,	 item number is: 2673
22/11/28 08:17:40 INFO TextDataModel: Transform data to Convertor successfully!
22/11/28 08:17:40 INFO TextDataConvertor: Dataset: [../../../data/split/cv_2/test.txt]
22/11/28 08:17:40 INFO TextDataConvertor: DataSet: ../../../data/split/cv_2/test.txt is finished
22/11/28 08:17:40 INFO TextDataConvertor: rating Scale (real): 3.0 to 5.0
22/11/28 08:17:40 INFO TextDataConvertor: user number: 4005,	 item number is: 2673
22/11/28 08:17:40 INFO TextDataModel: Split data to train Set and test Set successfully!
22/11/28 08:17:40 INFO TextDataModel: Data cardinality of training is 88297
22/11/28 08:17:40 INFO TextDataModel: Data cardinality of testing is 22074
22/11/28 08:17:40 INFO TextDataModel: Feature appender loaded successfully!
22/11/28 08:17:41 INFO OracleAlgo: Job Setup completed.
** Training model in OracleAlgo **
22/11/28 08:17:41 INFO TextDataConvertor: Dataset: [exp00041/result/out-2.txt]
22/11/28 08:17:41 INFO TextDataConvertor: DataSet: exp00041/result/out-2.txt is finished
22/11/28 08:17:41 INFO TextDataConvertor: user number: 4005,	 item number is: 2673
22/11/28 08:17:41 INFO OracleAlgo: Job Train completed.
22/11/28 08:17:41 INFO OracleAlgo: begin recommend
22/11/28 08:17:42 INFO OracleAlgo: end recommend
22/11/28 08:17:42 INFO RecommenderJob: Evaluator info:NormalizedDCGEvaluator is 0.018855563346866205
22/11/28 08:17:42 INFO RecommenderJob: Evaluator info:PStatisticalParityEvaluator is -0.7871484273460384
22/11/28 08:17:42 INFO TextDataConvertor: Dataset: [../../../data/split/cv_3/train.txt]
22/11/28 08:17:42 INFO TextDataConvertor: DataSet: ../../../data/split/cv_3/train.txt is finished
22/11/28 08:17:42 INFO TextDataConvertor: rating Scale (real): 3.0 to 5.0
22/11/28 08:17:42 INFO TextDataConvertor: user number: 4005,	 item number is: 2673
22/11/28 08:17:42 INFO TextDataModel: Transform data to Convertor successfully!
22/11/28 08:17:42 INFO TextDataConvertor: Dataset: [../../../data/split/cv_3/test.txt]
22/11/28 08:17:42 INFO TextDataConvertor: DataSet: ../../../data/split/cv_3/test.txt is finished
22/11/28 08:17:42 INFO TextDataConvertor: rating Scale (real): 3.0 to 5.0
22/11/28 08:17:42 INFO TextDataConvertor: user number: 4005,	 item number is: 2673
22/11/28 08:17:42 INFO TextDataModel: Split data to train Set and test Set successfully!
22/11/28 08:17:42 INFO TextDataModel: Data cardinality of training is 88297
22/11/28 08:17:42 INFO TextDataModel: Data cardinality of testing is 22074
22/11/28 08:17:42 INFO TextDataModel: Feature appender loaded successfully!
22/11/28 08:17:42 INFO OracleAlgo: Job Setup completed.
** Training model in OracleAlgo **
22/11/28 08:17:42 INFO TextDataConvertor: Dataset: [exp00041/result/out-3.txt]
22/11/28 08:17:43 INFO TextDataConvertor: DataSet: exp00041/result/out-3.txt is finished
22/11/28 08:17:43 INFO TextDataConvertor: user number: 4005,	 item number is: 2673
22/11/28 08:17:43 INFO OracleAlgo: Job Train completed.
22/11/28 08:17:43 INFO OracleAlgo: begin recommend
22/11/28 08:17:43 INFO OracleAlgo: end recommend
22/11/28 08:17:43 INFO RecommenderJob: Evaluator info:NormalizedDCGEvaluator is 0.01995361475958875
22/11/28 08:17:43 INFO RecommenderJob: Evaluator info:PStatisticalParityEvaluator is -0.7868475991649815
22/11/28 08:17:43 INFO TextDataConvertor: Dataset: [../../../data/split/cv_4/train.txt]
22/11/28 08:17:43 INFO TextDataConvertor: DataSet: ../../../data/split/cv_4/train.txt is finished
22/11/28 08:17:43 INFO TextDataConvertor: rating Scale (real): 3.0 to 5.0
22/11/28 08:17:43 INFO TextDataConvertor: user number: 4005,	 item number is: 2673
22/11/28 08:17:43 INFO TextDataModel: Transform data to Convertor successfully!
22/11/28 08:17:43 INFO TextDataConvertor: Dataset: [../../../data/split/cv_4/test.txt]
22/11/28 08:17:43 INFO TextDataConvertor: DataSet: ../../../data/split/cv_4/test.txt is finished
22/11/28 08:17:43 INFO TextDataConvertor: rating Scale (real): 3.0 to 5.0
22/11/28 08:17:43 INFO TextDataConvertor: user number: 4005,	 item number is: 2673
22/11/28 08:17:43 INFO TextDataModel: Split data to train Set and test Set successfully!
22/11/28 08:17:43 INFO TextDataModel: Data cardinality of training is 88297
22/11/28 08:17:43 INFO TextDataModel: Data cardinality of testing is 22074
22/11/28 08:17:43 INFO TextDataModel: Feature appender loaded successfully!
22/11/28 08:17:44 INFO OracleAlgo: Job Setup completed.
** Training model in OracleAlgo **
22/11/28 08:17:44 INFO TextDataConvertor: Dataset: [exp00041/result/out-4.txt]
22/11/28 08:17:44 INFO TextDataConvertor: DataSet: exp00041/result/out-4.txt is finished
22/11/28 08:17:44 INFO TextDataConvertor: user number: 4005,	 item number is: 2673
22/11/28 08:17:44 INFO OracleAlgo: Job Train completed.
22/11/28 08:17:44 INFO OracleAlgo: begin recommend
22/11/28 08:17:44 INFO OracleAlgo: end recommend
22/11/28 08:17:44 INFO RecommenderJob: Evaluator info:NormalizedDCGEvaluator is 0.020915343441591055
22/11/28 08:17:44 INFO RecommenderJob: Evaluator info:PStatisticalParityEvaluator is -0.7875498059508954
22/11/28 08:17:44 INFO TextDataConvertor: Dataset: [../../../data/split/cv_5/train.txt]
22/11/28 08:17:44 INFO TextDataConvertor: DataSet: ../../../data/split/cv_5/train.txt is finished
22/11/28 08:17:44 INFO TextDataConvertor: rating Scale (real): 3.0 to 5.0
22/11/28 08:17:44 INFO TextDataConvertor: user number: 4005,	 item number is: 2673
22/11/28 08:17:44 INFO TextDataModel: Transform data to Convertor successfully!
22/11/28 08:17:44 INFO TextDataConvertor: Dataset: [../../../data/split/cv_5/test.txt]
22/11/28 08:17:44 INFO TextDataConvertor: DataSet: ../../../data/split/cv_5/test.txt is finished
22/11/28 08:17:44 INFO TextDataConvertor: rating Scale (real): 3.0 to 5.0
22/11/28 08:17:44 INFO TextDataConvertor: user number: 4005,	 item number is: 2673
22/11/28 08:17:44 INFO TextDataModel: Split data to train Set and test Set successfully!
22/11/28 08:17:44 INFO TextDataModel: Data cardinality of training is 88297
22/11/28 08:17:44 INFO TextDataModel: Data cardinality of testing is 22074
22/11/28 08:17:44 INFO TextDataModel: Feature appender loaded successfully!
22/11/28 08:17:45 INFO OracleAlgo: Job Setup completed.
** Training model in OracleAlgo **
22/11/28 08:17:45 INFO TextDataConvertor: Dataset: [exp00041/result/out-5.txt]
22/11/28 08:17:45 INFO TextDataConvertor: DataSet: exp00041/result/out-5.txt is finished
22/11/28 08:17:45 INFO TextDataConvertor: user number: 4005,	 item number is: 2673
22/11/28 08:17:45 INFO OracleAlgo: Job Train completed.
22/11/28 08:17:45 INFO OracleAlgo: begin recommend
22/11/28 08:17:45 INFO OracleAlgo: end recommend
22/11/28 08:17:45 INFO RecommenderJob: Evaluator info:NormalizedDCGEvaluator is 0.020272520760976815
22/11/28 08:17:45 INFO RecommenderJob: Evaluator info:PStatisticalParityEvaluator is -0.787560849300935
