22/11/11 08:17:37 INFO TextDataConvertor: Dataset: [../../data/rating_5000_cls_hc_10core_iterative.csv]
22/11/11 08:17:37 INFO TextDataConvertor: DataSet: ...ng_5000_cls_hc_10core_iterative.csv is finished
22/11/11 08:17:37 INFO TextDataConvertor: rating Scale (real): 3.0 to 5.0
22/11/11 08:17:37 INFO TextDataConvertor: user number: 4005,	 item number is: 2673
22/11/11 08:17:37 INFO TextDataModel: Transform data to Convertor successfully!
22/11/11 08:17:38 INFO TextDataModel: Split data to train Set and test Set successfully!
22/11/11 08:17:38 INFO TextDataModel: Feature appender loaded successfully!
22/11/11 08:17:38 INFO TextDataConvertor: Dataset: [../../data/split/cv_1/train.txt]
22/11/11 08:17:38 INFO TextDataConvertor: DataSet: ../../data/split/cv_1/train.txt is finished
22/11/11 08:17:38 INFO TextDataConvertor: rating Scale (real): 3.0 to 5.0
22/11/11 08:17:38 INFO TextDataConvertor: user number: 4005,	 item number is: 2673
22/11/11 08:17:38 INFO TextDataModel: Transform data to Convertor successfully!
22/11/11 08:17:38 INFO TextDataConvertor: Dataset: [../../data/split/cv_1/test.txt]
22/11/11 08:17:38 INFO TextDataConvertor: DataSet: ../../data/split/cv_1/test.txt is finished
22/11/11 08:17:38 INFO TextDataConvertor: rating Scale (real): 3.0 to 5.0
22/11/11 08:17:38 INFO TextDataConvertor: user number: 4005,	 item number is: 2673
22/11/11 08:17:39 INFO TextDataModel: Split data to train Set and test Set successfully!
22/11/11 08:17:39 INFO TextDataModel: Data cardinality of training is 88296
22/11/11 08:17:39 INFO TextDataModel: Data cardinality of testing is 22075
22/11/11 08:17:39 INFO TextDataModel: Feature appender loaded successfully!
22/11/11 08:17:39 INFO OracleAlgo: Job Setup completed.
** Training model in OracleAlgo **
22/11/11 08:17:39 INFO TextDataConvertor: Dataset: [exp00009/result/out-1.txt]
22/11/11 08:17:39 INFO TextDataConvertor: DataSet: exp00009/result/out-1.txt is finished
22/11/11 08:17:39 INFO TextDataConvertor: user number: 4005,	 item number is: 2673
22/11/11 08:17:39 INFO OracleAlgo: Job Train completed.
22/11/11 08:17:39 INFO OracleAlgo: begin recommend
22/11/11 08:17:39 INFO OracleAlgo: end recommend
22/11/11 08:17:39 INFO RecommenderJob: Evaluator info:NormalizedDCGEvaluator is 0.01915146770359773
22/11/11 08:17:39 INFO RecommenderJob: Evaluator info:PStatisticalParityEvaluator is -0.7632258064516657
22/11/11 08:17:39 INFO TextDataConvertor: Dataset: [../../data/split/cv_2/train.txt]
22/11/11 08:17:40 INFO TextDataConvertor: DataSet: ../../data/split/cv_2/train.txt is finished
22/11/11 08:17:40 INFO TextDataConvertor: rating Scale (real): 3.0 to 5.0
22/11/11 08:17:40 INFO TextDataConvertor: user number: 4005,	 item number is: 2673
22/11/11 08:17:40 INFO TextDataModel: Transform data to Convertor successfully!
22/11/11 08:17:40 INFO TextDataConvertor: Dataset: [../../data/split/cv_2/test.txt]
22/11/11 08:17:40 INFO TextDataConvertor: DataSet: ../../data/split/cv_2/test.txt is finished
22/11/11 08:17:40 INFO TextDataConvertor: rating Scale (real): 3.0 to 5.0
22/11/11 08:17:40 INFO TextDataConvertor: user number: 4005,	 item number is: 2673
22/11/11 08:17:40 INFO TextDataModel: Split data to train Set and test Set successfully!
22/11/11 08:17:40 INFO TextDataModel: Data cardinality of training is 88297
22/11/11 08:17:40 INFO TextDataModel: Data cardinality of testing is 22074
22/11/11 08:17:40 INFO TextDataModel: Feature appender loaded successfully!
22/11/11 08:17:40 INFO OracleAlgo: Job Setup completed.
** Training model in OracleAlgo **
22/11/11 08:17:40 INFO TextDataConvertor: Dataset: [exp00009/result/out-2.txt]
22/11/11 08:17:40 INFO TextDataConvertor: DataSet: exp00009/result/out-2.txt is finished
22/11/11 08:17:40 INFO TextDataConvertor: user number: 4005,	 item number is: 2673
22/11/11 08:17:40 INFO OracleAlgo: Job Train completed.
22/11/11 08:17:40 INFO OracleAlgo: begin recommend
22/11/11 08:17:40 INFO OracleAlgo: end recommend
22/11/11 08:17:40 INFO RecommenderJob: Evaluator info:NormalizedDCGEvaluator is 0.01925400075757548
22/11/11 08:17:40 INFO RecommenderJob: Evaluator info:PStatisticalParityEvaluator is -0.7640135170263076
22/11/11 08:17:40 INFO TextDataConvertor: Dataset: [../../data/split/cv_3/train.txt]
22/11/11 08:17:40 INFO TextDataConvertor: DataSet: ../../data/split/cv_3/train.txt is finished
22/11/11 08:17:40 INFO TextDataConvertor: rating Scale (real): 3.0 to 5.0
22/11/11 08:17:40 INFO TextDataConvertor: user number: 4005,	 item number is: 2673
22/11/11 08:17:40 INFO TextDataModel: Transform data to Convertor successfully!
22/11/11 08:17:40 INFO TextDataConvertor: Dataset: [../../data/split/cv_3/test.txt]
22/11/11 08:17:40 INFO TextDataConvertor: DataSet: ../../data/split/cv_3/test.txt is finished
22/11/11 08:17:40 INFO TextDataConvertor: rating Scale (real): 3.0 to 5.0
22/11/11 08:17:40 INFO TextDataConvertor: user number: 4005,	 item number is: 2673
22/11/11 08:17:40 INFO TextDataModel: Split data to train Set and test Set successfully!
22/11/11 08:17:40 INFO TextDataModel: Data cardinality of training is 88297
22/11/11 08:17:40 INFO TextDataModel: Data cardinality of testing is 22074
22/11/11 08:17:40 INFO TextDataModel: Feature appender loaded successfully!
22/11/11 08:17:41 INFO OracleAlgo: Job Setup completed.
** Training model in OracleAlgo **
22/11/11 08:17:41 INFO TextDataConvertor: Dataset: [exp00009/result/out-3.txt]
22/11/11 08:17:41 INFO TextDataConvertor: DataSet: exp00009/result/out-3.txt is finished
22/11/11 08:17:41 INFO TextDataConvertor: user number: 4005,	 item number is: 2673
22/11/11 08:17:41 INFO OracleAlgo: Job Train completed.
22/11/11 08:17:41 INFO OracleAlgo: begin recommend
22/11/11 08:17:41 INFO OracleAlgo: end recommend
22/11/11 08:17:41 INFO RecommenderJob: Evaluator info:NormalizedDCGEvaluator is 0.02322365344422469
22/11/11 08:17:41 INFO RecommenderJob: Evaluator info:PStatisticalParityEvaluator is -0.7637578288100729
22/11/11 08:17:41 INFO TextDataConvertor: Dataset: [../../data/split/cv_4/train.txt]
22/11/11 08:17:41 INFO TextDataConvertor: DataSet: ../../data/split/cv_4/train.txt is finished
22/11/11 08:17:41 INFO TextDataConvertor: rating Scale (real): 3.0 to 5.0
22/11/11 08:17:41 INFO TextDataConvertor: user number: 4005,	 item number is: 2673
22/11/11 08:17:41 INFO TextDataModel: Transform data to Convertor successfully!
22/11/11 08:17:41 INFO TextDataConvertor: Dataset: [../../data/split/cv_4/test.txt]
22/11/11 08:17:41 INFO TextDataConvertor: DataSet: ../../data/split/cv_4/test.txt is finished
22/11/11 08:17:41 INFO TextDataConvertor: rating Scale (real): 3.0 to 5.0
22/11/11 08:17:41 INFO TextDataConvertor: user number: 4005,	 item number is: 2673
22/11/11 08:17:41 INFO TextDataModel: Split data to train Set and test Set successfully!
22/11/11 08:17:41 INFO TextDataModel: Data cardinality of training is 88297
22/11/11 08:17:41 INFO TextDataModel: Data cardinality of testing is 22074
22/11/11 08:17:41 INFO TextDataModel: Feature appender loaded successfully!
22/11/11 08:17:41 INFO OracleAlgo: Job Setup completed.
** Training model in OracleAlgo **
22/11/11 08:17:41 INFO TextDataConvertor: Dataset: [exp00009/result/out-4.txt]
22/11/11 08:17:41 INFO TextDataConvertor: DataSet: exp00009/result/out-4.txt is finished
22/11/11 08:17:41 INFO TextDataConvertor: user number: 4005,	 item number is: 2673
22/11/11 08:17:41 INFO OracleAlgo: Job Train completed.
22/11/11 08:17:41 INFO OracleAlgo: begin recommend
22/11/11 08:17:42 INFO OracleAlgo: end recommend
22/11/11 08:17:42 INFO RecommenderJob: Evaluator info:NormalizedDCGEvaluator is 0.023315121375195865
22/11/11 08:17:42 INFO RecommenderJob: Evaluator info:PStatisticalParityEvaluator is -0.7643363518758615
22/11/11 08:17:42 INFO TextDataConvertor: Dataset: [../../data/split/cv_5/train.txt]
22/11/11 08:17:42 INFO TextDataConvertor: DataSet: ../../data/split/cv_5/train.txt is finished
22/11/11 08:17:42 INFO TextDataConvertor: rating Scale (real): 3.0 to 5.0
22/11/11 08:17:42 INFO TextDataConvertor: user number: 4005,	 item number is: 2673
22/11/11 08:17:42 INFO TextDataModel: Transform data to Convertor successfully!
22/11/11 08:17:42 INFO TextDataConvertor: Dataset: [../../data/split/cv_5/test.txt]
22/11/11 08:17:42 INFO TextDataConvertor: DataSet: ../../data/split/cv_5/test.txt is finished
22/11/11 08:17:42 INFO TextDataConvertor: rating Scale (real): 3.0 to 5.0
22/11/11 08:17:42 INFO TextDataConvertor: user number: 4005,	 item number is: 2673
22/11/11 08:17:42 INFO TextDataModel: Split data to train Set and test Set successfully!
22/11/11 08:17:42 INFO TextDataModel: Data cardinality of training is 88297
22/11/11 08:17:42 INFO TextDataModel: Data cardinality of testing is 22074
22/11/11 08:17:42 INFO TextDataModel: Feature appender loaded successfully!
22/11/11 08:17:42 INFO OracleAlgo: Job Setup completed.
** Training model in OracleAlgo **
22/11/11 08:17:42 INFO TextDataConvertor: Dataset: [exp00009/result/out-5.txt]
22/11/11 08:17:42 INFO TextDataConvertor: DataSet: exp00009/result/out-5.txt is finished
22/11/11 08:17:42 INFO TextDataConvertor: user number: 4005,	 item number is: 2673
22/11/11 08:17:42 INFO OracleAlgo: Job Train completed.
22/11/11 08:17:42 INFO OracleAlgo: begin recommend
22/11/11 08:17:42 INFO OracleAlgo: end recommend
22/11/11 08:17:42 INFO RecommenderJob: Evaluator info:NormalizedDCGEvaluator is 0.02412890433688238
22/11/11 08:17:42 INFO RecommenderJob: Evaluator info:PStatisticalParityEvaluator is -0.7662558259969457
