23/04/07 12:37:03 INFO TextDataConvertor: Dataset: [../../../data/rating_5000_cls_hc_10core_iterative.csv]
23/04/07 12:37:03 INFO TextDataConvertor: DataSet: ...ng_5000_cls_hc_10core_iterative.csv is finished
23/04/07 12:37:03 INFO TextDataConvertor: rating Scale (real): 3.0 to 5.0
23/04/07 12:37:03 INFO TextDataConvertor: user number: 4005,	 item number is: 2673
23/04/07 12:37:03 INFO TextDataModel: Transform data to Convertor successfully!
23/04/07 12:37:04 INFO TextDataModel: Split data to train Set and test Set successfully!
23/04/07 12:37:04 INFO TextDataModel: Feature appender loaded successfully!
23/04/07 12:37:04 INFO TextDataConvertor: Dataset: [../../../data/split/cv_1/train.txt]
23/04/07 12:37:05 INFO TextDataConvertor: DataSet: ../../../data/split/cv_1/train.txt is finished
23/04/07 12:37:05 INFO TextDataConvertor: rating Scale (real): 3.0 to 5.0
23/04/07 12:37:05 INFO TextDataConvertor: user number: 4005,	 item number is: 2673
23/04/07 12:37:05 INFO TextDataModel: Transform data to Convertor successfully!
23/04/07 12:37:05 INFO TextDataConvertor: Dataset: [../../../data/split/cv_1/test.txt]
23/04/07 12:37:05 INFO TextDataConvertor: DataSet: ../../../data/split/cv_1/test.txt is finished
23/04/07 12:37:05 INFO TextDataConvertor: rating Scale (real): 3.0 to 5.0
23/04/07 12:37:05 INFO TextDataConvertor: user number: 4005,	 item number is: 2673
23/04/07 12:37:05 INFO TextDataModel: Split data to train Set and test Set successfully!
23/04/07 12:37:05 INFO TextDataModel: Data cardinality of training is 88296
23/04/07 12:37:05 INFO TextDataModel: Data cardinality of testing is 22075
23/04/07 12:37:05 INFO TextDataModel: Feature appender loaded successfully!
23/04/07 12:37:06 INFO OracleAlgo: Job Setup completed.
** Training model in OracleAlgo **
23/04/07 12:37:06 INFO TextDataConvertor: Dataset: [exp00000/result/out-1.txt]
23/04/07 12:37:06 INFO TextDataConvertor: DataSet: exp00000/result/out-1.txt is finished
23/04/07 12:37:06 INFO TextDataConvertor: user number: 4005,	 item number is: 2673
23/04/07 12:37:06 INFO OracleAlgo: Job Train completed.
23/04/07 12:37:06 INFO OracleAlgo: begin recommend
23/04/07 12:37:07 INFO OracleAlgo: end recommend
23/04/07 12:37:07 INFO RecommenderJob: Evaluator info:NormalizedDCGEvaluator is 0.013230685104670832
23/04/07 12:37:07 INFO RecommenderJob: Evaluator info:PStatisticalParityEvaluator is -0.8789802289282225
23/04/07 12:37:07 INFO TextDataConvertor: Dataset: [../../../data/split/cv_2/train.txt]
23/04/07 12:37:07 INFO TextDataConvertor: DataSet: ../../../data/split/cv_2/train.txt is finished
23/04/07 12:37:07 INFO TextDataConvertor: rating Scale (real): 3.0 to 5.0
23/04/07 12:37:07 INFO TextDataConvertor: user number: 4005,	 item number is: 2673
23/04/07 12:37:07 INFO TextDataModel: Transform data to Convertor successfully!
23/04/07 12:37:07 INFO TextDataConvertor: Dataset: [../../../data/split/cv_2/test.txt]
23/04/07 12:37:07 INFO TextDataConvertor: DataSet: ../../../data/split/cv_2/test.txt is finished
23/04/07 12:37:07 INFO TextDataConvertor: rating Scale (real): 3.0 to 5.0
23/04/07 12:37:07 INFO TextDataConvertor: user number: 4005,	 item number is: 2673
23/04/07 12:37:07 INFO TextDataModel: Split data to train Set and test Set successfully!
23/04/07 12:37:07 INFO TextDataModel: Data cardinality of training is 88297
23/04/07 12:37:07 INFO TextDataModel: Data cardinality of testing is 22074
23/04/07 12:37:07 INFO TextDataModel: Feature appender loaded successfully!
23/04/07 12:37:09 INFO OracleAlgo: Job Setup completed.
** Training model in OracleAlgo **
23/04/07 12:37:09 INFO TextDataConvertor: Dataset: [exp00000/result/out-2.txt]
23/04/07 12:37:09 INFO TextDataConvertor: DataSet: exp00000/result/out-2.txt is finished
23/04/07 12:37:09 INFO TextDataConvertor: user number: 4005,	 item number is: 2673
23/04/07 12:37:09 INFO OracleAlgo: Job Train completed.
23/04/07 12:37:09 INFO OracleAlgo: begin recommend
23/04/07 12:37:09 INFO OracleAlgo: end recommend
23/04/07 12:37:09 INFO RecommenderJob: Evaluator info:NormalizedDCGEvaluator is 0.01376510089520623
23/04/07 12:37:09 INFO RecommenderJob: Evaluator info:PStatisticalParityEvaluator is -0.8772030153366486
23/04/07 12:37:09 INFO TextDataConvertor: Dataset: [../../../data/split/cv_3/train.txt]
23/04/07 12:37:09 INFO TextDataConvertor: DataSet: ../../../data/split/cv_3/train.txt is finished
23/04/07 12:37:09 INFO TextDataConvertor: rating Scale (real): 3.0 to 5.0
23/04/07 12:37:09 INFO TextDataConvertor: user number: 4005,	 item number is: 2673
23/04/07 12:37:09 INFO TextDataModel: Transform data to Convertor successfully!
23/04/07 12:37:09 INFO TextDataConvertor: Dataset: [../../../data/split/cv_3/test.txt]
23/04/07 12:37:09 INFO TextDataConvertor: DataSet: ../../../data/split/cv_3/test.txt is finished
23/04/07 12:37:09 INFO TextDataConvertor: rating Scale (real): 3.0 to 5.0
23/04/07 12:37:09 INFO TextDataConvertor: user number: 4005,	 item number is: 2673
23/04/07 12:37:09 INFO TextDataModel: Split data to train Set and test Set successfully!
23/04/07 12:37:09 INFO TextDataModel: Data cardinality of training is 88297
23/04/07 12:37:09 INFO TextDataModel: Data cardinality of testing is 22074
23/04/07 12:37:09 INFO TextDataModel: Feature appender loaded successfully!
23/04/07 12:37:10 INFO OracleAlgo: Job Setup completed.
** Training model in OracleAlgo **
23/04/07 12:37:10 INFO TextDataConvertor: Dataset: [exp00000/result/out-3.txt]
23/04/07 12:37:10 INFO TextDataConvertor: DataSet: exp00000/result/out-3.txt is finished
23/04/07 12:37:10 INFO TextDataConvertor: user number: 4005,	 item number is: 2673
23/04/07 12:37:10 INFO OracleAlgo: Job Train completed.
23/04/07 12:37:10 INFO OracleAlgo: begin recommend
23/04/07 12:37:10 INFO OracleAlgo: end recommend
23/04/07 12:37:10 INFO RecommenderJob: Evaluator info:NormalizedDCGEvaluator is 0.01799316285966049
23/04/07 12:37:10 INFO RecommenderJob: Evaluator info:PStatisticalParityEvaluator is -0.883559498956181
23/04/07 12:37:10 INFO TextDataConvertor: Dataset: [../../../data/split/cv_4/train.txt]
23/04/07 12:37:11 INFO TextDataConvertor: DataSet: ../../../data/split/cv_4/train.txt is finished
23/04/07 12:37:11 INFO TextDataConvertor: rating Scale (real): 3.0 to 5.0
23/04/07 12:37:11 INFO TextDataConvertor: user number: 4005,	 item number is: 2673
23/04/07 12:37:11 INFO TextDataModel: Transform data to Convertor successfully!
23/04/07 12:37:11 INFO TextDataConvertor: Dataset: [../../../data/split/cv_4/test.txt]
23/04/07 12:37:11 INFO TextDataConvertor: DataSet: ../../../data/split/cv_4/test.txt is finished
23/04/07 12:37:11 INFO TextDataConvertor: rating Scale (real): 3.0 to 5.0
23/04/07 12:37:11 INFO TextDataConvertor: user number: 4005,	 item number is: 2673
23/04/07 12:37:11 INFO TextDataModel: Split data to train Set and test Set successfully!
23/04/07 12:37:11 INFO TextDataModel: Data cardinality of training is 88297
23/04/07 12:37:11 INFO TextDataModel: Data cardinality of testing is 22074
23/04/07 12:37:11 INFO TextDataModel: Feature appender loaded successfully!
23/04/07 12:37:11 INFO OracleAlgo: Job Setup completed.
** Training model in OracleAlgo **
23/04/07 12:37:11 INFO TextDataConvertor: Dataset: [exp00000/result/out-4.txt]
23/04/07 12:37:12 INFO TextDataConvertor: DataSet: exp00000/result/out-4.txt is finished
23/04/07 12:37:12 INFO TextDataConvertor: user number: 4005,	 item number is: 2673
23/04/07 12:37:12 INFO OracleAlgo: Job Train completed.
23/04/07 12:37:12 INFO OracleAlgo: begin recommend
23/04/07 12:37:12 INFO OracleAlgo: end recommend
23/04/07 12:37:12 INFO RecommenderJob: Evaluator info:NormalizedDCGEvaluator is 0.01661151083245861
23/04/07 12:37:12 INFO RecommenderJob: Evaluator info:PStatisticalParityEvaluator is -0.8839327296248602
23/04/07 12:37:12 INFO TextDataConvertor: Dataset: [../../../data/split/cv_5/train.txt]
23/04/07 12:37:12 INFO TextDataConvertor: DataSet: ../../../data/split/cv_5/train.txt is finished
23/04/07 12:37:12 INFO TextDataConvertor: rating Scale (real): 3.0 to 5.0
23/04/07 12:37:12 INFO TextDataConvertor: user number: 4005,	 item number is: 2673
23/04/07 12:37:12 INFO TextDataModel: Transform data to Convertor successfully!
23/04/07 12:37:12 INFO TextDataConvertor: Dataset: [../../../data/split/cv_5/test.txt]
23/04/07 12:37:12 INFO TextDataConvertor: DataSet: ../../../data/split/cv_5/test.txt is finished
23/04/07 12:37:12 INFO TextDataConvertor: rating Scale (real): 3.0 to 5.0
23/04/07 12:37:12 INFO TextDataConvertor: user number: 4005,	 item number is: 2673
23/04/07 12:37:12 INFO TextDataModel: Split data to train Set and test Set successfully!
23/04/07 12:37:12 INFO TextDataModel: Data cardinality of training is 88297
23/04/07 12:37:12 INFO TextDataModel: Data cardinality of testing is 22074
23/04/07 12:37:12 INFO TextDataModel: Feature appender loaded successfully!
23/04/07 12:37:13 INFO OracleAlgo: Job Setup completed.
** Training model in OracleAlgo **
23/04/07 12:37:13 INFO TextDataConvertor: Dataset: [exp00000/result/out-5.txt]
23/04/07 12:37:13 INFO TextDataConvertor: DataSet: exp00000/result/out-5.txt is finished
23/04/07 12:37:13 INFO TextDataConvertor: user number: 4005,	 item number is: 2673
23/04/07 12:37:13 INFO OracleAlgo: Job Train completed.
23/04/07 12:37:13 INFO OracleAlgo: begin recommend
23/04/07 12:37:13 INFO OracleAlgo: end recommend
23/04/07 12:37:13 INFO RecommenderJob: Evaluator info:NormalizedDCGEvaluator is 0.017576250712084046
23/04/07 12:37:13 INFO RecommenderJob: Evaluator info:PStatisticalParityEvaluator is -0.8920248575867623
