22/11/14 05:11:47 INFO TextDataConvertor: Dataset: [../../../data/rating_5000_cls_hc_10core_iterative.csv]
22/11/14 05:11:48 INFO TextDataConvertor: DataSet: ...ng_5000_cls_hc_10core_iterative.csv is finished
22/11/14 05:11:48 INFO TextDataConvertor: rating Scale (real): 3.0 to 5.0
22/11/14 05:11:48 INFO TextDataConvertor: user number: 4005,	 item number is: 2673
22/11/14 05:11:48 INFO TextDataModel: Transform data to Convertor successfully!
22/11/14 05:11:48 INFO TextDataModel: Split data to train Set and test Set successfully!
22/11/14 05:11:49 INFO TextDataModel: Feature appender loaded successfully!
22/11/14 05:11:49 INFO TextDataConvertor: Dataset: [../../../data/split/cv_1/train.txt]
22/11/14 05:11:49 INFO TextDataConvertor: DataSet: ../../../data/split/cv_1/train.txt is finished
22/11/14 05:11:49 INFO TextDataConvertor: rating Scale (real): 3.0 to 5.0
22/11/14 05:11:49 INFO TextDataConvertor: user number: 4005,	 item number is: 2673
22/11/14 05:11:49 INFO TextDataModel: Transform data to Convertor successfully!
22/11/14 05:11:49 INFO TextDataConvertor: Dataset: [../../../data/split/cv_1/test.txt]
22/11/14 05:11:49 INFO TextDataConvertor: DataSet: ../../../data/split/cv_1/test.txt is finished
22/11/14 05:11:49 INFO TextDataConvertor: rating Scale (real): 3.0 to 5.0
22/11/14 05:11:49 INFO TextDataConvertor: user number: 4005,	 item number is: 2673
22/11/14 05:11:49 INFO TextDataModel: Split data to train Set and test Set successfully!
22/11/14 05:11:49 INFO TextDataModel: Data cardinality of training is 88296
22/11/14 05:11:49 INFO TextDataModel: Data cardinality of testing is 22075
22/11/14 05:11:49 INFO TextDataModel: Feature appender loaded successfully!
22/11/14 05:11:50 INFO OracleAlgo: Job Setup completed.
** Training model in OracleAlgo **
22/11/14 05:11:50 INFO TextDataConvertor: Dataset: [exp00049/result/out-1.txt]
22/11/14 05:11:50 INFO TextDataConvertor: DataSet: exp00049/result/out-1.txt is finished
22/11/14 05:11:50 INFO TextDataConvertor: user number: 4005,	 item number is: 2673
22/11/14 05:11:50 INFO OracleAlgo: Job Train completed.
22/11/14 05:11:50 INFO OracleAlgo: begin recommend
22/11/14 05:11:51 INFO OracleAlgo: end recommend
22/11/14 05:11:51 INFO RecommenderJob: Evaluator info:NormalizedDCGEvaluator is 0.024614108574507024
22/11/14 05:11:51 INFO RecommenderJob: Evaluator info:PStatisticalParityEvaluator is -0.668064516129065
22/11/14 05:11:51 INFO TextDataConvertor: Dataset: [../../../data/split/cv_2/train.txt]
22/11/14 05:11:51 INFO TextDataConvertor: DataSet: ../../../data/split/cv_2/train.txt is finished
22/11/14 05:11:51 INFO TextDataConvertor: rating Scale (real): 3.0 to 5.0
22/11/14 05:11:51 INFO TextDataConvertor: user number: 4005,	 item number is: 2673
22/11/14 05:11:51 INFO TextDataModel: Transform data to Convertor successfully!
22/11/14 05:11:51 INFO TextDataConvertor: Dataset: [../../../data/split/cv_2/test.txt]
22/11/14 05:11:51 INFO TextDataConvertor: DataSet: ../../../data/split/cv_2/test.txt is finished
22/11/14 05:11:51 INFO TextDataConvertor: rating Scale (real): 3.0 to 5.0
22/11/14 05:11:51 INFO TextDataConvertor: user number: 4005,	 item number is: 2673
22/11/14 05:11:51 INFO TextDataModel: Split data to train Set and test Set successfully!
22/11/14 05:11:51 INFO TextDataModel: Data cardinality of training is 88297
22/11/14 05:11:51 INFO TextDataModel: Data cardinality of testing is 22074
22/11/14 05:11:51 INFO TextDataModel: Feature appender loaded successfully!
22/11/14 05:11:52 INFO OracleAlgo: Job Setup completed.
** Training model in OracleAlgo **
22/11/14 05:11:52 INFO TextDataConvertor: Dataset: [exp00049/result/out-2.txt]
22/11/14 05:11:52 INFO TextDataConvertor: DataSet: exp00049/result/out-2.txt is finished
22/11/14 05:11:52 INFO TextDataConvertor: user number: 4005,	 item number is: 2673
22/11/14 05:11:52 INFO OracleAlgo: Job Train completed.
22/11/14 05:11:52 INFO OracleAlgo: begin recommend
22/11/14 05:11:53 INFO OracleAlgo: end recommend
22/11/14 05:11:53 INFO RecommenderJob: Evaluator info:NormalizedDCGEvaluator is 0.02842419564273705
22/11/14 05:11:53 INFO RecommenderJob: Evaluator info:PStatisticalParityEvaluator is -0.6711515466597677
22/11/14 05:11:53 INFO TextDataConvertor: Dataset: [../../../data/split/cv_3/train.txt]
22/11/14 05:11:53 INFO TextDataConvertor: DataSet: ../../../data/split/cv_3/train.txt is finished
22/11/14 05:11:53 INFO TextDataConvertor: rating Scale (real): 3.0 to 5.0
22/11/14 05:11:53 INFO TextDataConvertor: user number: 4005,	 item number is: 2673
22/11/14 05:11:53 INFO TextDataModel: Transform data to Convertor successfully!
22/11/14 05:11:53 INFO TextDataConvertor: Dataset: [../../../data/split/cv_3/test.txt]
22/11/14 05:11:53 INFO TextDataConvertor: DataSet: ../../../data/split/cv_3/test.txt is finished
22/11/14 05:11:53 INFO TextDataConvertor: rating Scale (real): 3.0 to 5.0
22/11/14 05:11:53 INFO TextDataConvertor: user number: 4005,	 item number is: 2673
22/11/14 05:11:53 INFO TextDataModel: Split data to train Set and test Set successfully!
22/11/14 05:11:53 INFO TextDataModel: Data cardinality of training is 88297
22/11/14 05:11:53 INFO TextDataModel: Data cardinality of testing is 22074
22/11/14 05:11:53 INFO TextDataModel: Feature appender loaded successfully!
22/11/14 05:11:54 INFO OracleAlgo: Job Setup completed.
** Training model in OracleAlgo **
22/11/14 05:11:54 INFO TextDataConvertor: Dataset: [exp00049/result/out-3.txt]
22/11/14 05:11:54 INFO TextDataConvertor: DataSet: exp00049/result/out-3.txt is finished
22/11/14 05:11:54 INFO TextDataConvertor: user number: 4005,	 item number is: 2673
22/11/14 05:11:54 INFO OracleAlgo: Job Train completed.
22/11/14 05:11:54 INFO OracleAlgo: begin recommend
22/11/14 05:11:55 INFO OracleAlgo: end recommend
22/11/14 05:11:55 INFO RecommenderJob: Evaluator info:NormalizedDCGEvaluator is 0.029552066677615174
22/11/14 05:11:55 INFO RecommenderJob: Evaluator info:PStatisticalParityEvaluator is -0.6676200417536863
22/11/14 05:11:55 INFO TextDataConvertor: Dataset: [../../../data/split/cv_4/train.txt]
22/11/14 05:11:55 INFO TextDataConvertor: DataSet: ../../../data/split/cv_4/train.txt is finished
22/11/14 05:11:55 INFO TextDataConvertor: rating Scale (real): 3.0 to 5.0
22/11/14 05:11:55 INFO TextDataConvertor: user number: 4005,	 item number is: 2673
22/11/14 05:11:55 INFO TextDataModel: Transform data to Convertor successfully!
22/11/14 05:11:55 INFO TextDataConvertor: Dataset: [../../../data/split/cv_4/test.txt]
22/11/14 05:11:55 INFO TextDataConvertor: DataSet: ../../../data/split/cv_4/test.txt is finished
22/11/14 05:11:55 INFO TextDataConvertor: rating Scale (real): 3.0 to 5.0
22/11/14 05:11:55 INFO TextDataConvertor: user number: 4005,	 item number is: 2673
22/11/14 05:11:55 INFO TextDataModel: Split data to train Set and test Set successfully!
22/11/14 05:11:55 INFO TextDataModel: Data cardinality of training is 88297
22/11/14 05:11:55 INFO TextDataModel: Data cardinality of testing is 22074
22/11/14 05:11:55 INFO TextDataModel: Feature appender loaded successfully!
22/11/14 05:11:56 INFO OracleAlgo: Job Setup completed.
** Training model in OracleAlgo **
22/11/14 05:11:56 INFO TextDataConvertor: Dataset: [exp00049/result/out-4.txt]
22/11/14 05:11:56 INFO TextDataConvertor: DataSet: exp00049/result/out-4.txt is finished
22/11/14 05:11:56 INFO TextDataConvertor: user number: 4005,	 item number is: 2673
22/11/14 05:11:56 INFO OracleAlgo: Job Train completed.
22/11/14 05:11:56 INFO OracleAlgo: begin recommend
22/11/14 05:11:57 INFO OracleAlgo: end recommend
22/11/14 05:11:57 INFO RecommenderJob: Evaluator info:NormalizedDCGEvaluator is 0.03075349482925262
22/11/14 05:11:57 INFO RecommenderJob: Evaluator info:PStatisticalParityEvaluator is -0.6679534282018442
22/11/14 05:11:57 INFO TextDataConvertor: Dataset: [../../../data/split/cv_5/train.txt]
22/11/14 05:11:57 INFO TextDataConvertor: DataSet: ../../../data/split/cv_5/train.txt is finished
22/11/14 05:11:57 INFO TextDataConvertor: rating Scale (real): 3.0 to 5.0
22/11/14 05:11:57 INFO TextDataConvertor: user number: 4005,	 item number is: 2673
22/11/14 05:11:57 INFO TextDataModel: Transform data to Convertor successfully!
22/11/14 05:11:57 INFO TextDataConvertor: Dataset: [../../../data/split/cv_5/test.txt]
22/11/14 05:11:57 INFO TextDataConvertor: DataSet: ../../../data/split/cv_5/test.txt is finished
22/11/14 05:11:57 INFO TextDataConvertor: rating Scale (real): 3.0 to 5.0
22/11/14 05:11:57 INFO TextDataConvertor: user number: 4005,	 item number is: 2673
22/11/14 05:11:57 INFO TextDataModel: Split data to train Set and test Set successfully!
22/11/14 05:11:57 INFO TextDataModel: Data cardinality of training is 88297
22/11/14 05:11:57 INFO TextDataModel: Data cardinality of testing is 22074
22/11/14 05:11:57 INFO TextDataModel: Feature appender loaded successfully!
22/11/14 05:11:58 INFO OracleAlgo: Job Setup completed.
** Training model in OracleAlgo **
22/11/14 05:11:58 INFO TextDataConvertor: Dataset: [exp00049/result/out-5.txt]
22/11/14 05:11:58 INFO TextDataConvertor: DataSet: exp00049/result/out-5.txt is finished
22/11/14 05:11:58 INFO TextDataConvertor: user number: 4005,	 item number is: 2673
22/11/14 05:11:58 INFO OracleAlgo: Job Train completed.
22/11/14 05:11:58 INFO OracleAlgo: begin recommend
22/11/14 05:11:58 INFO OracleAlgo: end recommend
22/11/14 05:11:58 INFO RecommenderJob: Evaluator info:NormalizedDCGEvaluator is 0.02870072773479832
22/11/14 05:11:58 INFO RecommenderJob: Evaluator info:PStatisticalParityEvaluator is -0.67032625582603
