23/04/07 11:08:36 INFO TextDataConvertor: Dataset: [../../../data/rating_5000_cls_hc_10core_iterative.csv]
23/04/07 11:08:37 INFO TextDataConvertor: DataSet: ...ng_5000_cls_hc_10core_iterative.csv is finished
23/04/07 11:08:37 INFO TextDataConvertor: rating Scale (real): 3.0 to 5.0
23/04/07 11:08:37 INFO TextDataConvertor: user number: 4005,	 item number is: 2673
23/04/07 11:08:37 INFO TextDataModel: Transform data to Convertor successfully!
23/04/07 11:08:38 INFO TextDataModel: Split data to train Set and test Set successfully!
23/04/07 11:08:38 INFO TextDataModel: Feature appender loaded successfully!
23/04/07 11:08:38 INFO TextDataConvertor: Dataset: [../../../data/split/cv_1/train.txt]
23/04/07 11:08:38 INFO TextDataConvertor: DataSet: ../../../data/split/cv_1/train.txt is finished
23/04/07 11:08:38 INFO TextDataConvertor: rating Scale (real): 3.0 to 5.0
23/04/07 11:08:38 INFO TextDataConvertor: user number: 4005,	 item number is: 2673
23/04/07 11:08:38 INFO TextDataModel: Transform data to Convertor successfully!
23/04/07 11:08:38 INFO TextDataConvertor: Dataset: [../../../data/split/cv_1/test.txt]
23/04/07 11:08:38 INFO TextDataConvertor: DataSet: ../../../data/split/cv_1/test.txt is finished
23/04/07 11:08:38 INFO TextDataConvertor: rating Scale (real): 3.0 to 5.0
23/04/07 11:08:38 INFO TextDataConvertor: user number: 4005,	 item number is: 2673
23/04/07 11:08:38 INFO TextDataModel: Split data to train Set and test Set successfully!
23/04/07 11:08:38 INFO TextDataModel: Data cardinality of training is 88296
23/04/07 11:08:38 INFO TextDataModel: Data cardinality of testing is 22075
23/04/07 11:08:39 INFO TextDataModel: Feature appender loaded successfully!
23/04/07 11:08:40 INFO OracleAlgo: Job Setup completed.
** Training model in OracleAlgo **
23/04/07 11:08:40 INFO TextDataConvertor: Dataset: [exp00000/result/out-1.txt]
23/04/07 11:08:40 INFO TextDataConvertor: DataSet: exp00000/result/out-1.txt is finished
23/04/07 11:08:40 INFO TextDataConvertor: user number: 4005,	 item number is: 2673
23/04/07 11:08:40 INFO OracleAlgo: Job Train completed.
23/04/07 11:08:40 INFO OracleAlgo: begin recommend
23/04/07 11:08:41 INFO OracleAlgo: end recommend
23/04/07 11:08:41 INFO RecommenderJob: Evaluator info:NormalizedDCGEvaluator is 0.01914778284570669
23/04/07 11:08:41 INFO RecommenderJob: Evaluator info:PStatisticalParityEvaluator is -0.4000000000000027
23/04/07 11:08:41 INFO TextDataConvertor: Dataset: [../../../data/split/cv_2/train.txt]
23/04/07 11:08:42 INFO TextDataConvertor: DataSet: ../../../data/split/cv_2/train.txt is finished
23/04/07 11:08:42 INFO TextDataConvertor: rating Scale (real): 3.0 to 5.0
23/04/07 11:08:42 INFO TextDataConvertor: user number: 4005,	 item number is: 2673
23/04/07 11:08:42 INFO TextDataModel: Transform data to Convertor successfully!
23/04/07 11:08:42 INFO TextDataConvertor: Dataset: [../../../data/split/cv_2/test.txt]
23/04/07 11:08:42 INFO TextDataConvertor: DataSet: ../../../data/split/cv_2/test.txt is finished
23/04/07 11:08:42 INFO TextDataConvertor: rating Scale (real): 3.0 to 5.0
23/04/07 11:08:42 INFO TextDataConvertor: user number: 4005,	 item number is: 2673
23/04/07 11:08:42 INFO TextDataModel: Split data to train Set and test Set successfully!
23/04/07 11:08:42 INFO TextDataModel: Data cardinality of training is 88297
23/04/07 11:08:42 INFO TextDataModel: Data cardinality of testing is 22074
23/04/07 11:08:42 INFO TextDataModel: Feature appender loaded successfully!
23/04/07 11:08:43 INFO OracleAlgo: Job Setup completed.
** Training model in OracleAlgo **
23/04/07 11:08:43 INFO TextDataConvertor: Dataset: [exp00000/result/out-2.txt]
23/04/07 11:08:43 INFO TextDataConvertor: DataSet: exp00000/result/out-2.txt is finished
23/04/07 11:08:43 INFO TextDataConvertor: user number: 4005,	 item number is: 2673
23/04/07 11:08:43 INFO OracleAlgo: Job Train completed.
23/04/07 11:08:43 INFO OracleAlgo: begin recommend
23/04/07 11:08:44 INFO OracleAlgo: end recommend
23/04/07 11:08:44 INFO RecommenderJob: Evaluator info:NormalizedDCGEvaluator is 0.02366553027241577
23/04/07 11:08:44 INFO RecommenderJob: Evaluator info:PStatisticalParityEvaluator is -0.4000000000000026
23/04/07 11:08:44 INFO TextDataConvertor: Dataset: [../../../data/split/cv_3/train.txt]
23/04/07 11:08:44 INFO TextDataConvertor: DataSet: ../../../data/split/cv_3/train.txt is finished
23/04/07 11:08:44 INFO TextDataConvertor: rating Scale (real): 3.0 to 5.0
23/04/07 11:08:44 INFO TextDataConvertor: user number: 4005,	 item number is: 2673
23/04/07 11:08:44 INFO TextDataModel: Transform data to Convertor successfully!
23/04/07 11:08:44 INFO TextDataConvertor: Dataset: [../../../data/split/cv_3/test.txt]
23/04/07 11:08:44 INFO TextDataConvertor: DataSet: ../../../data/split/cv_3/test.txt is finished
23/04/07 11:08:44 INFO TextDataConvertor: rating Scale (real): 3.0 to 5.0
23/04/07 11:08:44 INFO TextDataConvertor: user number: 4005,	 item number is: 2673
23/04/07 11:08:44 INFO TextDataModel: Split data to train Set and test Set successfully!
23/04/07 11:08:44 INFO TextDataModel: Data cardinality of training is 88297
23/04/07 11:08:44 INFO TextDataModel: Data cardinality of testing is 22074
23/04/07 11:08:44 INFO TextDataModel: Feature appender loaded successfully!
23/04/07 11:08:45 INFO OracleAlgo: Job Setup completed.
** Training model in OracleAlgo **
23/04/07 11:08:45 INFO TextDataConvertor: Dataset: [exp00000/result/out-3.txt]
23/04/07 11:08:45 INFO TextDataConvertor: DataSet: exp00000/result/out-3.txt is finished
23/04/07 11:08:45 INFO TextDataConvertor: user number: 4005,	 item number is: 2673
23/04/07 11:08:45 INFO OracleAlgo: Job Train completed.
23/04/07 11:08:45 INFO OracleAlgo: begin recommend
23/04/07 11:08:46 INFO OracleAlgo: end recommend
23/04/07 11:08:46 INFO RecommenderJob: Evaluator info:NormalizedDCGEvaluator is 0.025120854875001312
23/04/07 11:08:46 INFO RecommenderJob: Evaluator info:PStatisticalParityEvaluator is -0.4007828810020909
23/04/07 11:08:46 INFO TextDataConvertor: Dataset: [../../../data/split/cv_4/train.txt]
23/04/07 11:08:47 INFO TextDataConvertor: DataSet: ../../../data/split/cv_4/train.txt is finished
23/04/07 11:08:47 INFO TextDataConvertor: rating Scale (real): 3.0 to 5.0
23/04/07 11:08:47 INFO TextDataConvertor: user number: 4005,	 item number is: 2673
23/04/07 11:08:47 INFO TextDataModel: Transform data to Convertor successfully!
23/04/07 11:08:47 INFO TextDataConvertor: Dataset: [../../../data/split/cv_4/test.txt]
23/04/07 11:08:47 INFO TextDataConvertor: DataSet: ../../../data/split/cv_4/test.txt is finished
23/04/07 11:08:47 INFO TextDataConvertor: rating Scale (real): 3.0 to 5.0
23/04/07 11:08:47 INFO TextDataConvertor: user number: 4005,	 item number is: 2673
23/04/07 11:08:47 INFO TextDataModel: Split data to train Set and test Set successfully!
23/04/07 11:08:47 INFO TextDataModel: Data cardinality of training is 88297
23/04/07 11:08:47 INFO TextDataModel: Data cardinality of testing is 22074
23/04/07 11:08:47 INFO TextDataModel: Feature appender loaded successfully!
23/04/07 11:08:48 INFO OracleAlgo: Job Setup completed.
** Training model in OracleAlgo **
23/04/07 11:08:48 INFO TextDataConvertor: Dataset: [exp00000/result/out-4.txt]
23/04/07 11:08:48 INFO TextDataConvertor: DataSet: exp00000/result/out-4.txt is finished
23/04/07 11:08:48 INFO TextDataConvertor: user number: 4005,	 item number is: 2673
23/04/07 11:08:48 INFO OracleAlgo: Job Train completed.
23/04/07 11:08:48 INFO OracleAlgo: begin recommend
23/04/07 11:08:49 INFO OracleAlgo: end recommend
23/04/07 11:08:49 INFO RecommenderJob: Evaluator info:NormalizedDCGEvaluator is 0.02489682436335934
23/04/07 11:08:49 INFO RecommenderJob: Evaluator info:PStatisticalParityEvaluator is -0.4000000000000019
23/04/07 11:08:49 INFO TextDataConvertor: Dataset: [../../../data/split/cv_5/train.txt]
23/04/07 11:08:50 INFO TextDataConvertor: DataSet: ../../../data/split/cv_5/train.txt is finished
23/04/07 11:08:50 INFO TextDataConvertor: rating Scale (real): 3.0 to 5.0
23/04/07 11:08:50 INFO TextDataConvertor: user number: 4005,	 item number is: 2673
23/04/07 11:08:50 INFO TextDataModel: Transform data to Convertor successfully!
23/04/07 11:08:50 INFO TextDataConvertor: Dataset: [../../../data/split/cv_5/test.txt]
23/04/07 11:08:50 INFO TextDataConvertor: DataSet: ../../../data/split/cv_5/test.txt is finished
23/04/07 11:08:50 INFO TextDataConvertor: rating Scale (real): 3.0 to 5.0
23/04/07 11:08:50 INFO TextDataConvertor: user number: 4005,	 item number is: 2673
23/04/07 11:08:50 INFO TextDataModel: Split data to train Set and test Set successfully!
23/04/07 11:08:50 INFO TextDataModel: Data cardinality of training is 88297
23/04/07 11:08:50 INFO TextDataModel: Data cardinality of testing is 22074
23/04/07 11:08:50 INFO TextDataModel: Feature appender loaded successfully!
23/04/07 11:08:51 INFO OracleAlgo: Job Setup completed.
** Training model in OracleAlgo **
23/04/07 11:08:51 INFO TextDataConvertor: Dataset: [exp00000/result/out-5.txt]
23/04/07 11:08:51 INFO TextDataConvertor: DataSet: exp00000/result/out-5.txt is finished
23/04/07 11:08:51 INFO TextDataConvertor: user number: 4005,	 item number is: 2673
23/04/07 11:08:51 INFO OracleAlgo: Job Train completed.
23/04/07 11:08:51 INFO OracleAlgo: begin recommend
23/04/07 11:08:51 INFO OracleAlgo: end recommend
23/04/07 11:08:51 INFO RecommenderJob: Evaluator info:NormalizedDCGEvaluator is 0.022330791196567303
23/04/07 11:08:51 INFO RecommenderJob: Evaluator info:PStatisticalParityEvaluator is -0.400000000000002
