22/11/28 06:01:15 INFO TextDataConvertor: Dataset: [../../../data/rating_5000_cls_hc_10core_iterative.csv]
22/11/28 06:01:15 INFO TextDataConvertor: DataSet: ...ng_5000_cls_hc_10core_iterative.csv is finished
22/11/28 06:01:15 INFO TextDataConvertor: rating Scale (real): 3.0 to 5.0
22/11/28 06:01:15 INFO TextDataConvertor: user number: 4005,	 item number is: 2673
22/11/28 06:01:15 INFO TextDataModel: Transform data to Convertor successfully!
22/11/28 06:01:16 INFO TextDataModel: Split data to train Set and test Set successfully!
22/11/28 06:01:16 INFO TextDataModel: Feature appender loaded successfully!
22/11/28 06:01:16 INFO TextDataConvertor: Dataset: [../../../data/split/cv_1/train.txt]
22/11/28 06:01:16 INFO TextDataConvertor: DataSet: ../../../data/split/cv_1/train.txt is finished
22/11/28 06:01:16 INFO TextDataConvertor: rating Scale (real): 3.0 to 5.0
22/11/28 06:01:16 INFO TextDataConvertor: user number: 4005,	 item number is: 2673
22/11/28 06:01:16 INFO TextDataModel: Transform data to Convertor successfully!
22/11/28 06:01:16 INFO TextDataConvertor: Dataset: [../../../data/split/cv_1/test.txt]
22/11/28 06:01:16 INFO TextDataConvertor: DataSet: ../../../data/split/cv_1/test.txt is finished
22/11/28 06:01:16 INFO TextDataConvertor: rating Scale (real): 3.0 to 5.0
22/11/28 06:01:16 INFO TextDataConvertor: user number: 4005,	 item number is: 2673
22/11/28 06:01:16 INFO TextDataModel: Split data to train Set and test Set successfully!
22/11/28 06:01:16 INFO TextDataModel: Data cardinality of training is 88296
22/11/28 06:01:16 INFO TextDataModel: Data cardinality of testing is 22075
22/11/28 06:01:16 INFO TextDataModel: Feature appender loaded successfully!
22/11/28 06:01:17 INFO OracleAlgo: Job Setup completed.
** Training model in OracleAlgo **
22/11/28 06:01:17 INFO TextDataConvertor: Dataset: [exp00041/result/out-1.txt]
22/11/28 06:01:17 INFO TextDataConvertor: DataSet: exp00041/result/out-1.txt is finished
22/11/28 06:01:17 INFO TextDataConvertor: user number: 4005,	 item number is: 2673
22/11/28 06:01:17 INFO OracleAlgo: Job Train completed.
22/11/28 06:01:17 INFO OracleAlgo: begin recommend
22/11/28 06:01:18 INFO OracleAlgo: end recommend
22/11/28 06:01:18 INFO RecommenderJob: Evaluator info:NormalizedDCGEvaluator is 0.017691486936228122
22/11/28 06:01:18 INFO RecommenderJob: Evaluator info:PStatisticalParityEvaluator is -0.7872944849116046
22/11/28 06:01:18 INFO TextDataConvertor: Dataset: [../../../data/split/cv_2/train.txt]
22/11/28 06:01:18 INFO TextDataConvertor: DataSet: ../../../data/split/cv_2/train.txt is finished
22/11/28 06:01:18 INFO TextDataConvertor: rating Scale (real): 3.0 to 5.0
22/11/28 06:01:18 INFO TextDataConvertor: user number: 4005,	 item number is: 2673
22/11/28 06:01:18 INFO TextDataModel: Transform data to Convertor successfully!
22/11/28 06:01:18 INFO TextDataConvertor: Dataset: [../../../data/split/cv_2/test.txt]
22/11/28 06:01:18 INFO TextDataConvertor: DataSet: ../../../data/split/cv_2/test.txt is finished
22/11/28 06:01:18 INFO TextDataConvertor: rating Scale (real): 3.0 to 5.0
22/11/28 06:01:18 INFO TextDataConvertor: user number: 4005,	 item number is: 2673
22/11/28 06:01:18 INFO TextDataModel: Split data to train Set and test Set successfully!
22/11/28 06:01:18 INFO TextDataModel: Data cardinality of training is 88297
22/11/28 06:01:18 INFO TextDataModel: Data cardinality of testing is 22074
22/11/28 06:01:18 INFO TextDataModel: Feature appender loaded successfully!
22/11/28 06:01:19 INFO OracleAlgo: Job Setup completed.
** Training model in OracleAlgo **
22/11/28 06:01:19 INFO TextDataConvertor: Dataset: [exp00041/result/out-2.txt]
22/11/28 06:01:19 INFO TextDataConvertor: DataSet: exp00041/result/out-2.txt is finished
22/11/28 06:01:19 INFO TextDataConvertor: user number: 4005,	 item number is: 2673
22/11/28 06:01:19 INFO OracleAlgo: Job Train completed.
22/11/28 06:01:19 INFO OracleAlgo: begin recommend
22/11/28 06:01:20 INFO OracleAlgo: end recommend
22/11/28 06:01:20 INFO RecommenderJob: Evaluator info:NormalizedDCGEvaluator is 0.018841638323159174
22/11/28 06:01:20 INFO RecommenderJob: Evaluator info:PStatisticalParityEvaluator is -0.7871484273460384
22/11/28 06:01:20 INFO TextDataConvertor: Dataset: [../../../data/split/cv_3/train.txt]
22/11/28 06:01:20 INFO TextDataConvertor: DataSet: ../../../data/split/cv_3/train.txt is finished
22/11/28 06:01:20 INFO TextDataConvertor: rating Scale (real): 3.0 to 5.0
22/11/28 06:01:20 INFO TextDataConvertor: user number: 4005,	 item number is: 2673
22/11/28 06:01:20 INFO TextDataModel: Transform data to Convertor successfully!
22/11/28 06:01:20 INFO TextDataConvertor: Dataset: [../../../data/split/cv_3/test.txt]
22/11/28 06:01:20 INFO TextDataConvertor: DataSet: ../../../data/split/cv_3/test.txt is finished
22/11/28 06:01:20 INFO TextDataConvertor: rating Scale (real): 3.0 to 5.0
22/11/28 06:01:20 INFO TextDataConvertor: user number: 4005,	 item number is: 2673
22/11/28 06:01:20 INFO TextDataModel: Split data to train Set and test Set successfully!
22/11/28 06:01:20 INFO TextDataModel: Data cardinality of training is 88297
22/11/28 06:01:20 INFO TextDataModel: Data cardinality of testing is 22074
22/11/28 06:01:20 INFO TextDataModel: Feature appender loaded successfully!
22/11/28 06:01:21 INFO OracleAlgo: Job Setup completed.
** Training model in OracleAlgo **
22/11/28 06:01:21 INFO TextDataConvertor: Dataset: [exp00041/result/out-3.txt]
22/11/28 06:01:21 INFO TextDataConvertor: DataSet: exp00041/result/out-3.txt is finished
22/11/28 06:01:21 INFO TextDataConvertor: user number: 4005,	 item number is: 2673
22/11/28 06:01:21 INFO OracleAlgo: Job Train completed.
22/11/28 06:01:21 INFO OracleAlgo: begin recommend
22/11/28 06:01:21 INFO OracleAlgo: end recommend
22/11/28 06:01:21 INFO RecommenderJob: Evaluator info:NormalizedDCGEvaluator is 0.01995361475958875
22/11/28 06:01:21 INFO RecommenderJob: Evaluator info:PStatisticalParityEvaluator is -0.786878914405065
22/11/28 06:01:21 INFO TextDataConvertor: Dataset: [../../../data/split/cv_4/train.txt]
22/11/28 06:01:21 INFO TextDataConvertor: DataSet: ../../../data/split/cv_4/train.txt is finished
22/11/28 06:01:21 INFO TextDataConvertor: rating Scale (real): 3.0 to 5.0
22/11/28 06:01:21 INFO TextDataConvertor: user number: 4005,	 item number is: 2673
22/11/28 06:01:21 INFO TextDataModel: Transform data to Convertor successfully!
22/11/28 06:01:21 INFO TextDataConvertor: Dataset: [../../../data/split/cv_4/test.txt]
22/11/28 06:01:21 INFO TextDataConvertor: DataSet: ../../../data/split/cv_4/test.txt is finished
22/11/28 06:01:21 INFO TextDataConvertor: rating Scale (real): 3.0 to 5.0
22/11/28 06:01:21 INFO TextDataConvertor: user number: 4005,	 item number is: 2673
22/11/28 06:01:21 INFO TextDataModel: Split data to train Set and test Set successfully!
22/11/28 06:01:21 INFO TextDataModel: Data cardinality of training is 88297
22/11/28 06:01:21 INFO TextDataModel: Data cardinality of testing is 22074
22/11/28 06:01:21 INFO TextDataModel: Feature appender loaded successfully!
22/11/28 06:01:22 INFO OracleAlgo: Job Setup completed.
** Training model in OracleAlgo **
22/11/28 06:01:22 INFO TextDataConvertor: Dataset: [exp00041/result/out-4.txt]
22/11/28 06:01:22 INFO TextDataConvertor: DataSet: exp00041/result/out-4.txt is finished
22/11/28 06:01:22 INFO TextDataConvertor: user number: 4005,	 item number is: 2673
22/11/28 06:01:22 INFO OracleAlgo: Job Train completed.
22/11/28 06:01:22 INFO OracleAlgo: begin recommend
22/11/28 06:01:22 INFO OracleAlgo: end recommend
22/11/28 06:01:23 INFO RecommenderJob: Evaluator info:NormalizedDCGEvaluator is 0.020915343441591055
22/11/28 06:01:23 INFO RecommenderJob: Evaluator info:PStatisticalParityEvaluator is -0.7875498059508954
22/11/28 06:01:23 INFO TextDataConvertor: Dataset: [../../../data/split/cv_5/train.txt]
22/11/28 06:01:23 INFO TextDataConvertor: DataSet: ../../../data/split/cv_5/train.txt is finished
22/11/28 06:01:23 INFO TextDataConvertor: rating Scale (real): 3.0 to 5.0
22/11/28 06:01:23 INFO TextDataConvertor: user number: 4005,	 item number is: 2673
22/11/28 06:01:23 INFO TextDataModel: Transform data to Convertor successfully!
22/11/28 06:01:23 INFO TextDataConvertor: Dataset: [../../../data/split/cv_5/test.txt]
22/11/28 06:01:23 INFO TextDataConvertor: DataSet: ../../../data/split/cv_5/test.txt is finished
22/11/28 06:01:23 INFO TextDataConvertor: rating Scale (real): 3.0 to 5.0
22/11/28 06:01:23 INFO TextDataConvertor: user number: 4005,	 item number is: 2673
22/11/28 06:01:23 INFO TextDataModel: Split data to train Set and test Set successfully!
22/11/28 06:01:23 INFO TextDataModel: Data cardinality of training is 88297
22/11/28 06:01:23 INFO TextDataModel: Data cardinality of testing is 22074
22/11/28 06:01:23 INFO TextDataModel: Feature appender loaded successfully!
22/11/28 06:01:23 INFO OracleAlgo: Job Setup completed.
** Training model in OracleAlgo **
22/11/28 06:01:23 INFO TextDataConvertor: Dataset: [exp00041/result/out-5.txt]
22/11/28 06:01:23 INFO TextDataConvertor: DataSet: exp00041/result/out-5.txt is finished
22/11/28 06:01:23 INFO TextDataConvertor: user number: 4005,	 item number is: 2673
22/11/28 06:01:23 INFO OracleAlgo: Job Train completed.
22/11/28 06:01:23 INFO OracleAlgo: begin recommend
22/11/28 06:01:24 INFO OracleAlgo: end recommend
22/11/28 06:01:24 INFO RecommenderJob: Evaluator info:NormalizedDCGEvaluator is 0.020272520760976815
22/11/28 06:01:24 INFO RecommenderJob: Evaluator info:PStatisticalParityEvaluator is -0.787560849300935
