23/04/07 11:48:19 INFO TextDataConvertor: Dataset: [../../../data/rating_5000_cls_hc_10core_iterative.csv]
23/04/07 11:48:20 INFO TextDataConvertor: DataSet: ...ng_5000_cls_hc_10core_iterative.csv is finished
23/04/07 11:48:20 INFO TextDataConvertor: rating Scale (real): 3.0 to 5.0
23/04/07 11:48:20 INFO TextDataConvertor: user number: 4005,	 item number is: 2673
23/04/07 11:48:20 INFO TextDataModel: Transform data to Convertor successfully!
23/04/07 11:48:20 INFO TextDataModel: Split data to train Set and test Set successfully!
23/04/07 11:48:21 INFO TextDataModel: Feature appender loaded successfully!
23/04/07 11:48:21 INFO TextDataConvertor: Dataset: [../../../data/split/cv_1/train.txt]
23/04/07 11:48:21 INFO TextDataConvertor: DataSet: ../../../data/split/cv_1/train.txt is finished
23/04/07 11:48:21 INFO TextDataConvertor: rating Scale (real): 3.0 to 5.0
23/04/07 11:48:21 INFO TextDataConvertor: user number: 4005,	 item number is: 2673
23/04/07 11:48:21 INFO TextDataModel: Transform data to Convertor successfully!
23/04/07 11:48:21 INFO TextDataConvertor: Dataset: [../../../data/split/cv_1/test.txt]
23/04/07 11:48:21 INFO TextDataConvertor: DataSet: ../../../data/split/cv_1/test.txt is finished
23/04/07 11:48:21 INFO TextDataConvertor: rating Scale (real): 3.0 to 5.0
23/04/07 11:48:21 INFO TextDataConvertor: user number: 4005,	 item number is: 2673
23/04/07 11:48:21 INFO TextDataModel: Split data to train Set and test Set successfully!
23/04/07 11:48:21 INFO TextDataModel: Data cardinality of training is 88296
23/04/07 11:48:21 INFO TextDataModel: Data cardinality of testing is 22075
23/04/07 11:48:21 INFO TextDataModel: Feature appender loaded successfully!
23/04/07 11:48:22 INFO OracleAlgo: Job Setup completed.
** Training model in OracleAlgo **
23/04/07 11:48:22 INFO TextDataConvertor: Dataset: [exp00000/result/out-1.txt]
23/04/07 11:48:22 INFO TextDataConvertor: DataSet: exp00000/result/out-1.txt is finished
23/04/07 11:48:22 INFO TextDataConvertor: user number: 4005,	 item number is: 2673
23/04/07 11:48:22 INFO OracleAlgo: Job Train completed.
23/04/07 11:48:22 INFO OracleAlgo: begin recommend
23/04/07 11:48:23 INFO OracleAlgo: end recommend
23/04/07 11:48:23 INFO RecommenderJob: Evaluator info:NormalizedDCGEvaluator is 0.011728547623383311
23/04/07 11:48:23 INFO RecommenderJob: Evaluator info:PStatisticalParityEvaluator is -0.9994797086368367
23/04/07 11:48:23 INFO TextDataConvertor: Dataset: [../../../data/split/cv_2/train.txt]
23/04/07 11:48:23 INFO TextDataConvertor: DataSet: ../../../data/split/cv_2/train.txt is finished
23/04/07 11:48:23 INFO TextDataConvertor: rating Scale (real): 3.0 to 5.0
23/04/07 11:48:23 INFO TextDataConvertor: user number: 4005,	 item number is: 2673
23/04/07 11:48:23 INFO TextDataModel: Transform data to Convertor successfully!
23/04/07 11:48:23 INFO TextDataConvertor: Dataset: [../../../data/split/cv_2/test.txt]
23/04/07 11:48:23 INFO TextDataConvertor: DataSet: ../../../data/split/cv_2/test.txt is finished
23/04/07 11:48:23 INFO TextDataConvertor: rating Scale (real): 3.0 to 5.0
23/04/07 11:48:23 INFO TextDataConvertor: user number: 4005,	 item number is: 2673
23/04/07 11:48:23 INFO TextDataModel: Split data to train Set and test Set successfully!
23/04/07 11:48:23 INFO TextDataModel: Data cardinality of training is 88297
23/04/07 11:48:23 INFO TextDataModel: Data cardinality of testing is 22074
23/04/07 11:48:23 INFO TextDataModel: Feature appender loaded successfully!
23/04/07 11:48:24 INFO OracleAlgo: Job Setup completed.
** Training model in OracleAlgo **
23/04/07 11:48:24 INFO TextDataConvertor: Dataset: [exp00000/result/out-2.txt]
23/04/07 11:48:24 INFO TextDataConvertor: DataSet: exp00000/result/out-2.txt is finished
23/04/07 11:48:24 INFO TextDataConvertor: user number: 4005,	 item number is: 2673
23/04/07 11:48:24 INFO OracleAlgo: Job Train completed.
23/04/07 11:48:24 INFO OracleAlgo: begin recommend
23/04/07 11:48:25 INFO OracleAlgo: end recommend
23/04/07 11:48:25 INFO RecommenderJob: Evaluator info:NormalizedDCGEvaluator is 0.013283445433725912
23/04/07 11:48:25 INFO RecommenderJob: Evaluator info:PStatisticalParityEvaluator is -1.0
23/04/07 11:48:25 INFO TextDataConvertor: Dataset: [../../../data/split/cv_3/train.txt]
23/04/07 11:48:25 INFO TextDataConvertor: DataSet: ../../../data/split/cv_3/train.txt is finished
23/04/07 11:48:25 INFO TextDataConvertor: rating Scale (real): 3.0 to 5.0
23/04/07 11:48:25 INFO TextDataConvertor: user number: 4005,	 item number is: 2673
23/04/07 11:48:25 INFO TextDataModel: Transform data to Convertor successfully!
23/04/07 11:48:25 INFO TextDataConvertor: Dataset: [../../../data/split/cv_3/test.txt]
23/04/07 11:48:25 INFO TextDataConvertor: DataSet: ../../../data/split/cv_3/test.txt is finished
23/04/07 11:48:25 INFO TextDataConvertor: rating Scale (real): 3.0 to 5.0
23/04/07 11:48:25 INFO TextDataConvertor: user number: 4005,	 item number is: 2673
23/04/07 11:48:25 INFO TextDataModel: Split data to train Set and test Set successfully!
23/04/07 11:48:25 INFO TextDataModel: Data cardinality of training is 88297
23/04/07 11:48:25 INFO TextDataModel: Data cardinality of testing is 22074
23/04/07 11:48:25 INFO TextDataModel: Feature appender loaded successfully!
23/04/07 11:48:26 INFO OracleAlgo: Job Setup completed.
** Training model in OracleAlgo **
23/04/07 11:48:26 INFO TextDataConvertor: Dataset: [exp00000/result/out-3.txt]
23/04/07 11:48:26 INFO TextDataConvertor: DataSet: exp00000/result/out-3.txt is finished
23/04/07 11:48:26 INFO TextDataConvertor: user number: 4005,	 item number is: 2673
23/04/07 11:48:26 INFO OracleAlgo: Job Train completed.
23/04/07 11:48:26 INFO OracleAlgo: begin recommend
23/04/07 11:48:27 INFO OracleAlgo: end recommend
23/04/07 11:48:27 INFO RecommenderJob: Evaluator info:NormalizedDCGEvaluator is 0.014620855907441279
23/04/07 11:48:27 INFO RecommenderJob: Evaluator info:PStatisticalParityEvaluator is -0.9990605427974951
23/04/07 11:48:27 INFO TextDataConvertor: Dataset: [../../../data/split/cv_4/train.txt]
23/04/07 11:48:27 INFO TextDataConvertor: DataSet: ../../../data/split/cv_4/train.txt is finished
23/04/07 11:48:27 INFO TextDataConvertor: rating Scale (real): 3.0 to 5.0
23/04/07 11:48:27 INFO TextDataConvertor: user number: 4005,	 item number is: 2673
23/04/07 11:48:27 INFO TextDataModel: Transform data to Convertor successfully!
23/04/07 11:48:27 INFO TextDataConvertor: Dataset: [../../../data/split/cv_4/test.txt]
23/04/07 11:48:27 INFO TextDataConvertor: DataSet: ../../../data/split/cv_4/test.txt is finished
23/04/07 11:48:27 INFO TextDataConvertor: rating Scale (real): 3.0 to 5.0
23/04/07 11:48:27 INFO TextDataConvertor: user number: 4005,	 item number is: 2673
23/04/07 11:48:27 INFO TextDataModel: Split data to train Set and test Set successfully!
23/04/07 11:48:27 INFO TextDataModel: Data cardinality of training is 88297
23/04/07 11:48:27 INFO TextDataModel: Data cardinality of testing is 22074
23/04/07 11:48:27 INFO TextDataModel: Feature appender loaded successfully!
23/04/07 11:48:27 INFO OracleAlgo: Job Setup completed.
** Training model in OracleAlgo **
23/04/07 11:48:27 INFO TextDataConvertor: Dataset: [exp00000/result/out-4.txt]
23/04/07 11:48:28 INFO TextDataConvertor: DataSet: exp00000/result/out-4.txt is finished
23/04/07 11:48:28 INFO TextDataConvertor: user number: 4005,	 item number is: 2673
23/04/07 11:48:28 INFO OracleAlgo: Job Train completed.
23/04/07 11:48:28 INFO OracleAlgo: begin recommend
23/04/07 11:48:28 INFO OracleAlgo: end recommend
23/04/07 11:48:28 INFO RecommenderJob: Evaluator info:NormalizedDCGEvaluator is 0.014048455065985734
23/04/07 11:48:28 INFO RecommenderJob: Evaluator info:PStatisticalParityEvaluator is -1.0
23/04/07 11:48:28 INFO TextDataConvertor: Dataset: [../../../data/split/cv_5/train.txt]
23/04/07 11:48:28 INFO TextDataConvertor: DataSet: ../../../data/split/cv_5/train.txt is finished
23/04/07 11:48:28 INFO TextDataConvertor: rating Scale (real): 3.0 to 5.0
23/04/07 11:48:28 INFO TextDataConvertor: user number: 4005,	 item number is: 2673
23/04/07 11:48:28 INFO TextDataModel: Transform data to Convertor successfully!
23/04/07 11:48:28 INFO TextDataConvertor: Dataset: [../../../data/split/cv_5/test.txt]
23/04/07 11:48:28 INFO TextDataConvertor: DataSet: ../../../data/split/cv_5/test.txt is finished
23/04/07 11:48:28 INFO TextDataConvertor: rating Scale (real): 3.0 to 5.0
23/04/07 11:48:28 INFO TextDataConvertor: user number: 4005,	 item number is: 2673
23/04/07 11:48:28 INFO TextDataModel: Split data to train Set and test Set successfully!
23/04/07 11:48:28 INFO TextDataModel: Data cardinality of training is 88297
23/04/07 11:48:28 INFO TextDataModel: Data cardinality of testing is 22074
23/04/07 11:48:28 INFO TextDataModel: Feature appender loaded successfully!
23/04/07 11:48:29 INFO OracleAlgo: Job Setup completed.
** Training model in OracleAlgo **
23/04/07 11:48:29 INFO TextDataConvertor: Dataset: [exp00000/result/out-5.txt]
23/04/07 11:48:29 INFO TextDataConvertor: DataSet: exp00000/result/out-5.txt is finished
23/04/07 11:48:29 INFO TextDataConvertor: user number: 4005,	 item number is: 2673
23/04/07 11:48:29 INFO OracleAlgo: Job Train completed.
23/04/07 11:48:29 INFO OracleAlgo: begin recommend
23/04/07 11:48:30 INFO OracleAlgo: end recommend
23/04/07 11:48:30 INFO RecommenderJob: Evaluator info:NormalizedDCGEvaluator is 0.013515674391990076
23/04/07 11:48:30 INFO RecommenderJob: Evaluator info:PStatisticalParityEvaluator is -1.0
