23/04/07 13:24:14 INFO TextDataConvertor: Dataset: [../../../data/rating_5000_cls_hc_10core_iterative.csv]
23/04/07 13:24:15 INFO TextDataConvertor: DataSet: ...ng_5000_cls_hc_10core_iterative.csv is finished
23/04/07 13:24:15 INFO TextDataConvertor: rating Scale (real): 3.0 to 5.0
23/04/07 13:24:15 INFO TextDataConvertor: user number: 4005,	 item number is: 2673
23/04/07 13:24:15 INFO TextDataModel: Transform data to Convertor successfully!
23/04/07 13:24:15 INFO TextDataModel: Split data to train Set and test Set successfully!
23/04/07 13:24:16 INFO TextDataModel: Feature appender loaded successfully!
23/04/07 13:24:16 INFO TextDataConvertor: Dataset: [../../../data/split/cv_1/train.txt]
23/04/07 13:24:16 INFO TextDataConvertor: DataSet: ../../../data/split/cv_1/train.txt is finished
23/04/07 13:24:16 INFO TextDataConvertor: rating Scale (real): 3.0 to 5.0
23/04/07 13:24:16 INFO TextDataConvertor: user number: 4005,	 item number is: 2673
23/04/07 13:24:16 INFO TextDataModel: Transform data to Convertor successfully!
23/04/07 13:24:16 INFO TextDataConvertor: Dataset: [../../../data/split/cv_1/test.txt]
23/04/07 13:24:16 INFO TextDataConvertor: DataSet: ../../../data/split/cv_1/test.txt is finished
23/04/07 13:24:16 INFO TextDataConvertor: rating Scale (real): 3.0 to 5.0
23/04/07 13:24:16 INFO TextDataConvertor: user number: 4005,	 item number is: 2673
23/04/07 13:24:16 INFO TextDataModel: Split data to train Set and test Set successfully!
23/04/07 13:24:16 INFO TextDataModel: Data cardinality of training is 88296
23/04/07 13:24:16 INFO TextDataModel: Data cardinality of testing is 22075
23/04/07 13:24:16 INFO TextDataModel: Feature appender loaded successfully!
23/04/07 13:24:17 INFO OracleAlgo: Job Setup completed.
** Training model in OracleAlgo **
23/04/07 13:24:17 INFO TextDataConvertor: Dataset: [exp00000/result/out-1.txt]
23/04/07 13:24:17 INFO TextDataConvertor: DataSet: exp00000/result/out-1.txt is finished
23/04/07 13:24:17 INFO TextDataConvertor: user number: 4005,	 item number is: 2673
23/04/07 13:24:17 INFO OracleAlgo: Job Train completed.
23/04/07 13:24:17 INFO OracleAlgo: begin recommend
23/04/07 13:24:18 INFO OracleAlgo: end recommend
23/04/07 13:24:18 INFO RecommenderJob: Evaluator info:NormalizedDCGEvaluator is 0.09287647828069859
23/04/07 13:24:18 INFO RecommenderJob: Evaluator info:PStatisticalParityEvaluator is -0.8569198751300887
23/04/07 13:24:18 INFO TextDataConvertor: Dataset: [../../../data/split/cv_2/train.txt]
23/04/07 13:24:18 INFO TextDataConvertor: DataSet: ../../../data/split/cv_2/train.txt is finished
23/04/07 13:24:18 INFO TextDataConvertor: rating Scale (real): 3.0 to 5.0
23/04/07 13:24:18 INFO TextDataConvertor: user number: 4005,	 item number is: 2673
23/04/07 13:24:18 INFO TextDataModel: Transform data to Convertor successfully!
23/04/07 13:24:18 INFO TextDataConvertor: Dataset: [../../../data/split/cv_2/test.txt]
23/04/07 13:24:18 INFO TextDataConvertor: DataSet: ../../../data/split/cv_2/test.txt is finished
23/04/07 13:24:18 INFO TextDataConvertor: rating Scale (real): 3.0 to 5.0
23/04/07 13:24:18 INFO TextDataConvertor: user number: 4005,	 item number is: 2673
23/04/07 13:24:18 INFO TextDataModel: Split data to train Set and test Set successfully!
23/04/07 13:24:18 INFO TextDataModel: Data cardinality of training is 88297
23/04/07 13:24:18 INFO TextDataModel: Data cardinality of testing is 22074
23/04/07 13:24:18 INFO TextDataModel: Feature appender loaded successfully!
23/04/07 13:24:20 INFO OracleAlgo: Job Setup completed.
** Training model in OracleAlgo **
23/04/07 13:24:20 INFO TextDataConvertor: Dataset: [exp00000/result/out-2.txt]
23/04/07 13:24:20 INFO TextDataConvertor: DataSet: exp00000/result/out-2.txt is finished
23/04/07 13:24:20 INFO TextDataConvertor: user number: 4005,	 item number is: 2673
23/04/07 13:24:20 INFO OracleAlgo: Job Train completed.
23/04/07 13:24:20 INFO OracleAlgo: begin recommend
23/04/07 13:24:20 INFO OracleAlgo: end recommend
23/04/07 13:24:20 INFO RecommenderJob: Evaluator info:NormalizedDCGEvaluator is 0.0979124597938615
23/04/07 13:24:20 INFO RecommenderJob: Evaluator info:PStatisticalParityEvaluator is -0.8391993761372668
23/04/07 13:24:20 INFO TextDataConvertor: Dataset: [../../../data/split/cv_3/train.txt]
23/04/07 13:24:20 INFO TextDataConvertor: DataSet: ../../../data/split/cv_3/train.txt is finished
23/04/07 13:24:20 INFO TextDataConvertor: rating Scale (real): 3.0 to 5.0
23/04/07 13:24:20 INFO TextDataConvertor: user number: 4005,	 item number is: 2673
23/04/07 13:24:20 INFO TextDataModel: Transform data to Convertor successfully!
23/04/07 13:24:20 INFO TextDataConvertor: Dataset: [../../../data/split/cv_3/test.txt]
23/04/07 13:24:20 INFO TextDataConvertor: DataSet: ../../../data/split/cv_3/test.txt is finished
23/04/07 13:24:20 INFO TextDataConvertor: rating Scale (real): 3.0 to 5.0
23/04/07 13:24:20 INFO TextDataConvertor: user number: 4005,	 item number is: 2673
23/04/07 13:24:20 INFO TextDataModel: Split data to train Set and test Set successfully!
23/04/07 13:24:20 INFO TextDataModel: Data cardinality of training is 88297
23/04/07 13:24:20 INFO TextDataModel: Data cardinality of testing is 22074
23/04/07 13:24:20 INFO TextDataModel: Feature appender loaded successfully!
23/04/07 13:24:21 INFO OracleAlgo: Job Setup completed.
** Training model in OracleAlgo **
23/04/07 13:24:21 INFO TextDataConvertor: Dataset: [exp00000/result/out-3.txt]
23/04/07 13:24:21 INFO TextDataConvertor: DataSet: exp00000/result/out-3.txt is finished
23/04/07 13:24:21 INFO TextDataConvertor: user number: 4005,	 item number is: 2673
23/04/07 13:24:21 INFO OracleAlgo: Job Train completed.
23/04/07 13:24:21 INFO OracleAlgo: begin recommend
23/04/07 13:24:22 INFO OracleAlgo: end recommend
23/04/07 13:24:22 INFO RecommenderJob: Evaluator info:NormalizedDCGEvaluator is 0.09683930576758726
23/04/07 13:24:22 INFO RecommenderJob: Evaluator info:PStatisticalParityEvaluator is -0.8548016701461554
23/04/07 13:24:22 INFO TextDataConvertor: Dataset: [../../../data/split/cv_4/train.txt]
23/04/07 13:24:22 INFO TextDataConvertor: DataSet: ../../../data/split/cv_4/train.txt is finished
23/04/07 13:24:22 INFO TextDataConvertor: rating Scale (real): 3.0 to 5.0
23/04/07 13:24:22 INFO TextDataConvertor: user number: 4005,	 item number is: 2673
23/04/07 13:24:22 INFO TextDataModel: Transform data to Convertor successfully!
23/04/07 13:24:22 INFO TextDataConvertor: Dataset: [../../../data/split/cv_4/test.txt]
23/04/07 13:24:22 INFO TextDataConvertor: DataSet: ../../../data/split/cv_4/test.txt is finished
23/04/07 13:24:22 INFO TextDataConvertor: rating Scale (real): 3.0 to 5.0
23/04/07 13:24:22 INFO TextDataConvertor: user number: 4005,	 item number is: 2673
23/04/07 13:24:22 INFO TextDataModel: Split data to train Set and test Set successfully!
23/04/07 13:24:22 INFO TextDataModel: Data cardinality of training is 88297
23/04/07 13:24:22 INFO TextDataModel: Data cardinality of testing is 22074
23/04/07 13:24:22 INFO TextDataModel: Feature appender loaded successfully!
23/04/07 13:24:22 INFO OracleAlgo: Job Setup completed.
** Training model in OracleAlgo **
23/04/07 13:24:22 INFO TextDataConvertor: Dataset: [exp00000/result/out-4.txt]
23/04/07 13:24:23 INFO TextDataConvertor: DataSet: exp00000/result/out-4.txt is finished
23/04/07 13:24:23 INFO TextDataConvertor: user number: 4005,	 item number is: 2673
23/04/07 13:24:23 INFO OracleAlgo: Job Train completed.
23/04/07 13:24:23 INFO OracleAlgo: begin recommend
23/04/07 13:24:23 INFO OracleAlgo: end recommend
23/04/07 13:24:23 INFO RecommenderJob: Evaluator info:NormalizedDCGEvaluator is 0.09045017386872285
23/04/07 13:24:23 INFO RecommenderJob: Evaluator info:PStatisticalParityEvaluator is -0.8450194049159309
23/04/07 13:24:23 INFO TextDataConvertor: Dataset: [../../../data/split/cv_5/train.txt]
23/04/07 13:24:23 INFO TextDataConvertor: DataSet: ../../../data/split/cv_5/train.txt is finished
23/04/07 13:24:23 INFO TextDataConvertor: rating Scale (real): 3.0 to 5.0
23/04/07 13:24:23 INFO TextDataConvertor: user number: 4005,	 item number is: 2673
23/04/07 13:24:23 INFO TextDataModel: Transform data to Convertor successfully!
23/04/07 13:24:23 INFO TextDataConvertor: Dataset: [../../../data/split/cv_5/test.txt]
23/04/07 13:24:23 INFO TextDataConvertor: DataSet: ../../../data/split/cv_5/test.txt is finished
23/04/07 13:24:23 INFO TextDataConvertor: rating Scale (real): 3.0 to 5.0
23/04/07 13:24:23 INFO TextDataConvertor: user number: 4005,	 item number is: 2673
23/04/07 13:24:23 INFO TextDataModel: Split data to train Set and test Set successfully!
23/04/07 13:24:23 INFO TextDataModel: Data cardinality of training is 88297
23/04/07 13:24:23 INFO TextDataModel: Data cardinality of testing is 22074
23/04/07 13:24:23 INFO TextDataModel: Feature appender loaded successfully!
23/04/07 13:24:24 INFO OracleAlgo: Job Setup completed.
** Training model in OracleAlgo **
23/04/07 13:24:24 INFO TextDataConvertor: Dataset: [exp00000/result/out-5.txt]
23/04/07 13:24:24 INFO TextDataConvertor: DataSet: exp00000/result/out-5.txt is finished
23/04/07 13:24:24 INFO TextDataConvertor: user number: 4005,	 item number is: 2673
23/04/07 13:24:24 INFO OracleAlgo: Job Train completed.
23/04/07 13:24:24 INFO OracleAlgo: begin recommend
23/04/07 13:24:25 INFO OracleAlgo: end recommend
23/04/07 13:24:25 INFO RecommenderJob: Evaluator info:NormalizedDCGEvaluator is 0.0948104683630304
23/04/07 13:24:25 INFO RecommenderJob: Evaluator info:PStatisticalParityEvaluator is -0.8479544277576575
