22/12/05 09:14:24 INFO TextDataConvertor: Dataset: [../../../data/rating_5000_cls_hc_10core_iterative.csv]
22/12/05 09:14:24 INFO TextDataConvertor: DataSet: ...ng_5000_cls_hc_10core_iterative.csv is finished
22/12/05 09:14:24 INFO TextDataConvertor: rating Scale (real): 3.0 to 5.0
22/12/05 09:14:24 INFO TextDataConvertor: user number: 4005,	 item number is: 2673
22/12/05 09:14:24 INFO TextDataModel: Transform data to Convertor successfully!
22/12/05 09:14:25 INFO TextDataModel: Split data to train Set and test Set successfully!
22/12/05 09:14:25 INFO TextDataModel: Feature appender loaded successfully!
22/12/05 09:14:25 INFO TextDataConvertor: Dataset: [../../../data/split/cv_1/train.txt]
22/12/05 09:14:26 INFO TextDataConvertor: DataSet: ../../../data/split/cv_1/train.txt is finished
22/12/05 09:14:26 INFO TextDataConvertor: rating Scale (real): 3.0 to 5.0
22/12/05 09:14:26 INFO TextDataConvertor: user number: 4005,	 item number is: 2673
22/12/05 09:14:26 INFO TextDataModel: Transform data to Convertor successfully!
22/12/05 09:14:26 INFO TextDataConvertor: Dataset: [../../../data/split/cv_1/test.txt]
22/12/05 09:14:26 INFO TextDataConvertor: DataSet: ../../../data/split/cv_1/test.txt is finished
22/12/05 09:14:26 INFO TextDataConvertor: rating Scale (real): 3.0 to 5.0
22/12/05 09:14:26 INFO TextDataConvertor: user number: 4005,	 item number is: 2673
22/12/05 09:14:26 INFO TextDataModel: Split data to train Set and test Set successfully!
22/12/05 09:14:26 INFO TextDataModel: Data cardinality of training is 88296
22/12/05 09:14:26 INFO TextDataModel: Data cardinality of testing is 22075
22/12/05 09:14:26 INFO TextDataModel: Feature appender loaded successfully!
22/12/05 09:14:28 INFO OracleAlgo: Job Setup completed.
** Training model in OracleAlgo **
22/12/05 09:14:28 INFO TextDataConvertor: Dataset: [exp00048/result/out-1.txt]
22/12/05 09:14:28 INFO TextDataConvertor: DataSet: exp00048/result/out-1.txt is finished
22/12/05 09:14:28 INFO TextDataConvertor: user number: 4005,	 item number is: 2673
22/12/05 09:14:28 INFO OracleAlgo: Job Train completed.
22/12/05 09:14:28 INFO OracleAlgo: begin recommend
22/12/05 09:14:29 INFO OracleAlgo: end recommend
22/12/05 09:14:29 INFO RecommenderJob: Evaluator info:NormalizedDCGEvaluator is 0.014645606469797503
22/12/05 09:14:29 INFO RecommenderJob: Evaluator info:PStatisticalParityEvaluator is -0.7440582726327295
22/12/05 09:14:29 INFO TextDataConvertor: Dataset: [../../../data/split/cv_2/train.txt]
22/12/05 09:14:29 INFO TextDataConvertor: DataSet: ../../../data/split/cv_2/train.txt is finished
22/12/05 09:14:29 INFO TextDataConvertor: rating Scale (real): 3.0 to 5.0
22/12/05 09:14:29 INFO TextDataConvertor: user number: 4005,	 item number is: 2673
22/12/05 09:14:29 INFO TextDataModel: Transform data to Convertor successfully!
22/12/05 09:14:29 INFO TextDataConvertor: Dataset: [../../../data/split/cv_2/test.txt]
22/12/05 09:14:29 INFO TextDataConvertor: DataSet: ../../../data/split/cv_2/test.txt is finished
22/12/05 09:14:29 INFO TextDataConvertor: rating Scale (real): 3.0 to 5.0
22/12/05 09:14:29 INFO TextDataConvertor: user number: 4005,	 item number is: 2673
22/12/05 09:14:29 INFO TextDataModel: Split data to train Set and test Set successfully!
22/12/05 09:14:29 INFO TextDataModel: Data cardinality of training is 88297
22/12/05 09:14:29 INFO TextDataModel: Data cardinality of testing is 22074
22/12/05 09:14:29 INFO TextDataModel: Feature appender loaded successfully!
22/12/05 09:14:31 INFO OracleAlgo: Job Setup completed.
** Training model in OracleAlgo **
22/12/05 09:14:31 INFO TextDataConvertor: Dataset: [exp00048/result/out-2.txt]
22/12/05 09:14:31 INFO TextDataConvertor: DataSet: exp00048/result/out-2.txt is finished
22/12/05 09:14:31 INFO TextDataConvertor: user number: 4005,	 item number is: 2673
22/12/05 09:14:31 INFO OracleAlgo: Job Train completed.
22/12/05 09:14:31 INFO OracleAlgo: begin recommend
22/12/05 09:14:32 INFO OracleAlgo: end recommend
22/12/05 09:14:32 INFO RecommenderJob: Evaluator info:NormalizedDCGEvaluator is 0.014511317453756327
22/12/05 09:14:32 INFO RecommenderJob: Evaluator info:PStatisticalParityEvaluator is -0.7416792305693274
22/12/05 09:14:32 INFO TextDataConvertor: Dataset: [../../../data/split/cv_3/train.txt]
22/12/05 09:14:32 INFO TextDataConvertor: DataSet: ../../../data/split/cv_3/train.txt is finished
22/12/05 09:14:32 INFO TextDataConvertor: rating Scale (real): 3.0 to 5.0
22/12/05 09:14:32 INFO TextDataConvertor: user number: 4005,	 item number is: 2673
22/12/05 09:14:32 INFO TextDataModel: Transform data to Convertor successfully!
22/12/05 09:14:32 INFO TextDataConvertor: Dataset: [../../../data/split/cv_3/test.txt]
22/12/05 09:14:32 INFO TextDataConvertor: DataSet: ../../../data/split/cv_3/test.txt is finished
22/12/05 09:14:32 INFO TextDataConvertor: rating Scale (real): 3.0 to 5.0
22/12/05 09:14:32 INFO TextDataConvertor: user number: 4005,	 item number is: 2673
22/12/05 09:14:32 INFO TextDataModel: Split data to train Set and test Set successfully!
22/12/05 09:14:32 INFO TextDataModel: Data cardinality of training is 88297
22/12/05 09:14:32 INFO TextDataModel: Data cardinality of testing is 22074
22/12/05 09:14:32 INFO TextDataModel: Feature appender loaded successfully!
22/12/05 09:14:33 INFO OracleAlgo: Job Setup completed.
** Training model in OracleAlgo **
22/12/05 09:14:33 INFO TextDataConvertor: Dataset: [exp00048/result/out-3.txt]
22/12/05 09:14:33 INFO TextDataConvertor: DataSet: exp00048/result/out-3.txt is finished
22/12/05 09:14:33 INFO TextDataConvertor: user number: 4005,	 item number is: 2673
22/12/05 09:14:33 INFO OracleAlgo: Job Train completed.
22/12/05 09:14:33 INFO OracleAlgo: begin recommend
22/12/05 09:14:34 INFO OracleAlgo: end recommend
22/12/05 09:14:34 INFO RecommenderJob: Evaluator info:NormalizedDCGEvaluator is 0.012396769253855591
22/12/05 09:14:34 INFO RecommenderJob: Evaluator info:PStatisticalParityEvaluator is -0.7428079331942079
22/12/05 09:14:34 INFO TextDataConvertor: Dataset: [../../../data/split/cv_4/train.txt]
22/12/05 09:14:34 INFO TextDataConvertor: DataSet: ../../../data/split/cv_4/train.txt is finished
22/12/05 09:14:34 INFO TextDataConvertor: rating Scale (real): 3.0 to 5.0
22/12/05 09:14:34 INFO TextDataConvertor: user number: 4005,	 item number is: 2673
22/12/05 09:14:34 INFO TextDataModel: Transform data to Convertor successfully!
22/12/05 09:14:34 INFO TextDataConvertor: Dataset: [../../../data/split/cv_4/test.txt]
22/12/05 09:14:34 INFO TextDataConvertor: DataSet: ../../../data/split/cv_4/test.txt is finished
22/12/05 09:14:34 INFO TextDataConvertor: rating Scale (real): 3.0 to 5.0
22/12/05 09:14:34 INFO TextDataConvertor: user number: 4005,	 item number is: 2673
22/12/05 09:14:34 INFO TextDataModel: Split data to train Set and test Set successfully!
22/12/05 09:14:34 INFO TextDataModel: Data cardinality of training is 88297
22/12/05 09:14:34 INFO TextDataModel: Data cardinality of testing is 22074
22/12/05 09:14:34 INFO TextDataModel: Feature appender loaded successfully!
22/12/05 09:14:35 INFO OracleAlgo: Job Setup completed.
** Training model in OracleAlgo **
22/12/05 09:14:35 INFO TextDataConvertor: Dataset: [exp00048/result/out-4.txt]
22/12/05 09:14:35 INFO TextDataConvertor: DataSet: exp00048/result/out-4.txt is finished
22/12/05 09:14:35 INFO TextDataConvertor: user number: 4005,	 item number is: 2673
22/12/05 09:14:36 INFO OracleAlgo: Job Train completed.
22/12/05 09:14:36 INFO OracleAlgo: begin recommend
22/12/05 09:14:36 INFO OracleAlgo: end recommend
22/12/05 09:14:36 INFO RecommenderJob: Evaluator info:NormalizedDCGEvaluator is 0.014794320225323699
22/12/05 09:14:36 INFO RecommenderJob: Evaluator info:PStatisticalParityEvaluator is -0.743917205692163
22/12/05 09:14:36 INFO TextDataConvertor: Dataset: [../../../data/split/cv_5/train.txt]
22/12/05 09:14:36 INFO TextDataConvertor: DataSet: ../../../data/split/cv_5/train.txt is finished
22/12/05 09:14:36 INFO TextDataConvertor: rating Scale (real): 3.0 to 5.0
22/12/05 09:14:36 INFO TextDataConvertor: user number: 4005,	 item number is: 2673
22/12/05 09:14:36 INFO TextDataModel: Transform data to Convertor successfully!
22/12/05 09:14:36 INFO TextDataConvertor: Dataset: [../../../data/split/cv_5/test.txt]
22/12/05 09:14:36 INFO TextDataConvertor: DataSet: ../../../data/split/cv_5/test.txt is finished
22/12/05 09:14:36 INFO TextDataConvertor: rating Scale (real): 3.0 to 5.0
22/12/05 09:14:36 INFO TextDataConvertor: user number: 4005,	 item number is: 2673
22/12/05 09:14:36 INFO TextDataModel: Split data to train Set and test Set successfully!
22/12/05 09:14:36 INFO TextDataModel: Data cardinality of training is 88297
22/12/05 09:14:36 INFO TextDataModel: Data cardinality of testing is 22074
22/12/05 09:14:36 INFO TextDataModel: Feature appender loaded successfully!
22/12/05 09:14:38 INFO OracleAlgo: Job Setup completed.
** Training model in OracleAlgo **
22/12/05 09:14:38 INFO TextDataConvertor: Dataset: [exp00048/result/out-5.txt]
22/12/05 09:14:38 INFO TextDataConvertor: DataSet: exp00048/result/out-5.txt is finished
22/12/05 09:14:38 INFO TextDataConvertor: user number: 4005,	 item number is: 2673
22/12/05 09:14:38 INFO OracleAlgo: Job Train completed.
22/12/05 09:14:38 INFO OracleAlgo: begin recommend
22/12/05 09:14:38 INFO OracleAlgo: end recommend
22/12/05 09:14:38 INFO RecommenderJob: Evaluator info:NormalizedDCGEvaluator is 0.015071261411917723
22/12/05 09:14:38 INFO RecommenderJob: Evaluator info:PStatisticalParityEvaluator is -0.7438736406007798
