23/04/07 15:42:28 INFO TextDataConvertor: Dataset: [../../../data/rating_5000_cls_hc_10core_iterative.csv]
23/04/07 15:42:29 INFO TextDataConvertor: DataSet: ...ng_5000_cls_hc_10core_iterative.csv is finished
23/04/07 15:42:29 INFO TextDataConvertor: rating Scale (real): 3.0 to 5.0
23/04/07 15:42:29 INFO TextDataConvertor: user number: 4005,	 item number is: 2673
23/04/07 15:42:29 INFO TextDataModel: Transform data to Convertor successfully!
23/04/07 15:42:29 INFO TextDataModel: Split data to train Set and test Set successfully!
23/04/07 15:42:29 INFO TextDataModel: Feature appender loaded successfully!
23/04/07 15:42:29 INFO TextDataConvertor: Dataset: [../../../data/split/cv_1/train.txt]
23/04/07 15:42:30 INFO TextDataConvertor: DataSet: ../../../data/split/cv_1/train.txt is finished
23/04/07 15:42:30 INFO TextDataConvertor: rating Scale (real): 3.0 to 5.0
23/04/07 15:42:30 INFO TextDataConvertor: user number: 4005,	 item number is: 2673
23/04/07 15:42:30 INFO TextDataModel: Transform data to Convertor successfully!
23/04/07 15:42:30 INFO TextDataConvertor: Dataset: [../../../data/split/cv_1/test.txt]
23/04/07 15:42:30 INFO TextDataConvertor: DataSet: ../../../data/split/cv_1/test.txt is finished
23/04/07 15:42:30 INFO TextDataConvertor: rating Scale (real): 3.0 to 5.0
23/04/07 15:42:30 INFO TextDataConvertor: user number: 4005,	 item number is: 2673
23/04/07 15:42:30 INFO TextDataModel: Split data to train Set and test Set successfully!
23/04/07 15:42:30 INFO TextDataModel: Data cardinality of training is 88296
23/04/07 15:42:30 INFO TextDataModel: Data cardinality of testing is 22075
23/04/07 15:42:30 INFO TextDataModel: Feature appender loaded successfully!
23/04/07 15:42:31 INFO OracleAlgo: Job Setup completed.
** Training model in OracleAlgo **
23/04/07 15:42:31 INFO TextDataConvertor: Dataset: [exp00000/result/out-1.txt]
23/04/07 15:42:31 INFO TextDataConvertor: DataSet: exp00000/result/out-1.txt is finished
23/04/07 15:42:31 INFO TextDataConvertor: user number: 4005,	 item number is: 2673
23/04/07 15:42:31 INFO OracleAlgo: Job Train completed.
23/04/07 15:42:31 INFO OracleAlgo: begin recommend
23/04/07 15:42:32 INFO OracleAlgo: end recommend
23/04/07 15:42:32 INFO RecommenderJob: Evaluator info:NormalizedDCGEvaluator is 0.008549171366809223
23/04/07 15:42:32 INFO RecommenderJob: Evaluator info:PStatisticalParityEvaluator is -0.3991675338189447
23/04/07 15:42:32 INFO TextDataConvertor: Dataset: [../../../data/split/cv_2/train.txt]
23/04/07 15:42:32 INFO TextDataConvertor: DataSet: ../../../data/split/cv_2/train.txt is finished
23/04/07 15:42:32 INFO TextDataConvertor: rating Scale (real): 3.0 to 5.0
23/04/07 15:42:32 INFO TextDataConvertor: user number: 4005,	 item number is: 2673
23/04/07 15:42:32 INFO TextDataModel: Transform data to Convertor successfully!
23/04/07 15:42:32 INFO TextDataConvertor: Dataset: [../../../data/split/cv_2/test.txt]
23/04/07 15:42:32 INFO TextDataConvertor: DataSet: ../../../data/split/cv_2/test.txt is finished
23/04/07 15:42:32 INFO TextDataConvertor: rating Scale (real): 3.0 to 5.0
23/04/07 15:42:32 INFO TextDataConvertor: user number: 4005,	 item number is: 2673
23/04/07 15:42:32 INFO TextDataModel: Split data to train Set and test Set successfully!
23/04/07 15:42:32 INFO TextDataModel: Data cardinality of training is 88297
23/04/07 15:42:32 INFO TextDataModel: Data cardinality of testing is 22074
23/04/07 15:42:32 INFO TextDataModel: Feature appender loaded successfully!
23/04/07 15:42:33 INFO OracleAlgo: Job Setup completed.
** Training model in OracleAlgo **
23/04/07 15:42:33 INFO TextDataConvertor: Dataset: [exp00000/result/out-2.txt]
23/04/07 15:42:33 INFO TextDataConvertor: DataSet: exp00000/result/out-2.txt is finished
23/04/07 15:42:33 INFO TextDataConvertor: user number: 4005,	 item number is: 2673
23/04/07 15:42:33 INFO OracleAlgo: Job Train completed.
23/04/07 15:42:33 INFO OracleAlgo: begin recommend
23/04/07 15:42:34 INFO OracleAlgo: end recommend
23/04/07 15:42:34 INFO RecommenderJob: Evaluator info:NormalizedDCGEvaluator is 0.00818022804823932
23/04/07 15:42:34 INFO RecommenderJob: Evaluator info:PStatisticalParityEvaluator is -0.40374317650117686
23/04/07 15:42:34 INFO TextDataConvertor: Dataset: [../../../data/split/cv_3/train.txt]
23/04/07 15:42:34 INFO TextDataConvertor: DataSet: ../../../data/split/cv_3/train.txt is finished
23/04/07 15:42:34 INFO TextDataConvertor: rating Scale (real): 3.0 to 5.0
23/04/07 15:42:34 INFO TextDataConvertor: user number: 4005,	 item number is: 2673
23/04/07 15:42:34 INFO TextDataModel: Transform data to Convertor successfully!
23/04/07 15:42:34 INFO TextDataConvertor: Dataset: [../../../data/split/cv_3/test.txt]
23/04/07 15:42:34 INFO TextDataConvertor: DataSet: ../../../data/split/cv_3/test.txt is finished
23/04/07 15:42:34 INFO TextDataConvertor: rating Scale (real): 3.0 to 5.0
23/04/07 15:42:34 INFO TextDataConvertor: user number: 4005,	 item number is: 2673
23/04/07 15:42:34 INFO TextDataModel: Split data to train Set and test Set successfully!
23/04/07 15:42:34 INFO TextDataModel: Data cardinality of training is 88297
23/04/07 15:42:34 INFO TextDataModel: Data cardinality of testing is 22074
23/04/07 15:42:34 INFO TextDataModel: Feature appender loaded successfully!
23/04/07 15:42:34 INFO OracleAlgo: Job Setup completed.
** Training model in OracleAlgo **
23/04/07 15:42:34 INFO TextDataConvertor: Dataset: [exp00000/result/out-3.txt]
23/04/07 15:42:35 INFO TextDataConvertor: DataSet: exp00000/result/out-3.txt is finished
23/04/07 15:42:35 INFO TextDataConvertor: user number: 4005,	 item number is: 2673
23/04/07 15:42:35 INFO OracleAlgo: Job Train completed.
23/04/07 15:42:35 INFO OracleAlgo: begin recommend
23/04/07 15:42:36 INFO OracleAlgo: end recommend
23/04/07 15:42:36 INFO RecommenderJob: Evaluator info:NormalizedDCGEvaluator is 0.006868803600517617
23/04/07 15:42:36 INFO RecommenderJob: Evaluator info:PStatisticalParityEvaluator is -0.4010960334029294
23/04/07 15:42:36 INFO TextDataConvertor: Dataset: [../../../data/split/cv_4/train.txt]
23/04/07 15:42:36 INFO TextDataConvertor: DataSet: ../../../data/split/cv_4/train.txt is finished
23/04/07 15:42:36 INFO TextDataConvertor: rating Scale (real): 3.0 to 5.0
23/04/07 15:42:36 INFO TextDataConvertor: user number: 4005,	 item number is: 2673
23/04/07 15:42:36 INFO TextDataModel: Transform data to Convertor successfully!
23/04/07 15:42:36 INFO TextDataConvertor: Dataset: [../../../data/split/cv_4/test.txt]
23/04/07 15:42:36 INFO TextDataConvertor: DataSet: ../../../data/split/cv_4/test.txt is finished
23/04/07 15:42:36 INFO TextDataConvertor: rating Scale (real): 3.0 to 5.0
23/04/07 15:42:36 INFO TextDataConvertor: user number: 4005,	 item number is: 2673
23/04/07 15:42:36 INFO TextDataModel: Split data to train Set and test Set successfully!
23/04/07 15:42:36 INFO TextDataModel: Data cardinality of training is 88297
23/04/07 15:42:36 INFO TextDataModel: Data cardinality of testing is 22074
23/04/07 15:42:36 INFO TextDataModel: Feature appender loaded successfully!
23/04/07 15:42:37 INFO OracleAlgo: Job Setup completed.
** Training model in OracleAlgo **
23/04/07 15:42:37 INFO TextDataConvertor: Dataset: [exp00000/result/out-4.txt]
23/04/07 15:42:37 INFO TextDataConvertor: DataSet: exp00000/result/out-4.txt is finished
23/04/07 15:42:37 INFO TextDataConvertor: user number: 4005,	 item number is: 2673
23/04/07 15:42:37 INFO OracleAlgo: Job Train completed.
23/04/07 15:42:37 INFO OracleAlgo: begin recommend
23/04/07 15:42:37 INFO OracleAlgo: end recommend
23/04/07 15:42:37 INFO RecommenderJob: Evaluator info:NormalizedDCGEvaluator is 0.008008818263262057
23/04/07 15:42:37 INFO RecommenderJob: Evaluator info:PStatisticalParityEvaluator is -0.40553686934023947
23/04/07 15:42:37 INFO TextDataConvertor: Dataset: [../../../data/split/cv_5/train.txt]
23/04/07 15:42:37 INFO TextDataConvertor: DataSet: ../../../data/split/cv_5/train.txt is finished
23/04/07 15:42:37 INFO TextDataConvertor: rating Scale (real): 3.0 to 5.0
23/04/07 15:42:37 INFO TextDataConvertor: user number: 4005,	 item number is: 2673
23/04/07 15:42:37 INFO TextDataModel: Transform data to Convertor successfully!
23/04/07 15:42:37 INFO TextDataConvertor: Dataset: [../../../data/split/cv_5/test.txt]
23/04/07 15:42:37 INFO TextDataConvertor: DataSet: ../../../data/split/cv_5/test.txt is finished
23/04/07 15:42:37 INFO TextDataConvertor: rating Scale (real): 3.0 to 5.0
23/04/07 15:42:37 INFO TextDataConvertor: user number: 4005,	 item number is: 2673
23/04/07 15:42:37 INFO TextDataModel: Split data to train Set and test Set successfully!
23/04/07 15:42:37 INFO TextDataModel: Data cardinality of training is 88297
23/04/07 15:42:37 INFO TextDataModel: Data cardinality of testing is 22074
23/04/07 15:42:37 INFO TextDataModel: Feature appender loaded successfully!
23/04/07 15:42:38 INFO OracleAlgo: Job Setup completed.
** Training model in OracleAlgo **
23/04/07 15:42:38 INFO TextDataConvertor: Dataset: [exp00000/result/out-5.txt]
23/04/07 15:42:38 INFO TextDataConvertor: DataSet: exp00000/result/out-5.txt is finished
23/04/07 15:42:38 INFO TextDataConvertor: user number: 4005,	 item number is: 2673
23/04/07 15:42:38 INFO OracleAlgo: Job Train completed.
23/04/07 15:42:38 INFO OracleAlgo: begin recommend
23/04/07 15:42:39 INFO OracleAlgo: end recommend
23/04/07 15:42:39 INFO RecommenderJob: Evaluator info:NormalizedDCGEvaluator is 0.00822251464780135
23/04/07 15:42:39 INFO RecommenderJob: Evaluator info:PStatisticalParityEvaluator is -0.40129466597618524
