22/12/04 23:01:52 INFO TextDataConvertor: Dataset: [../../../data/rating_5000_cls_hc_10core_iterative.csv]
22/12/04 23:01:52 INFO TextDataConvertor: DataSet: ...ng_5000_cls_hc_10core_iterative.csv is finished
22/12/04 23:01:52 INFO TextDataConvertor: rating Scale (real): 3.0 to 5.0
22/12/04 23:01:52 INFO TextDataConvertor: user number: 4005,	 item number is: 2673
22/12/04 23:01:52 INFO TextDataModel: Transform data to Convertor successfully!
22/12/04 23:01:53 INFO TextDataModel: Split data to train Set and test Set successfully!
22/12/04 23:01:53 INFO TextDataModel: Feature appender loaded successfully!
22/12/04 23:01:53 INFO TextDataConvertor: Dataset: [../../../data/split/cv_1/train.txt]
22/12/04 23:01:53 INFO TextDataConvertor: DataSet: ../../../data/split/cv_1/train.txt is finished
22/12/04 23:01:53 INFO TextDataConvertor: rating Scale (real): 3.0 to 5.0
22/12/04 23:01:53 INFO TextDataConvertor: user number: 4005,	 item number is: 2673
22/12/04 23:01:53 INFO TextDataModel: Transform data to Convertor successfully!
22/12/04 23:01:53 INFO TextDataConvertor: Dataset: [../../../data/split/cv_1/test.txt]
22/12/04 23:01:54 INFO TextDataConvertor: DataSet: ../../../data/split/cv_1/test.txt is finished
22/12/04 23:01:54 INFO TextDataConvertor: rating Scale (real): 3.0 to 5.0
22/12/04 23:01:54 INFO TextDataConvertor: user number: 4005,	 item number is: 2673
22/12/04 23:01:54 INFO TextDataModel: Split data to train Set and test Set successfully!
22/12/04 23:01:54 INFO TextDataModel: Data cardinality of training is 88296
22/12/04 23:01:54 INFO TextDataModel: Data cardinality of testing is 22075
22/12/04 23:01:54 INFO TextDataModel: Feature appender loaded successfully!
22/12/04 23:01:56 INFO OracleAlgo: Job Setup completed.
** Training model in OracleAlgo **
22/12/04 23:01:56 INFO TextDataConvertor: Dataset: [exp00003/result/out-1.txt]
22/12/04 23:01:56 INFO TextDataConvertor: DataSet: exp00003/result/out-1.txt is finished
22/12/04 23:01:56 INFO TextDataConvertor: user number: 4005,	 item number is: 2673
22/12/04 23:01:56 INFO OracleAlgo: Job Train completed.
22/12/04 23:01:56 INFO OracleAlgo: begin recommend
22/12/04 23:01:57 INFO OracleAlgo: end recommend
22/12/04 23:01:57 INFO RecommenderJob: Evaluator info:NormalizedDCGEvaluator is 0.014274592820048164
22/12/04 23:01:57 INFO RecommenderJob: Evaluator info:PStatisticalParityEvaluator is -0.7140894901145163
22/12/04 23:01:57 INFO TextDataConvertor: Dataset: [../../../data/split/cv_2/train.txt]
22/12/04 23:01:57 INFO TextDataConvertor: DataSet: ../../../data/split/cv_2/train.txt is finished
22/12/04 23:01:57 INFO TextDataConvertor: rating Scale (real): 3.0 to 5.0
22/12/04 23:01:57 INFO TextDataConvertor: user number: 4005,	 item number is: 2673
22/12/04 23:01:57 INFO TextDataModel: Transform data to Convertor successfully!
22/12/04 23:01:57 INFO TextDataConvertor: Dataset: [../../../data/split/cv_2/test.txt]
22/12/04 23:01:57 INFO TextDataConvertor: DataSet: ../../../data/split/cv_2/test.txt is finished
22/12/04 23:01:57 INFO TextDataConvertor: rating Scale (real): 3.0 to 5.0
22/12/04 23:01:57 INFO TextDataConvertor: user number: 4005,	 item number is: 2673
22/12/04 23:01:58 INFO TextDataModel: Split data to train Set and test Set successfully!
22/12/04 23:01:58 INFO TextDataModel: Data cardinality of training is 88297
22/12/04 23:01:58 INFO TextDataModel: Data cardinality of testing is 22074
22/12/04 23:01:58 INFO TextDataModel: Feature appender loaded successfully!
22/12/04 23:01:59 INFO OracleAlgo: Job Setup completed.
** Training model in OracleAlgo **
22/12/04 23:01:59 INFO TextDataConvertor: Dataset: [exp00003/result/out-2.txt]
22/12/04 23:01:59 INFO TextDataConvertor: DataSet: exp00003/result/out-2.txt is finished
22/12/04 23:01:59 INFO TextDataConvertor: user number: 4005,	 item number is: 2673
22/12/04 23:01:59 INFO OracleAlgo: Job Train completed.
22/12/04 23:01:59 INFO OracleAlgo: begin recommend
22/12/04 23:02:00 INFO OracleAlgo: end recommend
22/12/04 23:02:00 INFO RecommenderJob: Evaluator info:NormalizedDCGEvaluator is 0.01453798586396886
22/12/04 23:02:00 INFO RecommenderJob: Evaluator info:PStatisticalParityEvaluator is -0.7099766051469192
22/12/04 23:02:00 INFO TextDataConvertor: Dataset: [../../../data/split/cv_3/train.txt]
22/12/04 23:02:00 INFO TextDataConvertor: DataSet: ../../../data/split/cv_3/train.txt is finished
22/12/04 23:02:00 INFO TextDataConvertor: rating Scale (real): 3.0 to 5.0
22/12/04 23:02:00 INFO TextDataConvertor: user number: 4005,	 item number is: 2673
22/12/04 23:02:00 INFO TextDataModel: Transform data to Convertor successfully!
22/12/04 23:02:00 INFO TextDataConvertor: Dataset: [../../../data/split/cv_3/test.txt]
22/12/04 23:02:01 INFO TextDataConvertor: DataSet: ../../../data/split/cv_3/test.txt is finished
22/12/04 23:02:01 INFO TextDataConvertor: rating Scale (real): 3.0 to 5.0
22/12/04 23:02:01 INFO TextDataConvertor: user number: 4005,	 item number is: 2673
22/12/04 23:02:01 INFO TextDataModel: Split data to train Set and test Set successfully!
22/12/04 23:02:01 INFO TextDataModel: Data cardinality of training is 88297
22/12/04 23:02:01 INFO TextDataModel: Data cardinality of testing is 22074
22/12/04 23:02:01 INFO TextDataModel: Feature appender loaded successfully!
22/12/04 23:02:02 INFO OracleAlgo: Job Setup completed.
** Training model in OracleAlgo **
22/12/04 23:02:02 INFO TextDataConvertor: Dataset: [exp00003/result/out-3.txt]
22/12/04 23:02:02 INFO TextDataConvertor: DataSet: exp00003/result/out-3.txt is finished
22/12/04 23:02:02 INFO TextDataConvertor: user number: 4005,	 item number is: 2673
22/12/04 23:02:02 INFO OracleAlgo: Job Train completed.
22/12/04 23:02:02 INFO OracleAlgo: begin recommend
22/12/04 23:02:03 INFO OracleAlgo: end recommend
22/12/04 23:02:03 INFO RecommenderJob: Evaluator info:NormalizedDCGEvaluator is 0.012370887879301812
22/12/04 23:02:03 INFO RecommenderJob: Evaluator info:PStatisticalParityEvaluator is -0.7111586638831413
22/12/04 23:02:03 INFO TextDataConvertor: Dataset: [../../../data/split/cv_4/train.txt]
22/12/04 23:02:03 INFO TextDataConvertor: DataSet: ../../../data/split/cv_4/train.txt is finished
22/12/04 23:02:03 INFO TextDataConvertor: rating Scale (real): 3.0 to 5.0
22/12/04 23:02:03 INFO TextDataConvertor: user number: 4005,	 item number is: 2673
22/12/04 23:02:03 INFO TextDataModel: Transform data to Convertor successfully!
22/12/04 23:02:03 INFO TextDataConvertor: Dataset: [../../../data/split/cv_4/test.txt]
22/12/04 23:02:03 INFO TextDataConvertor: DataSet: ../../../data/split/cv_4/test.txt is finished
22/12/04 23:02:03 INFO TextDataConvertor: rating Scale (real): 3.0 to 5.0
22/12/04 23:02:03 INFO TextDataConvertor: user number: 4005,	 item number is: 2673
22/12/04 23:02:03 INFO TextDataModel: Split data to train Set and test Set successfully!
22/12/04 23:02:03 INFO TextDataModel: Data cardinality of training is 88297
22/12/04 23:02:03 INFO TextDataModel: Data cardinality of testing is 22074
22/12/04 23:02:03 INFO TextDataModel: Feature appender loaded successfully!
22/12/04 23:02:05 INFO OracleAlgo: Job Setup completed.
** Training model in OracleAlgo **
22/12/04 23:02:05 INFO TextDataConvertor: Dataset: [exp00003/result/out-4.txt]
22/12/04 23:02:05 INFO TextDataConvertor: DataSet: exp00003/result/out-4.txt is finished
22/12/04 23:02:05 INFO TextDataConvertor: user number: 4005,	 item number is: 2673
22/12/04 23:02:05 INFO OracleAlgo: Job Train completed.
22/12/04 23:02:05 INFO OracleAlgo: begin recommend
22/12/04 23:02:05 INFO OracleAlgo: end recommend
22/12/04 23:02:05 INFO RecommenderJob: Evaluator info:NormalizedDCGEvaluator is 0.014077507175450877
22/12/04 23:02:06 INFO RecommenderJob: Evaluator info:PStatisticalParityEvaluator is -0.7129728331177763
22/12/04 23:02:06 INFO TextDataConvertor: Dataset: [../../../data/split/cv_5/train.txt]
22/12/04 23:02:06 INFO TextDataConvertor: DataSet: ../../../data/split/cv_5/train.txt is finished
22/12/04 23:02:06 INFO TextDataConvertor: rating Scale (real): 3.0 to 5.0
22/12/04 23:02:06 INFO TextDataConvertor: user number: 4005,	 item number is: 2673
22/12/04 23:02:06 INFO TextDataModel: Transform data to Convertor successfully!
22/12/04 23:02:06 INFO TextDataConvertor: Dataset: [../../../data/split/cv_5/test.txt]
22/12/04 23:02:06 INFO TextDataConvertor: DataSet: ../../../data/split/cv_5/test.txt is finished
22/12/04 23:02:06 INFO TextDataConvertor: rating Scale (real): 3.0 to 5.0
22/12/04 23:02:06 INFO TextDataConvertor: user number: 4005,	 item number is: 2673
22/12/04 23:02:06 INFO TextDataModel: Split data to train Set and test Set successfully!
22/12/04 23:02:06 INFO TextDataModel: Data cardinality of training is 88297
22/12/04 23:02:06 INFO TextDataModel: Data cardinality of testing is 22074
22/12/04 23:02:06 INFO TextDataModel: Feature appender loaded successfully!
22/12/04 23:02:07 INFO OracleAlgo: Job Setup completed.
** Training model in OracleAlgo **
22/12/04 23:02:07 INFO TextDataConvertor: Dataset: [exp00003/result/out-5.txt]
22/12/04 23:02:07 INFO TextDataConvertor: DataSet: exp00003/result/out-5.txt is finished
22/12/04 23:02:07 INFO TextDataConvertor: user number: 4005,	 item number is: 2673
22/12/04 23:02:07 INFO OracleAlgo: Job Train completed.
22/12/04 23:02:07 INFO OracleAlgo: begin recommend
22/12/04 23:02:08 INFO OracleAlgo: end recommend
22/12/04 23:02:08 INFO RecommenderJob: Evaluator info:NormalizedDCGEvaluator is 0.01454994375195092
22/12/04 23:02:08 INFO RecommenderJob: Evaluator info:PStatisticalParityEvaluator is -0.7122009321595563
