23/04/07 12:28:37 INFO TextDataConvertor: Dataset: [../../../data/rating_5000_cls_hc_10core_iterative.csv]
23/04/07 12:28:37 INFO TextDataConvertor: DataSet: ...ng_5000_cls_hc_10core_iterative.csv is finished
23/04/07 12:28:37 INFO TextDataConvertor: rating Scale (real): 3.0 to 5.0
23/04/07 12:28:37 INFO TextDataConvertor: user number: 4005,	 item number is: 2673
23/04/07 12:28:37 INFO TextDataModel: Transform data to Convertor successfully!
23/04/07 12:28:38 INFO TextDataModel: Split data to train Set and test Set successfully!
23/04/07 12:28:38 INFO TextDataModel: Feature appender loaded successfully!
23/04/07 12:28:38 INFO TextDataConvertor: Dataset: [../../../data/split/cv_1/train.txt]
23/04/07 12:28:38 INFO TextDataConvertor: DataSet: ../../../data/split/cv_1/train.txt is finished
23/04/07 12:28:38 INFO TextDataConvertor: rating Scale (real): 3.0 to 5.0
23/04/07 12:28:38 INFO TextDataConvertor: user number: 4005,	 item number is: 2673
23/04/07 12:28:38 INFO TextDataModel: Transform data to Convertor successfully!
23/04/07 12:28:38 INFO TextDataConvertor: Dataset: [../../../data/split/cv_1/test.txt]
23/04/07 12:28:38 INFO TextDataConvertor: DataSet: ../../../data/split/cv_1/test.txt is finished
23/04/07 12:28:38 INFO TextDataConvertor: rating Scale (real): 3.0 to 5.0
23/04/07 12:28:38 INFO TextDataConvertor: user number: 4005,	 item number is: 2673
23/04/07 12:28:38 INFO TextDataModel: Split data to train Set and test Set successfully!
23/04/07 12:28:38 INFO TextDataModel: Data cardinality of training is 88296
23/04/07 12:28:38 INFO TextDataModel: Data cardinality of testing is 22075
23/04/07 12:28:39 INFO TextDataModel: Feature appender loaded successfully!
23/04/07 12:28:40 INFO OracleAlgo: Job Setup completed.
** Training model in OracleAlgo **
23/04/07 12:28:40 INFO TextDataConvertor: Dataset: [exp00000/result/out-1.txt]
23/04/07 12:28:40 INFO TextDataConvertor: DataSet: exp00000/result/out-1.txt is finished
23/04/07 12:28:40 INFO TextDataConvertor: user number: 4005,	 item number is: 2673
23/04/07 12:28:40 INFO OracleAlgo: Job Train completed.
23/04/07 12:28:40 INFO OracleAlgo: begin recommend
23/04/07 12:28:40 INFO OracleAlgo: end recommend
23/04/07 12:28:40 INFO RecommenderJob: Evaluator info:NormalizedDCGEvaluator is 0.014164543700387134
23/04/07 12:28:40 INFO RecommenderJob: Evaluator info:PStatisticalParityEvaluator is 0.17325702393335318
23/04/07 12:28:40 INFO TextDataConvertor: Dataset: [../../../data/split/cv_2/train.txt]
23/04/07 12:28:41 INFO TextDataConvertor: DataSet: ../../../data/split/cv_2/train.txt is finished
23/04/07 12:28:41 INFO TextDataConvertor: rating Scale (real): 3.0 to 5.0
23/04/07 12:28:41 INFO TextDataConvertor: user number: 4005,	 item number is: 2673
23/04/07 12:28:41 INFO TextDataModel: Transform data to Convertor successfully!
23/04/07 12:28:41 INFO TextDataConvertor: Dataset: [../../../data/split/cv_2/test.txt]
23/04/07 12:28:41 INFO TextDataConvertor: DataSet: ../../../data/split/cv_2/test.txt is finished
23/04/07 12:28:41 INFO TextDataConvertor: rating Scale (real): 3.0 to 5.0
23/04/07 12:28:41 INFO TextDataConvertor: user number: 4005,	 item number is: 2673
23/04/07 12:28:41 INFO TextDataModel: Split data to train Set and test Set successfully!
23/04/07 12:28:41 INFO TextDataModel: Data cardinality of training is 88297
23/04/07 12:28:41 INFO TextDataModel: Data cardinality of testing is 22074
23/04/07 12:28:41 INFO TextDataModel: Feature appender loaded successfully!
23/04/07 12:28:42 INFO OracleAlgo: Job Setup completed.
** Training model in OracleAlgo **
23/04/07 12:28:42 INFO TextDataConvertor: Dataset: [exp00000/result/out-2.txt]
23/04/07 12:28:42 INFO TextDataConvertor: DataSet: exp00000/result/out-2.txt is finished
23/04/07 12:28:42 INFO TextDataConvertor: user number: 4005,	 item number is: 2673
23/04/07 12:28:42 INFO OracleAlgo: Job Train completed.
23/04/07 12:28:42 INFO OracleAlgo: begin recommend
23/04/07 12:28:42 INFO OracleAlgo: end recommend
23/04/07 12:28:42 INFO RecommenderJob: Evaluator info:NormalizedDCGEvaluator is 0.014946040167329947
23/04/07 12:28:42 INFO RecommenderJob: Evaluator info:PStatisticalParityEvaluator is 0.4584871328307749
23/04/07 12:28:42 INFO TextDataConvertor: Dataset: [../../../data/split/cv_3/train.txt]
23/04/07 12:28:43 INFO TextDataConvertor: DataSet: ../../../data/split/cv_3/train.txt is finished
23/04/07 12:28:43 INFO TextDataConvertor: rating Scale (real): 3.0 to 5.0
23/04/07 12:28:43 INFO TextDataConvertor: user number: 4005,	 item number is: 2673
23/04/07 12:28:43 INFO TextDataModel: Transform data to Convertor successfully!
23/04/07 12:28:43 INFO TextDataConvertor: Dataset: [../../../data/split/cv_3/test.txt]
23/04/07 12:28:43 INFO TextDataConvertor: DataSet: ../../../data/split/cv_3/test.txt is finished
23/04/07 12:28:43 INFO TextDataConvertor: rating Scale (real): 3.0 to 5.0
23/04/07 12:28:43 INFO TextDataConvertor: user number: 4005,	 item number is: 2673
23/04/07 12:28:43 INFO TextDataModel: Split data to train Set and test Set successfully!
23/04/07 12:28:43 INFO TextDataModel: Data cardinality of training is 88297
23/04/07 12:28:43 INFO TextDataModel: Data cardinality of testing is 22074
23/04/07 12:28:43 INFO TextDataModel: Feature appender loaded successfully!
23/04/07 12:28:43 INFO OracleAlgo: Job Setup completed.
** Training model in OracleAlgo **
23/04/07 12:28:43 INFO TextDataConvertor: Dataset: [exp00000/result/out-3.txt]
23/04/07 12:28:43 INFO TextDataConvertor: DataSet: exp00000/result/out-3.txt is finished
23/04/07 12:28:43 INFO TextDataConvertor: user number: 4005,	 item number is: 2673
23/04/07 12:28:43 INFO OracleAlgo: Job Train completed.
23/04/07 12:28:43 INFO OracleAlgo: begin recommend
23/04/07 12:28:44 INFO OracleAlgo: end recommend
23/04/07 12:28:44 INFO RecommenderJob: Evaluator info:NormalizedDCGEvaluator is 0.021991432405116126
23/04/07 12:28:44 INFO RecommenderJob: Evaluator info:PStatisticalParityEvaluator is -0.04572025052191281
23/04/07 12:28:44 INFO TextDataConvertor: Dataset: [../../../data/split/cv_4/train.txt]
23/04/07 12:28:44 INFO TextDataConvertor: DataSet: ../../../data/split/cv_4/train.txt is finished
23/04/07 12:28:44 INFO TextDataConvertor: rating Scale (real): 3.0 to 5.0
23/04/07 12:28:44 INFO TextDataConvertor: user number: 4005,	 item number is: 2673
23/04/07 12:28:44 INFO TextDataModel: Transform data to Convertor successfully!
23/04/07 12:28:44 INFO TextDataConvertor: Dataset: [../../../data/split/cv_4/test.txt]
23/04/07 12:28:44 INFO TextDataConvertor: DataSet: ../../../data/split/cv_4/test.txt is finished
23/04/07 12:28:44 INFO TextDataConvertor: rating Scale (real): 3.0 to 5.0
23/04/07 12:28:44 INFO TextDataConvertor: user number: 4005,	 item number is: 2673
23/04/07 12:28:44 INFO TextDataModel: Split data to train Set and test Set successfully!
23/04/07 12:28:44 INFO TextDataModel: Data cardinality of training is 88297
23/04/07 12:28:44 INFO TextDataModel: Data cardinality of testing is 22074
23/04/07 12:28:44 INFO TextDataModel: Feature appender loaded successfully!
23/04/07 12:28:45 INFO OracleAlgo: Job Setup completed.
** Training model in OracleAlgo **
23/04/07 12:28:45 INFO TextDataConvertor: Dataset: [exp00000/result/out-4.txt]
23/04/07 12:28:45 INFO TextDataConvertor: DataSet: exp00000/result/out-4.txt is finished
23/04/07 12:28:45 INFO TextDataConvertor: user number: 4005,	 item number is: 2673
23/04/07 12:28:45 INFO OracleAlgo: Job Train completed.
23/04/07 12:28:45 INFO OracleAlgo: begin recommend
23/04/07 12:28:45 INFO OracleAlgo: end recommend
23/04/07 12:28:45 INFO RecommenderJob: Evaluator info:NormalizedDCGEvaluator is 0.020490029852060523
23/04/07 12:28:45 INFO RecommenderJob: Evaluator info:PStatisticalParityEvaluator is 0.2627684346700784
23/04/07 12:28:45 INFO TextDataConvertor: Dataset: [../../../data/split/cv_5/train.txt]
23/04/07 12:28:46 INFO TextDataConvertor: DataSet: ../../../data/split/cv_5/train.txt is finished
23/04/07 12:28:46 INFO TextDataConvertor: rating Scale (real): 3.0 to 5.0
23/04/07 12:28:46 INFO TextDataConvertor: user number: 4005,	 item number is: 2673
23/04/07 12:28:46 INFO TextDataModel: Transform data to Convertor successfully!
23/04/07 12:28:46 INFO TextDataConvertor: Dataset: [../../../data/split/cv_5/test.txt]
23/04/07 12:28:46 INFO TextDataConvertor: DataSet: ../../../data/split/cv_5/test.txt is finished
23/04/07 12:28:46 INFO TextDataConvertor: rating Scale (real): 3.0 to 5.0
23/04/07 12:28:46 INFO TextDataConvertor: user number: 4005,	 item number is: 2673
23/04/07 12:28:46 INFO TextDataModel: Split data to train Set and test Set successfully!
23/04/07 12:28:46 INFO TextDataModel: Data cardinality of training is 88297
23/04/07 12:28:46 INFO TextDataModel: Data cardinality of testing is 22074
23/04/07 12:28:46 INFO TextDataModel: Feature appender loaded successfully!
23/04/07 12:28:46 INFO OracleAlgo: Job Setup completed.
** Training model in OracleAlgo **
23/04/07 12:28:46 INFO TextDataConvertor: Dataset: [exp00000/result/out-5.txt]
23/04/07 12:28:46 INFO TextDataConvertor: DataSet: exp00000/result/out-5.txt is finished
23/04/07 12:28:46 INFO TextDataConvertor: user number: 4005,	 item number is: 2673
23/04/07 12:28:47 INFO OracleAlgo: Job Train completed.
23/04/07 12:28:47 INFO OracleAlgo: begin recommend
23/04/07 12:28:47 INFO OracleAlgo: end recommend
23/04/07 12:28:47 INFO RecommenderJob: Evaluator info:NormalizedDCGEvaluator is 0.020150164013936506
23/04/07 12:28:47 INFO RecommenderJob: Evaluator info:PStatisticalParityEvaluator is 0.34883480062143946
