23/04/07 14:02:20 INFO TextDataConvertor: Dataset: [../../../data/rating_5000_cls_hc_10core_iterative.csv]
23/04/07 14:02:21 INFO TextDataConvertor: DataSet: ...ng_5000_cls_hc_10core_iterative.csv is finished
23/04/07 14:02:21 INFO TextDataConvertor: rating Scale (real): 3.0 to 5.0
23/04/07 14:02:21 INFO TextDataConvertor: user number: 4005,	 item number is: 2673
23/04/07 14:02:21 INFO TextDataModel: Transform data to Convertor successfully!
23/04/07 14:02:21 INFO TextDataModel: Split data to train Set and test Set successfully!
23/04/07 14:02:22 INFO TextDataModel: Feature appender loaded successfully!
23/04/07 14:02:22 INFO TextDataConvertor: Dataset: [../../../data/split/cv_1/train.txt]
23/04/07 14:02:22 INFO TextDataConvertor: DataSet: ../../../data/split/cv_1/train.txt is finished
23/04/07 14:02:22 INFO TextDataConvertor: rating Scale (real): 3.0 to 5.0
23/04/07 14:02:22 INFO TextDataConvertor: user number: 4005,	 item number is: 2673
23/04/07 14:02:22 INFO TextDataModel: Transform data to Convertor successfully!
23/04/07 14:02:22 INFO TextDataConvertor: Dataset: [../../../data/split/cv_1/test.txt]
23/04/07 14:02:22 INFO TextDataConvertor: DataSet: ../../../data/split/cv_1/test.txt is finished
23/04/07 14:02:22 INFO TextDataConvertor: rating Scale (real): 3.0 to 5.0
23/04/07 14:02:22 INFO TextDataConvertor: user number: 4005,	 item number is: 2673
23/04/07 14:02:22 INFO TextDataModel: Split data to train Set and test Set successfully!
23/04/07 14:02:22 INFO TextDataModel: Data cardinality of training is 88296
23/04/07 14:02:22 INFO TextDataModel: Data cardinality of testing is 22075
23/04/07 14:02:22 INFO TextDataModel: Feature appender loaded successfully!
23/04/07 14:02:23 INFO OracleAlgo: Job Setup completed.
** Training model in OracleAlgo **
23/04/07 14:02:23 INFO TextDataConvertor: Dataset: [exp00000/result/out-1.txt]
23/04/07 14:02:23 INFO TextDataConvertor: DataSet: exp00000/result/out-1.txt is finished
23/04/07 14:02:23 INFO TextDataConvertor: user number: 4005,	 item number is: 2673
23/04/07 14:02:23 INFO OracleAlgo: Job Train completed.
23/04/07 14:02:23 INFO OracleAlgo: begin recommend
23/04/07 14:02:25 INFO OracleAlgo: end recommend
23/04/07 14:02:25 INFO RecommenderJob: Evaluator info:NormalizedDCGEvaluator is 0.04376946464988983
23/04/07 14:02:25 INFO RecommenderJob: Evaluator info:PStatisticalParityEvaluator is -0.4320499479708524
23/04/07 14:02:25 INFO TextDataConvertor: Dataset: [../../../data/split/cv_2/train.txt]
23/04/07 14:02:25 INFO TextDataConvertor: DataSet: ../../../data/split/cv_2/train.txt is finished
23/04/07 14:02:25 INFO TextDataConvertor: rating Scale (real): 3.0 to 5.0
23/04/07 14:02:25 INFO TextDataConvertor: user number: 4005,	 item number is: 2673
23/04/07 14:02:25 INFO TextDataModel: Transform data to Convertor successfully!
23/04/07 14:02:25 INFO TextDataConvertor: Dataset: [../../../data/split/cv_2/test.txt]
23/04/07 14:02:25 INFO TextDataConvertor: DataSet: ../../../data/split/cv_2/test.txt is finished
23/04/07 14:02:25 INFO TextDataConvertor: rating Scale (real): 3.0 to 5.0
23/04/07 14:02:25 INFO TextDataConvertor: user number: 4005,	 item number is: 2673
23/04/07 14:02:25 INFO TextDataModel: Split data to train Set and test Set successfully!
23/04/07 14:02:25 INFO TextDataModel: Data cardinality of training is 88297
23/04/07 14:02:25 INFO TextDataModel: Data cardinality of testing is 22074
23/04/07 14:02:25 INFO TextDataModel: Feature appender loaded successfully!
23/04/07 14:02:27 INFO OracleAlgo: Job Setup completed.
** Training model in OracleAlgo **
23/04/07 14:02:27 INFO TextDataConvertor: Dataset: [exp00000/result/out-2.txt]
23/04/07 14:02:27 INFO TextDataConvertor: DataSet: exp00000/result/out-2.txt is finished
23/04/07 14:02:27 INFO TextDataConvertor: user number: 4005,	 item number is: 2673
23/04/07 14:02:27 INFO OracleAlgo: Job Train completed.
23/04/07 14:02:27 INFO OracleAlgo: begin recommend
23/04/07 14:02:27 INFO OracleAlgo: end recommend
23/04/07 14:02:27 INFO RecommenderJob: Evaluator info:NormalizedDCGEvaluator is 0.0463123839564393
23/04/07 14:02:27 INFO RecommenderJob: Evaluator info:PStatisticalParityEvaluator is -0.40712243306471146
23/04/07 14:02:27 INFO TextDataConvertor: Dataset: [../../../data/split/cv_3/train.txt]
23/04/07 14:02:27 INFO TextDataConvertor: DataSet: ../../../data/split/cv_3/train.txt is finished
23/04/07 14:02:27 INFO TextDataConvertor: rating Scale (real): 3.0 to 5.0
23/04/07 14:02:27 INFO TextDataConvertor: user number: 4005,	 item number is: 2673
23/04/07 14:02:27 INFO TextDataModel: Transform data to Convertor successfully!
23/04/07 14:02:27 INFO TextDataConvertor: Dataset: [../../../data/split/cv_3/test.txt]
23/04/07 14:02:27 INFO TextDataConvertor: DataSet: ../../../data/split/cv_3/test.txt is finished
23/04/07 14:02:27 INFO TextDataConvertor: rating Scale (real): 3.0 to 5.0
23/04/07 14:02:27 INFO TextDataConvertor: user number: 4005,	 item number is: 2673
23/04/07 14:02:27 INFO TextDataModel: Split data to train Set and test Set successfully!
23/04/07 14:02:27 INFO TextDataModel: Data cardinality of training is 88297
23/04/07 14:02:27 INFO TextDataModel: Data cardinality of testing is 22074
23/04/07 14:02:27 INFO TextDataModel: Feature appender loaded successfully!
23/04/07 14:02:28 INFO OracleAlgo: Job Setup completed.
** Training model in OracleAlgo **
23/04/07 14:02:28 INFO TextDataConvertor: Dataset: [exp00000/result/out-3.txt]
23/04/07 14:02:28 INFO TextDataConvertor: DataSet: exp00000/result/out-3.txt is finished
23/04/07 14:02:28 INFO TextDataConvertor: user number: 4005,	 item number is: 2673
23/04/07 14:02:28 INFO OracleAlgo: Job Train completed.
23/04/07 14:02:28 INFO OracleAlgo: begin recommend
23/04/07 14:02:29 INFO OracleAlgo: end recommend
23/04/07 14:02:29 INFO RecommenderJob: Evaluator info:NormalizedDCGEvaluator is 0.03781899544498746
23/04/07 14:02:29 INFO RecommenderJob: Evaluator info:PStatisticalParityEvaluator is -0.44817327766178355
23/04/07 14:02:29 INFO TextDataConvertor: Dataset: [../../../data/split/cv_4/train.txt]
23/04/07 14:02:29 INFO TextDataConvertor: DataSet: ../../../data/split/cv_4/train.txt is finished
23/04/07 14:02:29 INFO TextDataConvertor: rating Scale (real): 3.0 to 5.0
23/04/07 14:02:29 INFO TextDataConvertor: user number: 4005,	 item number is: 2673
23/04/07 14:02:29 INFO TextDataModel: Transform data to Convertor successfully!
23/04/07 14:02:29 INFO TextDataConvertor: Dataset: [../../../data/split/cv_4/test.txt]
23/04/07 14:02:29 INFO TextDataConvertor: DataSet: ../../../data/split/cv_4/test.txt is finished
23/04/07 14:02:29 INFO TextDataConvertor: rating Scale (real): 3.0 to 5.0
23/04/07 14:02:29 INFO TextDataConvertor: user number: 4005,	 item number is: 2673
23/04/07 14:02:29 INFO TextDataModel: Split data to train Set and test Set successfully!
23/04/07 14:02:29 INFO TextDataModel: Data cardinality of training is 88297
23/04/07 14:02:29 INFO TextDataModel: Data cardinality of testing is 22074
23/04/07 14:02:29 INFO TextDataModel: Feature appender loaded successfully!
23/04/07 14:02:30 INFO OracleAlgo: Job Setup completed.
** Training model in OracleAlgo **
23/04/07 14:02:30 INFO TextDataConvertor: Dataset: [exp00000/result/out-4.txt]
23/04/07 14:02:30 INFO TextDataConvertor: DataSet: exp00000/result/out-4.txt is finished
23/04/07 14:02:30 INFO TextDataConvertor: user number: 4005,	 item number is: 2673
23/04/07 14:02:30 INFO OracleAlgo: Job Train completed.
23/04/07 14:02:30 INFO OracleAlgo: begin recommend
23/04/07 14:02:30 INFO OracleAlgo: end recommend
23/04/07 14:02:30 INFO RecommenderJob: Evaluator info:NormalizedDCGEvaluator is 0.04807382907461453
23/04/07 14:02:30 INFO RecommenderJob: Evaluator info:PStatisticalParityEvaluator is -0.44134540750322215
23/04/07 14:02:30 INFO TextDataConvertor: Dataset: [../../../data/split/cv_5/train.txt]
23/04/07 14:02:31 INFO TextDataConvertor: DataSet: ../../../data/split/cv_5/train.txt is finished
23/04/07 14:02:31 INFO TextDataConvertor: rating Scale (real): 3.0 to 5.0
23/04/07 14:02:31 INFO TextDataConvertor: user number: 4005,	 item number is: 2673
23/04/07 14:02:31 INFO TextDataModel: Transform data to Convertor successfully!
23/04/07 14:02:31 INFO TextDataConvertor: Dataset: [../../../data/split/cv_5/test.txt]
23/04/07 14:02:31 INFO TextDataConvertor: DataSet: ../../../data/split/cv_5/test.txt is finished
23/04/07 14:02:31 INFO TextDataConvertor: rating Scale (real): 3.0 to 5.0
23/04/07 14:02:31 INFO TextDataConvertor: user number: 4005,	 item number is: 2673
23/04/07 14:02:31 INFO TextDataModel: Split data to train Set and test Set successfully!
23/04/07 14:02:31 INFO TextDataModel: Data cardinality of training is 88297
23/04/07 14:02:31 INFO TextDataModel: Data cardinality of testing is 22074
23/04/07 14:02:31 INFO TextDataModel: Feature appender loaded successfully!
23/04/07 14:02:32 INFO OracleAlgo: Job Setup completed.
** Training model in OracleAlgo **
23/04/07 14:02:32 INFO TextDataConvertor: Dataset: [exp00000/result/out-5.txt]
23/04/07 14:02:32 INFO TextDataConvertor: DataSet: exp00000/result/out-5.txt is finished
23/04/07 14:02:32 INFO TextDataConvertor: user number: 4005,	 item number is: 2673
23/04/07 14:02:32 INFO OracleAlgo: Job Train completed.
23/04/07 14:02:32 INFO OracleAlgo: begin recommend
23/04/07 14:02:32 INFO OracleAlgo: end recommend
23/04/07 14:02:32 INFO RecommenderJob: Evaluator info:NormalizedDCGEvaluator is 0.0479125820341162
23/04/07 14:02:32 INFO RecommenderJob: Evaluator info:PStatisticalParityEvaluator is -0.4342309684101384
