22/12/05 20:39:43 INFO TextDataConvertor: Dataset: [../../../data/rating_5000_cls_hc_10core_iterative.csv]
22/12/05 20:39:43 INFO TextDataConvertor: DataSet: ...ng_5000_cls_hc_10core_iterative.csv is finished
22/12/05 20:39:43 INFO TextDataConvertor: rating Scale (real): 3.0 to 5.0
22/12/05 20:39:43 INFO TextDataConvertor: user number: 4005,	 item number is: 2673
22/12/05 20:39:43 INFO TextDataModel: Transform data to Convertor successfully!
22/12/05 20:39:44 INFO TextDataModel: Split data to train Set and test Set successfully!
22/12/05 20:39:44 INFO TextDataModel: Feature appender loaded successfully!
22/12/05 20:39:44 INFO TextDataConvertor: Dataset: [../../../data/split/cv_1/train.txt]
22/12/05 20:39:44 INFO TextDataConvertor: DataSet: ../../../data/split/cv_1/train.txt is finished
22/12/05 20:39:44 INFO TextDataConvertor: rating Scale (real): 3.0 to 5.0
22/12/05 20:39:44 INFO TextDataConvertor: user number: 4005,	 item number is: 2673
22/12/05 20:39:44 INFO TextDataModel: Transform data to Convertor successfully!
22/12/05 20:39:44 INFO TextDataConvertor: Dataset: [../../../data/split/cv_1/test.txt]
22/12/05 20:39:44 INFO TextDataConvertor: DataSet: ../../../data/split/cv_1/test.txt is finished
22/12/05 20:39:44 INFO TextDataConvertor: rating Scale (real): 3.0 to 5.0
22/12/05 20:39:44 INFO TextDataConvertor: user number: 4005,	 item number is: 2673
22/12/05 20:39:44 INFO TextDataModel: Split data to train Set and test Set successfully!
22/12/05 20:39:44 INFO TextDataModel: Data cardinality of training is 88296
22/12/05 20:39:44 INFO TextDataModel: Data cardinality of testing is 22075
22/12/05 20:39:45 INFO TextDataModel: Feature appender loaded successfully!
22/12/05 20:39:45 INFO OracleAlgo: Job Setup completed.
** Training model in OracleAlgo **
22/12/05 20:39:45 INFO TextDataConvertor: Dataset: [exp00020/result/out-1.txt]
22/12/05 20:39:45 INFO TextDataConvertor: DataSet: exp00020/result/out-1.txt is finished
22/12/05 20:39:45 INFO TextDataConvertor: user number: 4005,	 item number is: 2673
22/12/05 20:39:45 INFO OracleAlgo: Job Train completed.
22/12/05 20:39:45 INFO OracleAlgo: begin recommend
22/12/05 20:39:46 INFO OracleAlgo: end recommend
22/12/05 20:39:46 INFO RecommenderJob: Evaluator info:NormalizedDCGEvaluator is 0.04755796677892939
22/12/05 20:39:46 INFO RecommenderJob: Evaluator info:PStatisticalParityEvaluator is -0.678314255983391
22/12/05 20:39:46 INFO TextDataConvertor: Dataset: [../../../data/split/cv_2/train.txt]
22/12/05 20:39:46 INFO TextDataConvertor: DataSet: ../../../data/split/cv_2/train.txt is finished
22/12/05 20:39:46 INFO TextDataConvertor: rating Scale (real): 3.0 to 5.0
22/12/05 20:39:46 INFO TextDataConvertor: user number: 4005,	 item number is: 2673
22/12/05 20:39:46 INFO TextDataModel: Transform data to Convertor successfully!
22/12/05 20:39:46 INFO TextDataConvertor: Dataset: [../../../data/split/cv_2/test.txt]
22/12/05 20:39:46 INFO TextDataConvertor: DataSet: ../../../data/split/cv_2/test.txt is finished
22/12/05 20:39:46 INFO TextDataConvertor: rating Scale (real): 3.0 to 5.0
22/12/05 20:39:46 INFO TextDataConvertor: user number: 4005,	 item number is: 2673
22/12/05 20:39:46 INFO TextDataModel: Split data to train Set and test Set successfully!
22/12/05 20:39:46 INFO TextDataModel: Data cardinality of training is 88297
22/12/05 20:39:46 INFO TextDataModel: Data cardinality of testing is 22074
22/12/05 20:39:46 INFO TextDataModel: Feature appender loaded successfully!
22/12/05 20:39:46 INFO OracleAlgo: Job Setup completed.
** Training model in OracleAlgo **
22/12/05 20:39:46 INFO TextDataConvertor: Dataset: [exp00020/result/out-2.txt]
22/12/05 20:39:46 INFO TextDataConvertor: DataSet: exp00020/result/out-2.txt is finished
22/12/05 20:39:46 INFO TextDataConvertor: user number: 4005,	 item number is: 2673
22/12/05 20:39:46 INFO OracleAlgo: Job Train completed.
22/12/05 20:39:46 INFO OracleAlgo: begin recommend
22/12/05 20:39:47 INFO OracleAlgo: end recommend
22/12/05 20:39:47 INFO RecommenderJob: Evaluator info:NormalizedDCGEvaluator is 0.05008772867790739
22/12/05 20:39:47 INFO RecommenderJob: Evaluator info:PStatisticalParityEvaluator is -0.6729295554978313
22/12/05 20:39:47 INFO TextDataConvertor: Dataset: [../../../data/split/cv_3/train.txt]
22/12/05 20:39:47 INFO TextDataConvertor: DataSet: ../../../data/split/cv_3/train.txt is finished
22/12/05 20:39:47 INFO TextDataConvertor: rating Scale (real): 3.0 to 5.0
22/12/05 20:39:47 INFO TextDataConvertor: user number: 4005,	 item number is: 2673
22/12/05 20:39:47 INFO TextDataModel: Transform data to Convertor successfully!
22/12/05 20:39:47 INFO TextDataConvertor: Dataset: [../../../data/split/cv_3/test.txt]
22/12/05 20:39:47 INFO TextDataConvertor: DataSet: ../../../data/split/cv_3/test.txt is finished
22/12/05 20:39:47 INFO TextDataConvertor: rating Scale (real): 3.0 to 5.0
22/12/05 20:39:47 INFO TextDataConvertor: user number: 4005,	 item number is: 2673
22/12/05 20:39:47 INFO TextDataModel: Split data to train Set and test Set successfully!
22/12/05 20:39:47 INFO TextDataModel: Data cardinality of training is 88297
22/12/05 20:39:47 INFO TextDataModel: Data cardinality of testing is 22074
22/12/05 20:39:47 INFO TextDataModel: Feature appender loaded successfully!
22/12/05 20:39:47 INFO OracleAlgo: Job Setup completed.
** Training model in OracleAlgo **
22/12/05 20:39:47 INFO TextDataConvertor: Dataset: [exp00020/result/out-3.txt]
22/12/05 20:39:47 INFO TextDataConvertor: DataSet: exp00020/result/out-3.txt is finished
22/12/05 20:39:47 INFO TextDataConvertor: user number: 4005,	 item number is: 2673
22/12/05 20:39:47 INFO OracleAlgo: Job Train completed.
22/12/05 20:39:47 INFO OracleAlgo: begin recommend
22/12/05 20:39:48 INFO OracleAlgo: end recommend
22/12/05 20:39:48 INFO RecommenderJob: Evaluator info:NormalizedDCGEvaluator is 0.042330007479084414
22/12/05 20:39:48 INFO RecommenderJob: Evaluator info:PStatisticalParityEvaluator is -0.6830167014614184
22/12/05 20:39:48 INFO TextDataConvertor: Dataset: [../../../data/split/cv_4/train.txt]
22/12/05 20:39:48 INFO TextDataConvertor: DataSet: ../../../data/split/cv_4/train.txt is finished
22/12/05 20:39:48 INFO TextDataConvertor: rating Scale (real): 3.0 to 5.0
22/12/05 20:39:48 INFO TextDataConvertor: user number: 4005,	 item number is: 2673
22/12/05 20:39:48 INFO TextDataModel: Transform data to Convertor successfully!
22/12/05 20:39:48 INFO TextDataConvertor: Dataset: [../../../data/split/cv_4/test.txt]
22/12/05 20:39:48 INFO TextDataConvertor: DataSet: ../../../data/split/cv_4/test.txt is finished
22/12/05 20:39:48 INFO TextDataConvertor: rating Scale (real): 3.0 to 5.0
22/12/05 20:39:48 INFO TextDataConvertor: user number: 4005,	 item number is: 2673
22/12/05 20:39:48 INFO TextDataModel: Split data to train Set and test Set successfully!
22/12/05 20:39:48 INFO TextDataModel: Data cardinality of training is 88297
22/12/05 20:39:48 INFO TextDataModel: Data cardinality of testing is 22074
22/12/05 20:39:48 INFO TextDataModel: Feature appender loaded successfully!
22/12/05 20:39:48 INFO OracleAlgo: Job Setup completed.
** Training model in OracleAlgo **
22/12/05 20:39:48 INFO TextDataConvertor: Dataset: [exp00020/result/out-4.txt]
22/12/05 20:39:48 INFO TextDataConvertor: DataSet: exp00020/result/out-4.txt is finished
22/12/05 20:39:48 INFO TextDataConvertor: user number: 4005,	 item number is: 2673
22/12/05 20:39:48 INFO OracleAlgo: Job Train completed.
22/12/05 20:39:48 INFO OracleAlgo: begin recommend
22/12/05 20:39:48 INFO OracleAlgo: end recommend
22/12/05 20:39:48 INFO RecommenderJob: Evaluator info:NormalizedDCGEvaluator is 0.05238958351795815
22/12/05 20:39:48 INFO RecommenderJob: Evaluator info:PStatisticalParityEvaluator is -0.6797619663648569
22/12/05 20:39:48 INFO TextDataConvertor: Dataset: [../../../data/split/cv_5/train.txt]
22/12/05 20:39:49 INFO TextDataConvertor: DataSet: ../../../data/split/cv_5/train.txt is finished
22/12/05 20:39:49 INFO TextDataConvertor: rating Scale (real): 3.0 to 5.0
22/12/05 20:39:49 INFO TextDataConvertor: user number: 4005,	 item number is: 2673
22/12/05 20:39:49 INFO TextDataModel: Transform data to Convertor successfully!
22/12/05 20:39:49 INFO TextDataConvertor: Dataset: [../../../data/split/cv_5/test.txt]
22/12/05 20:39:49 INFO TextDataConvertor: DataSet: ../../../data/split/cv_5/test.txt is finished
22/12/05 20:39:49 INFO TextDataConvertor: rating Scale (real): 3.0 to 5.0
22/12/05 20:39:49 INFO TextDataConvertor: user number: 4005,	 item number is: 2673
22/12/05 20:39:49 INFO TextDataModel: Split data to train Set and test Set successfully!
22/12/05 20:39:49 INFO TextDataModel: Data cardinality of training is 88297
22/12/05 20:39:49 INFO TextDataModel: Data cardinality of testing is 22074
22/12/05 20:39:49 INFO TextDataModel: Feature appender loaded successfully!
22/12/05 20:39:49 INFO OracleAlgo: Job Setup completed.
** Training model in OracleAlgo **
22/12/05 20:39:49 INFO TextDataConvertor: Dataset: [exp00020/result/out-5.txt]
22/12/05 20:39:49 INFO TextDataConvertor: DataSet: exp00020/result/out-5.txt is finished
22/12/05 20:39:49 INFO TextDataConvertor: user number: 4005,	 item number is: 2673
22/12/05 20:39:49 INFO OracleAlgo: Job Train completed.
22/12/05 20:39:49 INFO OracleAlgo: begin recommend
22/12/05 20:39:49 INFO OracleAlgo: end recommend
22/12/05 20:39:49 INFO RecommenderJob: Evaluator info:NormalizedDCGEvaluator is 0.052638473978674966
22/12/05 20:39:49 INFO RecommenderJob: Evaluator info:PStatisticalParityEvaluator is -0.676892801657215
