23/04/07 16:20:17 INFO TextDataConvertor: Dataset: [../../../data/rating_5000_cls_hc_10core_iterative.csv]
23/04/07 16:20:17 INFO TextDataConvertor: DataSet: ...ng_5000_cls_hc_10core_iterative.csv is finished
23/04/07 16:20:17 INFO TextDataConvertor: rating Scale (real): 3.0 to 5.0
23/04/07 16:20:17 INFO TextDataConvertor: user number: 4005,	 item number is: 2673
23/04/07 16:20:17 INFO TextDataModel: Transform data to Convertor successfully!
23/04/07 16:20:18 INFO TextDataModel: Split data to train Set and test Set successfully!
23/04/07 16:20:18 INFO TextDataModel: Feature appender loaded successfully!
23/04/07 16:20:18 INFO TextDataConvertor: Dataset: [../../../data/split/cv_1/train.txt]
23/04/07 16:20:18 INFO TextDataConvertor: DataSet: ../../../data/split/cv_1/train.txt is finished
23/04/07 16:20:18 INFO TextDataConvertor: rating Scale (real): 3.0 to 5.0
23/04/07 16:20:18 INFO TextDataConvertor: user number: 4005,	 item number is: 2673
23/04/07 16:20:18 INFO TextDataModel: Transform data to Convertor successfully!
23/04/07 16:20:18 INFO TextDataConvertor: Dataset: [../../../data/split/cv_1/test.txt]
23/04/07 16:20:18 INFO TextDataConvertor: DataSet: ../../../data/split/cv_1/test.txt is finished
23/04/07 16:20:18 INFO TextDataConvertor: rating Scale (real): 3.0 to 5.0
23/04/07 16:20:18 INFO TextDataConvertor: user number: 4005,	 item number is: 2673
23/04/07 16:20:19 INFO TextDataModel: Split data to train Set and test Set successfully!
23/04/07 16:20:19 INFO TextDataModel: Data cardinality of training is 88296
23/04/07 16:20:19 INFO TextDataModel: Data cardinality of testing is 22075
23/04/07 16:20:19 INFO TextDataModel: Feature appender loaded successfully!
23/04/07 16:20:20 INFO OracleAlgo: Job Setup completed.
** Training model in OracleAlgo **
23/04/07 16:20:20 INFO TextDataConvertor: Dataset: [exp00000/result/out-1.txt]
23/04/07 16:20:20 INFO TextDataConvertor: DataSet: exp00000/result/out-1.txt is finished
23/04/07 16:20:20 INFO TextDataConvertor: user number: 4005,	 item number is: 2673
23/04/07 16:20:20 INFO OracleAlgo: Job Train completed.
23/04/07 16:20:20 INFO OracleAlgo: begin recommend
23/04/07 16:20:20 INFO OracleAlgo: end recommend
23/04/07 16:20:20 INFO RecommenderJob: Evaluator info:NormalizedDCGEvaluator is 0.0077786057977861445
23/04/07 16:20:20 INFO RecommenderJob: Evaluator info:PStatisticalParityEvaluator is -0.19276795005203323
23/04/07 16:20:20 INFO TextDataConvertor: Dataset: [../../../data/split/cv_2/train.txt]
23/04/07 16:20:21 INFO TextDataConvertor: DataSet: ../../../data/split/cv_2/train.txt is finished
23/04/07 16:20:21 INFO TextDataConvertor: rating Scale (real): 3.0 to 5.0
23/04/07 16:20:21 INFO TextDataConvertor: user number: 4005,	 item number is: 2673
23/04/07 16:20:21 INFO TextDataModel: Transform data to Convertor successfully!
23/04/07 16:20:21 INFO TextDataConvertor: Dataset: [../../../data/split/cv_2/test.txt]
23/04/07 16:20:21 INFO TextDataConvertor: DataSet: ../../../data/split/cv_2/test.txt is finished
23/04/07 16:20:21 INFO TextDataConvertor: rating Scale (real): 3.0 to 5.0
23/04/07 16:20:21 INFO TextDataConvertor: user number: 4005,	 item number is: 2673
23/04/07 16:20:21 INFO TextDataModel: Split data to train Set and test Set successfully!
23/04/07 16:20:21 INFO TextDataModel: Data cardinality of training is 88297
23/04/07 16:20:21 INFO TextDataModel: Data cardinality of testing is 22074
23/04/07 16:20:21 INFO TextDataModel: Feature appender loaded successfully!
23/04/07 16:20:22 INFO OracleAlgo: Job Setup completed.
** Training model in OracleAlgo **
23/04/07 16:20:22 INFO TextDataConvertor: Dataset: [exp00000/result/out-2.txt]
23/04/07 16:20:22 INFO TextDataConvertor: DataSet: exp00000/result/out-2.txt is finished
23/04/07 16:20:22 INFO TextDataConvertor: user number: 4005,	 item number is: 2673
23/04/07 16:20:22 INFO OracleAlgo: Job Train completed.
23/04/07 16:20:22 INFO OracleAlgo: begin recommend
23/04/07 16:20:22 INFO OracleAlgo: end recommend
23/04/07 16:20:22 INFO RecommenderJob: Evaluator info:NormalizedDCGEvaluator is 0.008645499824421442
23/04/07 16:20:22 INFO RecommenderJob: Evaluator info:PStatisticalParityEvaluator is -0.20077982843774594
23/04/07 16:20:22 INFO TextDataConvertor: Dataset: [../../../data/split/cv_3/train.txt]
23/04/07 16:20:23 INFO TextDataConvertor: DataSet: ../../../data/split/cv_3/train.txt is finished
23/04/07 16:20:23 INFO TextDataConvertor: rating Scale (real): 3.0 to 5.0
23/04/07 16:20:23 INFO TextDataConvertor: user number: 4005,	 item number is: 2673
23/04/07 16:20:23 INFO TextDataModel: Transform data to Convertor successfully!
23/04/07 16:20:23 INFO TextDataConvertor: Dataset: [../../../data/split/cv_3/test.txt]
23/04/07 16:20:23 INFO TextDataConvertor: DataSet: ../../../data/split/cv_3/test.txt is finished
23/04/07 16:20:23 INFO TextDataConvertor: rating Scale (real): 3.0 to 5.0
23/04/07 16:20:23 INFO TextDataConvertor: user number: 4005,	 item number is: 2673
23/04/07 16:20:23 INFO TextDataModel: Split data to train Set and test Set successfully!
23/04/07 16:20:23 INFO TextDataModel: Data cardinality of training is 88297
23/04/07 16:20:23 INFO TextDataModel: Data cardinality of testing is 22074
23/04/07 16:20:23 INFO TextDataModel: Feature appender loaded successfully!
23/04/07 16:20:23 INFO OracleAlgo: Job Setup completed.
** Training model in OracleAlgo **
23/04/07 16:20:23 INFO TextDataConvertor: Dataset: [exp00000/result/out-3.txt]
23/04/07 16:20:23 INFO TextDataConvertor: DataSet: exp00000/result/out-3.txt is finished
23/04/07 16:20:23 INFO TextDataConvertor: user number: 4005,	 item number is: 2673
23/04/07 16:20:23 INFO OracleAlgo: Job Train completed.
23/04/07 16:20:23 INFO OracleAlgo: begin recommend
23/04/07 16:20:24 INFO OracleAlgo: end recommend
23/04/07 16:20:24 INFO RecommenderJob: Evaluator info:NormalizedDCGEvaluator is 0.007791812756143819
23/04/07 16:20:24 INFO RecommenderJob: Evaluator info:PStatisticalParityEvaluator is -0.19133611691023134
23/04/07 16:20:24 INFO TextDataConvertor: Dataset: [../../../data/split/cv_4/train.txt]
23/04/07 16:20:24 INFO TextDataConvertor: DataSet: ../../../data/split/cv_4/train.txt is finished
23/04/07 16:20:24 INFO TextDataConvertor: rating Scale (real): 3.0 to 5.0
23/04/07 16:20:24 INFO TextDataConvertor: user number: 4005,	 item number is: 2673
23/04/07 16:20:24 INFO TextDataModel: Transform data to Convertor successfully!
23/04/07 16:20:24 INFO TextDataConvertor: Dataset: [../../../data/split/cv_4/test.txt]
23/04/07 16:20:24 INFO TextDataConvertor: DataSet: ../../../data/split/cv_4/test.txt is finished
23/04/07 16:20:24 INFO TextDataConvertor: rating Scale (real): 3.0 to 5.0
23/04/07 16:20:24 INFO TextDataConvertor: user number: 4005,	 item number is: 2673
23/04/07 16:20:24 INFO TextDataModel: Split data to train Set and test Set successfully!
23/04/07 16:20:24 INFO TextDataModel: Data cardinality of training is 88297
23/04/07 16:20:24 INFO TextDataModel: Data cardinality of testing is 22074
23/04/07 16:20:24 INFO TextDataModel: Feature appender loaded successfully!
23/04/07 16:20:25 INFO OracleAlgo: Job Setup completed.
** Training model in OracleAlgo **
23/04/07 16:20:25 INFO TextDataConvertor: Dataset: [exp00000/result/out-4.txt]
23/04/07 16:20:25 INFO TextDataConvertor: DataSet: exp00000/result/out-4.txt is finished
23/04/07 16:20:25 INFO TextDataConvertor: user number: 4005,	 item number is: 2673
23/04/07 16:20:25 INFO OracleAlgo: Job Train completed.
23/04/07 16:20:25 INFO OracleAlgo: begin recommend
23/04/07 16:20:25 INFO OracleAlgo: end recommend
23/04/07 16:20:25 INFO RecommenderJob: Evaluator info:NormalizedDCGEvaluator is 0.006569833824742965
23/04/07 16:20:25 INFO RecommenderJob: Evaluator info:PStatisticalParityEvaluator is -0.19896507115136342
23/04/07 16:20:25 INFO TextDataConvertor: Dataset: [../../../data/split/cv_5/train.txt]
23/04/07 16:20:25 INFO TextDataConvertor: DataSet: ../../../data/split/cv_5/train.txt is finished
23/04/07 16:20:25 INFO TextDataConvertor: rating Scale (real): 3.0 to 5.0
23/04/07 16:20:25 INFO TextDataConvertor: user number: 4005,	 item number is: 2673
23/04/07 16:20:25 INFO TextDataModel: Transform data to Convertor successfully!
23/04/07 16:20:25 INFO TextDataConvertor: Dataset: [../../../data/split/cv_5/test.txt]
23/04/07 16:20:25 INFO TextDataConvertor: DataSet: ../../../data/split/cv_5/test.txt is finished
23/04/07 16:20:25 INFO TextDataConvertor: rating Scale (real): 3.0 to 5.0
23/04/07 16:20:25 INFO TextDataConvertor: user number: 4005,	 item number is: 2673
23/04/07 16:20:25 INFO TextDataModel: Split data to train Set and test Set successfully!
23/04/07 16:20:25 INFO TextDataModel: Data cardinality of training is 88297
23/04/07 16:20:25 INFO TextDataModel: Data cardinality of testing is 22074
23/04/07 16:20:25 INFO TextDataModel: Feature appender loaded successfully!
23/04/07 16:20:26 INFO OracleAlgo: Job Setup completed.
** Training model in OracleAlgo **
23/04/07 16:20:26 INFO TextDataConvertor: Dataset: [exp00000/result/out-5.txt]
23/04/07 16:20:26 INFO TextDataConvertor: DataSet: exp00000/result/out-5.txt is finished
23/04/07 16:20:26 INFO TextDataConvertor: user number: 4005,	 item number is: 2673
23/04/07 16:20:26 INFO OracleAlgo: Job Train completed.
23/04/07 16:20:26 INFO OracleAlgo: begin recommend
23/04/07 16:20:27 INFO OracleAlgo: end recommend
23/04/07 16:20:27 INFO RecommenderJob: Evaluator info:NormalizedDCGEvaluator is 0.008270330600546126
23/04/07 16:20:27 INFO RecommenderJob: Evaluator info:PStatisticalParityEvaluator is -0.19549456240290453
