22/12/05 10:36:08 INFO TextDataConvertor: Dataset: [../../../data/rating_5000_cls_hc_10core_iterative.csv]
22/12/05 10:36:08 INFO TextDataConvertor: DataSet: ...ng_5000_cls_hc_10core_iterative.csv is finished
22/12/05 10:36:08 INFO TextDataConvertor: rating Scale (real): 3.0 to 5.0
22/12/05 10:36:08 INFO TextDataConvertor: user number: 4005,	 item number is: 2673
22/12/05 10:36:08 INFO TextDataModel: Transform data to Convertor successfully!
22/12/05 10:36:09 INFO TextDataModel: Split data to train Set and test Set successfully!
22/12/05 10:36:09 INFO TextDataModel: Feature appender loaded successfully!
22/12/05 10:36:09 INFO TextDataConvertor: Dataset: [../../../data/split/cv_1/train.txt]
22/12/05 10:36:09 INFO TextDataConvertor: DataSet: ../../../data/split/cv_1/train.txt is finished
22/12/05 10:36:09 INFO TextDataConvertor: rating Scale (real): 3.0 to 5.0
22/12/05 10:36:09 INFO TextDataConvertor: user number: 4005,	 item number is: 2673
22/12/05 10:36:09 INFO TextDataModel: Transform data to Convertor successfully!
22/12/05 10:36:09 INFO TextDataConvertor: Dataset: [../../../data/split/cv_1/test.txt]
22/12/05 10:36:09 INFO TextDataConvertor: DataSet: ../../../data/split/cv_1/test.txt is finished
22/12/05 10:36:09 INFO TextDataConvertor: rating Scale (real): 3.0 to 5.0
22/12/05 10:36:09 INFO TextDataConvertor: user number: 4005,	 item number is: 2673
22/12/05 10:36:09 INFO TextDataModel: Split data to train Set and test Set successfully!
22/12/05 10:36:09 INFO TextDataModel: Data cardinality of training is 88296
22/12/05 10:36:09 INFO TextDataModel: Data cardinality of testing is 22075
22/12/05 10:36:09 INFO TextDataModel: Feature appender loaded successfully!
22/12/05 10:36:11 INFO OracleAlgo: Job Setup completed.
** Training model in OracleAlgo **
22/12/05 10:36:11 INFO TextDataConvertor: Dataset: [exp00038/result/out-1.txt]
22/12/05 10:36:11 INFO TextDataConvertor: DataSet: exp00038/result/out-1.txt is finished
22/12/05 10:36:11 INFO TextDataConvertor: user number: 4005,	 item number is: 2673
22/12/05 10:36:11 INFO OracleAlgo: Job Train completed.
22/12/05 10:36:11 INFO OracleAlgo: begin recommend
22/12/05 10:36:11 INFO OracleAlgo: end recommend
22/12/05 10:36:12 INFO RecommenderJob: Evaluator info:NormalizedDCGEvaluator is 0.014102028821887363
22/12/05 10:36:12 INFO RecommenderJob: Evaluator info:PStatisticalParityEvaluator is -0.7343912591051496
22/12/05 10:36:12 INFO TextDataConvertor: Dataset: [../../../data/split/cv_2/train.txt]
22/12/05 10:36:12 INFO TextDataConvertor: DataSet: ../../../data/split/cv_2/train.txt is finished
22/12/05 10:36:12 INFO TextDataConvertor: rating Scale (real): 3.0 to 5.0
22/12/05 10:36:12 INFO TextDataConvertor: user number: 4005,	 item number is: 2673
22/12/05 10:36:12 INFO TextDataModel: Transform data to Convertor successfully!
22/12/05 10:36:12 INFO TextDataConvertor: Dataset: [../../../data/split/cv_2/test.txt]
22/12/05 10:36:12 INFO TextDataConvertor: DataSet: ../../../data/split/cv_2/test.txt is finished
22/12/05 10:36:12 INFO TextDataConvertor: rating Scale (real): 3.0 to 5.0
22/12/05 10:36:12 INFO TextDataConvertor: user number: 4005,	 item number is: 2673
22/12/05 10:36:12 INFO TextDataModel: Split data to train Set and test Set successfully!
22/12/05 10:36:12 INFO TextDataModel: Data cardinality of training is 88297
22/12/05 10:36:12 INFO TextDataModel: Data cardinality of testing is 22074
22/12/05 10:36:12 INFO TextDataModel: Feature appender loaded successfully!
22/12/05 10:36:13 INFO OracleAlgo: Job Setup completed.
** Training model in OracleAlgo **
22/12/05 10:36:13 INFO TextDataConvertor: Dataset: [exp00038/result/out-2.txt]
22/12/05 10:36:13 INFO TextDataConvertor: DataSet: exp00038/result/out-2.txt is finished
22/12/05 10:36:13 INFO TextDataConvertor: user number: 4005,	 item number is: 2673
22/12/05 10:36:13 INFO OracleAlgo: Job Train completed.
22/12/05 10:36:13 INFO OracleAlgo: begin recommend
22/12/05 10:36:13 INFO OracleAlgo: end recommend
22/12/05 10:36:13 INFO RecommenderJob: Evaluator info:NormalizedDCGEvaluator is 0.01454053670026058
22/12/05 10:36:13 INFO RecommenderJob: Evaluator info:PStatisticalParityEvaluator is -0.731998960228799
22/12/05 10:36:13 INFO TextDataConvertor: Dataset: [../../../data/split/cv_3/train.txt]
22/12/05 10:36:13 INFO TextDataConvertor: DataSet: ../../../data/split/cv_3/train.txt is finished
22/12/05 10:36:13 INFO TextDataConvertor: rating Scale (real): 3.0 to 5.0
22/12/05 10:36:13 INFO TextDataConvertor: user number: 4005,	 item number is: 2673
22/12/05 10:36:13 INFO TextDataModel: Transform data to Convertor successfully!
22/12/05 10:36:13 INFO TextDataConvertor: Dataset: [../../../data/split/cv_3/test.txt]
22/12/05 10:36:13 INFO TextDataConvertor: DataSet: ../../../data/split/cv_3/test.txt is finished
22/12/05 10:36:13 INFO TextDataConvertor: rating Scale (real): 3.0 to 5.0
22/12/05 10:36:13 INFO TextDataConvertor: user number: 4005,	 item number is: 2673
22/12/05 10:36:14 INFO TextDataModel: Split data to train Set and test Set successfully!
22/12/05 10:36:14 INFO TextDataModel: Data cardinality of training is 88297
22/12/05 10:36:14 INFO TextDataModel: Data cardinality of testing is 22074
22/12/05 10:36:14 INFO TextDataModel: Feature appender loaded successfully!
22/12/05 10:36:15 INFO OracleAlgo: Job Setup completed.
** Training model in OracleAlgo **
22/12/05 10:36:15 INFO TextDataConvertor: Dataset: [exp00038/result/out-3.txt]
22/12/05 10:36:15 INFO TextDataConvertor: DataSet: exp00038/result/out-3.txt is finished
22/12/05 10:36:15 INFO TextDataConvertor: user number: 4005,	 item number is: 2673
22/12/05 10:36:15 INFO OracleAlgo: Job Train completed.
22/12/05 10:36:15 INFO OracleAlgo: begin recommend
22/12/05 10:36:15 INFO OracleAlgo: end recommend
22/12/05 10:36:15 INFO RecommenderJob: Evaluator info:NormalizedDCGEvaluator is 0.012792459672302895
22/12/05 10:36:15 INFO RecommenderJob: Evaluator info:PStatisticalParityEvaluator is -0.7320876826722833
22/12/05 10:36:15 INFO TextDataConvertor: Dataset: [../../../data/split/cv_4/train.txt]
22/12/05 10:36:15 INFO TextDataConvertor: DataSet: ../../../data/split/cv_4/train.txt is finished
22/12/05 10:36:15 INFO TextDataConvertor: rating Scale (real): 3.0 to 5.0
22/12/05 10:36:15 INFO TextDataConvertor: user number: 4005,	 item number is: 2673
22/12/05 10:36:15 INFO TextDataModel: Transform data to Convertor successfully!
22/12/05 10:36:15 INFO TextDataConvertor: Dataset: [../../../data/split/cv_4/test.txt]
22/12/05 10:36:15 INFO TextDataConvertor: DataSet: ../../../data/split/cv_4/test.txt is finished
22/12/05 10:36:15 INFO TextDataConvertor: rating Scale (real): 3.0 to 5.0
22/12/05 10:36:15 INFO TextDataConvertor: user number: 4005,	 item number is: 2673
22/12/05 10:36:15 INFO TextDataModel: Split data to train Set and test Set successfully!
22/12/05 10:36:15 INFO TextDataModel: Data cardinality of training is 88297
22/12/05 10:36:15 INFO TextDataModel: Data cardinality of testing is 22074
22/12/05 10:36:15 INFO TextDataModel: Feature appender loaded successfully!
22/12/05 10:36:16 INFO OracleAlgo: Job Setup completed.
** Training model in OracleAlgo **
22/12/05 10:36:16 INFO TextDataConvertor: Dataset: [exp00038/result/out-4.txt]
22/12/05 10:36:16 INFO TextDataConvertor: DataSet: exp00038/result/out-4.txt is finished
22/12/05 10:36:16 INFO TextDataConvertor: user number: 4005,	 item number is: 2673
22/12/05 10:36:16 INFO OracleAlgo: Job Train completed.
22/12/05 10:36:16 INFO OracleAlgo: begin recommend
22/12/05 10:36:17 INFO OracleAlgo: end recommend
22/12/05 10:36:17 INFO RecommenderJob: Evaluator info:NormalizedDCGEvaluator is 0.01355297460733381
22/12/05 10:36:17 INFO RecommenderJob: Evaluator info:PStatisticalParityEvaluator is -0.7341474773609824
22/12/05 10:36:17 INFO TextDataConvertor: Dataset: [../../../data/split/cv_5/train.txt]
22/12/05 10:36:17 INFO TextDataConvertor: DataSet: ../../../data/split/cv_5/train.txt is finished
22/12/05 10:36:17 INFO TextDataConvertor: rating Scale (real): 3.0 to 5.0
22/12/05 10:36:17 INFO TextDataConvertor: user number: 4005,	 item number is: 2673
22/12/05 10:36:17 INFO TextDataModel: Transform data to Convertor successfully!
22/12/05 10:36:17 INFO TextDataConvertor: Dataset: [../../../data/split/cv_5/test.txt]
22/12/05 10:36:17 INFO TextDataConvertor: DataSet: ../../../data/split/cv_5/test.txt is finished
22/12/05 10:36:17 INFO TextDataConvertor: rating Scale (real): 3.0 to 5.0
22/12/05 10:36:17 INFO TextDataConvertor: user number: 4005,	 item number is: 2673
22/12/05 10:36:17 INFO TextDataModel: Split data to train Set and test Set successfully!
22/12/05 10:36:17 INFO TextDataModel: Data cardinality of training is 88297
22/12/05 10:36:17 INFO TextDataModel: Data cardinality of testing is 22074
22/12/05 10:36:17 INFO TextDataModel: Feature appender loaded successfully!
22/12/05 10:36:18 INFO OracleAlgo: Job Setup completed.
** Training model in OracleAlgo **
22/12/05 10:36:18 INFO TextDataConvertor: Dataset: [exp00038/result/out-5.txt]
22/12/05 10:36:18 INFO TextDataConvertor: DataSet: exp00038/result/out-5.txt is finished
22/12/05 10:36:18 INFO TextDataConvertor: user number: 4005,	 item number is: 2673
22/12/05 10:36:18 INFO OracleAlgo: Job Train completed.
22/12/05 10:36:18 INFO OracleAlgo: begin recommend
22/12/05 10:36:18 INFO OracleAlgo: end recommend
22/12/05 10:36:18 INFO RecommenderJob: Evaluator info:NormalizedDCGEvaluator is 0.015060803927367455
22/12/05 10:36:18 INFO RecommenderJob: Evaluator info:PStatisticalParityEvaluator is -0.7340134645262029
