22/12/05 00:25:11 INFO TextDataConvertor: Dataset: [../../../data/rating_5000_cls_hc_10core_iterative.csv]
22/12/05 00:25:11 INFO TextDataConvertor: DataSet: ...ng_5000_cls_hc_10core_iterative.csv is finished
22/12/05 00:25:11 INFO TextDataConvertor: rating Scale (real): 3.0 to 5.0
22/12/05 00:25:11 INFO TextDataConvertor: user number: 4005,	 item number is: 2673
22/12/05 00:25:11 INFO TextDataModel: Transform data to Convertor successfully!
22/12/05 00:25:12 INFO TextDataModel: Split data to train Set and test Set successfully!
22/12/05 00:25:12 INFO TextDataModel: Feature appender loaded successfully!
22/12/05 00:25:12 INFO TextDataConvertor: Dataset: [../../../data/split/cv_1/train.txt]
22/12/05 00:25:13 INFO TextDataConvertor: DataSet: ../../../data/split/cv_1/train.txt is finished
22/12/05 00:25:13 INFO TextDataConvertor: rating Scale (real): 3.0 to 5.0
22/12/05 00:25:13 INFO TextDataConvertor: user number: 4005,	 item number is: 2673
22/12/05 00:25:13 INFO TextDataModel: Transform data to Convertor successfully!
22/12/05 00:25:13 INFO TextDataConvertor: Dataset: [../../../data/split/cv_1/test.txt]
22/12/05 00:25:13 INFO TextDataConvertor: DataSet: ../../../data/split/cv_1/test.txt is finished
22/12/05 00:25:13 INFO TextDataConvertor: rating Scale (real): 3.0 to 5.0
22/12/05 00:25:13 INFO TextDataConvertor: user number: 4005,	 item number is: 2673
22/12/05 00:25:13 INFO TextDataModel: Split data to train Set and test Set successfully!
22/12/05 00:25:13 INFO TextDataModel: Data cardinality of training is 88296
22/12/05 00:25:13 INFO TextDataModel: Data cardinality of testing is 22075
22/12/05 00:25:13 INFO TextDataModel: Feature appender loaded successfully!
22/12/05 00:25:15 INFO OracleAlgo: Job Setup completed.
** Training model in OracleAlgo **
22/12/05 00:25:15 INFO TextDataConvertor: Dataset: [exp00009/result/out-1.txt]
22/12/05 00:25:15 INFO TextDataConvertor: DataSet: exp00009/result/out-1.txt is finished
22/12/05 00:25:15 INFO TextDataConvertor: user number: 4005,	 item number is: 2673
22/12/05 00:25:15 INFO OracleAlgo: Job Train completed.
22/12/05 00:25:15 INFO OracleAlgo: begin recommend
22/12/05 00:25:16 INFO OracleAlgo: end recommend
22/12/05 00:25:16 INFO RecommenderJob: Evaluator info:NormalizedDCGEvaluator is 0.014323316192289787
22/12/05 00:25:16 INFO RecommenderJob: Evaluator info:PStatisticalParityEvaluator is -0.7269302809573895
22/12/05 00:25:16 INFO TextDataConvertor: Dataset: [../../../data/split/cv_2/train.txt]
22/12/05 00:25:16 INFO TextDataConvertor: DataSet: ../../../data/split/cv_2/train.txt is finished
22/12/05 00:25:16 INFO TextDataConvertor: rating Scale (real): 3.0 to 5.0
22/12/05 00:25:16 INFO TextDataConvertor: user number: 4005,	 item number is: 2673
22/12/05 00:25:16 INFO TextDataModel: Transform data to Convertor successfully!
22/12/05 00:25:16 INFO TextDataConvertor: Dataset: [../../../data/split/cv_2/test.txt]
22/12/05 00:25:16 INFO TextDataConvertor: DataSet: ../../../data/split/cv_2/test.txt is finished
22/12/05 00:25:16 INFO TextDataConvertor: rating Scale (real): 3.0 to 5.0
22/12/05 00:25:16 INFO TextDataConvertor: user number: 4005,	 item number is: 2673
22/12/05 00:25:16 INFO TextDataModel: Split data to train Set and test Set successfully!
22/12/05 00:25:16 INFO TextDataModel: Data cardinality of training is 88297
22/12/05 00:25:16 INFO TextDataModel: Data cardinality of testing is 22074
22/12/05 00:25:16 INFO TextDataModel: Feature appender loaded successfully!
22/12/05 00:25:18 INFO OracleAlgo: Job Setup completed.
** Training model in OracleAlgo **
22/12/05 00:25:18 INFO TextDataConvertor: Dataset: [exp00009/result/out-2.txt]
22/12/05 00:25:18 INFO TextDataConvertor: DataSet: exp00009/result/out-2.txt is finished
22/12/05 00:25:18 INFO TextDataConvertor: user number: 4005,	 item number is: 2673
22/12/05 00:25:18 INFO OracleAlgo: Job Train completed.
22/12/05 00:25:18 INFO OracleAlgo: begin recommend
22/12/05 00:25:18 INFO OracleAlgo: end recommend
22/12/05 00:25:18 INFO RecommenderJob: Evaluator info:NormalizedDCGEvaluator is 0.014726719866260297
22/12/05 00:25:19 INFO RecommenderJob: Evaluator info:PStatisticalParityEvaluator is -0.7247621523265404
22/12/05 00:25:19 INFO TextDataConvertor: Dataset: [../../../data/split/cv_3/train.txt]
22/12/05 00:25:19 INFO TextDataConvertor: DataSet: ../../../data/split/cv_3/train.txt is finished
22/12/05 00:25:19 INFO TextDataConvertor: rating Scale (real): 3.0 to 5.0
22/12/05 00:25:19 INFO TextDataConvertor: user number: 4005,	 item number is: 2673
22/12/05 00:25:19 INFO TextDataModel: Transform data to Convertor successfully!
22/12/05 00:25:19 INFO TextDataConvertor: Dataset: [../../../data/split/cv_3/test.txt]
22/12/05 00:25:19 INFO TextDataConvertor: DataSet: ../../../data/split/cv_3/test.txt is finished
22/12/05 00:25:19 INFO TextDataConvertor: rating Scale (real): 3.0 to 5.0
22/12/05 00:25:19 INFO TextDataConvertor: user number: 4005,	 item number is: 2673
22/12/05 00:25:19 INFO TextDataModel: Split data to train Set and test Set successfully!
22/12/05 00:25:19 INFO TextDataModel: Data cardinality of training is 88297
22/12/05 00:25:19 INFO TextDataModel: Data cardinality of testing is 22074
22/12/05 00:25:19 INFO TextDataModel: Feature appender loaded successfully!
22/12/05 00:25:20 INFO OracleAlgo: Job Setup completed.
** Training model in OracleAlgo **
22/12/05 00:25:20 INFO TextDataConvertor: Dataset: [exp00009/result/out-3.txt]
22/12/05 00:25:20 INFO TextDataConvertor: DataSet: exp00009/result/out-3.txt is finished
22/12/05 00:25:20 INFO TextDataConvertor: user number: 4005,	 item number is: 2673
22/12/05 00:25:20 INFO OracleAlgo: Job Train completed.
22/12/05 00:25:20 INFO OracleAlgo: begin recommend
22/12/05 00:25:21 INFO OracleAlgo: end recommend
22/12/05 00:25:21 INFO RecommenderJob: Evaluator info:NormalizedDCGEvaluator is 0.012356988652719298
22/12/05 00:25:21 INFO RecommenderJob: Evaluator info:PStatisticalParityEvaluator is -0.7267745302714516
22/12/05 00:25:21 INFO TextDataConvertor: Dataset: [../../../data/split/cv_4/train.txt]
22/12/05 00:25:21 INFO TextDataConvertor: DataSet: ../../../data/split/cv_4/train.txt is finished
22/12/05 00:25:21 INFO TextDataConvertor: rating Scale (real): 3.0 to 5.0
22/12/05 00:25:21 INFO TextDataConvertor: user number: 4005,	 item number is: 2673
22/12/05 00:25:21 INFO TextDataModel: Transform data to Convertor successfully!
22/12/05 00:25:21 INFO TextDataConvertor: Dataset: [../../../data/split/cv_4/test.txt]
22/12/05 00:25:21 INFO TextDataConvertor: DataSet: ../../../data/split/cv_4/test.txt is finished
22/12/05 00:25:21 INFO TextDataConvertor: rating Scale (real): 3.0 to 5.0
22/12/05 00:25:21 INFO TextDataConvertor: user number: 4005,	 item number is: 2673
22/12/05 00:25:21 INFO TextDataModel: Split data to train Set and test Set successfully!
22/12/05 00:25:21 INFO TextDataModel: Data cardinality of training is 88297
22/12/05 00:25:21 INFO TextDataModel: Data cardinality of testing is 22074
22/12/05 00:25:21 INFO TextDataModel: Feature appender loaded successfully!
22/12/05 00:25:22 INFO OracleAlgo: Job Setup completed.
** Training model in OracleAlgo **
22/12/05 00:25:22 INFO TextDataConvertor: Dataset: [exp00009/result/out-4.txt]
22/12/05 00:25:22 INFO TextDataConvertor: DataSet: exp00009/result/out-4.txt is finished
22/12/05 00:25:22 INFO TextDataConvertor: user number: 4005,	 item number is: 2673
22/12/05 00:25:22 INFO OracleAlgo: Job Train completed.
22/12/05 00:25:22 INFO OracleAlgo: begin recommend
22/12/05 00:25:23 INFO OracleAlgo: end recommend
22/12/05 00:25:23 INFO RecommenderJob: Evaluator info:NormalizedDCGEvaluator is 0.014486362553293613
22/12/05 00:25:23 INFO RecommenderJob: Evaluator info:PStatisticalParityEvaluator is -0.7262923673997943
22/12/05 00:25:23 INFO TextDataConvertor: Dataset: [../../../data/split/cv_5/train.txt]
22/12/05 00:25:23 INFO TextDataConvertor: DataSet: ../../../data/split/cv_5/train.txt is finished
22/12/05 00:25:23 INFO TextDataConvertor: rating Scale (real): 3.0 to 5.0
22/12/05 00:25:23 INFO TextDataConvertor: user number: 4005,	 item number is: 2673
22/12/05 00:25:23 INFO TextDataModel: Transform data to Convertor successfully!
22/12/05 00:25:23 INFO TextDataConvertor: Dataset: [../../../data/split/cv_5/test.txt]
22/12/05 00:25:23 INFO TextDataConvertor: DataSet: ../../../data/split/cv_5/test.txt is finished
22/12/05 00:25:23 INFO TextDataConvertor: rating Scale (real): 3.0 to 5.0
22/12/05 00:25:23 INFO TextDataConvertor: user number: 4005,	 item number is: 2673
22/12/05 00:25:23 INFO TextDataModel: Split data to train Set and test Set successfully!
22/12/05 00:25:23 INFO TextDataModel: Data cardinality of training is 88297
22/12/05 00:25:23 INFO TextDataModel: Data cardinality of testing is 22074
22/12/05 00:25:23 INFO TextDataModel: Feature appender loaded successfully!
22/12/05 00:25:24 INFO OracleAlgo: Job Setup completed.
** Training model in OracleAlgo **
22/12/05 00:25:24 INFO TextDataConvertor: Dataset: [exp00009/result/out-5.txt]
22/12/05 00:25:25 INFO TextDataConvertor: DataSet: exp00009/result/out-5.txt is finished
22/12/05 00:25:25 INFO TextDataConvertor: user number: 4005,	 item number is: 2673
22/12/05 00:25:25 INFO OracleAlgo: Job Train completed.
22/12/05 00:25:25 INFO OracleAlgo: begin recommend
22/12/05 00:25:25 INFO OracleAlgo: end recommend
22/12/05 00:25:25 INFO RecommenderJob: Evaluator info:NormalizedDCGEvaluator is 0.014930239829959628
22/12/05 00:25:25 INFO RecommenderJob: Evaluator info:PStatisticalParityEvaluator is -0.7268979803211304
