22/12/05 00:12:36 INFO TextDataConvertor: Dataset: [../../../data/rating_5000_cls_hc_10core_iterative.csv]
22/12/05 00:12:37 INFO TextDataConvertor: DataSet: ...ng_5000_cls_hc_10core_iterative.csv is finished
22/12/05 00:12:37 INFO TextDataConvertor: rating Scale (real): 3.0 to 5.0
22/12/05 00:12:37 INFO TextDataConvertor: user number: 4005,	 item number is: 2673
22/12/05 00:12:37 INFO TextDataModel: Transform data to Convertor successfully!
22/12/05 00:12:38 INFO TextDataModel: Split data to train Set and test Set successfully!
22/12/05 00:12:38 INFO TextDataModel: Feature appender loaded successfully!
22/12/05 00:12:38 INFO TextDataConvertor: Dataset: [../../../data/split/cv_1/train.txt]
22/12/05 00:12:38 INFO TextDataConvertor: DataSet: ../../../data/split/cv_1/train.txt is finished
22/12/05 00:12:38 INFO TextDataConvertor: rating Scale (real): 3.0 to 5.0
22/12/05 00:12:38 INFO TextDataConvertor: user number: 4005,	 item number is: 2673
22/12/05 00:12:38 INFO TextDataModel: Transform data to Convertor successfully!
22/12/05 00:12:38 INFO TextDataConvertor: Dataset: [../../../data/split/cv_1/test.txt]
22/12/05 00:12:38 INFO TextDataConvertor: DataSet: ../../../data/split/cv_1/test.txt is finished
22/12/05 00:12:38 INFO TextDataConvertor: rating Scale (real): 3.0 to 5.0
22/12/05 00:12:38 INFO TextDataConvertor: user number: 4005,	 item number is: 2673
22/12/05 00:12:38 INFO TextDataModel: Split data to train Set and test Set successfully!
22/12/05 00:12:38 INFO TextDataModel: Data cardinality of training is 88296
22/12/05 00:12:38 INFO TextDataModel: Data cardinality of testing is 22075
22/12/05 00:12:38 INFO TextDataModel: Feature appender loaded successfully!
22/12/05 00:12:38 INFO RecommenderJob: ExpCMD: START - Executing recommender job on 1.
22/12/05 00:12:44 INFO SLIMRecommender: Job Setup completed.
22/12/05 00:12:47 INFO SLIMRecommender: SLIMRecommender iter 1: loss = 277204.26457429497, delta_loss = -277204.26457429497
22/12/05 00:12:50 INFO SLIMRecommender: SLIMRecommender iter 2: loss = 26814.844459406497, delta_loss = 250389.42011488846
22/12/05 00:12:52 INFO SLIMRecommender: SLIMRecommender iter 3: loss = 21755.524595142364, delta_loss = 5059.319864264133
22/12/05 00:12:55 INFO SLIMRecommender: SLIMRecommender iter 4: loss = 21288.255047400016, delta_loss = 467.26954774234764
22/12/05 00:12:57 INFO SLIMRecommender: SLIMRecommender iter 5: loss = 21290.98139217237, delta_loss = -2.726344772352604
22/12/05 00:12:57 INFO SLIMRecommender: Job Train completed.
22/12/05 00:12:57 INFO RecommenderJob: ExpCMD: COMPLETE
22/12/05 00:12:57 INFO RecommenderJob: EvalCMD: START
22/12/05 00:12:58 INFO SLIMRecommender: begin recommend
22/12/05 00:13:00 INFO SLIMRecommender: end recommend
22/12/05 00:13:00 INFO RecommenderJob: Evaluator info:NormalizedDCGEvaluator is 0.015411509307260417
22/12/05 00:13:00 INFO RecommenderJob: Evaluator info:PStatisticalParityEvaluator is -0.7633090530697757
22/12/05 00:13:00 INFO SLIMRecommender: begin recommend
22/12/05 00:13:02 INFO SLIMRecommender: end recommend
22/12/05 00:13:02 INFO RecommenderJob: Result path is exp00009/result/out-1.txt
22/12/05 00:13:03 INFO RecommenderJob: EvalCMD: COMPLETE.
22/12/05 00:13:03 INFO TextDataConvertor: Dataset: [../../../data/split/cv_2/train.txt]
22/12/05 00:13:03 INFO TextDataConvertor: DataSet: ../../../data/split/cv_2/train.txt is finished
22/12/05 00:13:03 INFO TextDataConvertor: rating Scale (real): 3.0 to 5.0
22/12/05 00:13:03 INFO TextDataConvertor: user number: 4005,	 item number is: 2673
22/12/05 00:13:03 INFO TextDataModel: Transform data to Convertor successfully!
22/12/05 00:13:03 INFO TextDataConvertor: Dataset: [../../../data/split/cv_2/test.txt]
22/12/05 00:13:03 INFO TextDataConvertor: DataSet: ../../../data/split/cv_2/test.txt is finished
22/12/05 00:13:03 INFO TextDataConvertor: rating Scale (real): 3.0 to 5.0
22/12/05 00:13:03 INFO TextDataConvertor: user number: 4005,	 item number is: 2673
22/12/05 00:13:03 INFO TextDataModel: Split data to train Set and test Set successfully!
22/12/05 00:13:03 INFO TextDataModel: Data cardinality of training is 88297
22/12/05 00:13:03 INFO TextDataModel: Data cardinality of testing is 22074
22/12/05 00:13:03 INFO TextDataModel: Feature appender loaded successfully!
22/12/05 00:13:03 INFO RecommenderJob: ExpCMD: START - Executing recommender job on 2.
22/12/05 00:13:08 INFO SLIMRecommender: Job Setup completed.
22/12/05 00:13:11 INFO SLIMRecommender: SLIMRecommender iter 1: loss = 267410.56455340737, delta_loss = -267410.56455340737
22/12/05 00:13:13 INFO SLIMRecommender: SLIMRecommender iter 2: loss = 25366.411851380148, delta_loss = 242044.15270202723
22/12/05 00:13:16 INFO SLIMRecommender: SLIMRecommender iter 3: loss = 21659.615346867322, delta_loss = 3706.796504512826
22/12/05 00:13:18 INFO SLIMRecommender: SLIMRecommender iter 4: loss = 21082.087485970413, delta_loss = 577.5278608969093
22/12/05 00:13:20 INFO SLIMRecommender: SLIMRecommender iter 5: loss = 21085.900815887693, delta_loss = -3.813329917280498
22/12/05 00:13:20 INFO SLIMRecommender: Job Train completed.
22/12/05 00:13:20 INFO RecommenderJob: ExpCMD: COMPLETE
22/12/05 00:13:20 INFO RecommenderJob: EvalCMD: START
22/12/05 00:13:21 INFO SLIMRecommender: begin recommend
22/12/05 00:13:23 INFO SLIMRecommender: end recommend
22/12/05 00:13:23 INFO RecommenderJob: Evaluator info:NormalizedDCGEvaluator is 0.014601228774692856
22/12/05 00:13:23 INFO RecommenderJob: Evaluator info:PStatisticalParityEvaluator is -0.7587314790746601
22/12/05 00:13:23 INFO SLIMRecommender: begin recommend
22/12/05 00:13:25 INFO SLIMRecommender: end recommend
22/12/05 00:13:25 INFO RecommenderJob: Result path is exp00009/result/out-2.txt
22/12/05 00:13:25 INFO RecommenderJob: EvalCMD: COMPLETE.
22/12/05 00:13:25 INFO TextDataConvertor: Dataset: [../../../data/split/cv_3/train.txt]
22/12/05 00:13:25 INFO TextDataConvertor: DataSet: ../../../data/split/cv_3/train.txt is finished
22/12/05 00:13:25 INFO TextDataConvertor: rating Scale (real): 3.0 to 5.0
22/12/05 00:13:25 INFO TextDataConvertor: user number: 4005,	 item number is: 2673
22/12/05 00:13:25 INFO TextDataModel: Transform data to Convertor successfully!
22/12/05 00:13:25 INFO TextDataConvertor: Dataset: [../../../data/split/cv_3/test.txt]
22/12/05 00:13:25 INFO TextDataConvertor: DataSet: ../../../data/split/cv_3/test.txt is finished
22/12/05 00:13:25 INFO TextDataConvertor: rating Scale (real): 3.0 to 5.0
22/12/05 00:13:25 INFO TextDataConvertor: user number: 4005,	 item number is: 2673
22/12/05 00:13:25 INFO TextDataModel: Split data to train Set and test Set successfully!
22/12/05 00:13:25 INFO TextDataModel: Data cardinality of training is 88297
22/12/05 00:13:25 INFO TextDataModel: Data cardinality of testing is 22074
22/12/05 00:13:25 INFO TextDataModel: Feature appender loaded successfully!
22/12/05 00:13:25 INFO RecommenderJob: ExpCMD: START - Executing recommender job on 3.
22/12/05 00:13:30 INFO SLIMRecommender: Job Setup completed.
22/12/05 00:13:32 INFO SLIMRecommender: SLIMRecommender iter 1: loss = 286750.1464405992, delta_loss = -286750.1464405992
22/12/05 00:13:34 INFO SLIMRecommender: SLIMRecommender iter 2: loss = 27005.697751121137, delta_loss = 259744.44868947804
22/12/05 00:13:36 INFO SLIMRecommender: SLIMRecommender iter 3: loss = 21854.331430753937, delta_loss = 5151.3663203672
22/12/05 00:13:38 INFO SLIMRecommender: SLIMRecommender iter 4: loss = 21275.213096021274, delta_loss = 579.1183347326623
22/12/05 00:13:41 INFO SLIMRecommender: SLIMRecommender iter 5: loss = 21278.42416110814, delta_loss = -3.2110650868671655
22/12/05 00:13:41 INFO SLIMRecommender: Job Train completed.
22/12/05 00:13:41 INFO RecommenderJob: ExpCMD: COMPLETE
22/12/05 00:13:41 INFO RecommenderJob: EvalCMD: START
22/12/05 00:13:42 INFO SLIMRecommender: begin recommend
22/12/05 00:13:44 INFO SLIMRecommender: end recommend
22/12/05 00:13:44 INFO RecommenderJob: Evaluator info:NormalizedDCGEvaluator is 0.012743358650758702
22/12/05 00:13:44 INFO RecommenderJob: Evaluator info:PStatisticalParityEvaluator is -0.7624008350731252
22/12/05 00:13:44 INFO SLIMRecommender: begin recommend
22/12/05 00:13:45 INFO SLIMRecommender: end recommend
22/12/05 00:13:45 INFO RecommenderJob: Result path is exp00009/result/out-3.txt
22/12/05 00:13:45 INFO RecommenderJob: EvalCMD: COMPLETE.
22/12/05 00:13:45 INFO TextDataConvertor: Dataset: [../../../data/split/cv_4/train.txt]
22/12/05 00:13:46 INFO TextDataConvertor: DataSet: ../../../data/split/cv_4/train.txt is finished
22/12/05 00:13:46 INFO TextDataConvertor: rating Scale (real): 3.0 to 5.0
22/12/05 00:13:46 INFO TextDataConvertor: user number: 4005,	 item number is: 2673
22/12/05 00:13:46 INFO TextDataModel: Transform data to Convertor successfully!
22/12/05 00:13:46 INFO TextDataConvertor: Dataset: [../../../data/split/cv_4/test.txt]
22/12/05 00:13:46 INFO TextDataConvertor: DataSet: ../../../data/split/cv_4/test.txt is finished
22/12/05 00:13:46 INFO TextDataConvertor: rating Scale (real): 3.0 to 5.0
22/12/05 00:13:46 INFO TextDataConvertor: user number: 4005,	 item number is: 2673
22/12/05 00:13:46 INFO TextDataModel: Split data to train Set and test Set successfully!
22/12/05 00:13:46 INFO TextDataModel: Data cardinality of training is 88297
22/12/05 00:13:46 INFO TextDataModel: Data cardinality of testing is 22074
22/12/05 00:13:46 INFO TextDataModel: Feature appender loaded successfully!
22/12/05 00:13:46 INFO RecommenderJob: ExpCMD: START - Executing recommender job on 4.
22/12/05 00:13:50 INFO SLIMRecommender: Job Setup completed.
22/12/05 00:13:52 INFO SLIMRecommender: SLIMRecommender iter 1: loss = 277111.4689158155, delta_loss = -277111.4689158155
22/12/05 00:13:54 INFO SLIMRecommender: SLIMRecommender iter 2: loss = 25884.087777160563, delta_loss = 251227.38113865495
22/12/05 00:13:57 INFO SLIMRecommender: SLIMRecommender iter 3: loss = 21282.11786983774, delta_loss = 4601.969907322822
22/12/05 00:13:59 INFO SLIMRecommender: SLIMRecommender iter 4: loss = 20800.996919817204, delta_loss = 481.12095002053684
22/12/05 00:14:01 INFO SLIMRecommender: SLIMRecommender iter 5: loss = 20808.86491017591, delta_loss = -7.867990358707175
22/12/05 00:14:01 INFO SLIMRecommender: Job Train completed.
22/12/05 00:14:01 INFO RecommenderJob: ExpCMD: COMPLETE
22/12/05 00:14:01 INFO RecommenderJob: EvalCMD: START
22/12/05 00:14:02 INFO SLIMRecommender: begin recommend
22/12/05 00:14:04 INFO SLIMRecommender: end recommend
22/12/05 00:14:04 INFO RecommenderJob: Evaluator info:NormalizedDCGEvaluator is 0.015104029430318997
22/12/05 00:14:05 INFO RecommenderJob: Evaluator info:PStatisticalParityEvaluator is -0.7616455368693961
22/12/05 00:14:05 INFO SLIMRecommender: begin recommend
22/12/05 00:14:07 INFO SLIMRecommender: end recommend
22/12/05 00:14:07 INFO RecommenderJob: Result path is exp00009/result/out-4.txt
22/12/05 00:14:07 INFO RecommenderJob: EvalCMD: COMPLETE.
22/12/05 00:14:07 INFO TextDataConvertor: Dataset: [../../../data/split/cv_5/train.txt]
22/12/05 00:14:07 INFO TextDataConvertor: DataSet: ../../../data/split/cv_5/train.txt is finished
22/12/05 00:14:07 INFO TextDataConvertor: rating Scale (real): 3.0 to 5.0
22/12/05 00:14:07 INFO TextDataConvertor: user number: 4005,	 item number is: 2673
22/12/05 00:14:07 INFO TextDataModel: Transform data to Convertor successfully!
22/12/05 00:14:07 INFO TextDataConvertor: Dataset: [../../../data/split/cv_5/test.txt]
22/12/05 00:14:07 INFO TextDataConvertor: DataSet: ../../../data/split/cv_5/test.txt is finished
22/12/05 00:14:07 INFO TextDataConvertor: rating Scale (real): 3.0 to 5.0
22/12/05 00:14:07 INFO TextDataConvertor: user number: 4005,	 item number is: 2673
22/12/05 00:14:07 INFO TextDataModel: Split data to train Set and test Set successfully!
22/12/05 00:14:07 INFO TextDataModel: Data cardinality of training is 88297
22/12/05 00:14:07 INFO TextDataModel: Data cardinality of testing is 22074
22/12/05 00:14:07 INFO TextDataModel: Feature appender loaded successfully!
22/12/05 00:14:07 INFO RecommenderJob: ExpCMD: START - Executing recommender job on 5.
22/12/05 00:14:11 INFO SLIMRecommender: Job Setup completed.
22/12/05 00:14:14 INFO SLIMRecommender: SLIMRecommender iter 1: loss = 283413.31685276516, delta_loss = -283413.31685276516
22/12/05 00:14:16 INFO SLIMRecommender: SLIMRecommender iter 2: loss = 27598.115983146647, delta_loss = 255815.2008696185
22/12/05 00:14:18 INFO SLIMRecommender: SLIMRecommender iter 3: loss = 21734.789680264337, delta_loss = 5863.326302882309
22/12/05 00:14:22 INFO SLIMRecommender: SLIMRecommender iter 4: loss = 21264.028873627827, delta_loss = 470.7608066365101
22/12/05 00:14:26 INFO SLIMRecommender: SLIMRecommender iter 5: loss = 21273.984816843607, delta_loss = -9.95594321578028
22/12/05 00:14:26 INFO SLIMRecommender: Job Train completed.
22/12/05 00:14:26 INFO RecommenderJob: ExpCMD: COMPLETE
22/12/05 00:14:26 INFO RecommenderJob: EvalCMD: START
22/12/05 00:14:28 INFO SLIMRecommender: begin recommend
22/12/05 00:14:31 INFO SLIMRecommender: end recommend
22/12/05 00:14:31 INFO RecommenderJob: Evaluator info:NormalizedDCGEvaluator is 0.015916105905083622
22/12/05 00:14:31 INFO RecommenderJob: Evaluator info:PStatisticalParityEvaluator is -0.7618228896945163
22/12/05 00:14:31 INFO SLIMRecommender: begin recommend
22/12/05 00:14:34 INFO SLIMRecommender: end recommend
22/12/05 00:14:34 INFO RecommenderJob: Result path is exp00009/result/out-5.txt
22/12/05 00:14:34 INFO RecommenderJob: EvalCMD: COMPLETE.
