23/01/30 21:23:53 INFO TextDataConvertor: Dataset: [../../data/rating_5000_cls_hc_10core_iterative.csv]
23/01/30 21:23:53 INFO TextDataConvertor: DataSet: ...ng_5000_cls_hc_10core_iterative.csv is finished
23/01/30 21:23:53 INFO TextDataConvertor: rating Scale (real): 3.0 to 5.0
23/01/30 21:23:53 INFO TextDataConvertor: user number: 4005,	 item number is: 2673
23/01/30 21:23:53 INFO TextDataModel: Transform data to Convertor successfully!
23/01/30 21:23:54 INFO TextDataModel: Split data to train Set and test Set successfully!
23/01/30 21:23:54 INFO TextDataModel: Feature appender loaded successfully!
23/01/30 21:23:54 INFO TextDataConvertor: Dataset: [../../data/split/cv_1/train.txt]
23/01/30 21:23:54 INFO TextDataConvertor: DataSet: ../../data/split/cv_1/train.txt is finished
23/01/30 21:23:54 INFO TextDataConvertor: rating Scale (real): 3.0 to 5.0
23/01/30 21:23:54 INFO TextDataConvertor: user number: 4005,	 item number is: 2673
23/01/30 21:23:54 INFO TextDataModel: Transform data to Convertor successfully!
23/01/30 21:23:54 INFO TextDataConvertor: Dataset: [../../data/split/cv_1/test.txt]
23/01/30 21:23:54 INFO TextDataConvertor: DataSet: ../../data/split/cv_1/test.txt is finished
23/01/30 21:23:54 INFO TextDataConvertor: rating Scale (real): 3.0 to 5.0
23/01/30 21:23:54 INFO TextDataConvertor: user number: 4005,	 item number is: 2673
23/01/30 21:23:54 INFO TextDataModel: Split data to train Set and test Set successfully!
23/01/30 21:23:54 INFO TextDataModel: Data cardinality of training is 88296
23/01/30 21:23:54 INFO TextDataModel: Data cardinality of testing is 22075
23/01/30 21:23:54 INFO TextDataModel: Feature appender loaded successfully!
23/01/30 21:23:54 INFO OracleAlgo: Job Setup completed.
** Training model in OracleAlgo **
23/01/30 21:23:54 INFO TextDataConvertor: Dataset: [exp00009/result/out-1.txt]
23/01/30 21:23:54 INFO TextDataConvertor: DataSet: exp00009/result/out-1.txt is finished
23/01/30 21:23:54 INFO TextDataConvertor: user number: 4005,	 item number is: 2673
23/01/30 21:23:54 INFO OracleAlgo: Job Train completed.
23/01/30 21:23:54 INFO OracleAlgo: begin recommend
23/01/30 21:23:55 INFO OracleAlgo: end recommend
23/01/30 21:23:55 INFO RecommenderJob: Evaluator info:NormalizedDCGEvaluator is 0.045079421212424566
23/01/30 21:23:55 INFO RecommenderJob: Evaluator info:PStatisticalParityEvaluator is -0.6343184183142975
23/01/30 21:23:55 INFO TextDataConvertor: Dataset: [../../data/split/cv_2/train.txt]
23/01/30 21:23:55 INFO TextDataConvertor: DataSet: ../../data/split/cv_2/train.txt is finished
23/01/30 21:23:55 INFO TextDataConvertor: rating Scale (real): 3.0 to 5.0
23/01/30 21:23:55 INFO TextDataConvertor: user number: 4005,	 item number is: 2673
23/01/30 21:23:55 INFO TextDataModel: Transform data to Convertor successfully!
23/01/30 21:23:55 INFO TextDataConvertor: Dataset: [../../data/split/cv_2/test.txt]
23/01/30 21:23:55 INFO TextDataConvertor: DataSet: ../../data/split/cv_2/test.txt is finished
23/01/30 21:23:55 INFO TextDataConvertor: rating Scale (real): 3.0 to 5.0
23/01/30 21:23:55 INFO TextDataConvertor: user number: 4005,	 item number is: 2673
23/01/30 21:23:55 INFO TextDataModel: Split data to train Set and test Set successfully!
23/01/30 21:23:55 INFO TextDataModel: Data cardinality of training is 88297
23/01/30 21:23:55 INFO TextDataModel: Data cardinality of testing is 22074
23/01/30 21:23:55 INFO TextDataModel: Feature appender loaded successfully!
23/01/30 21:23:55 INFO OracleAlgo: Job Setup completed.
** Training model in OracleAlgo **
23/01/30 21:23:55 INFO TextDataConvertor: Dataset: [exp00009/result/out-2.txt]
23/01/30 21:23:55 INFO TextDataConvertor: DataSet: exp00009/result/out-2.txt is finished
23/01/30 21:23:55 INFO TextDataConvertor: user number: 4005,	 item number is: 2673
23/01/30 21:23:55 INFO OracleAlgo: Job Train completed.
23/01/30 21:23:55 INFO OracleAlgo: begin recommend
23/01/30 21:23:55 INFO OracleAlgo: end recommend
23/01/30 21:23:55 INFO RecommenderJob: Evaluator info:NormalizedDCGEvaluator is 0.04924366263829225
23/01/30 21:23:55 INFO RecommenderJob: Evaluator info:PStatisticalParityEvaluator is -0.6349987002859803
23/01/30 21:23:55 INFO TextDataConvertor: Dataset: [../../data/split/cv_3/train.txt]
23/01/30 21:23:56 INFO TextDataConvertor: DataSet: ../../data/split/cv_3/train.txt is finished
23/01/30 21:23:56 INFO TextDataConvertor: rating Scale (real): 3.0 to 5.0
23/01/30 21:23:56 INFO TextDataConvertor: user number: 4005,	 item number is: 2673
23/01/30 21:23:56 INFO TextDataModel: Transform data to Convertor successfully!
23/01/30 21:23:56 INFO TextDataConvertor: Dataset: [../../data/split/cv_3/test.txt]
23/01/30 21:23:56 INFO TextDataConvertor: DataSet: ../../data/split/cv_3/test.txt is finished
23/01/30 21:23:56 INFO TextDataConvertor: rating Scale (real): 3.0 to 5.0
23/01/30 21:23:56 INFO TextDataConvertor: user number: 4005,	 item number is: 2673
23/01/30 21:23:56 INFO TextDataModel: Split data to train Set and test Set successfully!
23/01/30 21:23:56 INFO TextDataModel: Data cardinality of training is 88297
23/01/30 21:23:56 INFO TextDataModel: Data cardinality of testing is 22074
23/01/30 21:23:56 INFO TextDataModel: Feature appender loaded successfully!
23/01/30 21:23:56 INFO OracleAlgo: Job Setup completed.
** Training model in OracleAlgo **
23/01/30 21:23:56 INFO TextDataConvertor: Dataset: [exp00009/result/out-3.txt]
23/01/30 21:23:56 INFO TextDataConvertor: DataSet: exp00009/result/out-3.txt is finished
23/01/30 21:23:56 INFO TextDataConvertor: user number: 4005,	 item number is: 2673
23/01/30 21:23:56 INFO OracleAlgo: Job Train completed.
23/01/30 21:23:56 INFO OracleAlgo: begin recommend
23/01/30 21:23:56 INFO OracleAlgo: end recommend
23/01/30 21:23:56 INFO RecommenderJob: Evaluator info:NormalizedDCGEvaluator is 0.052637913230330347
23/01/30 21:23:56 INFO RecommenderJob: Evaluator info:PStatisticalParityEvaluator is -0.6446868475992076
23/01/30 21:23:56 INFO TextDataConvertor: Dataset: [../../data/split/cv_4/train.txt]
23/01/30 21:23:56 INFO TextDataConvertor: DataSet: ../../data/split/cv_4/train.txt is finished
23/01/30 21:23:56 INFO TextDataConvertor: rating Scale (real): 3.0 to 5.0
23/01/30 21:23:56 INFO TextDataConvertor: user number: 4005,	 item number is: 2673
23/01/30 21:23:56 INFO TextDataModel: Transform data to Convertor successfully!
23/01/30 21:23:56 INFO TextDataConvertor: Dataset: [../../data/split/cv_4/test.txt]
23/01/30 21:23:56 INFO TextDataConvertor: DataSet: ../../data/split/cv_4/test.txt is finished
23/01/30 21:23:56 INFO TextDataConvertor: rating Scale (real): 3.0 to 5.0
23/01/30 21:23:56 INFO TextDataConvertor: user number: 4005,	 item number is: 2673
23/01/30 21:23:56 INFO TextDataModel: Split data to train Set and test Set successfully!
23/01/30 21:23:56 INFO TextDataModel: Data cardinality of training is 88297
23/01/30 21:23:56 INFO TextDataModel: Data cardinality of testing is 22074
23/01/30 21:23:56 INFO TextDataModel: Feature appender loaded successfully!
23/01/30 21:23:56 INFO OracleAlgo: Job Setup completed.
** Training model in OracleAlgo **
23/01/30 21:23:56 INFO TextDataConvertor: Dataset: [exp00009/result/out-4.txt]
23/01/30 21:23:56 INFO TextDataConvertor: DataSet: exp00009/result/out-4.txt is finished
23/01/30 21:23:56 INFO TextDataConvertor: user number: 4005,	 item number is: 2673
23/01/30 21:23:56 INFO OracleAlgo: Job Train completed.
23/01/30 21:23:56 INFO OracleAlgo: begin recommend
23/01/30 21:23:57 INFO OracleAlgo: end recommend
23/01/30 21:23:57 INFO RecommenderJob: Evaluator info:NormalizedDCGEvaluator is 0.04822644248390535
23/01/30 21:23:57 INFO RecommenderJob: Evaluator info:PStatisticalParityEvaluator is -0.6402173350582581
23/01/30 21:23:57 INFO TextDataConvertor: Dataset: [../../data/split/cv_5/train.txt]
23/01/30 21:23:57 INFO TextDataConvertor: DataSet: ../../data/split/cv_5/train.txt is finished
23/01/30 21:23:57 INFO TextDataConvertor: rating Scale (real): 3.0 to 5.0
23/01/30 21:23:57 INFO TextDataConvertor: user number: 4005,	 item number is: 2673
23/01/30 21:23:57 INFO TextDataModel: Transform data to Convertor successfully!
23/01/30 21:23:57 INFO TextDataConvertor: Dataset: [../../data/split/cv_5/test.txt]
23/01/30 21:23:57 INFO TextDataConvertor: DataSet: ../../data/split/cv_5/test.txt is finished
23/01/30 21:23:57 INFO TextDataConvertor: rating Scale (real): 3.0 to 5.0
23/01/30 21:23:57 INFO TextDataConvertor: user number: 4005,	 item number is: 2673
23/01/30 21:23:57 INFO TextDataModel: Split data to train Set and test Set successfully!
23/01/30 21:23:57 INFO TextDataModel: Data cardinality of training is 88297
23/01/30 21:23:57 INFO TextDataModel: Data cardinality of testing is 22074
23/01/30 21:23:57 INFO TextDataModel: Feature appender loaded successfully!
23/01/30 21:23:57 INFO OracleAlgo: Job Setup completed.
** Training model in OracleAlgo **
23/01/30 21:23:57 INFO TextDataConvertor: Dataset: [exp00009/result/out-5.txt]
23/01/30 21:23:57 INFO TextDataConvertor: DataSet: exp00009/result/out-5.txt is finished
23/01/30 21:23:57 INFO TextDataConvertor: user number: 4005,	 item number is: 2673
23/01/30 21:23:57 INFO OracleAlgo: Job Train completed.
23/01/30 21:23:57 INFO OracleAlgo: begin recommend
23/01/30 21:23:57 INFO OracleAlgo: end recommend
23/01/30 21:23:57 INFO RecommenderJob: Evaluator info:NormalizedDCGEvaluator is 0.05152764968022931
23/01/30 21:23:57 INFO RecommenderJob: Evaluator info:PStatisticalParityEvaluator is -0.6265458311755994
