22/12/12 05:11:41 INFO TextDataConvertor: Dataset: [../../data/rating_5000_cls_hc_10core_iterative.csv]
22/12/12 05:11:42 INFO TextDataConvertor: DataSet: ...ng_5000_cls_hc_10core_iterative.csv is finished
22/12/12 05:11:43 INFO TextDataConvertor: rating Scale (real): 3.0 to 5.0
22/12/12 05:11:43 INFO TextDataConvertor: user number: 4005,	 item number is: 2673
22/12/12 05:11:43 INFO TextDataModel: Transform data to Convertor successfully!
22/12/12 05:11:45 INFO TextDataModel: Split data to train Set and test Set successfully!
22/12/12 05:11:45 INFO TextDataModel: Feature appender loaded successfully!
22/12/12 05:11:45 INFO TextDataConvertor: Dataset: [../../data/split/cv_1/train.txt]
22/12/12 05:11:46 INFO TextDataConvertor: DataSet: ../../data/split/cv_1/train.txt is finished
22/12/12 05:11:46 INFO TextDataConvertor: rating Scale (real): 3.0 to 5.0
22/12/12 05:11:46 INFO TextDataConvertor: user number: 4005,	 item number is: 2673
22/12/12 05:11:46 INFO TextDataModel: Transform data to Convertor successfully!
22/12/12 05:11:46 INFO TextDataConvertor: Dataset: [../../data/split/cv_1/test.txt]
22/12/12 05:11:46 INFO TextDataConvertor: DataSet: ../../data/split/cv_1/test.txt is finished
22/12/12 05:11:46 INFO TextDataConvertor: rating Scale (real): 3.0 to 5.0
22/12/12 05:11:46 INFO TextDataConvertor: user number: 4005,	 item number is: 2673
22/12/12 05:11:46 INFO TextDataModel: Split data to train Set and test Set successfully!
22/12/12 05:11:46 INFO TextDataModel: Data cardinality of training is 88296
22/12/12 05:11:46 INFO TextDataModel: Data cardinality of testing is 22075
22/12/12 05:11:47 INFO TextDataModel: Feature appender loaded successfully!
22/12/12 05:11:47 INFO OracleAlgo: Job Setup completed.
** Training model in OracleAlgo **
22/12/12 05:11:47 INFO TextDataConvertor: Dataset: [exp00009/result/out-1.txt]
22/12/12 05:11:47 INFO TextDataConvertor: DataSet: exp00009/result/out-1.txt is finished
22/12/12 05:11:47 INFO TextDataConvertor: user number: 4005,	 item number is: 2673
22/12/12 05:11:47 INFO OracleAlgo: Job Train completed.
22/12/12 05:11:47 INFO OracleAlgo: begin recommend
22/12/12 05:11:49 INFO OracleAlgo: end recommend
22/12/12 05:11:49 INFO RecommenderJob: Evaluator info:NormalizedDCGEvaluator is 0.045079421212424566
22/12/12 05:11:49 INFO RecommenderJob: Evaluator info:PStatisticalParityEvaluator is -0.6343184183142975
22/12/12 05:11:49 INFO TextDataConvertor: Dataset: [../../data/split/cv_2/train.txt]
22/12/12 05:11:50 INFO TextDataConvertor: DataSet: ../../data/split/cv_2/train.txt is finished
22/12/12 05:11:50 INFO TextDataConvertor: rating Scale (real): 3.0 to 5.0
22/12/12 05:11:50 INFO TextDataConvertor: user number: 4005,	 item number is: 2673
22/12/12 05:11:50 INFO TextDataModel: Transform data to Convertor successfully!
22/12/12 05:11:50 INFO TextDataConvertor: Dataset: [../../data/split/cv_2/test.txt]
22/12/12 05:11:50 INFO TextDataConvertor: DataSet: ../../data/split/cv_2/test.txt is finished
22/12/12 05:11:50 INFO TextDataConvertor: rating Scale (real): 3.0 to 5.0
22/12/12 05:11:50 INFO TextDataConvertor: user number: 4005,	 item number is: 2673
22/12/12 05:11:50 INFO TextDataModel: Split data to train Set and test Set successfully!
22/12/12 05:11:50 INFO TextDataModel: Data cardinality of training is 88297
22/12/12 05:11:50 INFO TextDataModel: Data cardinality of testing is 22074
22/12/12 05:11:51 INFO TextDataModel: Feature appender loaded successfully!
22/12/12 05:11:51 INFO OracleAlgo: Job Setup completed.
** Training model in OracleAlgo **
22/12/12 05:11:51 INFO TextDataConvertor: Dataset: [exp00009/result/out-2.txt]
22/12/12 05:11:51 INFO TextDataConvertor: DataSet: exp00009/result/out-2.txt is finished
22/12/12 05:11:51 INFO TextDataConvertor: user number: 4005,	 item number is: 2673
22/12/12 05:11:51 INFO OracleAlgo: Job Train completed.
22/12/12 05:11:51 INFO OracleAlgo: begin recommend
22/12/12 05:11:52 INFO OracleAlgo: end recommend
22/12/12 05:11:52 INFO RecommenderJob: Evaluator info:NormalizedDCGEvaluator is 0.04924366263829225
22/12/12 05:11:52 INFO RecommenderJob: Evaluator info:PStatisticalParityEvaluator is -0.6349987002859803
22/12/12 05:11:52 INFO TextDataConvertor: Dataset: [../../data/split/cv_3/train.txt]
22/12/12 05:11:53 INFO TextDataConvertor: DataSet: ../../data/split/cv_3/train.txt is finished
22/12/12 05:11:53 INFO TextDataConvertor: rating Scale (real): 3.0 to 5.0
22/12/12 05:11:53 INFO TextDataConvertor: user number: 4005,	 item number is: 2673
22/12/12 05:11:53 INFO TextDataModel: Transform data to Convertor successfully!
22/12/12 05:11:53 INFO TextDataConvertor: Dataset: [../../data/split/cv_3/test.txt]
22/12/12 05:11:53 INFO TextDataConvertor: DataSet: ../../data/split/cv_3/test.txt is finished
22/12/12 05:11:53 INFO TextDataConvertor: rating Scale (real): 3.0 to 5.0
22/12/12 05:11:53 INFO TextDataConvertor: user number: 4005,	 item number is: 2673
22/12/12 05:11:53 INFO TextDataModel: Split data to train Set and test Set successfully!
22/12/12 05:11:53 INFO TextDataModel: Data cardinality of training is 88297
22/12/12 05:11:53 INFO TextDataModel: Data cardinality of testing is 22074
22/12/12 05:11:53 INFO TextDataModel: Feature appender loaded successfully!
22/12/12 05:11:53 INFO OracleAlgo: Job Setup completed.
** Training model in OracleAlgo **
22/12/12 05:11:53 INFO TextDataConvertor: Dataset: [exp00009/result/out-3.txt]
22/12/12 05:11:54 INFO TextDataConvertor: DataSet: exp00009/result/out-3.txt is finished
22/12/12 05:11:54 INFO TextDataConvertor: user number: 4005,	 item number is: 2673
22/12/12 05:11:54 INFO OracleAlgo: Job Train completed.
22/12/12 05:11:54 INFO OracleAlgo: begin recommend
22/12/12 05:11:55 INFO OracleAlgo: end recommend
22/12/12 05:11:55 INFO RecommenderJob: Evaluator info:NormalizedDCGEvaluator is 0.052637913230330347
22/12/12 05:11:55 INFO RecommenderJob: Evaluator info:PStatisticalParityEvaluator is -0.6446868475992076
22/12/12 05:11:55 INFO TextDataConvertor: Dataset: [../../data/split/cv_4/train.txt]
22/12/12 05:11:55 INFO TextDataConvertor: DataSet: ../../data/split/cv_4/train.txt is finished
22/12/12 05:11:55 INFO TextDataConvertor: rating Scale (real): 3.0 to 5.0
22/12/12 05:11:55 INFO TextDataConvertor: user number: 4005,	 item number is: 2673
22/12/12 05:11:55 INFO TextDataModel: Transform data to Convertor successfully!
22/12/12 05:11:55 INFO TextDataConvertor: Dataset: [../../data/split/cv_4/test.txt]
22/12/12 05:11:55 INFO TextDataConvertor: DataSet: ../../data/split/cv_4/test.txt is finished
22/12/12 05:11:55 INFO TextDataConvertor: rating Scale (real): 3.0 to 5.0
22/12/12 05:11:55 INFO TextDataConvertor: user number: 4005,	 item number is: 2673
22/12/12 05:11:56 INFO TextDataModel: Split data to train Set and test Set successfully!
22/12/12 05:11:56 INFO TextDataModel: Data cardinality of training is 88297
22/12/12 05:11:56 INFO TextDataModel: Data cardinality of testing is 22074
22/12/12 05:11:56 INFO TextDataModel: Feature appender loaded successfully!
22/12/12 05:11:56 INFO OracleAlgo: Job Setup completed.
** Training model in OracleAlgo **
22/12/12 05:11:56 INFO TextDataConvertor: Dataset: [exp00009/result/out-4.txt]
22/12/12 05:11:56 INFO TextDataConvertor: DataSet: exp00009/result/out-4.txt is finished
22/12/12 05:11:56 INFO TextDataConvertor: user number: 4005,	 item number is: 2673
22/12/12 05:11:56 INFO OracleAlgo: Job Train completed.
22/12/12 05:11:56 INFO OracleAlgo: begin recommend
22/12/12 05:11:57 INFO OracleAlgo: end recommend
22/12/12 05:11:57 INFO RecommenderJob: Evaluator info:NormalizedDCGEvaluator is 0.04822644248390535
22/12/12 05:11:57 INFO RecommenderJob: Evaluator info:PStatisticalParityEvaluator is -0.6402173350582581
22/12/12 05:11:57 INFO TextDataConvertor: Dataset: [../../data/split/cv_5/train.txt]
22/12/12 05:11:58 INFO TextDataConvertor: DataSet: ../../data/split/cv_5/train.txt is finished
22/12/12 05:11:58 INFO TextDataConvertor: rating Scale (real): 3.0 to 5.0
22/12/12 05:11:58 INFO TextDataConvertor: user number: 4005,	 item number is: 2673
22/12/12 05:11:58 INFO TextDataModel: Transform data to Convertor successfully!
22/12/12 05:11:58 INFO TextDataConvertor: Dataset: [../../data/split/cv_5/test.txt]
22/12/12 05:11:58 INFO TextDataConvertor: DataSet: ../../data/split/cv_5/test.txt is finished
22/12/12 05:11:58 INFO TextDataConvertor: rating Scale (real): 3.0 to 5.0
22/12/12 05:11:58 INFO TextDataConvertor: user number: 4005,	 item number is: 2673
22/12/12 05:11:58 INFO TextDataModel: Split data to train Set and test Set successfully!
22/12/12 05:11:58 INFO TextDataModel: Data cardinality of training is 88297
22/12/12 05:11:58 INFO TextDataModel: Data cardinality of testing is 22074
22/12/12 05:11:58 INFO TextDataModel: Feature appender loaded successfully!
22/12/12 05:11:58 INFO OracleAlgo: Job Setup completed.
** Training model in OracleAlgo **
22/12/12 05:11:58 INFO TextDataConvertor: Dataset: [exp00009/result/out-5.txt]
22/12/12 05:11:58 INFO TextDataConvertor: DataSet: exp00009/result/out-5.txt is finished
22/12/12 05:11:58 INFO TextDataConvertor: user number: 4005,	 item number is: 2673
22/12/12 05:11:58 INFO OracleAlgo: Job Train completed.
22/12/12 05:11:58 INFO OracleAlgo: begin recommend
22/12/12 05:12:00 INFO OracleAlgo: end recommend
22/12/12 05:12:00 INFO RecommenderJob: Evaluator info:NormalizedDCGEvaluator is 0.05152764968022931
22/12/12 05:12:00 INFO RecommenderJob: Evaluator info:PStatisticalParityEvaluator is -0.6265458311755994
