23/04/07 12:59:48 INFO TextDataConvertor: Dataset: [../../../data/rating_5000_cls_hc_10core_iterative.csv]
23/04/07 12:59:49 INFO TextDataConvertor: DataSet: ...ng_5000_cls_hc_10core_iterative.csv is finished
23/04/07 12:59:49 INFO TextDataConvertor: rating Scale (real): 3.0 to 5.0
23/04/07 12:59:49 INFO TextDataConvertor: user number: 4005,	 item number is: 2673
23/04/07 12:59:49 INFO TextDataModel: Transform data to Convertor successfully!
23/04/07 12:59:50 INFO TextDataModel: Split data to train Set and test Set successfully!
23/04/07 12:59:51 INFO TextDataModel: Feature appender loaded successfully!
23/04/07 12:59:51 INFO TextDataConvertor: Dataset: [../../../data/split/cv_1/train.txt]
23/04/07 12:59:51 INFO TextDataConvertor: DataSet: ../../../data/split/cv_1/train.txt is finished
23/04/07 12:59:51 INFO TextDataConvertor: rating Scale (real): 3.0 to 5.0
23/04/07 12:59:51 INFO TextDataConvertor: user number: 4005,	 item number is: 2673
23/04/07 12:59:51 INFO TextDataModel: Transform data to Convertor successfully!
23/04/07 12:59:51 INFO TextDataConvertor: Dataset: [../../../data/split/cv_1/test.txt]
23/04/07 12:59:51 INFO TextDataConvertor: DataSet: ../../../data/split/cv_1/test.txt is finished
23/04/07 12:59:51 INFO TextDataConvertor: rating Scale (real): 3.0 to 5.0
23/04/07 12:59:51 INFO TextDataConvertor: user number: 4005,	 item number is: 2673
23/04/07 12:59:52 INFO TextDataModel: Split data to train Set and test Set successfully!
23/04/07 12:59:52 INFO TextDataModel: Data cardinality of training is 88296
23/04/07 12:59:52 INFO TextDataModel: Data cardinality of testing is 22075
23/04/07 12:59:52 INFO TextDataModel: Feature appender loaded successfully!
23/04/07 12:59:54 INFO OracleAlgo: Job Setup completed.
** Training model in OracleAlgo **
23/04/07 12:59:54 INFO TextDataConvertor: Dataset: [exp00000/result/out-1.txt]
23/04/07 12:59:54 INFO TextDataConvertor: DataSet: exp00000/result/out-1.txt is finished
23/04/07 12:59:54 INFO TextDataConvertor: user number: 4005,	 item number is: 2673
23/04/07 12:59:54 INFO OracleAlgo: Job Train completed.
23/04/07 12:59:54 INFO OracleAlgo: begin recommend
23/04/07 12:59:56 INFO OracleAlgo: end recommend
23/04/07 12:59:56 INFO RecommenderJob: Evaluator info:NormalizedDCGEvaluator is 0.04102094344374975
23/04/07 12:59:56 INFO RecommenderJob: Evaluator info:PStatisticalParityEvaluator is -0.22393340270548995
23/04/07 12:59:56 INFO TextDataConvertor: Dataset: [../../../data/split/cv_2/train.txt]
23/04/07 12:59:56 INFO TextDataConvertor: DataSet: ../../../data/split/cv_2/train.txt is finished
23/04/07 12:59:56 INFO TextDataConvertor: rating Scale (real): 3.0 to 5.0
23/04/07 12:59:56 INFO TextDataConvertor: user number: 4005,	 item number is: 2673
23/04/07 12:59:56 INFO TextDataModel: Transform data to Convertor successfully!
23/04/07 12:59:56 INFO TextDataConvertor: Dataset: [../../../data/split/cv_2/test.txt]
23/04/07 12:59:56 INFO TextDataConvertor: DataSet: ../../../data/split/cv_2/test.txt is finished
23/04/07 12:59:56 INFO TextDataConvertor: rating Scale (real): 3.0 to 5.0
23/04/07 12:59:56 INFO TextDataConvertor: user number: 4005,	 item number is: 2673
23/04/07 12:59:56 INFO TextDataModel: Split data to train Set and test Set successfully!
23/04/07 12:59:56 INFO TextDataModel: Data cardinality of training is 88297
23/04/07 12:59:56 INFO TextDataModel: Data cardinality of testing is 22074
23/04/07 12:59:56 INFO TextDataModel: Feature appender loaded successfully!
23/04/07 12:59:58 INFO OracleAlgo: Job Setup completed.
** Training model in OracleAlgo **
23/04/07 12:59:58 INFO TextDataConvertor: Dataset: [exp00000/result/out-2.txt]
23/04/07 12:59:58 INFO TextDataConvertor: DataSet: exp00000/result/out-2.txt is finished
23/04/07 12:59:58 INFO TextDataConvertor: user number: 4005,	 item number is: 2673
23/04/07 12:59:58 INFO OracleAlgo: Job Train completed.
23/04/07 12:59:58 INFO OracleAlgo: begin recommend
23/04/07 12:59:59 INFO OracleAlgo: end recommend
23/04/07 12:59:59 INFO RecommenderJob: Evaluator info:NormalizedDCGEvaluator is 0.04524099820411851
23/04/07 12:59:59 INFO RecommenderJob: Evaluator info:PStatisticalParityEvaluator is -0.22994541200932506
23/04/07 12:59:59 INFO TextDataConvertor: Dataset: [../../../data/split/cv_3/train.txt]
23/04/07 12:59:59 INFO TextDataConvertor: DataSet: ../../../data/split/cv_3/train.txt is finished
23/04/07 12:59:59 INFO TextDataConvertor: rating Scale (real): 3.0 to 5.0
23/04/07 12:59:59 INFO TextDataConvertor: user number: 4005,	 item number is: 2673
23/04/07 12:59:59 INFO TextDataModel: Transform data to Convertor successfully!
23/04/07 12:59:59 INFO TextDataConvertor: Dataset: [../../../data/split/cv_3/test.txt]
23/04/07 12:59:59 INFO TextDataConvertor: DataSet: ../../../data/split/cv_3/test.txt is finished
23/04/07 12:59:59 INFO TextDataConvertor: rating Scale (real): 3.0 to 5.0
23/04/07 12:59:59 INFO TextDataConvertor: user number: 4005,	 item number is: 2673
23/04/07 12:59:59 INFO TextDataModel: Split data to train Set and test Set successfully!
23/04/07 12:59:59 INFO TextDataModel: Data cardinality of training is 88297
23/04/07 12:59:59 INFO TextDataModel: Data cardinality of testing is 22074
23/04/07 12:59:59 INFO TextDataModel: Feature appender loaded successfully!
23/04/07 13:00:01 INFO OracleAlgo: Job Setup completed.
** Training model in OracleAlgo **
23/04/07 13:00:01 INFO TextDataConvertor: Dataset: [exp00000/result/out-3.txt]
23/04/07 13:00:01 INFO TextDataConvertor: DataSet: exp00000/result/out-3.txt is finished
23/04/07 13:00:01 INFO TextDataConvertor: user number: 4005,	 item number is: 2673
23/04/07 13:00:01 INFO OracleAlgo: Job Train completed.
23/04/07 13:00:01 INFO OracleAlgo: begin recommend
23/04/07 13:00:01 INFO OracleAlgo: end recommend
23/04/07 13:00:01 INFO RecommenderJob: Evaluator info:NormalizedDCGEvaluator is 0.04900142090136176
23/04/07 13:00:01 INFO RecommenderJob: Evaluator info:PStatisticalParityEvaluator is -0.27197286012523575
23/04/07 13:00:01 INFO TextDataConvertor: Dataset: [../../../data/split/cv_4/train.txt]
23/04/07 13:00:01 INFO TextDataConvertor: DataSet: ../../../data/split/cv_4/train.txt is finished
23/04/07 13:00:01 INFO TextDataConvertor: rating Scale (real): 3.0 to 5.0
23/04/07 13:00:01 INFO TextDataConvertor: user number: 4005,	 item number is: 2673
23/04/07 13:00:01 INFO TextDataModel: Transform data to Convertor successfully!
23/04/07 13:00:01 INFO TextDataConvertor: Dataset: [../../../data/split/cv_4/test.txt]
23/04/07 13:00:01 INFO TextDataConvertor: DataSet: ../../../data/split/cv_4/test.txt is finished
23/04/07 13:00:01 INFO TextDataConvertor: rating Scale (real): 3.0 to 5.0
23/04/07 13:00:01 INFO TextDataConvertor: user number: 4005,	 item number is: 2673
23/04/07 13:00:02 INFO TextDataModel: Split data to train Set and test Set successfully!
23/04/07 13:00:02 INFO TextDataModel: Data cardinality of training is 88297
23/04/07 13:00:02 INFO TextDataModel: Data cardinality of testing is 22074
23/04/07 13:00:02 INFO TextDataModel: Feature appender loaded successfully!
23/04/07 13:00:03 INFO OracleAlgo: Job Setup completed.
** Training model in OracleAlgo **
23/04/07 13:00:03 INFO TextDataConvertor: Dataset: [exp00000/result/out-4.txt]
23/04/07 13:00:03 INFO TextDataConvertor: DataSet: exp00000/result/out-4.txt is finished
23/04/07 13:00:03 INFO TextDataConvertor: user number: 4005,	 item number is: 2673
23/04/07 13:00:03 INFO OracleAlgo: Job Train completed.
23/04/07 13:00:03 INFO OracleAlgo: begin recommend
23/04/07 13:00:04 INFO OracleAlgo: end recommend
23/04/07 13:00:04 INFO RecommenderJob: Evaluator info:NormalizedDCGEvaluator is 0.04350551740000444
23/04/07 13:00:04 INFO RecommenderJob: Evaluator info:PStatisticalParityEvaluator is -0.24848641655883325
23/04/07 13:00:04 INFO TextDataConvertor: Dataset: [../../../data/split/cv_5/train.txt]
23/04/07 13:00:04 INFO TextDataConvertor: DataSet: ../../../data/split/cv_5/train.txt is finished
23/04/07 13:00:04 INFO TextDataConvertor: rating Scale (real): 3.0 to 5.0
23/04/07 13:00:04 INFO TextDataConvertor: user number: 4005,	 item number is: 2673
23/04/07 13:00:04 INFO TextDataModel: Transform data to Convertor successfully!
23/04/07 13:00:04 INFO TextDataConvertor: Dataset: [../../../data/split/cv_5/test.txt]
23/04/07 13:00:04 INFO TextDataConvertor: DataSet: ../../../data/split/cv_5/test.txt is finished
23/04/07 13:00:04 INFO TextDataConvertor: rating Scale (real): 3.0 to 5.0
23/04/07 13:00:04 INFO TextDataConvertor: user number: 4005,	 item number is: 2673
23/04/07 13:00:04 INFO TextDataModel: Split data to train Set and test Set successfully!
23/04/07 13:00:04 INFO TextDataModel: Data cardinality of training is 88297
23/04/07 13:00:04 INFO TextDataModel: Data cardinality of testing is 22074
23/04/07 13:00:04 INFO TextDataModel: Feature appender loaded successfully!
23/04/07 13:00:05 INFO OracleAlgo: Job Setup completed.
** Training model in OracleAlgo **
23/04/07 13:00:05 INFO TextDataConvertor: Dataset: [exp00000/result/out-5.txt]
23/04/07 13:00:06 INFO TextDataConvertor: DataSet: exp00000/result/out-5.txt is finished
23/04/07 13:00:06 INFO TextDataConvertor: user number: 4005,	 item number is: 2673
23/04/07 13:00:06 INFO OracleAlgo: Job Train completed.
23/04/07 13:00:06 INFO OracleAlgo: begin recommend
23/04/07 13:00:06 INFO OracleAlgo: end recommend
23/04/07 13:00:06 INFO RecommenderJob: Evaluator info:NormalizedDCGEvaluator is 0.046898750736962154
23/04/07 13:00:06 INFO RecommenderJob: Evaluator info:PStatisticalParityEvaluator is -0.187830139823897
