22/11/08 19:01:59 INFO TextDataConvertor: Dataset: [../../data/rating_5000_cls_hc_10core_iterative.csv]
22/11/08 19:02:00 INFO TextDataConvertor: DataSet: ...ng_5000_cls_hc_10core_iterative.csv is finished
22/11/08 19:02:00 INFO TextDataConvertor: rating Scale (real): 3.0 to 5.0
22/11/08 19:02:00 INFO TextDataConvertor: user number: 4005,	 item number is: 2673
22/11/08 19:02:00 INFO TextDataModel: Transform data to Convertor successfully!
22/11/08 19:02:00 INFO TextDataModel: Split data to train Set and test Set successfully!
22/11/08 19:02:00 INFO TextDataModel: Feature appender loaded successfully!
22/11/08 19:02:00 INFO TextDataConvertor: Dataset: [../../data/split/cv_1/train.txt]
22/11/08 19:02:00 INFO TextDataConvertor: DataSet: ../../data/split/cv_1/train.txt is finished
22/11/08 19:02:00 INFO TextDataConvertor: rating Scale (real): 3.0 to 5.0
22/11/08 19:02:00 INFO TextDataConvertor: user number: 4005,	 item number is: 2673
22/11/08 19:02:00 INFO TextDataModel: Transform data to Convertor successfully!
22/11/08 19:02:00 INFO TextDataConvertor: Dataset: [../../data/split/cv_1/test.txt]
22/11/08 19:02:01 INFO TextDataConvertor: DataSet: ../../data/split/cv_1/test.txt is finished
22/11/08 19:02:01 INFO TextDataConvertor: rating Scale (real): 3.0 to 5.0
22/11/08 19:02:01 INFO TextDataConvertor: user number: 4005,	 item number is: 2673
22/11/08 19:02:01 INFO TextDataModel: Split data to train Set and test Set successfully!
22/11/08 19:02:01 INFO TextDataModel: Data cardinality of training is 88296
22/11/08 19:02:01 INFO TextDataModel: Data cardinality of testing is 22075
22/11/08 19:02:01 INFO TextDataModel: Feature appender loaded successfully!
22/11/08 19:02:01 INFO OracleAlgo: Job Setup completed.
** Training model in OracleAlgo **
22/11/08 19:02:01 INFO TextDataConvertor: Dataset: [exp00009/result/out-1.txt]
22/11/08 19:02:01 INFO TextDataConvertor: DataSet: exp00009/result/out-1.txt is finished
22/11/08 19:02:01 INFO TextDataConvertor: user number: 4005,	 item number is: 2673
22/11/08 19:02:01 INFO OracleAlgo: Job Train completed.
22/11/08 19:02:01 INFO OracleAlgo: begin recommend
22/11/08 19:02:01 INFO OracleAlgo: end recommend
22/11/08 19:02:02 INFO RecommenderJob: Evaluator info:NormalizedDCGEvaluator is 0.045079421212424566
22/11/08 19:02:02 INFO RecommenderJob: Evaluator info:PStatisticalParityEvaluator is -0.6343184183142975
22/11/08 19:02:02 INFO TextDataConvertor: Dataset: [../../data/split/cv_2/train.txt]
22/11/08 19:02:02 INFO TextDataConvertor: DataSet: ../../data/split/cv_2/train.txt is finished
22/11/08 19:02:02 INFO TextDataConvertor: rating Scale (real): 3.0 to 5.0
22/11/08 19:02:02 INFO TextDataConvertor: user number: 4005,	 item number is: 2673
22/11/08 19:02:02 INFO TextDataModel: Transform data to Convertor successfully!
22/11/08 19:02:02 INFO TextDataConvertor: Dataset: [../../data/split/cv_2/test.txt]
22/11/08 19:02:02 INFO TextDataConvertor: DataSet: ../../data/split/cv_2/test.txt is finished
22/11/08 19:02:02 INFO TextDataConvertor: rating Scale (real): 3.0 to 5.0
22/11/08 19:02:02 INFO TextDataConvertor: user number: 4005,	 item number is: 2673
22/11/08 19:02:02 INFO TextDataModel: Split data to train Set and test Set successfully!
22/11/08 19:02:02 INFO TextDataModel: Data cardinality of training is 88297
22/11/08 19:02:02 INFO TextDataModel: Data cardinality of testing is 22074
22/11/08 19:02:02 INFO TextDataModel: Feature appender loaded successfully!
22/11/08 19:02:02 INFO OracleAlgo: Job Setup completed.
** Training model in OracleAlgo **
22/11/08 19:02:02 INFO TextDataConvertor: Dataset: [exp00009/result/out-2.txt]
22/11/08 19:02:02 INFO TextDataConvertor: DataSet: exp00009/result/out-2.txt is finished
22/11/08 19:02:02 INFO TextDataConvertor: user number: 4005,	 item number is: 2673
22/11/08 19:02:02 INFO OracleAlgo: Job Train completed.
22/11/08 19:02:02 INFO OracleAlgo: begin recommend
22/11/08 19:02:02 INFO OracleAlgo: end recommend
22/11/08 19:02:02 INFO RecommenderJob: Evaluator info:NormalizedDCGEvaluator is 0.04924366263829225
22/11/08 19:02:02 INFO RecommenderJob: Evaluator info:PStatisticalParityEvaluator is -0.6349987002859803
22/11/08 19:02:02 INFO TextDataConvertor: Dataset: [../../data/split/cv_3/train.txt]
22/11/08 19:02:02 INFO TextDataConvertor: DataSet: ../../data/split/cv_3/train.txt is finished
22/11/08 19:02:02 INFO TextDataConvertor: rating Scale (real): 3.0 to 5.0
22/11/08 19:02:02 INFO TextDataConvertor: user number: 4005,	 item number is: 2673
22/11/08 19:02:02 INFO TextDataModel: Transform data to Convertor successfully!
22/11/08 19:02:02 INFO TextDataConvertor: Dataset: [../../data/split/cv_3/test.txt]
22/11/08 19:02:02 INFO TextDataConvertor: DataSet: ../../data/split/cv_3/test.txt is finished
22/11/08 19:02:02 INFO TextDataConvertor: rating Scale (real): 3.0 to 5.0
22/11/08 19:02:02 INFO TextDataConvertor: user number: 4005,	 item number is: 2673
22/11/08 19:02:02 INFO TextDataModel: Split data to train Set and test Set successfully!
22/11/08 19:02:02 INFO TextDataModel: Data cardinality of training is 88297
22/11/08 19:02:02 INFO TextDataModel: Data cardinality of testing is 22074
22/11/08 19:02:03 INFO TextDataModel: Feature appender loaded successfully!
22/11/08 19:02:03 INFO OracleAlgo: Job Setup completed.
** Training model in OracleAlgo **
22/11/08 19:02:03 INFO TextDataConvertor: Dataset: [exp00009/result/out-3.txt]
22/11/08 19:02:03 INFO TextDataConvertor: DataSet: exp00009/result/out-3.txt is finished
22/11/08 19:02:03 INFO TextDataConvertor: user number: 4005,	 item number is: 2673
22/11/08 19:02:03 INFO OracleAlgo: Job Train completed.
22/11/08 19:02:03 INFO OracleAlgo: begin recommend
22/11/08 19:02:03 INFO OracleAlgo: end recommend
22/11/08 19:02:03 INFO RecommenderJob: Evaluator info:NormalizedDCGEvaluator is 0.052637913230330347
22/11/08 19:02:03 INFO RecommenderJob: Evaluator info:PStatisticalParityEvaluator is -0.6446868475992076
22/11/08 19:02:03 INFO TextDataConvertor: Dataset: [../../data/split/cv_4/train.txt]
22/11/08 19:02:03 INFO TextDataConvertor: DataSet: ../../data/split/cv_4/train.txt is finished
22/11/08 19:02:03 INFO TextDataConvertor: rating Scale (real): 3.0 to 5.0
22/11/08 19:02:03 INFO TextDataConvertor: user number: 4005,	 item number is: 2673
22/11/08 19:02:03 INFO TextDataModel: Transform data to Convertor successfully!
22/11/08 19:02:03 INFO TextDataConvertor: Dataset: [../../data/split/cv_4/test.txt]
22/11/08 19:02:03 INFO TextDataConvertor: DataSet: ../../data/split/cv_4/test.txt is finished
22/11/08 19:02:03 INFO TextDataConvertor: rating Scale (real): 3.0 to 5.0
22/11/08 19:02:03 INFO TextDataConvertor: user number: 4005,	 item number is: 2673
22/11/08 19:02:03 INFO TextDataModel: Split data to train Set and test Set successfully!
22/11/08 19:02:03 INFO TextDataModel: Data cardinality of training is 88297
22/11/08 19:02:03 INFO TextDataModel: Data cardinality of testing is 22074
22/11/08 19:02:03 INFO TextDataModel: Feature appender loaded successfully!
22/11/08 19:02:03 INFO OracleAlgo: Job Setup completed.
** Training model in OracleAlgo **
22/11/08 19:02:03 INFO TextDataConvertor: Dataset: [exp00009/result/out-4.txt]
22/11/08 19:02:03 INFO TextDataConvertor: DataSet: exp00009/result/out-4.txt is finished
22/11/08 19:02:03 INFO TextDataConvertor: user number: 4005,	 item number is: 2673
22/11/08 19:02:03 INFO OracleAlgo: Job Train completed.
22/11/08 19:02:03 INFO OracleAlgo: begin recommend
22/11/08 19:02:03 INFO OracleAlgo: end recommend
22/11/08 19:02:03 INFO RecommenderJob: Evaluator info:NormalizedDCGEvaluator is 0.04822644248390535
22/11/08 19:02:03 INFO RecommenderJob: Evaluator info:PStatisticalParityEvaluator is -0.6402173350582581
22/11/08 19:02:03 INFO TextDataConvertor: Dataset: [../../data/split/cv_5/train.txt]
22/11/08 19:02:04 INFO TextDataConvertor: DataSet: ../../data/split/cv_5/train.txt is finished
22/11/08 19:02:04 INFO TextDataConvertor: rating Scale (real): 3.0 to 5.0
22/11/08 19:02:04 INFO TextDataConvertor: user number: 4005,	 item number is: 2673
22/11/08 19:02:04 INFO TextDataModel: Transform data to Convertor successfully!
22/11/08 19:02:04 INFO TextDataConvertor: Dataset: [../../data/split/cv_5/test.txt]
22/11/08 19:02:04 INFO TextDataConvertor: DataSet: ../../data/split/cv_5/test.txt is finished
22/11/08 19:02:04 INFO TextDataConvertor: rating Scale (real): 3.0 to 5.0
22/11/08 19:02:04 INFO TextDataConvertor: user number: 4005,	 item number is: 2673
22/11/08 19:02:04 INFO TextDataModel: Split data to train Set and test Set successfully!
22/11/08 19:02:04 INFO TextDataModel: Data cardinality of training is 88297
22/11/08 19:02:04 INFO TextDataModel: Data cardinality of testing is 22074
22/11/08 19:02:04 INFO TextDataModel: Feature appender loaded successfully!
22/11/08 19:02:04 INFO OracleAlgo: Job Setup completed.
** Training model in OracleAlgo **
22/11/08 19:02:04 INFO TextDataConvertor: Dataset: [exp00009/result/out-5.txt]
22/11/08 19:02:04 INFO TextDataConvertor: DataSet: exp00009/result/out-5.txt is finished
22/11/08 19:02:04 INFO TextDataConvertor: user number: 4005,	 item number is: 2673
22/11/08 19:02:04 INFO OracleAlgo: Job Train completed.
22/11/08 19:02:04 INFO OracleAlgo: begin recommend
22/11/08 19:02:04 INFO OracleAlgo: end recommend
22/11/08 19:02:04 INFO RecommenderJob: Evaluator info:NormalizedDCGEvaluator is 0.05152764968022931
22/11/08 19:02:04 INFO RecommenderJob: Evaluator info:PStatisticalParityEvaluator is -0.6265458311755994
