22/11/09 16:56:19 INFO TextDataConvertor: Dataset: [../../data/rating_5000_cls_hc_10core_iterative.csv]
22/11/09 16:56:19 INFO TextDataConvertor: DataSet: ...ng_5000_cls_hc_10core_iterative.csv is finished
22/11/09 16:56:19 INFO TextDataConvertor: rating Scale (real): 3.0 to 5.0
22/11/09 16:56:19 INFO TextDataConvertor: user number: 4005,	 item number is: 2673
22/11/09 16:56:19 INFO TextDataModel: Transform data to Convertor successfully!
22/11/09 16:56:19 INFO TextDataModel: Split data to train Set and test Set successfully!
22/11/09 16:56:20 INFO TextDataModel: Feature appender loaded successfully!
22/11/09 16:56:20 INFO TextDataConvertor: Dataset: [../../data/split/cv_1/train.txt]
22/11/09 16:56:20 INFO TextDataConvertor: DataSet: ../../data/split/cv_1/train.txt is finished
22/11/09 16:56:20 INFO TextDataConvertor: rating Scale (real): 3.0 to 5.0
22/11/09 16:56:20 INFO TextDataConvertor: user number: 4005,	 item number is: 2673
22/11/09 16:56:20 INFO TextDataModel: Transform data to Convertor successfully!
22/11/09 16:56:20 INFO TextDataConvertor: Dataset: [../../data/split/cv_1/test.txt]
22/11/09 16:56:20 INFO TextDataConvertor: DataSet: ../../data/split/cv_1/test.txt is finished
22/11/09 16:56:20 INFO TextDataConvertor: rating Scale (real): 3.0 to 5.0
22/11/09 16:56:20 INFO TextDataConvertor: user number: 4005,	 item number is: 2673
22/11/09 16:56:20 INFO TextDataModel: Split data to train Set and test Set successfully!
22/11/09 16:56:20 INFO TextDataModel: Data cardinality of training is 88296
22/11/09 16:56:20 INFO TextDataModel: Data cardinality of testing is 22075
22/11/09 16:56:20 INFO TextDataModel: Feature appender loaded successfully!
22/11/09 16:56:20 INFO OracleAlgo: Job Setup completed.
** Training model in OracleAlgo **
22/11/09 16:56:20 INFO TextDataConvertor: Dataset: [exp00009/result/out-1.txt]
22/11/09 16:56:20 INFO TextDataConvertor: DataSet: exp00009/result/out-1.txt is finished
22/11/09 16:56:20 INFO TextDataConvertor: user number: 4005,	 item number is: 2673
22/11/09 16:56:20 INFO OracleAlgo: Job Train completed.
22/11/09 16:56:20 INFO OracleAlgo: begin recommend
22/11/09 16:56:21 INFO OracleAlgo: end recommend
22/11/09 16:56:21 INFO RecommenderJob: Evaluator info:NormalizedDCGEvaluator is 0.045079421212424566
22/11/09 16:56:21 INFO RecommenderJob: Evaluator info:PStatisticalParityEvaluator is -0.6343184183142975
22/11/09 16:56:21 INFO TextDataConvertor: Dataset: [../../data/split/cv_2/train.txt]
22/11/09 16:56:21 INFO TextDataConvertor: DataSet: ../../data/split/cv_2/train.txt is finished
22/11/09 16:56:21 INFO TextDataConvertor: rating Scale (real): 3.0 to 5.0
22/11/09 16:56:21 INFO TextDataConvertor: user number: 4005,	 item number is: 2673
22/11/09 16:56:21 INFO TextDataModel: Transform data to Convertor successfully!
22/11/09 16:56:21 INFO TextDataConvertor: Dataset: [../../data/split/cv_2/test.txt]
22/11/09 16:56:21 INFO TextDataConvertor: DataSet: ../../data/split/cv_2/test.txt is finished
22/11/09 16:56:21 INFO TextDataConvertor: rating Scale (real): 3.0 to 5.0
22/11/09 16:56:21 INFO TextDataConvertor: user number: 4005,	 item number is: 2673
22/11/09 16:56:21 INFO TextDataModel: Split data to train Set and test Set successfully!
22/11/09 16:56:21 INFO TextDataModel: Data cardinality of training is 88297
22/11/09 16:56:21 INFO TextDataModel: Data cardinality of testing is 22074
22/11/09 16:56:21 INFO TextDataModel: Feature appender loaded successfully!
22/11/09 16:56:21 INFO OracleAlgo: Job Setup completed.
** Training model in OracleAlgo **
22/11/09 16:56:21 INFO TextDataConvertor: Dataset: [exp00009/result/out-2.txt]
22/11/09 16:56:21 INFO TextDataConvertor: DataSet: exp00009/result/out-2.txt is finished
22/11/09 16:56:21 INFO TextDataConvertor: user number: 4005,	 item number is: 2673
22/11/09 16:56:21 INFO OracleAlgo: Job Train completed.
22/11/09 16:56:21 INFO OracleAlgo: begin recommend
22/11/09 16:56:21 INFO OracleAlgo: end recommend
22/11/09 16:56:21 INFO RecommenderJob: Evaluator info:NormalizedDCGEvaluator is 0.04924366263829225
22/11/09 16:56:21 INFO RecommenderJob: Evaluator info:PStatisticalParityEvaluator is -0.6349987002859803
22/11/09 16:56:21 INFO TextDataConvertor: Dataset: [../../data/split/cv_3/train.txt]
22/11/09 16:56:21 INFO TextDataConvertor: DataSet: ../../data/split/cv_3/train.txt is finished
22/11/09 16:56:21 INFO TextDataConvertor: rating Scale (real): 3.0 to 5.0
22/11/09 16:56:21 INFO TextDataConvertor: user number: 4005,	 item number is: 2673
22/11/09 16:56:21 INFO TextDataModel: Transform data to Convertor successfully!
22/11/09 16:56:21 INFO TextDataConvertor: Dataset: [../../data/split/cv_3/test.txt]
22/11/09 16:56:21 INFO TextDataConvertor: DataSet: ../../data/split/cv_3/test.txt is finished
22/11/09 16:56:21 INFO TextDataConvertor: rating Scale (real): 3.0 to 5.0
22/11/09 16:56:21 INFO TextDataConvertor: user number: 4005,	 item number is: 2673
22/11/09 16:56:22 INFO TextDataModel: Split data to train Set and test Set successfully!
22/11/09 16:56:22 INFO TextDataModel: Data cardinality of training is 88297
22/11/09 16:56:22 INFO TextDataModel: Data cardinality of testing is 22074
22/11/09 16:56:22 INFO TextDataModel: Feature appender loaded successfully!
22/11/09 16:56:22 INFO OracleAlgo: Job Setup completed.
** Training model in OracleAlgo **
22/11/09 16:56:22 INFO TextDataConvertor: Dataset: [exp00009/result/out-3.txt]
22/11/09 16:56:22 INFO TextDataConvertor: DataSet: exp00009/result/out-3.txt is finished
22/11/09 16:56:22 INFO TextDataConvertor: user number: 4005,	 item number is: 2673
22/11/09 16:56:22 INFO OracleAlgo: Job Train completed.
22/11/09 16:56:22 INFO OracleAlgo: begin recommend
22/11/09 16:56:22 INFO OracleAlgo: end recommend
22/11/09 16:56:22 INFO RecommenderJob: Evaluator info:NormalizedDCGEvaluator is 0.052637913230330347
22/11/09 16:56:22 INFO RecommenderJob: Evaluator info:PStatisticalParityEvaluator is -0.6446868475992076
22/11/09 16:56:22 INFO TextDataConvertor: Dataset: [../../data/split/cv_4/train.txt]
22/11/09 16:56:22 INFO TextDataConvertor: DataSet: ../../data/split/cv_4/train.txt is finished
22/11/09 16:56:22 INFO TextDataConvertor: rating Scale (real): 3.0 to 5.0
22/11/09 16:56:22 INFO TextDataConvertor: user number: 4005,	 item number is: 2673
22/11/09 16:56:22 INFO TextDataModel: Transform data to Convertor successfully!
22/11/09 16:56:22 INFO TextDataConvertor: Dataset: [../../data/split/cv_4/test.txt]
22/11/09 16:56:22 INFO TextDataConvertor: DataSet: ../../data/split/cv_4/test.txt is finished
22/11/09 16:56:22 INFO TextDataConvertor: rating Scale (real): 3.0 to 5.0
22/11/09 16:56:22 INFO TextDataConvertor: user number: 4005,	 item number is: 2673
22/11/09 16:56:22 INFO TextDataModel: Split data to train Set and test Set successfully!
22/11/09 16:56:22 INFO TextDataModel: Data cardinality of training is 88297
22/11/09 16:56:22 INFO TextDataModel: Data cardinality of testing is 22074
22/11/09 16:56:22 INFO TextDataModel: Feature appender loaded successfully!
22/11/09 16:56:22 INFO OracleAlgo: Job Setup completed.
** Training model in OracleAlgo **
22/11/09 16:56:22 INFO TextDataConvertor: Dataset: [exp00009/result/out-4.txt]
22/11/09 16:56:22 INFO TextDataConvertor: DataSet: exp00009/result/out-4.txt is finished
22/11/09 16:56:22 INFO TextDataConvertor: user number: 4005,	 item number is: 2673
22/11/09 16:56:22 INFO OracleAlgo: Job Train completed.
22/11/09 16:56:22 INFO OracleAlgo: begin recommend
22/11/09 16:56:23 INFO OracleAlgo: end recommend
22/11/09 16:56:23 INFO RecommenderJob: Evaluator info:NormalizedDCGEvaluator is 0.04822644248390535
22/11/09 16:56:23 INFO RecommenderJob: Evaluator info:PStatisticalParityEvaluator is -0.6402173350582581
22/11/09 16:56:23 INFO TextDataConvertor: Dataset: [../../data/split/cv_5/train.txt]
22/11/09 16:56:23 INFO TextDataConvertor: DataSet: ../../data/split/cv_5/train.txt is finished
22/11/09 16:56:23 INFO TextDataConvertor: rating Scale (real): 3.0 to 5.0
22/11/09 16:56:23 INFO TextDataConvertor: user number: 4005,	 item number is: 2673
22/11/09 16:56:23 INFO TextDataModel: Transform data to Convertor successfully!
22/11/09 16:56:23 INFO TextDataConvertor: Dataset: [../../data/split/cv_5/test.txt]
22/11/09 16:56:23 INFO TextDataConvertor: DataSet: ../../data/split/cv_5/test.txt is finished
22/11/09 16:56:23 INFO TextDataConvertor: rating Scale (real): 3.0 to 5.0
22/11/09 16:56:23 INFO TextDataConvertor: user number: 4005,	 item number is: 2673
22/11/09 16:56:23 INFO TextDataModel: Split data to train Set and test Set successfully!
22/11/09 16:56:23 INFO TextDataModel: Data cardinality of training is 88297
22/11/09 16:56:23 INFO TextDataModel: Data cardinality of testing is 22074
22/11/09 16:56:23 INFO TextDataModel: Feature appender loaded successfully!
22/11/09 16:56:23 INFO OracleAlgo: Job Setup completed.
** Training model in OracleAlgo **
22/11/09 16:56:23 INFO TextDataConvertor: Dataset: [exp00009/result/out-5.txt]
22/11/09 16:56:23 INFO TextDataConvertor: DataSet: exp00009/result/out-5.txt is finished
22/11/09 16:56:23 INFO TextDataConvertor: user number: 4005,	 item number is: 2673
22/11/09 16:56:23 INFO OracleAlgo: Job Train completed.
22/11/09 16:56:23 INFO OracleAlgo: begin recommend
22/11/09 16:56:23 INFO OracleAlgo: end recommend
22/11/09 16:56:23 INFO RecommenderJob: Evaluator info:NormalizedDCGEvaluator is 0.05152764968022931
22/11/09 16:56:23 INFO RecommenderJob: Evaluator info:PStatisticalParityEvaluator is -0.6265458311755994
